0:0:0:0:0:0:0:1 - - [19/Apr/2021:20:54:11 +0200] "GET / HTTP/1.1" 302 -
0:0:0:0:0:0:0:1 - - [19/Apr/2021:20:54:12 +0200] "GET /page-login HTTP/1.1" 200 3318
0:0:0:0:0:0:0:1 - - [19/Apr/2021:20:54:12 +0200] "GET /lib/font-awesome/css/font-awesome.css HTTP/1.1" 200 37414
0:0:0:0:0:0:0:1 - - [19/Apr/2021:20:54:12 +0200] "GET /lib/Ionicons/css/ionicons.css HTTP/1.1" 200 57193
0:0:0:0:0:0:0:1 - - [19/Apr/2021:20:54:12 +0200] "GET /lib/popper.js/popper.js HTTP/1.1" 200 81224
0:0:0:0:0:0:0:1 - - [19/Apr/2021:20:54:12 +0200] "GET /lib/bootstrap/bootstrap.js HTTP/1.1" 200 111390
0:0:0:0:0:0:0:1 - - [19/Apr/2021:20:54:12 +0200] "GET /lib/jquery/jquery.js HTTP/1.1" 200 247597
0:0:0:0:0:0:0:1 - - [19/Apr/2021:20:54:12 +0200] "GET /css/shamcey.css HTTP/1.1" 200 881669
0:0:0:0:0:0:0:1 - - [19/Apr/2021:20:54:12 +0200] "GET /js/shamcey.js HTTP/1.1" 200 942
0:0:0:0:0:0:0:1 - - [19/Apr/2021:20:54:20 +0200] "GET / HTTP/1.1" 200 25881
0:0:0:0:0:0:0:1 - - [19/Apr/2021:20:54:20 +0200] "GET /lib/perfect-scrollbar/css/perfect-scrollbar.css HTTP/1.1" 200 5594
0:0:0:0:0:0:0:1 - - [19/Apr/2021:20:54:20 +0200] "GET /lib/font-awesome/css/font-awesome.css HTTP/1.1" 200 37414
0:0:0:0:0:0:0:1 - - [19/Apr/2021:20:54:20 +0200] "GET /lib/Ionicons/css/ionicons.css HTTP/1.1" 200 57193
0:0:0:0:0:0:0:1 - - [19/Apr/2021:20:54:20 +0200] "GET /css/shamcey.css HTTP/1.1" 200 881669
0:0:0:0:0:0:0:1 - - [19/Apr/2021:20:54:20 +0200] "GET /lib/jquery/jquery.js HTTP/1.1" 200 247597
0:0:0:0:0:0:0:1 - - [19/Apr/2021:20:54:20 +0200] "GET /lib/popper.js/popper.js HTTP/1.1" 200 81224
0:0:0:0:0:0:0:1 - - [19/Apr/2021:20:54:20 +0200] "GET /auteur/photo/60 HTTP/1.1" 200 29248
0:0:0:0:0:0:0:1 - - [19/Apr/2021:20:54:20 +0200] "GET /auteur/photo/59 HTTP/1.1" 200 5324
0:0:0:0:0:0:0:1 - - [19/Apr/2021:20:54:20 +0200] "GET /auteur/photo/63 HTTP/1.1" 200 29491
0:0:0:0:0:0:0:1 - - [19/Apr/2021:20:54:20 +0200] "GET /auteur/photo/61 HTTP/1.1" 200 8656
0:0:0:0:0:0:0:1 - - [19/Apr/2021:20:54:20 +0200] "GET /auteur/photo/62 HTTP/1.1" 200 267820
0:0:0:0:0:0:0:1 - - [19/Apr/2021:20:54:20 +0200] "GET /lib/bootstrap/bootstrap.js HTTP/1.1" 200 111390
0:0:0:0:0:0:0:1 - - [19/Apr/2021:20:54:20 +0200] "GET /lib/perfect-scrollbar/js/perfect-scrollbar.jquery.js HTTP/1.1" 200 45611
0:0:0:0:0:0:0:1 - - [19/Apr/2021:20:54:20 +0200] "GET /lib/flot-spline/jquery.flot.spline.js HTTP/1.1" 200 5829
0:0:0:0:0:0:0:1 - - [19/Apr/2021:20:54:20 +0200] "GET /lib/Flot/jquery.flot.js HTTP/1.1" 200 122971
0:0:0:0:0:0:0:1 - - [19/Apr/2021:20:54:20 +0200] "GET /lib/jquery-ui/jquery-ui.js HTTP/1.1" 200 520714
0:0:0:0:0:0:0:1 - - [19/Apr/2021:20:54:20 +0200] "GET /lib/Flot/jquery.flot.resize.js HTTP/1.1" 200 3314
0:0:0:0:0:0:0:1 - - [19/Apr/2021:20:54:20 +0200] "GET /lib/moment/moment.js HTTP/1.1" 200 130279
0:0:0:0:0:0:0:1 - - [19/Apr/2021:20:54:20 +0200] "GET /js/shamcey.js HTTP/1.1" 200 942
0:0:0:0:0:0:0:1 - - [19/Apr/2021:20:54:20 +0200] "GET /js/dashboard.js HTTP/1.1" 200 2706
0:0:0:0:0:0:0:1 - - [19/Apr/2021:20:54:20 +0200] "GET /auteur/photo/64 HTTP/1.1" 200 5572
0:0:0:0:0:0:0:1 - - [19/Apr/2021:20:54:20 +0200] "GET /auteur/photo/69 HTTP/1.1" 200 26544
0:0:0:0:0:0:0:1 - - [19/Apr/2021:20:54:20 +0200] "GET /auteur/photo/70 HTTP/1.1" 200 21952
0:0:0:0:0:0:0:1 - - [19/Apr/2021:20:54:20 +0200] "GET /livre/couverture/95 HTTP/1.1" 200 50124
0:0:0:0:0:0:0:1 - - [19/Apr/2021:20:54:20 +0200] "GET /livre/couverture/100 HTTP/1.1" 200 38230
0:0:0:0:0:0:0:1 - - [19/Apr/2021:20:54:20 +0200] "GET /livre/couverture/96 HTTP/1.1" 200 41196
0:0:0:0:0:0:0:1 - - [19/Apr/2021:20:54:20 +0200] "GET /livre/couverture/102 HTTP/1.1" 200 24517
0:0:0:0:0:0:0:1 - - [19/Apr/2021:20:54:20 +0200] "GET /livre/couverture/97 HTTP/1.1" 200 42736
0:0:0:0:0:0:0:1 - - [19/Apr/2021:20:54:20 +0200] "GET /livre/couverture/81 HTTP/1.1" 200 9979
0:0:0:0:0:0:0:1 - - [19/Apr/2021:20:54:20 +0200] "GET /livre/couverture/84 HTTP/1.1" 200 17811
0:0:0:0:0:0:0:1 - - [19/Apr/2021:20:54:20 +0200] "GET /livre/couverture/82 HTTP/1.1" 200 14105
0:0:0:0:0:0:0:1 - - [19/Apr/2021:20:54:20 +0200] "GET /livre/couverture/83 HTTP/1.1" 200 30289
0:0:0:0:0:0:0:1 - - [19/Apr/2021:20:54:20 +0200] "GET /livre/couverture/87 HTTP/1.1" 200 7822
0:0:0:0:0:0:0:1 - - [19/Apr/2021:20:54:20 +0200] "GET /livre/couverture/85 HTTP/1.1" 200 26119
0:0:0:0:0:0:0:1 - - [19/Apr/2021:20:54:20 +0200] "GET /livre/couverture/88 HTTP/1.1" 200 25391
0:0:0:0:0:0:0:1 - - [19/Apr/2021:20:54:20 +0200] "GET /livre/couverture/67 HTTP/1.1" 200 23386
0:0:0:0:0:0:0:1 - - [19/Apr/2021:20:54:20 +0200] "GET /livre/couverture/68 HTTP/1.1" 200 34735
0:0:0:0:0:0:0:1 - - [19/Apr/2021:20:54:20 +0200] "GET /livre/couverture/72 HTTP/1.1" 200 32266
0:0:0:0:0:0:0:1 - - [19/Apr/2021:20:54:20 +0200] "GET /livre/couverture/71 HTTP/1.1" 200 55477
0:0:0:0:0:0:0:1 - - [19/Apr/2021:20:54:20 +0200] "GET /livre/couverture/73 HTTP/1.1" 200 33877
0:0:0:0:0:0:0:1 - - [19/Apr/2021:20:54:20 +0200] "GET /livre/couverture/75 HTTP/1.1" 200 26646
0:0:0:0:0:0:0:1 - - [19/Apr/2021:20:54:20 +0200] "GET /livre/couverture/74 HTTP/1.1" 200 41210
0:0:0:0:0:0:0:1 - - [19/Apr/2021:20:54:20 +0200] "GET /livre/couverture/78 HTTP/1.1" 200 35468
0:0:0:0:0:0:0:1 - - [19/Apr/2021:20:54:20 +0200] "GET /livre/couverture/76 HTTP/1.1" 200 24560
0:0:0:0:0:0:0:1 - - [19/Apr/2021:20:54:20 +0200] "GET /livre/couverture/79 HTTP/1.1" 200 24144
0:0:0:0:0:0:0:1 - - [19/Apr/2021:20:54:20 +0200] "GET /livre/couverture/77 HTTP/1.1" 200 26770
0:0:0:0:0:0:0:1 - - [19/Apr/2021:20:54:20 +0200] "GET /livre/couverture/80 HTTP/1.1" 200 35499
0:0:0:0:0:0:0:1 - - [19/Apr/2021:20:54:20 +0200] "GET /livre/couverture/66 HTTP/1.1" 200 10740
0:0:0:0:0:0:0:1 - - [19/Apr/2021:20:54:20 +0200] "GET /livre/couverture/90 HTTP/1.1" 200 24997
0:0:0:0:0:0:0:1 - - [19/Apr/2021:20:54:20 +0200] "GET /livre/couverture/89 HTTP/1.1" 200 39902
0:0:0:0:0:0:0:1 - - [19/Apr/2021:20:54:20 +0200] "GET /livre/couverture/91 HTTP/1.1" 200 17638
0:0:0:0:0:0:0:1 - - [19/Apr/2021:20:54:20 +0200] "GET /livre/couverture/86 HTTP/1.1" 200 34255
0:0:0:0:0:0:0:1 - - [19/Apr/2021:20:54:20 +0200] "GET /livre/couverture/92 HTTP/1.1" 200 43884
0:0:0:0:0:0:0:1 - - [19/Apr/2021:20:54:20 +0200] "GET /lib/Ionicons/fonts/ionicons.ttf?v=2.0.0 HTTP/1.1" 200 188508
0:0:0:0:0:0:0:1 - - [19/Apr/2021:20:54:20 +0200] "GET /lib/font-awesome/fonts/fontawesome-webfont.woff2?v=4.7.0 HTTP/1.1" 200 77160
0:0:0:0:0:0:0:1 - - [19/Apr/2021:20:54:46 +0200] "GET /page/2 HTTP/1.1" 200 15284
0:0:0:0:0:0:0:1 - - [19/Apr/2021:20:54:46 +0200] "GET /lib/font-awesome/css/font-awesome.css HTTP/1.1" 200 37414
0:0:0:0:0:0:0:1 - - [19/Apr/2021:20:54:46 +0200] "GET /lib/perfect-scrollbar/css/perfect-scrollbar.css HTTP/1.1" 200 5594
0:0:0:0:0:0:0:1 - - [19/Apr/2021:20:54:46 +0200] "GET /lib/Ionicons/css/ionicons.css HTTP/1.1" 200 57193
0:0:0:0:0:0:0:1 - - [19/Apr/2021:20:54:46 +0200] "GET /css/shamcey.css HTTP/1.1" 200 881669
0:0:0:0:0:0:0:1 - - [19/Apr/2021:20:54:46 +0200] "GET /lib/perfect-scrollbar/js/perfect-scrollbar.jquery.js HTTP/1.1" 200 45611
0:0:0:0:0:0:0:1 - - [19/Apr/2021:20:54:46 +0200] "GET /lib/jquery/jquery.js HTTP/1.1" 200 247597
0:0:0:0:0:0:0:1 - - [19/Apr/2021:20:54:46 +0200] "GET /lib/jquery-ui/jquery-ui.js HTTP/1.1" 200 520714
0:0:0:0:0:0:0:1 - - [19/Apr/2021:20:54:46 +0200] "GET /lib/popper.js/popper.js HTTP/1.1" 200 81224
0:0:0:0:0:0:0:1 - - [19/Apr/2021:20:54:46 +0200] "GET /lib/bootstrap/bootstrap.js HTTP/1.1" 200 111390
0:0:0:0:0:0:0:1 - - [19/Apr/2021:20:54:46 +0200] "GET /js/shamcey.js HTTP/1.1" 200 942
0:0:0:0:0:0:0:1 - - [19/Apr/2021:20:54:46 +0200] "GET /lib/moment/moment.js HTTP/1.1" 200 130279
0:0:0:0:0:0:0:1 - - [19/Apr/2021:20:54:46 +0200] "GET /lib/Flot/jquery.flot.resize.js HTTP/1.1" 200 3314
0:0:0:0:0:0:0:1 - - [19/Apr/2021:20:54:46 +0200] "GET /lib/Flot/jquery.flot.js HTTP/1.1" 200 122971
0:0:0:0:0:0:0:1 - - [19/Apr/2021:20:54:46 +0200] "GET /js/dashboard.js HTTP/1.1" 200 2706
0:0:0:0:0:0:0:1 - - [19/Apr/2021:20:54:46 +0200] "GET /lib/flot-spline/jquery.flot.spline.js HTTP/1.1" 200 5829
0:0:0:0:0:0:0:1 - - [19/Apr/2021:20:54:46 +0200] "GET /auteur/photo/59 HTTP/1.1" 200 5324
0:0:0:0:0:0:0:1 - - [19/Apr/2021:20:54:46 +0200] "GET /auteur/photo/61 HTTP/1.1" 200 8656
0:0:0:0:0:0:0:1 - - [19/Apr/2021:20:54:46 +0200] "GET /auteur/photo/60 HTTP/1.1" 200 29248
0:0:0:0:0:0:0:1 - - [19/Apr/2021:20:54:46 +0200] "GET /auteur/photo/62 HTTP/1.1" 200 267820
0:0:0:0:0:0:0:1 - - [19/Apr/2021:20:54:46 +0200] "GET /auteur/photo/63 HTTP/1.1" 200 29491
0:0:0:0:0:0:0:1 - - [19/Apr/2021:20:54:46 +0200] "GET /auteur/photo/69 HTTP/1.1" 200 26544
0:0:0:0:0:0:0:1 - - [19/Apr/2021:20:54:46 +0200] "GET /auteur/photo/64 HTTP/1.1" 200 5572
0:0:0:0:0:0:0:1 - - [19/Apr/2021:20:54:46 +0200] "GET /auteur/photo/70 HTTP/1.1" 200 21952
0:0:0:0:0:0:0:1 - - [19/Apr/2021:20:54:46 +0200] "GET /livre/couverture/93 HTTP/1.1" 200 42438
0:0:0:0:0:0:0:1 - - [19/Apr/2021:20:54:46 +0200] "GET /livre/couverture/94 HTTP/1.1" 200 32171
0:0:0:0:0:0:0:1 - - [19/Apr/2021:20:54:46 +0200] "GET /livre/couverture/101 HTTP/1.1" 200 31871
0:0:0:0:0:0:0:1 - - [19/Apr/2021:20:54:46 +0200] "GET /livre/couverture/99 HTTP/1.1" 200 31635
0:0:0:0:0:0:0:1 - - [19/Apr/2021:20:54:46 +0200] "GET /livre/couverture/98 HTTP/1.1" 200 23348
0:0:0:0:0:0:0:1 - - [19/Apr/2021:20:54:46 +0200] "GET /livre/couverture/104 HTTP/1.1" 200 27562
0:0:0:0:0:0:0:1 - - [19/Apr/2021:20:54:46 +0200] "GET /livre/couverture/103 HTTP/1.1" 200 28965
0:0:0:0:0:0:0:1 - - [19/Apr/2021:20:54:46 +0200] "GET /lib/font-awesome/fonts/fontawesome-webfont.woff2?v=4.7.0 HTTP/1.1" 200 77160
0:0:0:0:0:0:0:1 - - [19/Apr/2021:20:54:46 +0200] "GET /lib/Ionicons/fonts/ionicons.ttf?v=2.0.0 HTTP/1.1" 200 188508
0:0:0:0:0:0:0:1 - - [19/Apr/2021:20:54:51 +0200] "GET /page/1 HTTP/1.1" 200 25881
0:0:0:0:0:0:0:1 - - [19/Apr/2021:20:54:51 +0200] "GET /lib/perfect-scrollbar/css/perfect-scrollbar.css HTTP/1.1" 200 5594
0:0:0:0:0:0:0:1 - - [19/Apr/2021:20:54:51 +0200] "GET /lib/Ionicons/css/ionicons.css HTTP/1.1" 200 57193
0:0:0:0:0:0:0:1 - - [19/Apr/2021:20:54:51 +0200] "GET /lib/font-awesome/css/font-awesome.css HTTP/1.1" 200 37414
0:0:0:0:0:0:0:1 - - [19/Apr/2021:20:54:51 +0200] "GET /css/shamcey.css HTTP/1.1" 200 881669
0:0:0:0:0:0:0:1 - - [19/Apr/2021:20:54:51 +0200] "GET /lib/popper.js/popper.js HTTP/1.1" 200 81224
0:0:0:0:0:0:0:1 - - [19/Apr/2021:20:54:51 +0200] "GET /lib/jquery/jquery.js HTTP/1.1" 200 247597
0:0:0:0:0:0:0:1 - - [19/Apr/2021:20:54:51 +0200] "GET /lib/bootstrap/bootstrap.js HTTP/1.1" 200 111390
0:0:0:0:0:0:0:1 - - [19/Apr/2021:20:54:51 +0200] "GET /lib/perfect-scrollbar/js/perfect-scrollbar.jquery.js HTTP/1.1" 200 45611
0:0:0:0:0:0:0:1 - - [19/Apr/2021:20:54:51 +0200] "GET /lib/jquery-ui/jquery-ui.js HTTP/1.1" 200 520714
0:0:0:0:0:0:0:1 - - [19/Apr/2021:20:54:51 +0200] "GET /lib/moment/moment.js HTTP/1.1" 200 130279
0:0:0:0:0:0:0:1 - - [19/Apr/2021:20:54:51 +0200] "GET /lib/Flot/jquery.flot.resize.js HTTP/1.1" 200 3314
0:0:0:0:0:0:0:1 - - [19/Apr/2021:20:54:51 +0200] "GET /lib/flot-spline/jquery.flot.spline.js HTTP/1.1" 200 5829
0:0:0:0:0:0:0:1 - - [19/Apr/2021:20:54:51 +0200] "GET /lib/Flot/jquery.flot.js HTTP/1.1" 200 122971
0:0:0:0:0:0:0:1 - - [19/Apr/2021:20:54:51 +0200] "GET /js/dashboard.js HTTP/1.1" 200 2706
0:0:0:0:0:0:0:1 - - [19/Apr/2021:20:54:51 +0200] "GET /js/shamcey.js HTTP/1.1" 200 942
0:0:0:0:0:0:0:1 - - [19/Apr/2021:20:54:51 +0200] "GET /auteur/photo/59 HTTP/1.1" 200 5324
0:0:0:0:0:0:0:1 - - [19/Apr/2021:20:54:51 +0200] "GET /auteur/photo/60 HTTP/1.1" 200 29248
0:0:0:0:0:0:0:1 - - [19/Apr/2021:20:54:51 +0200] "GET /auteur/photo/61 HTTP/1.1" 200 8656
0:0:0:0:0:0:0:1 - - [19/Apr/2021:20:54:51 +0200] "GET /auteur/photo/69 HTTP/1.1" 200 26544
0:0:0:0:0:0:0:1 - - [19/Apr/2021:20:54:51 +0200] "GET /auteur/photo/70 HTTP/1.1" 200 21952
0:0:0:0:0:0:0:1 - - [19/Apr/2021:20:54:51 +0200] "GET /auteur/photo/64 HTTP/1.1" 200 5572
0:0:0:0:0:0:0:1 - - [19/Apr/2021:20:54:51 +0200] "GET /auteur/photo/63 HTTP/1.1" 200 29491
0:0:0:0:0:0:0:1 - - [19/Apr/2021:20:54:51 +0200] "GET /livre/couverture/95 HTTP/1.1" 200 50124
0:0:0:0:0:0:0:1 - - [19/Apr/2021:20:54:51 +0200] "GET /auteur/photo/62 HTTP/1.1" 200 267820
0:0:0:0:0:0:0:1 - - [19/Apr/2021:20:54:51 +0200] "GET /livre/couverture/81 HTTP/1.1" 200 9979
0:0:0:0:0:0:0:1 - - [19/Apr/2021:20:54:51 +0200] "GET /livre/couverture/100 HTTP/1.1" 200 38230
0:0:0:0:0:0:0:1 - - [19/Apr/2021:20:54:51 +0200] "GET /livre/couverture/102 HTTP/1.1" 200 24517
0:0:0:0:0:0:0:1 - - [19/Apr/2021:20:54:51 +0200] "GET /livre/couverture/96 HTTP/1.1" 200 41196
0:0:0:0:0:0:0:1 - - [19/Apr/2021:20:54:51 +0200] "GET /livre/couverture/97 HTTP/1.1" 200 42736
0:0:0:0:0:0:0:1 - - [19/Apr/2021:20:54:51 +0200] "GET /livre/couverture/82 HTTP/1.1" 200 14105
0:0:0:0:0:0:0:1 - - [19/Apr/2021:20:54:51 +0200] "GET /livre/couverture/88 HTTP/1.1" 200 25391
0:0:0:0:0:0:0:1 - - [19/Apr/2021:20:54:51 +0200] "GET /livre/couverture/85 HTTP/1.1" 200 26119
0:0:0:0:0:0:0:1 - - [19/Apr/2021:20:54:51 +0200] "GET /livre/couverture/87 HTTP/1.1" 200 7822
0:0:0:0:0:0:0:1 - - [19/Apr/2021:20:54:51 +0200] "GET /livre/couverture/83 HTTP/1.1" 200 30289
0:0:0:0:0:0:0:1 - - [19/Apr/2021:20:54:51 +0200] "GET /livre/couverture/67 HTTP/1.1" 200 23386
0:0:0:0:0:0:0:1 - - [19/Apr/2021:20:54:51 +0200] "GET /livre/couverture/84 HTTP/1.1" 200 17811
0:0:0:0:0:0:0:1 - - [19/Apr/2021:20:54:51 +0200] "GET /livre/couverture/68 HTTP/1.1" 200 34735
0:0:0:0:0:0:0:1 - - [19/Apr/2021:20:54:51 +0200] "GET /livre/couverture/75 HTTP/1.1" 200 26646
0:0:0:0:0:0:0:1 - - [19/Apr/2021:20:54:51 +0200] "GET /livre/couverture/72 HTTP/1.1" 200 32266
0:0:0:0:0:0:0:1 - - [19/Apr/2021:20:54:51 +0200] "GET /livre/couverture/71 HTTP/1.1" 200 55477
0:0:0:0:0:0:0:1 - - [19/Apr/2021:20:54:51 +0200] "GET /livre/couverture/74 HTTP/1.1" 200 41210
0:0:0:0:0:0:0:1 - - [19/Apr/2021:20:54:51 +0200] "GET /livre/couverture/73 HTTP/1.1" 200 33877
0:0:0:0:0:0:0:1 - - [19/Apr/2021:20:54:51 +0200] "GET /livre/couverture/76 HTTP/1.1" 200 24560
0:0:0:0:0:0:0:1 - - [19/Apr/2021:20:54:51 +0200] "GET /livre/couverture/80 HTTP/1.1" 200 35499
0:0:0:0:0:0:0:1 - - [19/Apr/2021:20:54:51 +0200] "GET /livre/couverture/78 HTTP/1.1" 200 35468
0:0:0:0:0:0:0:1 - - [19/Apr/2021:20:54:51 +0200] "GET /livre/couverture/79 HTTP/1.1" 200 24144
0:0:0:0:0:0:0:1 - - [19/Apr/2021:20:54:51 +0200] "GET /livre/couverture/77 HTTP/1.1" 200 26770
0:0:0:0:0:0:0:1 - - [19/Apr/2021:20:54:51 +0200] "GET /livre/couverture/66 HTTP/1.1" 200 10740
0:0:0:0:0:0:0:1 - - [19/Apr/2021:20:54:51 +0200] "GET /livre/couverture/90 HTTP/1.1" 200 24997
0:0:0:0:0:0:0:1 - - [19/Apr/2021:20:54:51 +0200] "GET /livre/couverture/89 HTTP/1.1" 200 39902
0:0:0:0:0:0:0:1 - - [19/Apr/2021:20:54:51 +0200] "GET /livre/couverture/91 HTTP/1.1" 200 17638
0:0:0:0:0:0:0:1 - - [19/Apr/2021:20:54:51 +0200] "GET /livre/couverture/86 HTTP/1.1" 200 34255
0:0:0:0:0:0:0:1 - - [19/Apr/2021:20:54:51 +0200] "GET /livre/couverture/92 HTTP/1.1" 200 43884
0:0:0:0:0:0:0:1 - - [19/Apr/2021:20:54:51 +0200] "GET /lib/font-awesome/fonts/fontawesome-webfont.woff2?v=4.7.0 HTTP/1.1" 200 77160
0:0:0:0:0:0:0:1 - - [19/Apr/2021:20:54:51 +0200] "GET /lib/Ionicons/fonts/ionicons.ttf?v=2.0.0 HTTP/1.1" 200 188508
0:0:0:0:0:0:0:1 - - [19/Apr/2021:20:54:54 +0200] "GET /public/page-livre/97 HTTP/1.1" 200 14807
0:0:0:0:0:0:0:1 - - [19/Apr/2021:20:54:54 +0200] "GET /lib/Ionicons/css/ionicons.css HTTP/1.1" 200 57193
0:0:0:0:0:0:0:1 - - [19/Apr/2021:20:54:54 +0200] "GET /lib/font-awesome/css/font-awesome.css HTTP/1.1" 200 37414
0:0:0:0:0:0:0:1 - - [19/Apr/2021:20:54:54 +0200] "GET /lib/perfect-scrollbar/css/perfect-scrollbar.css HTTP/1.1" 200 5594
0:0:0:0:0:0:0:1 - - [19/Apr/2021:20:54:54 +0200] "GET /lib/fullcalendar/fullcalendar.css HTTP/1.1" 200 33066
0:0:0:0:0:0:0:1 - - [19/Apr/2021:20:54:54 +0200] "GET /css/shamcey.css HTTP/1.1" 200 881669
0:0:0:0:0:0:0:1 - - [19/Apr/2021:20:54:54 +0200] "GET /lib/jquery/jquery.js HTTP/1.1" 200 247597
0:0:0:0:0:0:0:1 - - [19/Apr/2021:20:54:54 +0200] "GET /lib/popper.js/popper.js HTTP/1.1" 200 81224
0:0:0:0:0:0:0:1 - - [19/Apr/2021:20:54:54 +0200] "GET /js/shamcey.js HTTP/1.1" 200 942
0:0:0:0:0:0:0:1 - - [19/Apr/2021:20:54:54 +0200] "GET /lib/perfect-scrollbar/js/perfect-scrollbar.jquery.js HTTP/1.1" 200 45611
0:0:0:0:0:0:0:1 - - [19/Apr/2021:20:54:54 +0200] "GET /lib/bootstrap/bootstrap.js HTTP/1.1" 200 111390
0:0:0:0:0:0:0:1 - - [19/Apr/2021:20:54:54 +0200] "GET /auteur/photo/60 HTTP/1.1" 200 29248
0:0:0:0:0:0:0:1 - - [19/Apr/2021:20:54:54 +0200] "GET /auteur/photo/64 HTTP/1.1" 200 5572
0:0:0:0:0:0:0:1 - - [19/Apr/2021:20:54:54 +0200] "GET /auteur/photo/61 HTTP/1.1" 200 8656
0:0:0:0:0:0:0:1 - - [19/Apr/2021:20:54:54 +0200] "GET /auteur/photo/63 HTTP/1.1" 200 29491
0:0:0:0:0:0:0:1 - - [19/Apr/2021:20:54:54 +0200] "GET /auteur/photo/59 HTTP/1.1" 200 5324
0:0:0:0:0:0:0:1 - - [19/Apr/2021:20:54:54 +0200] "GET /auteur/photo/69 HTTP/1.1" 200 26544
0:0:0:0:0:0:0:1 - - [19/Apr/2021:20:54:54 +0200] "GET /auteur/photo/62 HTTP/1.1" 200 267820
0:0:0:0:0:0:0:1 - - [19/Apr/2021:20:54:54 +0200] "GET /auteur/photo/70 HTTP/1.1" 200 21952
0:0:0:0:0:0:0:1 - - [19/Apr/2021:20:54:54 +0200] "GET /livre/couverture/97 HTTP/1.1" 200 42736
0:0:0:0:0:0:0:1 - - [19/Apr/2021:20:54:54 +0200] "GET /lib/Ionicons/fonts/ionicons.ttf?v=2.0.0 HTTP/1.1" 200 188508
0:0:0:0:0:0:0:1 - - [19/Apr/2021:20:54:55 +0200] "GET /private/operations/panier/ajout-livre/97 HTTP/1.1" 302 -
0:0:0:0:0:0:0:1 - - [19/Apr/2021:20:54:55 +0200] "GET /page-login HTTP/1.1" 200 3318
0:0:0:0:0:0:0:1 - - [19/Apr/2021:20:54:55 +0200] "GET /lib/font-awesome/css/font-awesome.css HTTP/1.1" 200 37414
0:0:0:0:0:0:0:1 - - [19/Apr/2021:20:54:55 +0200] "GET /lib/Ionicons/css/ionicons.css HTTP/1.1" 200 57193
0:0:0:0:0:0:0:1 - - [19/Apr/2021:20:54:55 +0200] "GET /lib/jquery/jquery.js HTTP/1.1" 200 247597
0:0:0:0:0:0:0:1 - - [19/Apr/2021:20:54:55 +0200] "GET /lib/popper.js/popper.js HTTP/1.1" 200 81224
0:0:0:0:0:0:0:1 - - [19/Apr/2021:20:54:55 +0200] "GET /lib/bootstrap/bootstrap.js HTTP/1.1" 200 111390
0:0:0:0:0:0:0:1 - - [19/Apr/2021:20:54:55 +0200] "GET /css/shamcey.css HTTP/1.1" 200 881669
0:0:0:0:0:0:0:1 - - [19/Apr/2021:20:54:55 +0200] "GET /js/shamcey.js HTTP/1.1" 200 942
0:0:0:0:0:0:0:1 - - [19/Apr/2021:20:55:07 +0200] "POST /perform_login HTTP/1.1" 302 -
0:0:0:0:0:0:0:1 - - [19/Apr/2021:20:55:07 +0200] "GET /private/operations/panier/ajout-livre/97 HTTP/1.1" 400 9387
0:0:0:0:0:0:0:1 - - [19/Apr/2021:21:04:16 +0200] "GET / HTTP/1.1" 200 25881
0:0:0:0:0:0:0:1 - - [19/Apr/2021:21:04:16 +0200] "GET /lib/font-awesome/css/font-awesome.css HTTP/1.1" 200 37414
0:0:0:0:0:0:0:1 - - [19/Apr/2021:21:04:16 +0200] "GET /lib/perfect-scrollbar/css/perfect-scrollbar.css HTTP/1.1" 200 5594
0:0:0:0:0:0:0:1 - - [19/Apr/2021:21:04:16 +0200] "GET /lib/Ionicons/css/ionicons.css HTTP/1.1" 200 57193
0:0:0:0:0:0:0:1 - - [19/Apr/2021:21:04:16 +0200] "GET /css/shamcey.css HTTP/1.1" 200 881669
0:0:0:0:0:0:0:1 - - [19/Apr/2021:21:04:16 +0200] "GET /lib/jquery/jquery.js HTTP/1.1" 200 247597
0:0:0:0:0:0:0:1 - - [19/Apr/2021:21:04:16 +0200] "GET /lib/perfect-scrollbar/js/perfect-scrollbar.jquery.js HTTP/1.1" 200 45611
0:0:0:0:0:0:0:1 - - [19/Apr/2021:21:04:16 +0200] "GET /lib/popper.js/popper.js HTTP/1.1" 200 81224
0:0:0:0:0:0:0:1 - - [19/Apr/2021:21:04:16 +0200] "GET /lib/bootstrap/bootstrap.js HTTP/1.1" 200 111390
0:0:0:0:0:0:0:1 - - [19/Apr/2021:21:04:16 +0200] "GET /lib/jquery-ui/jquery-ui.js HTTP/1.1" 200 520714
0:0:0:0:0:0:0:1 - - [19/Apr/2021:21:04:16 +0200] "GET /lib/moment/moment.js HTTP/1.1" 200 130279
0:0:0:0:0:0:0:1 - - [19/Apr/2021:21:04:16 +0200] "GET /lib/Flot/jquery.flot.resize.js HTTP/1.1" 200 3314
0:0:0:0:0:0:0:1 - - [19/Apr/2021:21:04:16 +0200] "GET /lib/flot-spline/jquery.flot.spline.js HTTP/1.1" 200 5829
0:0:0:0:0:0:0:1 - - [19/Apr/2021:21:04:16 +0200] "GET /lib/Flot/jquery.flot.js HTTP/1.1" 200 122971
0:0:0:0:0:0:0:1 - - [19/Apr/2021:21:04:16 +0200] "GET /js/dashboard.js HTTP/1.1" 200 2706
0:0:0:0:0:0:0:1 - - [19/Apr/2021:21:04:16 +0200] "GET /js/shamcey.js HTTP/1.1" 200 942
0:0:0:0:0:0:0:1 - - [19/Apr/2021:21:04:16 +0200] "GET /auteur/photo/61 HTTP/1.1" 200 8656
0:0:0:0:0:0:0:1 - - [19/Apr/2021:21:04:16 +0200] "GET /auteur/photo/59 HTTP/1.1" 200 5324
0:0:0:0:0:0:0:1 - - [19/Apr/2021:21:04:16 +0200] "GET /auteur/photo/60 HTTP/1.1" 200 29248
0:0:0:0:0:0:0:1 - - [19/Apr/2021:21:04:16 +0200] "GET /auteur/photo/62 HTTP/1.1" 200 267820
0:0:0:0:0:0:0:1 - - [19/Apr/2021:21:04:16 +0200] "GET /auteur/photo/63 HTTP/1.1" 200 29491
0:0:0:0:0:0:0:1 - - [19/Apr/2021:21:04:16 +0200] "GET /auteur/photo/64 HTTP/1.1" 200 5572
0:0:0:0:0:0:0:1 - - [19/Apr/2021:21:04:16 +0200] "GET /auteur/photo/69 HTTP/1.1" 200 26544
0:0:0:0:0:0:0:1 - - [19/Apr/2021:21:04:16 +0200] "GET /auteur/photo/70 HTTP/1.1" 200 21952
0:0:0:0:0:0:0:1 - - [19/Apr/2021:21:04:16 +0200] "GET /livre/couverture/95 HTTP/1.1" 200 50124
0:0:0:0:0:0:0:1 - - [19/Apr/2021:21:04:16 +0200] "GET /livre/couverture/100 HTTP/1.1" 200 38230
0:0:0:0:0:0:0:1 - - [19/Apr/2021:21:04:16 +0200] "GET /livre/couverture/96 HTTP/1.1" 200 41196
0:0:0:0:0:0:0:1 - - [19/Apr/2021:21:04:16 +0200] "GET /livre/couverture/97 HTTP/1.1" 200 42736
0:0:0:0:0:0:0:1 - - [19/Apr/2021:21:04:16 +0200] "GET /livre/couverture/81 HTTP/1.1" 200 9979
0:0:0:0:0:0:0:1 - - [19/Apr/2021:21:04:16 +0200] "GET /livre/couverture/102 HTTP/1.1" 200 24517
0:0:0:0:0:0:0:1 - - [19/Apr/2021:21:04:16 +0200] "GET /livre/couverture/82 HTTP/1.1" 200 14105
0:0:0:0:0:0:0:1 - - [19/Apr/2021:21:04:16 +0200] "GET /livre/couverture/83 HTTP/1.1" 200 30289
0:0:0:0:0:0:0:1 - - [19/Apr/2021:21:04:16 +0200] "GET /livre/couverture/84 HTTP/1.1" 200 17811
0:0:0:0:0:0:0:1 - - [19/Apr/2021:21:04:16 +0200] "GET /livre/couverture/85 HTTP/1.1" 200 26119
0:0:0:0:0:0:0:1 - - [19/Apr/2021:21:04:16 +0200] "GET /livre/couverture/88 HTTP/1.1" 200 25391
0:0:0:0:0:0:0:1 - - [19/Apr/2021:21:04:16 +0200] "GET /livre/couverture/87 HTTP/1.1" 200 7822
0:0:0:0:0:0:0:1 - - [19/Apr/2021:21:04:17 +0200] "GET /livre/couverture/68 HTTP/1.1" 200 34735
0:0:0:0:0:0:0:1 - - [19/Apr/2021:21:04:17 +0200] "GET /livre/couverture/67 HTTP/1.1" 200 23386
0:0:0:0:0:0:0:1 - - [19/Apr/2021:21:04:17 +0200] "GET /livre/couverture/72 HTTP/1.1" 200 32266
0:0:0:0:0:0:0:1 - - [19/Apr/2021:21:04:17 +0200] "GET /livre/couverture/73 HTTP/1.1" 200 33877
0:0:0:0:0:0:0:1 - - [19/Apr/2021:21:04:17 +0200] "GET /livre/couverture/71 HTTP/1.1" 200 55477
0:0:0:0:0:0:0:1 - - [19/Apr/2021:21:04:17 +0200] "GET /livre/couverture/74 HTTP/1.1" 200 41210
0:0:0:0:0:0:0:1 - - [19/Apr/2021:21:04:17 +0200] "GET /livre/couverture/75 HTTP/1.1" 200 26646
0:0:0:0:0:0:0:1 - - [19/Apr/2021:21:04:17 +0200] "GET /livre/couverture/76 HTTP/1.1" 200 24560
0:0:0:0:0:0:0:1 - - [19/Apr/2021:21:04:17 +0200] "GET /livre/couverture/77 HTTP/1.1" 200 26770
0:0:0:0:0:0:0:1 - - [19/Apr/2021:21:04:17 +0200] "GET /livre/couverture/79 HTTP/1.1" 200 24144
0:0:0:0:0:0:0:1 - - [19/Apr/2021:21:04:17 +0200] "GET /livre/couverture/78 HTTP/1.1" 200 35468
0:0:0:0:0:0:0:1 - - [19/Apr/2021:21:04:17 +0200] "GET /livre/couverture/80 HTTP/1.1" 200 35499
0:0:0:0:0:0:0:1 - - [19/Apr/2021:21:04:17 +0200] "GET /livre/couverture/66 HTTP/1.1" 200 10740
0:0:0:0:0:0:0:1 - - [19/Apr/2021:21:04:17 +0200] "GET /livre/couverture/91 HTTP/1.1" 200 17638
0:0:0:0:0:0:0:1 - - [19/Apr/2021:21:04:17 +0200] "GET /livre/couverture/89 HTTP/1.1" 200 39902
0:0:0:0:0:0:0:1 - - [19/Apr/2021:21:04:17 +0200] "GET /livre/couverture/86 HTTP/1.1" 200 34255
0:0:0:0:0:0:0:1 - - [19/Apr/2021:21:04:17 +0200] "GET /livre/couverture/90 HTTP/1.1" 200 24997
0:0:0:0:0:0:0:1 - - [19/Apr/2021:21:04:17 +0200] "GET /livre/couverture/92 HTTP/1.1" 200 43884
0:0:0:0:0:0:0:1 - - [19/Apr/2021:21:04:17 +0200] "GET /lib/font-awesome/fonts/fontawesome-webfont.woff2?v=4.7.0 HTTP/1.1" 200 77160
0:0:0:0:0:0:0:1 - - [19/Apr/2021:21:04:17 +0200] "GET /lib/Ionicons/fonts/ionicons.ttf?v=2.0.0 HTTP/1.1" 200 188508
0:0:0:0:0:0:0:1 - - [19/Apr/2021:21:04:20 +0200] "GET /public/page-livre/81 HTTP/1.1" 200 15066
0:0:0:0:0:0:0:1 - - [19/Apr/2021:21:04:20 +0200] "GET /lib/perfect-scrollbar/css/perfect-scrollbar.css HTTP/1.1" 200 5594
0:0:0:0:0:0:0:1 - - [19/Apr/2021:21:04:20 +0200] "GET /lib/fullcalendar/fullcalendar.css HTTP/1.1" 200 33066
0:0:0:0:0:0:0:1 - - [19/Apr/2021:21:04:20 +0200] "GET /lib/Ionicons/css/ionicons.css HTTP/1.1" 200 57193
0:0:0:0:0:0:0:1 - - [19/Apr/2021:21:04:20 +0200] "GET /lib/font-awesome/css/font-awesome.css HTTP/1.1" 200 37414
0:0:0:0:0:0:0:1 - - [19/Apr/2021:21:04:20 +0200] "GET /css/shamcey.css HTTP/1.1" 200 881669
0:0:0:0:0:0:0:1 - - [19/Apr/2021:21:04:20 +0200] "GET /js/shamcey.js HTTP/1.1" 200 942
0:0:0:0:0:0:0:1 - - [19/Apr/2021:21:04:20 +0200] "GET /lib/perfect-scrollbar/js/perfect-scrollbar.jquery.js HTTP/1.1" 200 45611
0:0:0:0:0:0:0:1 - - [19/Apr/2021:21:04:20 +0200] "GET /lib/bootstrap/bootstrap.js HTTP/1.1" 200 111390
0:0:0:0:0:0:0:1 - - [19/Apr/2021:21:04:20 +0200] "GET /lib/popper.js/popper.js HTTP/1.1" 200 81224
0:0:0:0:0:0:0:1 - - [19/Apr/2021:21:04:20 +0200] "GET /lib/jquery/jquery.js HTTP/1.1" 200 247597
0:0:0:0:0:0:0:1 - - [19/Apr/2021:21:04:20 +0200] "GET /auteur/photo/60 HTTP/1.1" 200 29248
0:0:0:0:0:0:0:1 - - [19/Apr/2021:21:04:20 +0200] "GET /auteur/photo/63 HTTP/1.1" 200 29491
0:0:0:0:0:0:0:1 - - [19/Apr/2021:21:04:20 +0200] "GET /auteur/photo/61 HTTP/1.1" 200 8656
0:0:0:0:0:0:0:1 - - [19/Apr/2021:21:04:20 +0200] "GET /auteur/photo/59 HTTP/1.1" 200 5324
0:0:0:0:0:0:0:1 - - [19/Apr/2021:21:04:20 +0200] "GET /auteur/photo/64 HTTP/1.1" 200 5572
0:0:0:0:0:0:0:1 - - [19/Apr/2021:21:04:20 +0200] "GET /auteur/photo/62 HTTP/1.1" 200 267820
0:0:0:0:0:0:0:1 - - [19/Apr/2021:21:04:20 +0200] "GET /auteur/photo/69 HTTP/1.1" 200 26544
0:0:0:0:0:0:0:1 - - [19/Apr/2021:21:04:20 +0200] "GET /livre/couverture/81 HTTP/1.1" 200 9979
0:0:0:0:0:0:0:1 - - [19/Apr/2021:21:04:20 +0200] "GET /auteur/photo/70 HTTP/1.1" 200 21952
0:0:0:0:0:0:0:1 - - [19/Apr/2021:21:04:20 +0200] "GET /lib/Ionicons/fonts/ionicons.ttf?v=2.0.0 HTTP/1.1" 200 188508
0:0:0:0:0:0:0:1 - - [19/Apr/2021:21:04:21 +0200] "GET /private/operations/panier/ajout-livre/81 HTTP/1.1" 400 9387
0:0:0:0:0:0:0:1 - - [19/Apr/2021:21:06:38 +0200] "GET / HTTP/1.1" 200 25881
0:0:0:0:0:0:0:1 - - [19/Apr/2021:21:06:38 +0200] "GET /lib/perfect-scrollbar/css/perfect-scrollbar.css HTTP/1.1" 200 5594
0:0:0:0:0:0:0:1 - - [19/Apr/2021:21:06:38 +0200] "GET /lib/Ionicons/css/ionicons.css HTTP/1.1" 200 57193
0:0:0:0:0:0:0:1 - - [19/Apr/2021:21:06:38 +0200] "GET /lib/font-awesome/css/font-awesome.css HTTP/1.1" 200 37414
0:0:0:0:0:0:0:1 - - [19/Apr/2021:21:06:38 +0200] "GET /css/shamcey.css HTTP/1.1" 200 881669
0:0:0:0:0:0:0:1 - - [19/Apr/2021:21:06:38 +0200] "GET /lib/jquery/jquery.js HTTP/1.1" 200 247597
0:0:0:0:0:0:0:1 - - [19/Apr/2021:21:06:38 +0200] "GET /lib/bootstrap/bootstrap.js HTTP/1.1" 200 111390
0:0:0:0:0:0:0:1 - - [19/Apr/2021:21:06:38 +0200] "GET /lib/popper.js/popper.js HTTP/1.1" 200 81224
0:0:0:0:0:0:0:1 - - [19/Apr/2021:21:06:38 +0200] "GET /lib/perfect-scrollbar/js/perfect-scrollbar.jquery.js HTTP/1.1" 200 45611
0:0:0:0:0:0:0:1 - - [19/Apr/2021:21:06:38 +0200] "GET /lib/jquery-ui/jquery-ui.js HTTP/1.1" 200 520714
0:0:0:0:0:0:0:1 - - [19/Apr/2021:21:06:38 +0200] "GET /lib/moment/moment.js HTTP/1.1" 200 130279
0:0:0:0:0:0:0:1 - - [19/Apr/2021:21:06:38 +0200] "GET /lib/Flot/jquery.flot.resize.js HTTP/1.1" 200 3314
0:0:0:0:0:0:0:1 - - [19/Apr/2021:21:06:38 +0200] "GET /lib/flot-spline/jquery.flot.spline.js HTTP/1.1" 200 5829
0:0:0:0:0:0:0:1 - - [19/Apr/2021:21:06:38 +0200] "GET /js/dashboard.js HTTP/1.1" 200 2706
0:0:0:0:0:0:0:1 - - [19/Apr/2021:21:06:38 +0200] "GET /js/shamcey.js HTTP/1.1" 200 942
0:0:0:0:0:0:0:1 - - [19/Apr/2021:21:06:38 +0200] "GET /lib/Flot/jquery.flot.js HTTP/1.1" 200 122971
0:0:0:0:0:0:0:1 - - [19/Apr/2021:21:06:38 +0200] "GET /auteur/photo/59 HTTP/1.1" 200 5324
0:0:0:0:0:0:0:1 - - [19/Apr/2021:21:06:38 +0200] "GET /auteur/photo/61 HTTP/1.1" 200 8656
0:0:0:0:0:0:0:1 - - [19/Apr/2021:21:06:38 +0200] "GET /auteur/photo/63 HTTP/1.1" 200 29491
0:0:0:0:0:0:0:1 - - [19/Apr/2021:21:06:38 +0200] "GET /auteur/photo/60 HTTP/1.1" 200 29248
0:0:0:0:0:0:0:1 - - [19/Apr/2021:21:06:38 +0200] "GET /auteur/photo/64 HTTP/1.1" 200 5572
0:0:0:0:0:0:0:1 - - [19/Apr/2021:21:06:38 +0200] "GET /auteur/photo/62 HTTP/1.1" 200 267820
0:0:0:0:0:0:0:1 - - [19/Apr/2021:21:06:38 +0200] "GET /auteur/photo/69 HTTP/1.1" 200 26544
0:0:0:0:0:0:0:1 - - [19/Apr/2021:21:06:38 +0200] "GET /auteur/photo/70 HTTP/1.1" 200 21952
0:0:0:0:0:0:0:1 - - [19/Apr/2021:21:06:38 +0200] "GET /livre/couverture/95 HTTP/1.1" 200 50124
0:0:0:0:0:0:0:1 - - [19/Apr/2021:21:06:38 +0200] "GET /livre/couverture/100 HTTP/1.1" 200 38230
0:0:0:0:0:0:0:1 - - [19/Apr/2021:21:06:38 +0200] "GET /livre/couverture/96 HTTP/1.1" 200 41196
0:0:0:0:0:0:0:1 - - [19/Apr/2021:21:06:38 +0200] "GET /livre/couverture/97 HTTP/1.1" 200 42736
0:0:0:0:0:0:0:1 - - [19/Apr/2021:21:06:38 +0200] "GET /livre/couverture/102 HTTP/1.1" 200 24517
0:0:0:0:0:0:0:1 - - [19/Apr/2021:21:06:38 +0200] "GET /livre/couverture/81 HTTP/1.1" 200 9979
0:0:0:0:0:0:0:1 - - [19/Apr/2021:21:06:38 +0200] "GET /livre/couverture/83 HTTP/1.1" 200 30289
0:0:0:0:0:0:0:1 - - [19/Apr/2021:21:06:38 +0200] "GET /livre/couverture/82 HTTP/1.1" 200 14105
0:0:0:0:0:0:0:1 - - [19/Apr/2021:21:06:38 +0200] "GET /livre/couverture/84 HTTP/1.1" 200 17811
0:0:0:0:0:0:0:1 - - [19/Apr/2021:21:06:38 +0200] "GET /livre/couverture/87 HTTP/1.1" 200 7822
0:0:0:0:0:0:0:1 - - [19/Apr/2021:21:06:38 +0200] "GET /livre/couverture/85 HTTP/1.1" 200 26119
0:0:0:0:0:0:0:1 - - [19/Apr/2021:21:06:38 +0200] "GET /livre/couverture/88 HTTP/1.1" 200 25391
0:0:0:0:0:0:0:1 - - [19/Apr/2021:21:06:38 +0200] "GET /livre/couverture/67 HTTP/1.1" 200 23386
0:0:0:0:0:0:0:1 - - [19/Apr/2021:21:06:38 +0200] "GET /livre/couverture/68 HTTP/1.1" 200 34735
0:0:0:0:0:0:0:1 - - [19/Apr/2021:21:06:38 +0200] "GET /livre/couverture/71 HTTP/1.1" 200 55477
0:0:0:0:0:0:0:1 - - [19/Apr/2021:21:06:38 +0200] "GET /livre/couverture/72 HTTP/1.1" 200 32266
0:0:0:0:0:0:0:1 - - [19/Apr/2021:21:06:38 +0200] "GET /livre/couverture/73 HTTP/1.1" 200 33877
0:0:0:0:0:0:0:1 - - [19/Apr/2021:21:06:38 +0200] "GET /livre/couverture/75 HTTP/1.1" 200 26646
0:0:0:0:0:0:0:1 - - [19/Apr/2021:21:06:38 +0200] "GET /livre/couverture/74 HTTP/1.1" 200 41210
0:0:0:0:0:0:0:1 - - [19/Apr/2021:21:06:38 +0200] "GET /livre/couverture/77 HTTP/1.1" 200 26770
0:0:0:0:0:0:0:1 - - [19/Apr/2021:21:06:38 +0200] "GET /livre/couverture/76 HTTP/1.1" 200 24560
0:0:0:0:0:0:0:1 - - [19/Apr/2021:21:06:38 +0200] "GET /livre/couverture/79 HTTP/1.1" 200 24144
0:0:0:0:0:0:0:1 - - [19/Apr/2021:21:06:38 +0200] "GET /livre/couverture/80 HTTP/1.1" 200 35499
0:0:0:0:0:0:0:1 - - [19/Apr/2021:21:06:38 +0200] "GET /livre/couverture/78 HTTP/1.1" 200 35468
0:0:0:0:0:0:0:1 - - [19/Apr/2021:21:06:38 +0200] "GET /livre/couverture/66 HTTP/1.1" 200 10740
0:0:0:0:0:0:0:1 - - [19/Apr/2021:21:06:38 +0200] "GET /livre/couverture/89 HTTP/1.1" 200 39902
0:0:0:0:0:0:0:1 - - [19/Apr/2021:21:06:38 +0200] "GET /livre/couverture/91 HTTP/1.1" 200 17638
0:0:0:0:0:0:0:1 - - [19/Apr/2021:21:06:38 +0200] "GET /livre/couverture/90 HTTP/1.1" 200 24997
0:0:0:0:0:0:0:1 - - [19/Apr/2021:21:06:38 +0200] "GET /livre/couverture/86 HTTP/1.1" 200 34255
0:0:0:0:0:0:0:1 - - [19/Apr/2021:21:06:38 +0200] "GET /livre/couverture/92 HTTP/1.1" 200 43884
0:0:0:0:0:0:0:1 - - [19/Apr/2021:21:06:38 +0200] "GET /lib/font-awesome/fonts/fontawesome-webfont.woff2?v=4.7.0 HTTP/1.1" 200 77160
0:0:0:0:0:0:0:1 - - [19/Apr/2021:21:06:38 +0200] "GET /lib/Ionicons/fonts/ionicons.ttf?v=2.0.0 HTTP/1.1" 200 188508
0:0:0:0:0:0:0:1 - - [19/Apr/2021:21:08:21 +0200] "GET /auteur/id/60 HTTP/1.1" 200 13767
0:0:0:0:0:0:0:1 - - [19/Apr/2021:21:08:21 +0200] "GET /lib/font-awesome/css/font-awesome.css HTTP/1.1" 200 37414
0:0:0:0:0:0:0:1 - - [19/Apr/2021:21:08:21 +0200] "GET /lib/Ionicons/css/ionicons.css HTTP/1.1" 200 57193
0:0:0:0:0:0:0:1 - - [19/Apr/2021:21:08:21 +0200] "GET /lib/perfect-scrollbar/css/perfect-scrollbar.css HTTP/1.1" 200 5594
0:0:0:0:0:0:0:1 - - [19/Apr/2021:21:08:21 +0200] "GET /css/shamcey.css HTTP/1.1" 200 881669
0:0:0:0:0:0:0:1 - - [19/Apr/2021:21:08:21 +0200] "GET /lib/perfect-scrollbar/js/perfect-scrollbar.jquery.js HTTP/1.1" 200 45611
0:0:0:0:0:0:0:1 - - [19/Apr/2021:21:08:21 +0200] "GET /lib/popper.js/popper.js HTTP/1.1" 200 81224
0:0:0:0:0:0:0:1 - - [19/Apr/2021:21:08:21 +0200] "GET /lib/bootstrap/bootstrap.js HTTP/1.1" 200 111390
0:0:0:0:0:0:0:1 - - [19/Apr/2021:21:08:21 +0200] "GET /lib/jquery/jquery.js HTTP/1.1" 200 247597
0:0:0:0:0:0:0:1 - - [19/Apr/2021:21:08:21 +0200] "GET /lib/jquery-ui/jquery-ui.js HTTP/1.1" 200 520714
0:0:0:0:0:0:0:1 - - [19/Apr/2021:21:08:21 +0200] "GET /js/dashboard.js HTTP/1.1" 200 2706
0:0:0:0:0:0:0:1 - - [19/Apr/2021:21:08:21 +0200] "GET /js/shamcey.js HTTP/1.1" 200 942
0:0:0:0:0:0:0:1 - - [19/Apr/2021:21:08:21 +0200] "GET /lib/flot-spline/jquery.flot.spline.js HTTP/1.1" 200 5829
0:0:0:0:0:0:0:1 - - [19/Apr/2021:21:08:21 +0200] "GET /lib/Flot/jquery.flot.js HTTP/1.1" 200 122971
0:0:0:0:0:0:0:1 - - [19/Apr/2021:21:08:21 +0200] "GET /lib/moment/moment.js HTTP/1.1" 200 130279
0:0:0:0:0:0:0:1 - - [19/Apr/2021:21:08:21 +0200] "GET /lib/Flot/jquery.flot.resize.js HTTP/1.1" 200 3314
0:0:0:0:0:0:0:1 - - [19/Apr/2021:21:08:21 +0200] "GET /auteur/photo/61 HTTP/1.1" 200 8656
0:0:0:0:0:0:0:1 - - [19/Apr/2021:21:08:21 +0200] "GET /auteur/photo/59 HTTP/1.1" 200 5324
0:0:0:0:0:0:0:1 - - [19/Apr/2021:21:08:21 +0200] "GET /auteur/photo/64 HTTP/1.1" 200 5572
0:0:0:0:0:0:0:1 - - [19/Apr/2021:21:08:21 +0200] "GET /auteur/photo/63 HTTP/1.1" 200 29491
0:0:0:0:0:0:0:1 - - [19/Apr/2021:21:08:21 +0200] "GET /auteur/photo/60 HTTP/1.1" 200 29248
0:0:0:0:0:0:0:1 - - [19/Apr/2021:21:08:21 +0200] "GET /auteur/photo/62 HTTP/1.1" 200 267820
0:0:0:0:0:0:0:1 - - [19/Apr/2021:21:08:21 +0200] "GET /auteur/photo/69 HTTP/1.1" 200 26544
0:0:0:0:0:0:0:1 - - [19/Apr/2021:21:08:21 +0200] "GET /livre/couverture/108 HTTP/1.1" 200 14409
0:0:0:0:0:0:0:1 - - [19/Apr/2021:21:08:21 +0200] "GET /auteur/photo/70 HTTP/1.1" 200 21952
0:0:0:0:0:0:0:1 - - [19/Apr/2021:21:08:21 +0200] "GET /livre/couverture/109 HTTP/1.1" 200 10707
0:0:0:0:0:0:0:1 - - [19/Apr/2021:21:08:21 +0200] "GET /livre/couverture/110 HTTP/1.1" 200 3982
0:0:0:0:0:0:0:1 - - [19/Apr/2021:21:08:21 +0200] "GET /livre/couverture/107 HTTP/1.1" 200 7459
0:0:0:0:0:0:0:1 - - [19/Apr/2021:21:08:21 +0200] "GET /lib/font-awesome/fonts/fontawesome-webfont.woff2?v=4.7.0 HTTP/1.1" 200 77160
0:0:0:0:0:0:0:1 - - [19/Apr/2021:21:08:21 +0200] "GET /lib/Ionicons/fonts/ionicons.ttf?v=2.0.0 HTTP/1.1" 200 188508
0:0:0:0:0:0:0:1 - - [19/Apr/2021:21:08:23 +0200] "GET /auteur/id/61 HTTP/1.1" 200 11909
0:0:0:0:0:0:0:1 - - [19/Apr/2021:21:08:23 +0200] "GET /lib/font-awesome/css/font-awesome.css HTTP/1.1" 200 37414
0:0:0:0:0:0:0:1 - - [19/Apr/2021:21:08:23 +0200] "GET /lib/perfect-scrollbar/css/perfect-scrollbar.css HTTP/1.1" 200 5594
0:0:0:0:0:0:0:1 - - [19/Apr/2021:21:08:23 +0200] "GET /lib/Ionicons/css/ionicons.css HTTP/1.1" 200 57193
0:0:0:0:0:0:0:1 - - [19/Apr/2021:21:08:23 +0200] "GET /css/shamcey.css HTTP/1.1" 200 881669
0:0:0:0:0:0:0:1 - - [19/Apr/2021:21:08:23 +0200] "GET /lib/bootstrap/bootstrap.js HTTP/1.1" 200 111390
0:0:0:0:0:0:0:1 - - [19/Apr/2021:21:08:23 +0200] "GET /lib/popper.js/popper.js HTTP/1.1" 200 81224
0:0:0:0:0:0:0:1 - - [19/Apr/2021:21:08:23 +0200] "GET /lib/perfect-scrollbar/js/perfect-scrollbar.jquery.js HTTP/1.1" 200 45611
0:0:0:0:0:0:0:1 - - [19/Apr/2021:21:08:23 +0200] "GET /lib/jquery/jquery.js HTTP/1.1" 200 247597
0:0:0:0:0:0:0:1 - - [19/Apr/2021:21:08:23 +0200] "GET /lib/jquery-ui/jquery-ui.js HTTP/1.1" 200 520714
0:0:0:0:0:0:0:1 - - [19/Apr/2021:21:08:23 +0200] "GET /lib/Flot/jquery.flot.resize.js HTTP/1.1" 200 3314
0:0:0:0:0:0:0:1 - - [19/Apr/2021:21:08:23 +0200] "GET /js/dashboard.js HTTP/1.1" 200 2706
0:0:0:0:0:0:0:1 - - [19/Apr/2021:21:08:23 +0200] "GET /lib/flot-spline/jquery.flot.spline.js HTTP/1.1" 200 5829
0:0:0:0:0:0:0:1 - - [19/Apr/2021:21:08:23 +0200] "GET /lib/Flot/jquery.flot.js HTTP/1.1" 200 122971
0:0:0:0:0:0:0:1 - - [19/Apr/2021:21:08:23 +0200] "GET /js/shamcey.js HTTP/1.1" 200 942
0:0:0:0:0:0:0:1 - - [19/Apr/2021:21:08:23 +0200] "GET /lib/moment/moment.js HTTP/1.1" 200 130279
0:0:0:0:0:0:0:1 - - [19/Apr/2021:21:08:23 +0200] "GET /auteur/photo/60 HTTP/1.1" 200 29248
0:0:0:0:0:0:0:1 - - [19/Apr/2021:21:08:23 +0200] "GET /auteur/photo/59 HTTP/1.1" 200 5324
0:0:0:0:0:0:0:1 - - [19/Apr/2021:21:08:23 +0200] "GET /auteur/photo/64 HTTP/1.1" 200 5572
0:0:0:0:0:0:0:1 - - [19/Apr/2021:21:08:23 +0200] "GET /auteur/photo/63 HTTP/1.1" 200 29491
0:0:0:0:0:0:0:1 - - [19/Apr/2021:21:08:23 +0200] "GET /auteur/photo/62 HTTP/1.1" 200 267820
0:0:0:0:0:0:0:1 - - [19/Apr/2021:21:08:23 +0200] "GET /auteur/photo/61 HTTP/1.1" 200 8656
0:0:0:0:0:0:0:1 - - [19/Apr/2021:21:08:23 +0200] "GET /auteur/photo/69 HTTP/1.1" 200 26544
0:0:0:0:0:0:0:1 - - [19/Apr/2021:21:08:23 +0200] "GET /auteur/photo/70 HTTP/1.1" 200 21952
0:0:0:0:0:0:0:1 - - [19/Apr/2021:21:08:24 +0200] "GET /lib/font-awesome/fonts/fontawesome-webfont.woff2?v=4.7.0 HTTP/1.1" 200 77160
0:0:0:0:0:0:0:1 - - [19/Apr/2021:21:08:24 +0200] "GET /lib/Ionicons/fonts/ionicons.ttf?v=2.0.0 HTTP/1.1" 200 188508
0:0:0:0:0:0:0:1 - - [19/Apr/2021:21:08:25 +0200] "GET /auteur/id/59 HTTP/1.1" 200 25881
0:0:0:0:0:0:0:1 - - [19/Apr/2021:21:08:25 +0200] "GET /lib/perfect-scrollbar/css/perfect-scrollbar.css HTTP/1.1" 200 5594
0:0:0:0:0:0:0:1 - - [19/Apr/2021:21:08:25 +0200] "GET /lib/Ionicons/css/ionicons.css HTTP/1.1" 200 57193
0:0:0:0:0:0:0:1 - - [19/Apr/2021:21:08:25 +0200] "GET /lib/font-awesome/css/font-awesome.css HTTP/1.1" 200 37414
0:0:0:0:0:0:0:1 - - [19/Apr/2021:21:08:25 +0200] "GET /css/shamcey.css HTTP/1.1" 200 881669
0:0:0:0:0:0:0:1 - - [19/Apr/2021:21:08:25 +0200] "GET /lib/jquery/jquery.js HTTP/1.1" 200 247597
0:0:0:0:0:0:0:1 - - [19/Apr/2021:21:08:25 +0200] "GET /lib/popper.js/popper.js HTTP/1.1" 200 81224
0:0:0:0:0:0:0:1 - - [19/Apr/2021:21:08:25 +0200] "GET /lib/perfect-scrollbar/js/perfect-scrollbar.jquery.js HTTP/1.1" 200 45611
0:0:0:0:0:0:0:1 - - [19/Apr/2021:21:08:25 +0200] "GET /lib/bootstrap/bootstrap.js HTTP/1.1" 200 111390
0:0:0:0:0:0:0:1 - - [19/Apr/2021:21:08:25 +0200] "GET /lib/jquery-ui/jquery-ui.js HTTP/1.1" 200 520714
0:0:0:0:0:0:0:1 - - [19/Apr/2021:21:08:25 +0200] "GET /lib/Flot/jquery.flot.js HTTP/1.1" 200 122971
0:0:0:0:0:0:0:1 - - [19/Apr/2021:21:08:25 +0200] "GET /lib/moment/moment.js HTTP/1.1" 200 130279
0:0:0:0:0:0:0:1 - - [19/Apr/2021:21:08:25 +0200] "GET /lib/Flot/jquery.flot.resize.js HTTP/1.1" 200 3314
0:0:0:0:0:0:0:1 - - [19/Apr/2021:21:08:25 +0200] "GET /js/shamcey.js HTTP/1.1" 200 942
0:0:0:0:0:0:0:1 - - [19/Apr/2021:21:08:25 +0200] "GET /js/dashboard.js HTTP/1.1" 200 2706
0:0:0:0:0:0:0:1 - - [19/Apr/2021:21:08:25 +0200] "GET /lib/flot-spline/jquery.flot.spline.js HTTP/1.1" 200 5829
0:0:0:0:0:0:0:1 - - [19/Apr/2021:21:08:25 +0200] "GET /auteur/photo/60 HTTP/1.1" 200 29248
0:0:0:0:0:0:0:1 - - [19/Apr/2021:21:08:25 +0200] "GET /auteur/photo/59 HTTP/1.1" 200 5324
0:0:0:0:0:0:0:1 - - [19/Apr/2021:21:08:25 +0200] "GET /auteur/photo/61 HTTP/1.1" 200 8656
0:0:0:0:0:0:0:1 - - [19/Apr/2021:21:08:25 +0200] "GET /auteur/photo/63 HTTP/1.1" 200 29491
0:0:0:0:0:0:0:1 - - [19/Apr/2021:21:08:25 +0200] "GET /auteur/photo/64 HTTP/1.1" 200 5572
0:0:0:0:0:0:0:1 - - [19/Apr/2021:21:08:25 +0200] "GET /auteur/photo/62 HTTP/1.1" 200 267820
0:0:0:0:0:0:0:1 - - [19/Apr/2021:21:08:25 +0200] "GET /auteur/photo/69 HTTP/1.1" 200 26544
0:0:0:0:0:0:0:1 - - [19/Apr/2021:21:08:25 +0200] "GET /auteur/photo/70 HTTP/1.1" 200 21952
0:0:0:0:0:0:0:1 - - [19/Apr/2021:21:08:25 +0200] "GET /livre/couverture/100 HTTP/1.1" 200 38230
0:0:0:0:0:0:0:1 - - [19/Apr/2021:21:08:25 +0200] "GET /livre/couverture/95 HTTP/1.1" 200 50124
0:0:0:0:0:0:0:1 - - [19/Apr/2021:21:08:25 +0200] "GET /livre/couverture/96 HTTP/1.1" 200 41196
0:0:0:0:0:0:0:1 - - [19/Apr/2021:21:08:25 +0200] "GET /livre/couverture/97 HTTP/1.1" 200 42736
0:0:0:0:0:0:0:1 - - [19/Apr/2021:21:08:25 +0200] "GET /livre/couverture/81 HTTP/1.1" 200 9979
0:0:0:0:0:0:0:1 - - [19/Apr/2021:21:08:25 +0200] "GET /livre/couverture/82 HTTP/1.1" 200 14105
0:0:0:0:0:0:0:1 - - [19/Apr/2021:21:08:25 +0200] "GET /livre/couverture/102 HTTP/1.1" 200 24517
0:0:0:0:0:0:0:1 - - [19/Apr/2021:21:08:25 +0200] "GET /livre/couverture/84 HTTP/1.1" 200 17811
0:0:0:0:0:0:0:1 - - [19/Apr/2021:21:08:25 +0200] "GET /livre/couverture/83 HTTP/1.1" 200 30289
0:0:0:0:0:0:0:1 - - [19/Apr/2021:21:08:25 +0200] "GET /livre/couverture/87 HTTP/1.1" 200 7822
0:0:0:0:0:0:0:1 - - [19/Apr/2021:21:08:25 +0200] "GET /livre/couverture/85 HTTP/1.1" 200 26119
0:0:0:0:0:0:0:1 - - [19/Apr/2021:21:08:25 +0200] "GET /livre/couverture/88 HTTP/1.1" 200 25391
0:0:0:0:0:0:0:1 - - [19/Apr/2021:21:08:25 +0200] "GET /livre/couverture/67 HTTP/1.1" 200 23386
0:0:0:0:0:0:0:1 - - [19/Apr/2021:21:08:25 +0200] "GET /livre/couverture/71 HTTP/1.1" 200 55477
0:0:0:0:0:0:0:1 - - [19/Apr/2021:21:08:25 +0200] "GET /livre/couverture/68 HTTP/1.1" 200 34735
0:0:0:0:0:0:0:1 - - [19/Apr/2021:21:08:25 +0200] "GET /livre/couverture/72 HTTP/1.1" 200 32266
0:0:0:0:0:0:0:1 - - [19/Apr/2021:21:08:25 +0200] "GET /livre/couverture/73 HTTP/1.1" 200 33877
0:0:0:0:0:0:0:1 - - [19/Apr/2021:21:08:25 +0200] "GET /livre/couverture/74 HTTP/1.1" 200 41210
0:0:0:0:0:0:0:1 - - [19/Apr/2021:21:08:25 +0200] "GET /livre/couverture/75 HTTP/1.1" 200 26646
0:0:0:0:0:0:0:1 - - [19/Apr/2021:21:08:25 +0200] "GET /livre/couverture/76 HTTP/1.1" 200 24560
0:0:0:0:0:0:0:1 - - [19/Apr/2021:21:08:25 +0200] "GET /livre/couverture/77 HTTP/1.1" 200 26770
0:0:0:0:0:0:0:1 - - [19/Apr/2021:21:08:25 +0200] "GET /livre/couverture/79 HTTP/1.1" 200 24144
0:0:0:0:0:0:0:1 - - [19/Apr/2021:21:08:25 +0200] "GET /livre/couverture/78 HTTP/1.1" 200 35468
0:0:0:0:0:0:0:1 - - [19/Apr/2021:21:08:25 +0200] "GET /livre/couverture/66 HTTP/1.1" 200 10740
0:0:0:0:0:0:0:1 - - [19/Apr/2021:21:08:25 +0200] "GET /livre/couverture/80 HTTP/1.1" 200 35499
0:0:0:0:0:0:0:1 - - [19/Apr/2021:21:08:25 +0200] "GET /livre/couverture/89 HTTP/1.1" 200 39902
0:0:0:0:0:0:0:1 - - [19/Apr/2021:21:08:25 +0200] "GET /livre/couverture/91 HTTP/1.1" 200 17638
0:0:0:0:0:0:0:1 - - [19/Apr/2021:21:08:25 +0200] "GET /livre/couverture/90 HTTP/1.1" 200 24997
0:0:0:0:0:0:0:1 - - [19/Apr/2021:21:08:25 +0200] "GET /livre/couverture/86 HTTP/1.1" 200 34255
0:0:0:0:0:0:0:1 - - [19/Apr/2021:21:08:25 +0200] "GET /livre/couverture/92 HTTP/1.1" 200 43884
0:0:0:0:0:0:0:1 - - [19/Apr/2021:21:08:25 +0200] "GET /lib/Ionicons/fonts/ionicons.ttf?v=2.0.0 HTTP/1.1" 200 188508
0:0:0:0:0:0:0:1 - - [19/Apr/2021:21:08:25 +0200] "GET /lib/font-awesome/fonts/fontawesome-webfont.woff2?v=4.7.0 HTTP/1.1" 200 77160
0:0:0:0:0:0:0:1 - - [19/Apr/2021:21:11:39 +0200] "GET / HTTP/1.1" 200 25881
0:0:0:0:0:0:0:1 - - [19/Apr/2021:21:11:39 +0200] "GET /lib/font-awesome/css/font-awesome.css HTTP/1.1" 200 37414
0:0:0:0:0:0:0:1 - - [19/Apr/2021:21:11:40 +0200] "GET /lib/Ionicons/css/ionicons.css HTTP/1.1" 200 57193
0:0:0:0:0:0:0:1 - - [19/Apr/2021:21:11:40 +0200] "GET /lib/perfect-scrollbar/css/perfect-scrollbar.css HTTP/1.1" 200 5594
0:0:0:0:0:0:0:1 - - [19/Apr/2021:21:11:40 +0200] "GET /css/shamcey.css HTTP/1.1" 200 881669
0:0:0:0:0:0:0:1 - - [19/Apr/2021:21:11:40 +0200] "GET /lib/jquery/jquery.js HTTP/1.1" 200 247597
0:0:0:0:0:0:0:1 - - [19/Apr/2021:21:11:40 +0200] "GET /lib/popper.js/popper.js HTTP/1.1" 200 81224
0:0:0:0:0:0:0:1 - - [19/Apr/2021:21:11:40 +0200] "GET /lib/bootstrap/bootstrap.js HTTP/1.1" 200 111390
0:0:0:0:0:0:0:1 - - [19/Apr/2021:21:11:40 +0200] "GET /lib/jquery-ui/jquery-ui.js HTTP/1.1" 200 520714
0:0:0:0:0:0:0:1 - - [19/Apr/2021:21:11:40 +0200] "GET /lib/perfect-scrollbar/js/perfect-scrollbar.jquery.js HTTP/1.1" 200 45611
0:0:0:0:0:0:0:1 - - [19/Apr/2021:21:11:40 +0200] "GET /lib/Flot/jquery.flot.resize.js HTTP/1.1" 200 3314
0:0:0:0:0:0:0:1 - - [19/Apr/2021:21:11:40 +0200] "GET /lib/Flot/jquery.flot.js HTTP/1.1" 200 122971
0:0:0:0:0:0:0:1 - - [19/Apr/2021:21:11:40 +0200] "GET /lib/moment/moment.js HTTP/1.1" 200 130279
0:0:0:0:0:0:0:1 - - [19/Apr/2021:21:11:40 +0200] "GET /lib/flot-spline/jquery.flot.spline.js HTTP/1.1" 200 5829
0:0:0:0:0:0:0:1 - - [19/Apr/2021:21:11:40 +0200] "GET /js/shamcey.js HTTP/1.1" 200 942
0:0:0:0:0:0:0:1 - - [19/Apr/2021:21:11:40 +0200] "GET /js/dashboard.js HTTP/1.1" 200 2706
0:0:0:0:0:0:0:1 - - [19/Apr/2021:21:11:40 +0200] "GET /auteur/photo/59 HTTP/1.1" 200 5324
0:0:0:0:0:0:0:1 - - [19/Apr/2021:21:11:40 +0200] "GET /auteur/photo/60 HTTP/1.1" 200 29248
0:0:0:0:0:0:0:1 - - [19/Apr/2021:21:11:40 +0200] "GET /auteur/photo/63 HTTP/1.1" 200 29491
0:0:0:0:0:0:0:1 - - [19/Apr/2021:21:11:40 +0200] "GET /auteur/photo/61 HTTP/1.1" 200 8656
0:0:0:0:0:0:0:1 - - [19/Apr/2021:21:11:40 +0200] "GET /auteur/photo/62 HTTP/1.1" 200 267820
0:0:0:0:0:0:0:1 - - [19/Apr/2021:21:11:40 +0200] "GET /auteur/photo/64 HTTP/1.1" 200 5572
0:0:0:0:0:0:0:1 - - [19/Apr/2021:21:11:40 +0200] "GET /auteur/photo/69 HTTP/1.1" 200 26544
0:0:0:0:0:0:0:1 - - [19/Apr/2021:21:11:40 +0200] "GET /auteur/photo/70 HTTP/1.1" 200 21952
0:0:0:0:0:0:0:1 - - [19/Apr/2021:21:11:40 +0200] "GET /livre/couverture/95 HTTP/1.1" 200 50124
0:0:0:0:0:0:0:1 - - [19/Apr/2021:21:11:40 +0200] "GET /livre/couverture/100 HTTP/1.1" 200 38230
0:0:0:0:0:0:0:1 - - [19/Apr/2021:21:11:40 +0200] "GET /livre/couverture/96 HTTP/1.1" 200 41196
0:0:0:0:0:0:0:1 - - [19/Apr/2021:21:11:40 +0200] "GET /livre/couverture/97 HTTP/1.1" 200 42736
0:0:0:0:0:0:0:1 - - [19/Apr/2021:21:11:40 +0200] "GET /livre/couverture/81 HTTP/1.1" 200 9979
0:0:0:0:0:0:0:1 - - [19/Apr/2021:21:11:40 +0200] "GET /livre/couverture/102 HTTP/1.1" 200 24517
0:0:0:0:0:0:0:1 - - [19/Apr/2021:21:11:40 +0200] "GET /livre/couverture/85 HTTP/1.1" 200 26119
0:0:0:0:0:0:0:1 - - [19/Apr/2021:21:11:40 +0200] "GET /livre/couverture/83 HTTP/1.1" 200 30289
0:0:0:0:0:0:0:1 - - [19/Apr/2021:21:11:40 +0200] "GET /livre/couverture/84 HTTP/1.1" 200 17811
0:0:0:0:0:0:0:1 - - [19/Apr/2021:21:11:40 +0200] "GET /livre/couverture/82 HTTP/1.1" 200 14105
0:0:0:0:0:0:0:1 - - [19/Apr/2021:21:11:40 +0200] "GET /livre/couverture/87 HTTP/1.1" 200 7822
0:0:0:0:0:0:0:1 - - [19/Apr/2021:21:11:40 +0200] "GET /livre/couverture/88 HTTP/1.1" 200 25391
0:0:0:0:0:0:0:1 - - [19/Apr/2021:21:11:40 +0200] "GET /livre/couverture/67 HTTP/1.1" 200 23386
0:0:0:0:0:0:0:1 - - [19/Apr/2021:21:11:40 +0200] "GET /livre/couverture/68 HTTP/1.1" 200 34735
0:0:0:0:0:0:0:1 - - [19/Apr/2021:21:11:40 +0200] "GET /livre/couverture/72 HTTP/1.1" 200 32266
0:0:0:0:0:0:0:1 - - [19/Apr/2021:21:11:40 +0200] "GET /livre/couverture/71 HTTP/1.1" 200 55477
0:0:0:0:0:0:0:1 - - [19/Apr/2021:21:11:40 +0200] "GET /livre/couverture/73 HTTP/1.1" 200 33877
0:0:0:0:0:0:0:1 - - [19/Apr/2021:21:11:40 +0200] "GET /livre/couverture/75 HTTP/1.1" 200 26646
0:0:0:0:0:0:0:1 - - [19/Apr/2021:21:11:40 +0200] "GET /livre/couverture/76 HTTP/1.1" 200 24560
0:0:0:0:0:0:0:1 - - [19/Apr/2021:21:11:40 +0200] "GET /livre/couverture/77 HTTP/1.1" 200 26770
0:0:0:0:0:0:0:1 - - [19/Apr/2021:21:11:40 +0200] "GET /livre/couverture/78 HTTP/1.1" 200 35468
0:0:0:0:0:0:0:1 - - [19/Apr/2021:21:11:40 +0200] "GET /livre/couverture/74 HTTP/1.1" 200 41210
0:0:0:0:0:0:0:1 - - [19/Apr/2021:21:11:40 +0200] "GET /livre/couverture/89 HTTP/1.1" 200 39902
0:0:0:0:0:0:0:1 - - [19/Apr/2021:21:11:40 +0200] "GET /livre/couverture/79 HTTP/1.1" 200 24144
0:0:0:0:0:0:0:1 - - [19/Apr/2021:21:11:40 +0200] "GET /livre/couverture/80 HTTP/1.1" 200 35499
0:0:0:0:0:0:0:1 - - [19/Apr/2021:21:11:40 +0200] "GET /livre/couverture/66 HTTP/1.1" 200 10740
0:0:0:0:0:0:0:1 - - [19/Apr/2021:21:11:40 +0200] "GET /livre/couverture/91 HTTP/1.1" 200 17638
0:0:0:0:0:0:0:1 - - [19/Apr/2021:21:11:40 +0200] "GET /livre/couverture/86 HTTP/1.1" 200 34255
0:0:0:0:0:0:0:1 - - [19/Apr/2021:21:11:40 +0200] "GET /livre/couverture/90 HTTP/1.1" 200 24997
0:0:0:0:0:0:0:1 - - [19/Apr/2021:21:11:40 +0200] "GET /livre/couverture/92 HTTP/1.1" 200 43884
0:0:0:0:0:0:0:1 - - [19/Apr/2021:21:11:40 +0200] "GET /lib/Ionicons/fonts/ionicons.ttf?v=2.0.0 HTTP/1.1" 200 188508
0:0:0:0:0:0:0:1 - - [19/Apr/2021:21:11:40 +0200] "GET /lib/font-awesome/fonts/fontawesome-webfont.woff2?v=4.7.0 HTTP/1.1" 200 77160
0:0:0:0:0:0:0:1 - - [19/Apr/2021:21:20:48 +0200] "GET /public/page-livre/102 HTTP/1.1" 200 15040
0:0:0:0:0:0:0:1 - - [19/Apr/2021:21:20:48 +0200] "GET /lib/perfect-scrollbar/css/perfect-scrollbar.css HTTP/1.1" 200 5594
0:0:0:0:0:0:0:1 - - [19/Apr/2021:21:20:48 +0200] "GET /lib/font-awesome/css/font-awesome.css HTTP/1.1" 200 37414
0:0:0:0:0:0:0:1 - - [19/Apr/2021:21:20:48 +0200] "GET /lib/Ionicons/css/ionicons.css HTTP/1.1" 200 57193
0:0:0:0:0:0:0:1 - - [19/Apr/2021:21:20:48 +0200] "GET /lib/fullcalendar/fullcalendar.css HTTP/1.1" 200 33066
0:0:0:0:0:0:0:1 - - [19/Apr/2021:21:20:48 +0200] "GET /css/shamcey.css HTTP/1.1" 200 881669
0:0:0:0:0:0:0:1 - - [19/Apr/2021:21:20:48 +0200] "GET /js/shamcey.js HTTP/1.1" 200 942
0:0:0:0:0:0:0:1 - - [19/Apr/2021:21:20:48 +0200] "GET /lib/popper.js/popper.js HTTP/1.1" 200 81224
0:0:0:0:0:0:0:1 - - [19/Apr/2021:21:20:48 +0200] "GET /lib/bootstrap/bootstrap.js HTTP/1.1" 200 111390
0:0:0:0:0:0:0:1 - - [19/Apr/2021:21:20:48 +0200] "GET /lib/jquery/jquery.js HTTP/1.1" 200 247597
0:0:0:0:0:0:0:1 - - [19/Apr/2021:21:20:48 +0200] "GET /lib/perfect-scrollbar/js/perfect-scrollbar.jquery.js HTTP/1.1" 200 45611
0:0:0:0:0:0:0:1 - - [19/Apr/2021:21:20:48 +0200] "GET /auteur/photo/59 HTTP/1.1" 200 5324
0:0:0:0:0:0:0:1 - - [19/Apr/2021:21:20:48 +0200] "GET /auteur/photo/61 HTTP/1.1" 200 8656
0:0:0:0:0:0:0:1 - - [19/Apr/2021:21:20:48 +0200] "GET /auteur/photo/60 HTTP/1.1" 200 29248
0:0:0:0:0:0:0:1 - - [19/Apr/2021:21:20:48 +0200] "GET /auteur/photo/63 HTTP/1.1" 200 29491
0:0:0:0:0:0:0:1 - - [19/Apr/2021:21:20:48 +0200] "GET /auteur/photo/62 HTTP/1.1" 200 267820
0:0:0:0:0:0:0:1 - - [19/Apr/2021:21:20:48 +0200] "GET /auteur/photo/64 HTTP/1.1" 200 5572
0:0:0:0:0:0:0:1 - - [19/Apr/2021:21:20:48 +0200] "GET /auteur/photo/69 HTTP/1.1" 200 26544
0:0:0:0:0:0:0:1 - - [19/Apr/2021:21:20:48 +0200] "GET /livre/couverture/102 HTTP/1.1" 200 24517
0:0:0:0:0:0:0:1 - - [19/Apr/2021:21:20:48 +0200] "GET /auteur/photo/70 HTTP/1.1" 200 21952
0:0:0:0:0:0:0:1 - - [19/Apr/2021:21:20:48 +0200] "GET /lib/Ionicons/fonts/ionicons.ttf?v=2.0.0 HTTP/1.1" 200 188508
0:0:0:0:0:0:0:1 - - [19/Apr/2021:21:20:50 +0200] "GET /private/operations/panier/ajout-livre/102 HTTP/1.1" 400 9387
0:0:0:0:0:0:0:1 - - [19/Apr/2021:21:20:54 +0200] "GET /public/page-livre/102 HTTP/1.1" 200 15040
0:0:0:0:0:0:0:1 - - [19/Apr/2021:21:20:54 +0200] "GET /lib/perfect-scrollbar/css/perfect-scrollbar.css HTTP/1.1" 200 5594
0:0:0:0:0:0:0:1 - - [19/Apr/2021:21:20:54 +0200] "GET /lib/font-awesome/css/font-awesome.css HTTP/1.1" 200 37414
0:0:0:0:0:0:0:1 - - [19/Apr/2021:21:20:54 +0200] "GET /lib/fullcalendar/fullcalendar.css HTTP/1.1" 200 33066
0:0:0:0:0:0:0:1 - - [19/Apr/2021:21:20:54 +0200] "GET /lib/Ionicons/css/ionicons.css HTTP/1.1" 200 57193
0:0:0:0:0:0:0:1 - - [19/Apr/2021:21:20:54 +0200] "GET /css/shamcey.css HTTP/1.1" 200 881669
0:0:0:0:0:0:0:1 - - [19/Apr/2021:21:20:54 +0200] "GET /lib/popper.js/popper.js HTTP/1.1" 200 81224
0:0:0:0:0:0:0:1 - - [19/Apr/2021:21:20:54 +0200] "GET /lib/bootstrap/bootstrap.js HTTP/1.1" 200 111390
0:0:0:0:0:0:0:1 - - [19/Apr/2021:21:20:54 +0200] "GET /js/shamcey.js HTTP/1.1" 200 942
0:0:0:0:0:0:0:1 - - [19/Apr/2021:21:20:54 +0200] "GET /lib/jquery/jquery.js HTTP/1.1" 200 247597
0:0:0:0:0:0:0:1 - - [19/Apr/2021:21:20:54 +0200] "GET /lib/perfect-scrollbar/js/perfect-scrollbar.jquery.js HTTP/1.1" 200 45611
0:0:0:0:0:0:0:1 - - [19/Apr/2021:21:26:17 +0200] "GET /public/page-livre/97 HTTP/1.1" 200 14807
0:0:0:0:0:0:0:1 - - [19/Apr/2021:21:26:17 +0200] "GET /lib/font-awesome/css/font-awesome.css HTTP/1.1" 200 37414
0:0:0:0:0:0:0:1 - - [19/Apr/2021:21:26:17 +0200] "GET /lib/fullcalendar/fullcalendar.css HTTP/1.1" 200 33066
0:0:0:0:0:0:0:1 - - [19/Apr/2021:21:26:17 +0200] "GET /lib/perfect-scrollbar/css/perfect-scrollbar.css HTTP/1.1" 200 5594
0:0:0:0:0:0:0:1 - - [19/Apr/2021:21:26:17 +0200] "GET /lib/Ionicons/css/ionicons.css HTTP/1.1" 200 57193
0:0:0:0:0:0:0:1 - - [19/Apr/2021:21:26:17 +0200] "GET /css/shamcey.css HTTP/1.1" 200 881669
0:0:0:0:0:0:0:1 - - [19/Apr/2021:21:26:17 +0200] "GET /lib/perfect-scrollbar/js/perfect-scrollbar.jquery.js HTTP/1.1" 200 45611
0:0:0:0:0:0:0:1 - - [19/Apr/2021:21:26:17 +0200] "GET /lib/bootstrap/bootstrap.js HTTP/1.1" 200 111390
0:0:0:0:0:0:0:1 - - [19/Apr/2021:21:26:17 +0200] "GET /js/shamcey.js HTTP/1.1" 200 942
0:0:0:0:0:0:0:1 - - [19/Apr/2021:21:26:17 +0200] "GET /lib/popper.js/popper.js HTTP/1.1" 200 81224
0:0:0:0:0:0:0:1 - - [19/Apr/2021:21:26:17 +0200] "GET /lib/jquery/jquery.js HTTP/1.1" 200 247597
0:0:0:0:0:0:0:1 - - [19/Apr/2021:21:26:17 +0200] "GET /auteur/photo/60 HTTP/1.1" 200 29248
0:0:0:0:0:0:0:1 - - [19/Apr/2021:21:26:17 +0200] "GET /auteur/photo/61 HTTP/1.1" 200 8656
0:0:0:0:0:0:0:1 - - [19/Apr/2021:21:26:17 +0200] "GET /auteur/photo/59 HTTP/1.1" 200 5324
0:0:0:0:0:0:0:1 - - [19/Apr/2021:21:26:17 +0200] "GET /auteur/photo/63 HTTP/1.1" 200 29491
0:0:0:0:0:0:0:1 - - [19/Apr/2021:21:26:17 +0200] "GET /auteur/photo/64 HTTP/1.1" 200 5572
0:0:0:0:0:0:0:1 - - [19/Apr/2021:21:26:17 +0200] "GET /auteur/photo/62 HTTP/1.1" 200 267820
0:0:0:0:0:0:0:1 - - [19/Apr/2021:21:26:17 +0200] "GET /auteur/photo/70 HTTP/1.1" 200 21952
0:0:0:0:0:0:0:1 - - [19/Apr/2021:21:26:17 +0200] "GET /livre/couverture/97 HTTP/1.1" 200 42736
0:0:0:0:0:0:0:1 - - [19/Apr/2021:21:26:17 +0200] "GET /auteur/photo/69 HTTP/1.1" 200 26544
0:0:0:0:0:0:0:1 - - [19/Apr/2021:21:26:17 +0200] "GET /lib/Ionicons/fonts/ionicons.ttf?v=2.0.0 HTTP/1.1" 200 188508
0:0:0:0:0:0:0:1 - - [19/Apr/2021:21:26:19 +0200] "GET /private/operations/panier/ajout-livre/97 HTTP/1.1" 400 9387
0:0:0:0:0:0:0:1 - - [19/Apr/2021:21:28:32 +0200] "GET /auteur/id/59 HTTP/1.1" 200 25881
0:0:0:0:0:0:0:1 - - [19/Apr/2021:21:28:32 +0200] "GET /lib/perfect-scrollbar/css/perfect-scrollbar.css HTTP/1.1" 200 5594
0:0:0:0:0:0:0:1 - - [19/Apr/2021:21:28:32 +0200] "GET /lib/font-awesome/css/font-awesome.css HTTP/1.1" 200 37414
0:0:0:0:0:0:0:1 - - [19/Apr/2021:21:28:32 +0200] "GET /lib/Ionicons/css/ionicons.css HTTP/1.1" 200 57193
0:0:0:0:0:0:0:1 - - [19/Apr/2021:21:28:32 +0200] "GET /css/shamcey.css HTTP/1.1" 200 881669
0:0:0:0:0:0:0:1 - - [19/Apr/2021:21:28:32 +0200] "GET /lib/jquery/jquery.js HTTP/1.1" 200 247597
0:0:0:0:0:0:0:1 - - [19/Apr/2021:21:28:32 +0200] "GET /lib/bootstrap/bootstrap.js HTTP/1.1" 200 111390
0:0:0:0:0:0:0:1 - - [19/Apr/2021:21:28:32 +0200] "GET /lib/popper.js/popper.js HTTP/1.1" 200 81224
0:0:0:0:0:0:0:1 - - [19/Apr/2021:21:28:32 +0200] "GET /lib/perfect-scrollbar/js/perfect-scrollbar.jquery.js HTTP/1.1" 200 45611
0:0:0:0:0:0:0:1 - - [19/Apr/2021:21:28:32 +0200] "GET /lib/jquery-ui/jquery-ui.js HTTP/1.1" 200 520714
0:0:0:0:0:0:0:1 - - [19/Apr/2021:21:28:32 +0200] "GET /lib/moment/moment.js HTTP/1.1" 200 130279
0:0:0:0:0:0:0:1 - - [19/Apr/2021:21:28:32 +0200] "GET /lib/flot-spline/jquery.flot.spline.js HTTP/1.1" 200 5829
0:0:0:0:0:0:0:1 - - [19/Apr/2021:21:28:32 +0200] "GET /lib/Flot/jquery.flot.js HTTP/1.1" 200 122971
0:0:0:0:0:0:0:1 - - [19/Apr/2021:21:28:32 +0200] "GET /lib/Flot/jquery.flot.resize.js HTTP/1.1" 200 3314
0:0:0:0:0:0:0:1 - - [19/Apr/2021:21:28:32 +0200] "GET /js/shamcey.js HTTP/1.1" 200 942
0:0:0:0:0:0:0:1 - - [19/Apr/2021:21:28:32 +0200] "GET /js/dashboard.js HTTP/1.1" 200 2706
0:0:0:0:0:0:0:1 - - [19/Apr/2021:21:28:32 +0200] "GET /auteur/photo/59 HTTP/1.1" 200 5324
0:0:0:0:0:0:0:1 - - [19/Apr/2021:21:28:32 +0200] "GET /auteur/photo/61 HTTP/1.1" 200 8656
0:0:0:0:0:0:0:1 - - [19/Apr/2021:21:28:32 +0200] "GET /auteur/photo/60 HTTP/1.1" 200 29248
0:0:0:0:0:0:0:1 - - [19/Apr/2021:21:28:32 +0200] "GET /auteur/photo/64 HTTP/1.1" 200 5572
0:0:0:0:0:0:0:1 - - [19/Apr/2021:21:28:32 +0200] "GET /auteur/photo/62 HTTP/1.1" 200 267820
0:0:0:0:0:0:0:1 - - [19/Apr/2021:21:28:32 +0200] "GET /auteur/photo/63 HTTP/1.1" 200 29491
0:0:0:0:0:0:0:1 - - [19/Apr/2021:21:28:32 +0200] "GET /auteur/photo/69 HTTP/1.1" 200 26544
0:0:0:0:0:0:0:1 - - [19/Apr/2021:21:28:33 +0200] "GET /auteur/photo/70 HTTP/1.1" 200 21952
0:0:0:0:0:0:0:1 - - [19/Apr/2021:21:28:33 +0200] "GET /livre/couverture/95 HTTP/1.1" 200 50124
0:0:0:0:0:0:0:1 - - [19/Apr/2021:21:28:33 +0200] "GET /livre/couverture/97 HTTP/1.1" 200 42736
0:0:0:0:0:0:0:1 - - [19/Apr/2021:21:28:33 +0200] "GET /livre/couverture/96 HTTP/1.1" 200 41196
0:0:0:0:0:0:0:1 - - [19/Apr/2021:21:28:33 +0200] "GET /livre/couverture/100 HTTP/1.1" 200 38230
0:0:0:0:0:0:0:1 - - [19/Apr/2021:21:28:33 +0200] "GET /livre/couverture/81 HTTP/1.1" 200 9979
0:0:0:0:0:0:0:1 - - [19/Apr/2021:21:28:33 +0200] "GET /livre/couverture/102 HTTP/1.1" 200 24517
0:0:0:0:0:0:0:1 - - [19/Apr/2021:21:28:33 +0200] "GET /livre/couverture/82 HTTP/1.1" 200 14105
0:0:0:0:0:0:0:1 - - [19/Apr/2021:21:28:33 +0200] "GET /livre/couverture/83 HTTP/1.1" 200 30289
0:0:0:0:0:0:0:1 - - [19/Apr/2021:21:28:33 +0200] "GET /livre/couverture/87 HTTP/1.1" 200 7822
0:0:0:0:0:0:0:1 - - [19/Apr/2021:21:28:33 +0200] "GET /livre/couverture/84 HTTP/1.1" 200 17811
0:0:0:0:0:0:0:1 - - [19/Apr/2021:21:28:33 +0200] "GET /livre/couverture/85 HTTP/1.1" 200 26119
0:0:0:0:0:0:0:1 - - [19/Apr/2021:21:28:33 +0200] "GET /livre/couverture/88 HTTP/1.1" 200 25391
0:0:0:0:0:0:0:1 - - [19/Apr/2021:21:28:33 +0200] "GET /livre/couverture/67 HTTP/1.1" 200 23386
0:0:0:0:0:0:0:1 - - [19/Apr/2021:21:28:33 +0200] "GET /livre/couverture/68 HTTP/1.1" 200 34735
0:0:0:0:0:0:0:1 - - [19/Apr/2021:21:28:33 +0200] "GET /livre/couverture/71 HTTP/1.1" 200 55477
0:0:0:0:0:0:0:1 - - [19/Apr/2021:21:28:33 +0200] "GET /livre/couverture/72 HTTP/1.1" 200 32266
0:0:0:0:0:0:0:1 - - [19/Apr/2021:21:28:33 +0200] "GET /livre/couverture/73 HTTP/1.1" 200 33877
0:0:0:0:0:0:0:1 - - [19/Apr/2021:21:28:33 +0200] "GET /livre/couverture/74 HTTP/1.1" 200 41210
0:0:0:0:0:0:0:1 - - [19/Apr/2021:21:28:33 +0200] "GET /livre/couverture/75 HTTP/1.1" 200 26646
0:0:0:0:0:0:0:1 - - [19/Apr/2021:21:28:33 +0200] "GET /livre/couverture/76 HTTP/1.1" 200 24560
0:0:0:0:0:0:0:1 - - [19/Apr/2021:21:28:33 +0200] "GET /livre/couverture/77 HTTP/1.1" 200 26770
0:0:0:0:0:0:0:1 - - [19/Apr/2021:21:28:33 +0200] "GET /livre/couverture/78 HTTP/1.1" 200 35468
0:0:0:0:0:0:0:1 - - [19/Apr/2021:21:28:33 +0200] "GET /livre/couverture/66 HTTP/1.1" 200 10740
0:0:0:0:0:0:0:1 - - [19/Apr/2021:21:28:33 +0200] "GET /livre/couverture/80 HTTP/1.1" 200 35499
0:0:0:0:0:0:0:1 - - [19/Apr/2021:21:28:33 +0200] "GET /livre/couverture/79 HTTP/1.1" 200 24144
0:0:0:0:0:0:0:1 - - [19/Apr/2021:21:28:33 +0200] "GET /livre/couverture/89 HTTP/1.1" 200 39902
0:0:0:0:0:0:0:1 - - [19/Apr/2021:21:28:33 +0200] "GET /livre/couverture/91 HTTP/1.1" 200 17638
0:0:0:0:0:0:0:1 - - [19/Apr/2021:21:28:33 +0200] "GET /livre/couverture/86 HTTP/1.1" 200 34255
0:0:0:0:0:0:0:1 - - [19/Apr/2021:21:28:33 +0200] "GET /livre/couverture/90 HTTP/1.1" 200 24997
0:0:0:0:0:0:0:1 - - [19/Apr/2021:21:28:33 +0200] "GET /livre/couverture/92 HTTP/1.1" 200 43884
0:0:0:0:0:0:0:1 - - [19/Apr/2021:21:28:33 +0200] "GET /lib/Ionicons/fonts/ionicons.ttf?v=2.0.0 HTTP/1.1" 200 188508
0:0:0:0:0:0:0:1 - - [19/Apr/2021:21:28:33 +0200] "GET /lib/font-awesome/fonts/fontawesome-webfont.woff2?v=4.7.0 HTTP/1.1" 200 77160
0:0:0:0:0:0:0:1 - - [19/Apr/2021:21:28:34 +0200] "GET /public/page-livre/102 HTTP/1.1" 200 15040
0:0:0:0:0:0:0:1 - - [19/Apr/2021:21:28:34 +0200] "GET /lib/perfect-scrollbar/css/perfect-scrollbar.css HTTP/1.1" 200 5594
0:0:0:0:0:0:0:1 - - [19/Apr/2021:21:28:34 +0200] "GET /lib/fullcalendar/fullcalendar.css HTTP/1.1" 200 33066
0:0:0:0:0:0:0:1 - - [19/Apr/2021:21:28:34 +0200] "GET /lib/font-awesome/css/font-awesome.css HTTP/1.1" 200 37414
0:0:0:0:0:0:0:1 - - [19/Apr/2021:21:28:34 +0200] "GET /lib/Ionicons/css/ionicons.css HTTP/1.1" 200 57193
0:0:0:0:0:0:0:1 - - [19/Apr/2021:21:28:34 +0200] "GET /css/shamcey.css HTTP/1.1" 200 881669
0:0:0:0:0:0:0:1 - - [19/Apr/2021:21:28:34 +0200] "GET /js/shamcey.js HTTP/1.1" 200 942
0:0:0:0:0:0:0:1 - - [19/Apr/2021:21:28:34 +0200] "GET /lib/bootstrap/bootstrap.js HTTP/1.1" 200 111390
0:0:0:0:0:0:0:1 - - [19/Apr/2021:21:28:34 +0200] "GET /lib/popper.js/popper.js HTTP/1.1" 200 81224
0:0:0:0:0:0:0:1 - - [19/Apr/2021:21:28:34 +0200] "GET /lib/perfect-scrollbar/js/perfect-scrollbar.jquery.js HTTP/1.1" 200 45611
0:0:0:0:0:0:0:1 - - [19/Apr/2021:21:28:34 +0200] "GET /lib/jquery/jquery.js HTTP/1.1" 200 247597
0:0:0:0:0:0:0:1 - - [19/Apr/2021:21:28:34 +0200] "GET /auteur/photo/61 HTTP/1.1" 200 8656
0:0:0:0:0:0:0:1 - - [19/Apr/2021:21:28:34 +0200] "GET /auteur/photo/59 HTTP/1.1" 200 5324
0:0:0:0:0:0:0:1 - - [19/Apr/2021:21:28:34 +0200] "GET /auteur/photo/60 HTTP/1.1" 200 29248
0:0:0:0:0:0:0:1 - - [19/Apr/2021:21:28:34 +0200] "GET /auteur/photo/63 HTTP/1.1" 200 29491
0:0:0:0:0:0:0:1 - - [19/Apr/2021:21:28:34 +0200] "GET /auteur/photo/64 HTTP/1.1" 200 5572
0:0:0:0:0:0:0:1 - - [19/Apr/2021:21:28:34 +0200] "GET /auteur/photo/62 HTTP/1.1" 200 267820
0:0:0:0:0:0:0:1 - - [19/Apr/2021:21:28:34 +0200] "GET /auteur/photo/70 HTTP/1.1" 200 21952
0:0:0:0:0:0:0:1 - - [19/Apr/2021:21:28:34 +0200] "GET /livre/couverture/102 HTTP/1.1" 200 24517
0:0:0:0:0:0:0:1 - - [19/Apr/2021:21:28:34 +0200] "GET /auteur/photo/69 HTTP/1.1" 200 26544
0:0:0:0:0:0:0:1 - - [19/Apr/2021:21:28:34 +0200] "GET /lib/Ionicons/fonts/ionicons.ttf?v=2.0.0 HTTP/1.1" 200 188508
0:0:0:0:0:0:0:1 - - [19/Apr/2021:21:28:37 +0200] "GET /auteur/id/59 HTTP/1.1" 200 25881
0:0:0:0:0:0:0:1 - - [19/Apr/2021:21:28:37 +0200] "GET /lib/perfect-scrollbar/css/perfect-scrollbar.css HTTP/1.1" 200 5594
0:0:0:0:0:0:0:1 - - [19/Apr/2021:21:28:37 +0200] "GET /lib/Ionicons/css/ionicons.css HTTP/1.1" 200 57193
0:0:0:0:0:0:0:1 - - [19/Apr/2021:21:28:37 +0200] "GET /lib/font-awesome/css/font-awesome.css HTTP/1.1" 200 37414
0:0:0:0:0:0:0:1 - - [19/Apr/2021:21:28:37 +0200] "GET /css/shamcey.css HTTP/1.1" 200 881669
0:0:0:0:0:0:0:1 - - [19/Apr/2021:21:28:37 +0200] "GET /lib/popper.js/popper.js HTTP/1.1" 200 81224
0:0:0:0:0:0:0:1 - - [19/Apr/2021:21:28:37 +0200] "GET /lib/bootstrap/bootstrap.js HTTP/1.1" 200 111390
0:0:0:0:0:0:0:1 - - [19/Apr/2021:21:28:37 +0200] "GET /lib/perfect-scrollbar/js/perfect-scrollbar.jquery.js HTTP/1.1" 200 45611
0:0:0:0:0:0:0:1 - - [19/Apr/2021:21:28:37 +0200] "GET /lib/jquery/jquery.js HTTP/1.1" 200 247597
0:0:0:0:0:0:0:1 - - [19/Apr/2021:21:28:37 +0200] "GET /lib/jquery-ui/jquery-ui.js HTTP/1.1" 200 520714
0:0:0:0:0:0:0:1 - - [19/Apr/2021:21:28:37 +0200] "GET /js/dashboard.js HTTP/1.1" 200 2706
0:0:0:0:0:0:0:1 - - [19/Apr/2021:21:28:37 +0200] "GET /lib/Flot/jquery.flot.resize.js HTTP/1.1" 200 3314
0:0:0:0:0:0:0:1 - - [19/Apr/2021:21:28:37 +0200] "GET /lib/moment/moment.js HTTP/1.1" 200 130279
0:0:0:0:0:0:0:1 - - [19/Apr/2021:21:28:37 +0200] "GET /lib/flot-spline/jquery.flot.spline.js HTTP/1.1" 200 5829
0:0:0:0:0:0:0:1 - - [19/Apr/2021:21:28:37 +0200] "GET /js/shamcey.js HTTP/1.1" 200 942
0:0:0:0:0:0:0:1 - - [19/Apr/2021:21:28:37 +0200] "GET /lib/Flot/jquery.flot.js HTTP/1.1" 200 122971
0:0:0:0:0:0:0:1 - - [19/Apr/2021:21:28:37 +0200] "GET /auteur/photo/61 HTTP/1.1" 200 8656
0:0:0:0:0:0:0:1 - - [19/Apr/2021:21:28:37 +0200] "GET /auteur/photo/59 HTTP/1.1" 200 5324
0:0:0:0:0:0:0:1 - - [19/Apr/2021:21:28:37 +0200] "GET /auteur/photo/60 HTTP/1.1" 200 29248
0:0:0:0:0:0:0:1 - - [19/Apr/2021:21:28:37 +0200] "GET /auteur/photo/62 HTTP/1.1" 200 267820
0:0:0:0:0:0:0:1 - - [19/Apr/2021:21:28:37 +0200] "GET /auteur/photo/64 HTTP/1.1" 200 5572
0:0:0:0:0:0:0:1 - - [19/Apr/2021:21:28:37 +0200] "GET /auteur/photo/63 HTTP/1.1" 200 29491
0:0:0:0:0:0:0:1 - - [19/Apr/2021:21:28:37 +0200] "GET /auteur/photo/70 HTTP/1.1" 200 21952
0:0:0:0:0:0:0:1 - - [19/Apr/2021:21:28:37 +0200] "GET /auteur/photo/69 HTTP/1.1" 200 26544
0:0:0:0:0:0:0:1 - - [19/Apr/2021:21:28:37 +0200] "GET /livre/couverture/95 HTTP/1.1" 200 50124
0:0:0:0:0:0:0:1 - - [19/Apr/2021:21:28:37 +0200] "GET /livre/couverture/96 HTTP/1.1" 200 41196
0:0:0:0:0:0:0:1 - - [19/Apr/2021:21:28:37 +0200] "GET /livre/couverture/100 HTTP/1.1" 200 38230
0:0:0:0:0:0:0:1 - - [19/Apr/2021:21:28:37 +0200] "GET /livre/couverture/97 HTTP/1.1" 200 42736
0:0:0:0:0:0:0:1 - - [19/Apr/2021:21:28:37 +0200] "GET /livre/couverture/81 HTTP/1.1" 200 9979
0:0:0:0:0:0:0:1 - - [19/Apr/2021:21:28:37 +0200] "GET /livre/couverture/84 HTTP/1.1" 200 17811
0:0:0:0:0:0:0:1 - - [19/Apr/2021:21:28:37 +0200] "GET /livre/couverture/82 HTTP/1.1" 200 14105
0:0:0:0:0:0:0:1 - - [19/Apr/2021:21:28:37 +0200] "GET /livre/couverture/102 HTTP/1.1" 200 24517
0:0:0:0:0:0:0:1 - - [19/Apr/2021:21:28:37 +0200] "GET /livre/couverture/83 HTTP/1.1" 200 30289
0:0:0:0:0:0:0:1 - - [19/Apr/2021:21:28:37 +0200] "GET /livre/couverture/87 HTTP/1.1" 200 7822
0:0:0:0:0:0:0:1 - - [19/Apr/2021:21:28:37 +0200] "GET /livre/couverture/85 HTTP/1.1" 200 26119
0:0:0:0:0:0:0:1 - - [19/Apr/2021:21:28:37 +0200] "GET /livre/couverture/88 HTTP/1.1" 200 25391
0:0:0:0:0:0:0:1 - - [19/Apr/2021:21:28:37 +0200] "GET /livre/couverture/67 HTTP/1.1" 200 23386
0:0:0:0:0:0:0:1 - - [19/Apr/2021:21:28:37 +0200] "GET /livre/couverture/68 HTTP/1.1" 200 34735
0:0:0:0:0:0:0:1 - - [19/Apr/2021:21:28:37 +0200] "GET /livre/couverture/71 HTTP/1.1" 200 55477
0:0:0:0:0:0:0:1 - - [19/Apr/2021:21:28:37 +0200] "GET /livre/couverture/72 HTTP/1.1" 200 32266
0:0:0:0:0:0:0:1 - - [19/Apr/2021:21:28:37 +0200] "GET /livre/couverture/73 HTTP/1.1" 200 33877
0:0:0:0:0:0:0:1 - - [19/Apr/2021:21:28:37 +0200] "GET /livre/couverture/75 HTTP/1.1" 200 26646
0:0:0:0:0:0:0:1 - - [19/Apr/2021:21:28:37 +0200] "GET /livre/couverture/74 HTTP/1.1" 200 41210
0:0:0:0:0:0:0:1 - - [19/Apr/2021:21:28:37 +0200] "GET /livre/couverture/76 HTTP/1.1" 200 24560
0:0:0:0:0:0:0:1 - - [19/Apr/2021:21:28:37 +0200] "GET /livre/couverture/77 HTTP/1.1" 200 26770
0:0:0:0:0:0:0:1 - - [19/Apr/2021:21:28:37 +0200] "GET /livre/couverture/79 HTTP/1.1" 200 24144
0:0:0:0:0:0:0:1 - - [19/Apr/2021:21:28:37 +0200] "GET /livre/couverture/78 HTTP/1.1" 200 35468
0:0:0:0:0:0:0:1 - - [19/Apr/2021:21:28:37 +0200] "GET /livre/couverture/80 HTTP/1.1" 200 35499
0:0:0:0:0:0:0:1 - - [19/Apr/2021:21:28:37 +0200] "GET /livre/couverture/66 HTTP/1.1" 200 10740
0:0:0:0:0:0:0:1 - - [19/Apr/2021:21:28:37 +0200] "GET /livre/couverture/89 HTTP/1.1" 200 39902
0:0:0:0:0:0:0:1 - - [19/Apr/2021:21:28:37 +0200] "GET /livre/couverture/91 HTTP/1.1" 200 17638
0:0:0:0:0:0:0:1 - - [19/Apr/2021:21:28:37 +0200] "GET /livre/couverture/90 HTTP/1.1" 200 24997
0:0:0:0:0:0:0:1 - - [19/Apr/2021:21:28:37 +0200] "GET /livre/couverture/86 HTTP/1.1" 200 34255
0:0:0:0:0:0:0:1 - - [19/Apr/2021:21:28:37 +0200] "GET /livre/couverture/92 HTTP/1.1" 200 43884
0:0:0:0:0:0:0:1 - - [19/Apr/2021:21:28:37 +0200] "GET /lib/font-awesome/fonts/fontawesome-webfont.woff2?v=4.7.0 HTTP/1.1" 200 77160
0:0:0:0:0:0:0:1 - - [19/Apr/2021:21:28:37 +0200] "GET /lib/Ionicons/fonts/ionicons.ttf?v=2.0.0 HTTP/1.1" 200 188508
0:0:0:0:0:0:0:1 - - [19/Apr/2021:21:28:40 +0200] "GET /public/page-livre/96 HTTP/1.1" 200 15920
0:0:0:0:0:0:0:1 - - [19/Apr/2021:21:28:40 +0200] "GET /lib/Ionicons/css/ionicons.css HTTP/1.1" 200 57193
0:0:0:0:0:0:0:1 - - [19/Apr/2021:21:28:40 +0200] "GET /lib/font-awesome/css/font-awesome.css HTTP/1.1" 200 37414
0:0:0:0:0:0:0:1 - - [19/Apr/2021:21:28:40 +0200] "GET /lib/perfect-scrollbar/css/perfect-scrollbar.css HTTP/1.1" 200 5594
0:0:0:0:0:0:0:1 - - [19/Apr/2021:21:28:40 +0200] "GET /lib/fullcalendar/fullcalendar.css HTTP/1.1" 200 33066
0:0:0:0:0:0:0:1 - - [19/Apr/2021:21:28:40 +0200] "GET /css/shamcey.css HTTP/1.1" 200 881669
0:0:0:0:0:0:0:1 - - [19/Apr/2021:21:28:40 +0200] "GET /lib/jquery/jquery.js HTTP/1.1" 200 247597
0:0:0:0:0:0:0:1 - - [19/Apr/2021:21:28:40 +0200] "GET /lib/popper.js/popper.js HTTP/1.1" 200 81224
0:0:0:0:0:0:0:1 - - [19/Apr/2021:21:28:40 +0200] "GET /js/shamcey.js HTTP/1.1" 200 942
0:0:0:0:0:0:0:1 - - [19/Apr/2021:21:28:40 +0200] "GET /lib/bootstrap/bootstrap.js HTTP/1.1" 200 111390
0:0:0:0:0:0:0:1 - - [19/Apr/2021:21:28:40 +0200] "GET /lib/perfect-scrollbar/js/perfect-scrollbar.jquery.js HTTP/1.1" 200 45611
0:0:0:0:0:0:0:1 - - [19/Apr/2021:21:28:40 +0200] "GET /auteur/photo/59 HTTP/1.1" 200 5324
0:0:0:0:0:0:0:1 - - [19/Apr/2021:21:28:40 +0200] "GET /auteur/photo/61 HTTP/1.1" 200 8656
0:0:0:0:0:0:0:1 - - [19/Apr/2021:21:28:40 +0200] "GET /auteur/photo/60 HTTP/1.1" 200 29248
0:0:0:0:0:0:0:1 - - [19/Apr/2021:21:28:40 +0200] "GET /auteur/photo/64 HTTP/1.1" 200 5572
0:0:0:0:0:0:0:1 - - [19/Apr/2021:21:28:40 +0200] "GET /auteur/photo/69 HTTP/1.1" 200 26544
0:0:0:0:0:0:0:1 - - [19/Apr/2021:21:28:40 +0200] "GET /auteur/photo/63 HTTP/1.1" 200 29491
0:0:0:0:0:0:0:1 - - [19/Apr/2021:21:28:40 +0200] "GET /auteur/photo/70 HTTP/1.1" 200 21952
0:0:0:0:0:0:0:1 - - [19/Apr/2021:21:28:40 +0200] "GET /livre/couverture/96 HTTP/1.1" 200 41196
0:0:0:0:0:0:0:1 - - [19/Apr/2021:21:28:40 +0200] "GET /auteur/photo/62 HTTP/1.1" 200 267820
0:0:0:0:0:0:0:1 - - [19/Apr/2021:21:28:40 +0200] "GET /lib/Ionicons/fonts/ionicons.ttf?v=2.0.0 HTTP/1.1" 200 188508
0:0:0:0:0:0:0:1 - - [19/Apr/2021:21:28:42 +0200] "GET /auteur/id/59 HTTP/1.1" 200 25881
0:0:0:0:0:0:0:1 - - [19/Apr/2021:21:28:42 +0200] "GET /lib/font-awesome/css/font-awesome.css HTTP/1.1" 200 37414
0:0:0:0:0:0:0:1 - - [19/Apr/2021:21:28:42 +0200] "GET /lib/Ionicons/css/ionicons.css HTTP/1.1" 200 57193
0:0:0:0:0:0:0:1 - - [19/Apr/2021:21:28:42 +0200] "GET /lib/perfect-scrollbar/css/perfect-scrollbar.css HTTP/1.1" 200 5594
0:0:0:0:0:0:0:1 - - [19/Apr/2021:21:28:42 +0200] "GET /css/shamcey.css HTTP/1.1" 200 881669
0:0:0:0:0:0:0:1 - - [19/Apr/2021:21:28:42 +0200] "GET /lib/perfect-scrollbar/js/perfect-scrollbar.jquery.js HTTP/1.1" 200 45611
0:0:0:0:0:0:0:1 - - [19/Apr/2021:21:28:42 +0200] "GET /lib/bootstrap/bootstrap.js HTTP/1.1" 200 111390
0:0:0:0:0:0:0:1 - - [19/Apr/2021:21:28:42 +0200] "GET /lib/jquery/jquery.js HTTP/1.1" 200 247597
0:0:0:0:0:0:0:1 - - [19/Apr/2021:21:28:42 +0200] "GET /lib/jquery-ui/jquery-ui.js HTTP/1.1" 200 520714
0:0:0:0:0:0:0:1 - - [19/Apr/2021:21:28:42 +0200] "GET /lib/popper.js/popper.js HTTP/1.1" 200 81224
0:0:0:0:0:0:0:1 - - [19/Apr/2021:21:28:42 +0200] "GET /lib/Flot/jquery.flot.resize.js HTTP/1.1" 200 3314
0:0:0:0:0:0:0:1 - - [19/Apr/2021:21:28:42 +0200] "GET /lib/moment/moment.js HTTP/1.1" 200 130279
0:0:0:0:0:0:0:1 - - [19/Apr/2021:21:28:42 +0200] "GET /lib/Flot/jquery.flot.js HTTP/1.1" 200 122971
0:0:0:0:0:0:0:1 - - [19/Apr/2021:21:28:42 +0200] "GET /lib/flot-spline/jquery.flot.spline.js HTTP/1.1" 200 5829
0:0:0:0:0:0:0:1 - - [19/Apr/2021:21:28:42 +0200] "GET /js/shamcey.js HTTP/1.1" 200 942
0:0:0:0:0:0:0:1 - - [19/Apr/2021:21:28:42 +0200] "GET /js/dashboard.js HTTP/1.1" 200 2706
0:0:0:0:0:0:0:1 - - [19/Apr/2021:21:28:42 +0200] "GET /auteur/photo/59 HTTP/1.1" 200 5324
0:0:0:0:0:0:0:1 - - [19/Apr/2021:21:28:42 +0200] "GET /auteur/photo/61 HTTP/1.1" 200 8656
0:0:0:0:0:0:0:1 - - [19/Apr/2021:21:28:42 +0200] "GET /auteur/photo/62 HTTP/1.1" 200 267820
0:0:0:0:0:0:0:1 - - [19/Apr/2021:21:28:42 +0200] "GET /auteur/photo/63 HTTP/1.1" 200 29491
0:0:0:0:0:0:0:1 - - [19/Apr/2021:21:28:42 +0200] "GET /auteur/photo/60 HTTP/1.1" 200 29248
0:0:0:0:0:0:0:1 - - [19/Apr/2021:21:28:42 +0200] "GET /auteur/photo/64 HTTP/1.1" 200 5572
0:0:0:0:0:0:0:1 - - [19/Apr/2021:21:28:42 +0200] "GET /auteur/photo/70 HTTP/1.1" 200 21952
0:0:0:0:0:0:0:1 - - [19/Apr/2021:21:28:42 +0200] "GET /auteur/photo/69 HTTP/1.1" 200 26544
0:0:0:0:0:0:0:1 - - [19/Apr/2021:21:28:42 +0200] "GET /livre/couverture/95 HTTP/1.1" 200 50124
0:0:0:0:0:0:0:1 - - [19/Apr/2021:21:28:42 +0200] "GET /livre/couverture/100 HTTP/1.1" 200 38230
0:0:0:0:0:0:0:1 - - [19/Apr/2021:21:28:42 +0200] "GET /livre/couverture/102 HTTP/1.1" 200 24517
0:0:0:0:0:0:0:1 - - [19/Apr/2021:21:28:42 +0200] "GET /livre/couverture/96 HTTP/1.1" 200 41196
0:0:0:0:0:0:0:1 - - [19/Apr/2021:21:28:42 +0200] "GET /livre/couverture/81 HTTP/1.1" 200 9979
0:0:0:0:0:0:0:1 - - [19/Apr/2021:21:28:42 +0200] "GET /livre/couverture/97 HTTP/1.1" 200 42736
0:0:0:0:0:0:0:1 - - [19/Apr/2021:21:28:42 +0200] "GET /livre/couverture/82 HTTP/1.1" 200 14105
0:0:0:0:0:0:0:1 - - [19/Apr/2021:21:28:42 +0200] "GET /livre/couverture/84 HTTP/1.1" 200 17811
0:0:0:0:0:0:0:1 - - [19/Apr/2021:21:28:42 +0200] "GET /livre/couverture/85 HTTP/1.1" 200 26119
0:0:0:0:0:0:0:1 - - [19/Apr/2021:21:28:42 +0200] "GET /livre/couverture/88 HTTP/1.1" 200 25391
0:0:0:0:0:0:0:1 - - [19/Apr/2021:21:28:42 +0200] "GET /livre/couverture/83 HTTP/1.1" 200 30289
0:0:0:0:0:0:0:1 - - [19/Apr/2021:21:28:42 +0200] "GET /livre/couverture/87 HTTP/1.1" 200 7822
0:0:0:0:0:0:0:1 - - [19/Apr/2021:21:28:42 +0200] "GET /livre/couverture/67 HTTP/1.1" 200 23386
0:0:0:0:0:0:0:1 - - [19/Apr/2021:21:28:42 +0200] "GET /livre/couverture/68 HTTP/1.1" 200 34735
0:0:0:0:0:0:0:1 - - [19/Apr/2021:21:28:42 +0200] "GET /livre/couverture/71 HTTP/1.1" 200 55477
0:0:0:0:0:0:0:1 - - [19/Apr/2021:21:28:42 +0200] "GET /livre/couverture/72 HTTP/1.1" 200 32266
0:0:0:0:0:0:0:1 - - [19/Apr/2021:21:28:42 +0200] "GET /livre/couverture/73 HTTP/1.1" 200 33877
0:0:0:0:0:0:0:1 - - [19/Apr/2021:21:28:42 +0200] "GET /livre/couverture/74 HTTP/1.1" 200 41210
0:0:0:0:0:0:0:1 - - [19/Apr/2021:21:28:42 +0200] "GET /livre/couverture/75 HTTP/1.1" 200 26646
0:0:0:0:0:0:0:1 - - [19/Apr/2021:21:28:42 +0200] "GET /livre/couverture/76 HTTP/1.1" 200 24560
0:0:0:0:0:0:0:1 - - [19/Apr/2021:21:28:42 +0200] "GET /livre/couverture/77 HTTP/1.1" 200 26770
0:0:0:0:0:0:0:1 - - [19/Apr/2021:21:28:42 +0200] "GET /livre/couverture/78 HTTP/1.1" 200 35468
0:0:0:0:0:0:0:1 - - [19/Apr/2021:21:28:42 +0200] "GET /livre/couverture/79 HTTP/1.1" 200 24144
0:0:0:0:0:0:0:1 - - [19/Apr/2021:21:28:42 +0200] "GET /livre/couverture/66 HTTP/1.1" 200 10740
0:0:0:0:0:0:0:1 - - [19/Apr/2021:21:28:42 +0200] "GET /livre/couverture/80 HTTP/1.1" 200 35499
0:0:0:0:0:0:0:1 - - [19/Apr/2021:21:28:42 +0200] "GET /livre/couverture/91 HTTP/1.1" 200 17638
0:0:0:0:0:0:0:1 - - [19/Apr/2021:21:28:42 +0200] "GET /livre/couverture/89 HTTP/1.1" 200 39902
0:0:0:0:0:0:0:1 - - [19/Apr/2021:21:28:42 +0200] "GET /livre/couverture/86 HTTP/1.1" 200 34255
0:0:0:0:0:0:0:1 - - [19/Apr/2021:21:28:42 +0200] "GET /livre/couverture/90 HTTP/1.1" 200 24997
0:0:0:0:0:0:0:1 - - [19/Apr/2021:21:28:42 +0200] "GET /livre/couverture/92 HTTP/1.1" 200 43884
0:0:0:0:0:0:0:1 - - [19/Apr/2021:21:28:42 +0200] "GET /lib/Ionicons/fonts/ionicons.ttf?v=2.0.0 HTTP/1.1" 200 188508
0:0:0:0:0:0:0:1 - - [19/Apr/2021:21:28:42 +0200] "GET /lib/font-awesome/fonts/fontawesome-webfont.woff2?v=4.7.0 HTTP/1.1" 200 77160
0:0:0:0:0:0:0:1 - - [19/Apr/2021:21:28:44 +0200] "GET /public/page-livre/81 HTTP/1.1" 200 15066
0:0:0:0:0:0:0:1 - - [19/Apr/2021:21:28:44 +0200] "GET /lib/font-awesome/css/font-awesome.css HTTP/1.1" 200 37414
0:0:0:0:0:0:0:1 - - [19/Apr/2021:21:28:44 +0200] "GET /lib/perfect-scrollbar/css/perfect-scrollbar.css HTTP/1.1" 200 5594
0:0:0:0:0:0:0:1 - - [19/Apr/2021:21:28:44 +0200] "GET /lib/Ionicons/css/ionicons.css HTTP/1.1" 200 57193
0:0:0:0:0:0:0:1 - - [19/Apr/2021:21:28:44 +0200] "GET /lib/fullcalendar/fullcalendar.css HTTP/1.1" 200 33066
0:0:0:0:0:0:0:1 - - [19/Apr/2021:21:28:44 +0200] "GET /css/shamcey.css HTTP/1.1" 200 881669
0:0:0:0:0:0:0:1 - - [19/Apr/2021:21:28:44 +0200] "GET /lib/jquery/jquery.js HTTP/1.1" 200 247597
0:0:0:0:0:0:0:1 - - [19/Apr/2021:21:28:44 +0200] "GET /lib/popper.js/popper.js HTTP/1.1" 200 81224
0:0:0:0:0:0:0:1 - - [19/Apr/2021:21:28:44 +0200] "GET /lib/perfect-scrollbar/js/perfect-scrollbar.jquery.js HTTP/1.1" 200 45611
0:0:0:0:0:0:0:1 - - [19/Apr/2021:21:28:44 +0200] "GET /js/shamcey.js HTTP/1.1" 200 942
0:0:0:0:0:0:0:1 - - [19/Apr/2021:21:28:44 +0200] "GET /lib/bootstrap/bootstrap.js HTTP/1.1" 200 111390
0:0:0:0:0:0:0:1 - - [19/Apr/2021:21:28:44 +0200] "GET /auteur/photo/59 HTTP/1.1" 200 5324
0:0:0:0:0:0:0:1 - - [19/Apr/2021:21:28:44 +0200] "GET /auteur/photo/60 HTTP/1.1" 200 29248
0:0:0:0:0:0:0:1 - - [19/Apr/2021:21:28:44 +0200] "GET /auteur/photo/61 HTTP/1.1" 200 8656
0:0:0:0:0:0:0:1 - - [19/Apr/2021:21:28:44 +0200] "GET /auteur/photo/63 HTTP/1.1" 200 29491
0:0:0:0:0:0:0:1 - - [19/Apr/2021:21:28:44 +0200] "GET /auteur/photo/69 HTTP/1.1" 200 26544
0:0:0:0:0:0:0:1 - - [19/Apr/2021:21:28:44 +0200] "GET /auteur/photo/70 HTTP/1.1" 200 21952
0:0:0:0:0:0:0:1 - - [19/Apr/2021:21:28:44 +0200] "GET /livre/couverture/81 HTTP/1.1" 200 9979
0:0:0:0:0:0:0:1 - - [19/Apr/2021:21:28:44 +0200] "GET /auteur/photo/64 HTTP/1.1" 200 5572
0:0:0:0:0:0:0:1 - - [19/Apr/2021:21:28:44 +0200] "GET /auteur/photo/62 HTTP/1.1" 200 267820
0:0:0:0:0:0:0:1 - - [19/Apr/2021:21:28:44 +0200] "GET /lib/Ionicons/fonts/ionicons.ttf?v=2.0.0 HTTP/1.1" 200 188508
0:0:0:0:0:0:0:1 - - [19/Apr/2021:21:28:56 +0200] "GET /private/operations/panier/ajout-livre/81 HTTP/1.1" 400 9387
