0:0:0:0:0:0:0:1 - - [30/Mar/2021:19:06:39 +0200] "GET / HTTP/1.1" 302 -
0:0:0:0:0:0:0:1 - - [30/Mar/2021:19:06:39 +0200] "GET /page-login HTTP/1.1" 200 3196
0:0:0:0:0:0:0:1 - - [30/Mar/2021:19:06:39 +0200] "GET /lib/font-awesome/css/font-awesome.css HTTP/1.1" 200 37414
0:0:0:0:0:0:0:1 - - [30/Mar/2021:19:06:39 +0200] "GET /lib/Ionicons/css/ionicons.css HTTP/1.1" 200 57193
0:0:0:0:0:0:0:1 - - [30/Mar/2021:19:06:39 +0200] "GET /css/shamcey.css HTTP/1.1" 200 881669
0:0:0:0:0:0:0:1 - - [30/Mar/2021:19:06:39 +0200] "GET /lib/popper.js/popper.js HTTP/1.1" 200 81224
0:0:0:0:0:0:0:1 - - [30/Mar/2021:19:06:39 +0200] "GET /lib/bootstrap/bootstrap.js HTTP/1.1" 200 111390
0:0:0:0:0:0:0:1 - - [30/Mar/2021:19:06:39 +0200] "GET /js/shamcey.js HTTP/1.1" 200 942
0:0:0:0:0:0:0:1 - - [30/Mar/2021:19:06:39 +0200] "GET /lib/jquery/jquery.js HTTP/1.1" 200 247597
0:0:0:0:0:0:0:1 - - [30/Mar/2021:19:06:59 +0200] "POST /perform_login HTTP/1.1" 302 -
0:0:0:0:0:0:0:1 - - [30/Mar/2021:19:06:59 +0200] "GET /page-login HTTP/1.1" 200 3196
0:0:0:0:0:0:0:1 - - [30/Mar/2021:19:06:59 +0200] "GET /lib/font-awesome/css/font-awesome.css HTTP/1.1" 200 37414
0:0:0:0:0:0:0:1 - - [30/Mar/2021:19:06:59 +0200] "GET /lib/Ionicons/css/ionicons.css HTTP/1.1" 200 57193
0:0:0:0:0:0:0:1 - - [30/Mar/2021:19:06:59 +0200] "GET /lib/popper.js/popper.js HTTP/1.1" 200 81224
0:0:0:0:0:0:0:1 - - [30/Mar/2021:19:06:59 +0200] "GET /lib/bootstrap/bootstrap.js HTTP/1.1" 200 111390
0:0:0:0:0:0:0:1 - - [30/Mar/2021:19:06:59 +0200] "GET /lib/jquery/jquery.js HTTP/1.1" 200 247597
0:0:0:0:0:0:0:1 - - [30/Mar/2021:19:06:59 +0200] "GET /css/shamcey.css HTTP/1.1" 200 881669
0:0:0:0:0:0:0:1 - - [30/Mar/2021:19:06:59 +0200] "GET /js/shamcey.js HTTP/1.1" 200 942
0:0:0:0:0:0:0:1 - - [30/Mar/2021:19:07:08 +0200] "POST /perform_login HTTP/1.1" 302 -
0:0:0:0:0:0:0:1 - - [30/Mar/2021:19:07:08 +0200] "GET /page-login HTTP/1.1" 200 3196
0:0:0:0:0:0:0:1 - - [30/Mar/2021:19:07:08 +0200] "GET /lib/font-awesome/css/font-awesome.css HTTP/1.1" 200 37414
0:0:0:0:0:0:0:1 - - [30/Mar/2021:19:07:08 +0200] "GET /lib/Ionicons/css/ionicons.css HTTP/1.1" 200 57193
0:0:0:0:0:0:0:1 - - [30/Mar/2021:19:07:08 +0200] "GET /lib/bootstrap/bootstrap.js HTTP/1.1" 200 111390
0:0:0:0:0:0:0:1 - - [30/Mar/2021:19:07:08 +0200] "GET /lib/popper.js/popper.js HTTP/1.1" 200 81224
0:0:0:0:0:0:0:1 - - [30/Mar/2021:19:07:08 +0200] "GET /lib/jquery/jquery.js HTTP/1.1" 200 247597
0:0:0:0:0:0:0:1 - - [30/Mar/2021:19:07:08 +0200] "GET /css/shamcey.css HTTP/1.1" 200 881669
0:0:0:0:0:0:0:1 - - [30/Mar/2021:19:07:08 +0200] "GET /js/shamcey.js HTTP/1.1" 200 942
0:0:0:0:0:0:0:1 - - [30/Mar/2021:19:07:25 +0200] "POST /perform_login HTTP/1.1" 302 -
0:0:0:0:0:0:0:1 - - [30/Mar/2021:19:07:25 +0200] "GET /private/dashboard HTTP/1.1" 200 27176
0:0:0:0:0:0:0:1 - - [30/Mar/2021:19:07:25 +0200] "GET /lib/Ionicons/css/ionicons.css HTTP/1.1" 200 57193
0:0:0:0:0:0:0:1 - - [30/Mar/2021:19:07:25 +0200] "GET /lib/font-awesome/css/font-awesome.css HTTP/1.1" 200 37414
0:0:0:0:0:0:0:1 - - [30/Mar/2021:19:07:25 +0200] "GET /css/shamcey.css HTTP/1.1" 200 881669
0:0:0:0:0:0:0:1 - - [30/Mar/2021:19:07:25 +0200] "GET /lib/perfect-scrollbar/css/perfect-scrollbar.css HTTP/1.1" 200 5594
0:0:0:0:0:0:0:1 - - [30/Mar/2021:19:07:25 +0200] "GET /lib/popper.js/popper.js HTTP/1.1" 200 81224
0:0:0:0:0:0:0:1 - - [30/Mar/2021:19:07:25 +0200] "GET /lib/jquery/jquery.js HTTP/1.1" 200 247597
0:0:0:0:0:0:0:1 - - [30/Mar/2021:19:07:25 +0200] "GET /lib/bootstrap/bootstrap.js HTTP/1.1" 200 111390
0:0:0:0:0:0:0:1 - - [30/Mar/2021:19:07:25 +0200] "GET /lib/Flot/jquery.flot.resize.js HTTP/1.1" 200 3314
0:0:0:0:0:0:0:1 - - [30/Mar/2021:19:07:25 +0200] "GET /lib/flot-spline/jquery.flot.spline.js HTTP/1.1" 200 5829
0:0:0:0:0:0:0:1 - - [30/Mar/2021:19:07:25 +0200] "GET /js/shamcey.js HTTP/1.1" 200 942
0:0:0:0:0:0:0:1 - - [30/Mar/2021:19:07:25 +0200] "GET /lib/perfect-scrollbar/js/perfect-scrollbar.jquery.js HTTP/1.1" 200 45611
0:0:0:0:0:0:0:1 - - [30/Mar/2021:19:07:25 +0200] "GET /img/img1.jpg HTTP/1.1" 200 33438
0:0:0:0:0:0:0:1 - - [30/Mar/2021:19:07:25 +0200] "GET /img/img9.jpg HTTP/1.1" 200 18655
0:0:0:0:0:0:0:1 - - [30/Mar/2021:19:07:25 +0200] "GET /lib/Flot/jquery.flot.js HTTP/1.1" 200 122971
0:0:0:0:0:0:0:1 - - [30/Mar/2021:19:07:25 +0200] "GET /js/dashboard.js HTTP/1.1" 200 2706
0:0:0:0:0:0:0:1 - - [30/Mar/2021:19:07:25 +0200] "GET /lib/moment/moment.js HTTP/1.1" 200 130279
0:0:0:0:0:0:0:1 - - [30/Mar/2021:19:07:25 +0200] "GET /img/img7.jpg HTTP/1.1" 200 21638
0:0:0:0:0:0:0:1 - - [30/Mar/2021:19:07:25 +0200] "GET /img/img2.jpg HTTP/1.1" 200 11945
0:0:0:0:0:0:0:1 - - [30/Mar/2021:19:07:25 +0200] "GET /img/img5.jpg HTTP/1.1" 200 22122
0:0:0:0:0:0:0:1 - - [30/Mar/2021:19:07:25 +0200] "GET /img/img4.jpg HTTP/1.1" 200 32013
0:0:0:0:0:0:0:1 - - [30/Mar/2021:19:07:25 +0200] "GET /img/img6.jpg HTTP/1.1" 200 16765
0:0:0:0:0:0:0:1 - - [30/Mar/2021:19:07:25 +0200] "GET /img/img8.jpg HTTP/1.1" 200 34773
0:0:0:0:0:0:0:1 - - [30/Mar/2021:19:07:25 +0200] "GET /img/img10.jpg HTTP/1.1" 200 56526
0:0:0:0:0:0:0:1 - - [30/Mar/2021:19:07:25 +0200] "GET /lib/jquery-ui/jquery-ui.js HTTP/1.1" 200 520714
0:0:0:0:0:0:0:1 - - [30/Mar/2021:19:07:25 +0200] "GET /lib/font-awesome/fonts/fontawesome-webfont.woff2?v=4.7.0 HTTP/1.1" 200 77160
0:0:0:0:0:0:0:1 - - [30/Mar/2021:19:07:25 +0200] "GET /lib/Ionicons/fonts/ionicons.ttf?v=2.0.0 HTTP/1.1" 200 188508
0:0:0:0:0:0:0:1 - - [30/Mar/2021:19:07:38 +0200] "GET / HTTP/1.1" 200 16514
0:0:0:0:0:0:0:1 - - [30/Mar/2021:19:07:38 +0200] "GET /lib/Ionicons/css/ionicons.css HTTP/1.1" 200 57193
0:0:0:0:0:0:0:1 - - [30/Mar/2021:19:07:38 +0200] "GET /lib/font-awesome/css/font-awesome.css HTTP/1.1" 200 37414
0:0:0:0:0:0:0:1 - - [30/Mar/2021:19:07:38 +0200] "GET /lib/perfect-scrollbar/css/perfect-scrollbar.css HTTP/1.1" 200 5594
0:0:0:0:0:0:0:1 - - [30/Mar/2021:19:07:38 +0200] "GET /css/shamcey.css HTTP/1.1" 200 881669
0:0:0:0:0:0:0:1 - - [30/Mar/2021:19:07:39 +0200] "GET /lib/jquery/jquery.js HTTP/1.1" 200 247597
0:0:0:0:0:0:0:1 - - [30/Mar/2021:19:07:39 +0200] "GET /lib/bootstrap/bootstrap.js HTTP/1.1" 200 111390
0:0:0:0:0:0:0:1 - - [30/Mar/2021:19:07:39 +0200] "GET /lib/perfect-scrollbar/js/perfect-scrollbar.jquery.js HTTP/1.1" 200 45611
0:0:0:0:0:0:0:1 - - [30/Mar/2021:19:07:39 +0200] "GET /lib/popper.js/popper.js HTTP/1.1" 200 81224
0:0:0:0:0:0:0:1 - - [30/Mar/2021:19:07:39 +0200] "GET /lib/jquery-ui/jquery-ui.js HTTP/1.1" 200 520714
0:0:0:0:0:0:0:1 - - [30/Mar/2021:19:07:39 +0200] "GET /lib/moment/moment.js HTTP/1.1" 200 130279
0:0:0:0:0:0:0:1 - - [30/Mar/2021:19:07:39 +0200] "GET /js/shamcey.js HTTP/1.1" 200 942
0:0:0:0:0:0:0:1 - - [30/Mar/2021:19:07:39 +0200] "GET /lib/Flot/jquery.flot.resize.js HTTP/1.1" 200 3314
0:0:0:0:0:0:0:1 - - [30/Mar/2021:19:07:39 +0200] "GET /js/dashboard.js HTTP/1.1" 200 2706
0:0:0:0:0:0:0:1 - - [30/Mar/2021:19:07:39 +0200] "GET /lib/flot-spline/jquery.flot.spline.js HTTP/1.1" 200 5829
0:0:0:0:0:0:0:1 - - [30/Mar/2021:19:07:39 +0200] "GET /lib/Flot/jquery.flot.js HTTP/1.1" 200 122971
0:0:0:0:0:0:0:1 - - [30/Mar/2021:19:07:39 +0200] "GET /img/img2.jpg HTTP/1.1" 200 11945
0:0:0:0:0:0:0:1 - - [30/Mar/2021:19:07:39 +0200] "GET /img/img6.jpg HTTP/1.1" 200 16765
0:0:0:0:0:0:0:1 - - [30/Mar/2021:19:07:39 +0200] "GET /img/img4.jpg HTTP/1.1" 200 32013
0:0:0:0:0:0:0:1 - - [30/Mar/2021:19:07:39 +0200] "GET /img/img5.jpg HTTP/1.1" 200 22122
0:0:0:0:0:0:0:1 - - [30/Mar/2021:19:07:39 +0200] "GET /img/img8.jpg HTTP/1.1" 200 34773
0:0:0:0:0:0:0:1 - - [30/Mar/2021:19:07:39 +0200] "GET /img/img9.jpg HTTP/1.1" 200 18655
0:0:0:0:0:0:0:1 - - [30/Mar/2021:19:07:39 +0200] "GET /img/img7.jpg HTTP/1.1" 200 21638
0:0:0:0:0:0:0:1 - - [30/Mar/2021:19:07:39 +0200] "GET /img/img1.jpg HTTP/1.1" 200 33438
0:0:0:0:0:0:0:1 - - [30/Mar/2021:19:07:39 +0200] "GET /img/img10.jpg HTTP/1.1" 200 56526
0:0:0:0:0:0:0:1 - - [30/Mar/2021:19:07:39 +0200] "GET /lib/font-awesome/fonts/fontawesome-webfont.woff2?v=4.7.0 HTTP/1.1" 200 77160
0:0:0:0:0:0:0:1 - - [30/Mar/2021:19:07:39 +0200] "GET /lib/Ionicons/fonts/ionicons.ttf?v=2.0.0 HTTP/1.1" 200 188508
0:0:0:0:0:0:0:1 - - [30/Mar/2021:19:07:47 +0200] "GET / HTTP/1.1" 200 16514
0:0:0:0:0:0:0:1 - - [30/Mar/2021:19:07:47 +0200] "GET /lib/Ionicons/css/ionicons.css HTTP/1.1" 200 57193
0:0:0:0:0:0:0:1 - - [30/Mar/2021:19:07:47 +0200] "GET /lib/perfect-scrollbar/css/perfect-scrollbar.css HTTP/1.1" 200 5594
0:0:0:0:0:0:0:1 - - [30/Mar/2021:19:07:47 +0200] "GET /lib/font-awesome/css/font-awesome.css HTTP/1.1" 200 37414
0:0:0:0:0:0:0:1 - - [30/Mar/2021:19:07:47 +0200] "GET /css/shamcey.css HTTP/1.1" 200 881669
0:0:0:0:0:0:0:1 - - [30/Mar/2021:19:07:47 +0200] "GET /lib/moment/moment.js HTTP/1.1" 200 130279
0:0:0:0:0:0:0:1 - - [30/Mar/2021:19:07:47 +0200] "GET /lib/bootstrap/bootstrap.js HTTP/1.1" 200 111390
0:0:0:0:0:0:0:1 - - [30/Mar/2021:19:07:47 +0200] "GET /lib/perfect-scrollbar/js/perfect-scrollbar.jquery.js HTTP/1.1" 200 45611
0:0:0:0:0:0:0:1 - - [30/Mar/2021:19:07:47 +0200] "GET /lib/popper.js/popper.js HTTP/1.1" 200 81224
0:0:0:0:0:0:0:1 - - [30/Mar/2021:19:07:47 +0200] "GET /lib/jquery/jquery.js HTTP/1.1" 200 247597
0:0:0:0:0:0:0:1 - - [30/Mar/2021:19:07:47 +0200] "GET /lib/jquery-ui/jquery-ui.js HTTP/1.1" 200 520714
0:0:0:0:0:0:0:1 - - [30/Mar/2021:19:07:47 +0200] "GET /js/shamcey.js HTTP/1.1" 200 942
0:0:0:0:0:0:0:1 - - [30/Mar/2021:19:07:47 +0200] "GET /lib/Flot/jquery.flot.resize.js HTTP/1.1" 200 3314
0:0:0:0:0:0:0:1 - - [30/Mar/2021:19:07:47 +0200] "GET /lib/flot-spline/jquery.flot.spline.js HTTP/1.1" 200 5829
0:0:0:0:0:0:0:1 - - [30/Mar/2021:19:07:47 +0200] "GET /lib/Flot/jquery.flot.js HTTP/1.1" 200 122971
0:0:0:0:0:0:0:1 - - [30/Mar/2021:19:07:47 +0200] "GET /img/img2.jpg HTTP/1.1" 200 11945
0:0:0:0:0:0:0:1 - - [30/Mar/2021:19:07:47 +0200] "GET /js/dashboard.js HTTP/1.1" 200 2706
0:0:0:0:0:0:0:1 - - [30/Mar/2021:19:07:47 +0200] "GET /img/img6.jpg HTTP/1.1" 200 16765
0:0:0:0:0:0:0:1 - - [30/Mar/2021:19:07:47 +0200] "GET /img/img9.jpg HTTP/1.1" 200 18655
0:0:0:0:0:0:0:1 - - [30/Mar/2021:19:07:47 +0200] "GET /img/img8.jpg HTTP/1.1" 200 34773
0:0:0:0:0:0:0:1 - - [30/Mar/2021:19:07:47 +0200] "GET /img/img5.jpg HTTP/1.1" 200 22122
0:0:0:0:0:0:0:1 - - [30/Mar/2021:19:07:47 +0200] "GET /img/img4.jpg HTTP/1.1" 200 32013
0:0:0:0:0:0:0:1 - - [30/Mar/2021:19:07:47 +0200] "GET /img/img7.jpg HTTP/1.1" 200 21638
0:0:0:0:0:0:0:1 - - [30/Mar/2021:19:07:47 +0200] "GET /img/img10.jpg HTTP/1.1" 200 56526
0:0:0:0:0:0:0:1 - - [30/Mar/2021:19:07:47 +0200] "GET /img/img1.jpg HTTP/1.1" 200 33438
0:0:0:0:0:0:0:1 - - [30/Mar/2021:19:07:47 +0200] "GET /lib/font-awesome/fonts/fontawesome-webfont.woff2?v=4.7.0 HTTP/1.1" 200 77160
0:0:0:0:0:0:0:1 - - [30/Mar/2021:19:07:47 +0200] "GET /lib/Ionicons/fonts/ionicons.ttf?v=2.0.0 HTTP/1.1" 200 188508
0:0:0:0:0:0:0:1 - - [30/Mar/2021:19:07:55 +0200] "GET /page-login HTTP/1.1" 200 3196
0:0:0:0:0:0:0:1 - - [30/Mar/2021:19:07:55 +0200] "GET /lib/Ionicons/css/ionicons.css HTTP/1.1" 200 57193
0:0:0:0:0:0:0:1 - - [30/Mar/2021:19:07:55 +0200] "GET /lib/font-awesome/css/font-awesome.css HTTP/1.1" 200 37414
0:0:0:0:0:0:0:1 - - [30/Mar/2021:19:07:55 +0200] "GET /lib/bootstrap/bootstrap.js HTTP/1.1" 200 111390
0:0:0:0:0:0:0:1 - - [30/Mar/2021:19:07:55 +0200] "GET /lib/popper.js/popper.js HTTP/1.1" 200 81224
0:0:0:0:0:0:0:1 - - [30/Mar/2021:19:07:55 +0200] "GET /lib/jquery/jquery.js HTTP/1.1" 200 247597
0:0:0:0:0:0:0:1 - - [30/Mar/2021:19:07:55 +0200] "GET /css/shamcey.css HTTP/1.1" 200 881669
0:0:0:0:0:0:0:1 - - [30/Mar/2021:19:07:55 +0200] "GET /js/shamcey.js HTTP/1.1" 200 942
0:0:0:0:0:0:0:1 - - [30/Mar/2021:19:08:02 +0200] "POST /perform_login HTTP/1.1" 302 -
0:0:0:0:0:0:0:1 - - [30/Mar/2021:19:08:02 +0200] "GET /private/dashboard HTTP/1.1" 200 27176
0:0:0:0:0:0:0:1 - - [30/Mar/2021:19:08:02 +0200] "GET /lib/font-awesome/css/font-awesome.css HTTP/1.1" 200 37414
0:0:0:0:0:0:0:1 - - [30/Mar/2021:19:08:02 +0200] "GET /lib/Ionicons/css/ionicons.css HTTP/1.1" 200 57193
0:0:0:0:0:0:0:1 - - [30/Mar/2021:19:08:02 +0200] "GET /lib/perfect-scrollbar/css/perfect-scrollbar.css HTTP/1.1" 200 5594
0:0:0:0:0:0:0:1 - - [30/Mar/2021:19:08:02 +0200] "GET /css/shamcey.css HTTP/1.1" 200 881669
0:0:0:0:0:0:0:1 - - [30/Mar/2021:19:08:02 +0200] "GET /lib/bootstrap/bootstrap.js HTTP/1.1" 200 111390
0:0:0:0:0:0:0:1 - - [30/Mar/2021:19:08:02 +0200] "GET /lib/popper.js/popper.js HTTP/1.1" 200 81224
0:0:0:0:0:0:0:1 - - [30/Mar/2021:19:08:02 +0200] "GET /lib/jquery/jquery.js HTTP/1.1" 200 247597
0:0:0:0:0:0:0:1 - - [30/Mar/2021:19:08:02 +0200] "GET /lib/perfect-scrollbar/js/perfect-scrollbar.jquery.js HTTP/1.1" 200 45611
0:0:0:0:0:0:0:1 - - [30/Mar/2021:19:08:02 +0200] "GET /lib/jquery-ui/jquery-ui.js HTTP/1.1" 200 520714
0:0:0:0:0:0:0:1 - - [30/Mar/2021:19:08:02 +0200] "GET /lib/moment/moment.js HTTP/1.1" 200 130279
0:0:0:0:0:0:0:1 - - [30/Mar/2021:19:08:02 +0200] "GET /lib/Flot/jquery.flot.resize.js HTTP/1.1" 200 3314
0:0:0:0:0:0:0:1 - - [30/Mar/2021:19:08:02 +0200] "GET /lib/Flot/jquery.flot.js HTTP/1.1" 200 122971
0:0:0:0:0:0:0:1 - - [30/Mar/2021:19:08:02 +0200] "GET /js/shamcey.js HTTP/1.1" 200 942
0:0:0:0:0:0:0:1 - - [30/Mar/2021:19:08:02 +0200] "GET /lib/flot-spline/jquery.flot.spline.js HTTP/1.1" 200 5829
0:0:0:0:0:0:0:1 - - [30/Mar/2021:19:08:02 +0200] "GET /js/dashboard.js HTTP/1.1" 200 2706
0:0:0:0:0:0:0:1 - - [30/Mar/2021:19:08:02 +0200] "GET /img/img9.jpg HTTP/1.1" 200 18655
0:0:0:0:0:0:0:1 - - [30/Mar/2021:19:08:02 +0200] "GET /img/img1.jpg HTTP/1.1" 200 33438
0:0:0:0:0:0:0:1 - - [30/Mar/2021:19:08:02 +0200] "GET /img/img2.jpg HTTP/1.1" 200 11945
0:0:0:0:0:0:0:1 - - [30/Mar/2021:19:08:02 +0200] "GET /img/img7.jpg HTTP/1.1" 200 21638
0:0:0:0:0:0:0:1 - - [30/Mar/2021:19:08:02 +0200] "GET /img/img5.jpg HTTP/1.1" 200 22122
0:0:0:0:0:0:0:1 - - [30/Mar/2021:19:08:02 +0200] "GET /img/img4.jpg HTTP/1.1" 200 32013
0:0:0:0:0:0:0:1 - - [30/Mar/2021:19:08:02 +0200] "GET /img/img6.jpg HTTP/1.1" 200 16765
0:0:0:0:0:0:0:1 - - [30/Mar/2021:19:08:02 +0200] "GET /img/img10.jpg HTTP/1.1" 200 56526
0:0:0:0:0:0:0:1 - - [30/Mar/2021:19:08:02 +0200] "GET /img/img8.jpg HTTP/1.1" 200 34773
0:0:0:0:0:0:0:1 - - [30/Mar/2021:19:08:02 +0200] "GET /lib/font-awesome/fonts/fontawesome-webfont.woff2?v=4.7.0 HTTP/1.1" 200 77160
0:0:0:0:0:0:0:1 - - [30/Mar/2021:19:08:02 +0200] "GET /lib/Ionicons/fonts/ionicons.ttf?v=2.0.0 HTTP/1.1" 200 188508
0:0:0:0:0:0:0:1 - - [30/Mar/2021:19:08:14 +0200] "GET /lib/Ionicons/css/ionicons.css HTTP/1.1" 200 57193
0:0:0:0:0:0:0:1 - - [30/Mar/2021:19:08:14 +0200] "GET /lib/font-awesome/css/font-awesome.css HTTP/1.1" 200 37414
0:0:0:0:0:0:0:1 - - [30/Mar/2021:19:08:14 +0200] "GET /lib/perfect-scrollbar/css/perfect-scrollbar.css HTTP/1.1" 200 5594
0:0:0:0:0:0:0:1 - - [30/Mar/2021:19:08:14 +0200] "GET /css/shamcey.css HTTP/1.1" 200 881669
0:0:0:0:0:0:0:1 - - [30/Mar/2021:19:08:14 +0200] "GET /lib/datatables/jquery.dataTables.css HTTP/1.1" 200 15800
0:0:0:0:0:0:0:1 - - [30/Mar/2021:19:08:14 +0200] "GET /lib/select2/css/select2.min.css HTTP/1.1" 200 15196
0:0:0:0:0:0:0:1 - - [30/Mar/2021:19:08:14 +0200] "GET /private/admin/utilisateurs HTTP/1.1" 200 15386
0:0:0:0:0:0:0:1 - - [30/Mar/2021:19:08:14 +0200] "GET /img/img1.jpg HTTP/1.1" 200 33438
0:0:0:0:0:0:0:1 - - [30/Mar/2021:19:08:14 +0200] "GET /lib/perfect-scrollbar/js/perfect-scrollbar.jquery.js HTTP/1.1" 200 45611
0:0:0:0:0:0:0:1 - - [30/Mar/2021:19:08:14 +0200] "GET /lib/bootstrap/bootstrap.js HTTP/1.1" 200 111390
0:0:0:0:0:0:0:1 - - [30/Mar/2021:19:08:14 +0200] "GET /lib/jquery/jquery.js HTTP/1.1" 200 247597
0:0:0:0:0:0:0:1 - - [30/Mar/2021:19:08:14 +0200] "GET /lib/popper.js/popper.js HTTP/1.1" 200 81224
0:0:0:0:0:0:0:1 - - [30/Mar/2021:19:08:14 +0200] "GET /js/shamcey.js HTTP/1.1" 200 942
0:0:0:0:0:0:0:1 - - [30/Mar/2021:19:08:14 +0200] "GET /lib/datatables-responsive/dataTables.responsive.js HTTP/1.1" 200 37323
0:0:0:0:0:0:0:1 - - [30/Mar/2021:19:08:14 +0200] "GET /lib/font-awesome/fonts/fontawesome-webfont.woff2?v=4.7.0 HTTP/1.1" 200 77160
0:0:0:0:0:0:0:1 - - [30/Mar/2021:19:08:14 +0200] "GET /lib/Ionicons/fonts/ionicons.ttf?v=2.0.0 HTTP/1.1" 200 188508
0:0:0:0:0:0:0:1 - - [30/Mar/2021:19:08:14 +0200] "GET /lib/select2/js/select2.min.js HTTP/1.1" 200 66606
0:0:0:0:0:0:0:1 - - [30/Mar/2021:19:08:14 +0200] "GET /lib/datatables/jquery.dataTables.js HTTP/1.1" 200 445793
0:0:0:0:0:0:0:1 - - [30/Mar/2021:19:08:14 +0200] "GET /lib/images/sort_both.png HTTP/1.1" 404 682
0:0:0:0:0:0:0:1 - - [30/Mar/2021:19:08:14 +0200] "GET /lib/images/sort_asc.png HTTP/1.1" 404 682
0:0:0:0:0:0:0:1 - - [30/Mar/2021:19:08:22 +0200] "GET /private/admin/details-utilisateur/10000007 HTTP/1.1" 404 307
0:0:0:0:0:0:0:1 - - [30/Mar/2021:19:08:24 +0200] "GET /private/admin/utilisateurs HTTP/1.1" 200 15386
0:0:0:0:0:0:0:1 - - [30/Mar/2021:19:08:24 +0200] "GET /lib/perfect-scrollbar/css/perfect-scrollbar.css HTTP/1.1" 200 5594
0:0:0:0:0:0:0:1 - - [30/Mar/2021:19:08:24 +0200] "GET /lib/datatables/jquery.dataTables.css HTTP/1.1" 200 15800
0:0:0:0:0:0:0:1 - - [30/Mar/2021:19:08:24 +0200] "GET /lib/select2/css/select2.min.css HTTP/1.1" 200 15196
0:0:0:0:0:0:0:1 - - [30/Mar/2021:19:08:24 +0200] "GET /lib/Ionicons/css/ionicons.css HTTP/1.1" 200 57193
0:0:0:0:0:0:0:1 - - [30/Mar/2021:19:08:24 +0200] "GET /lib/font-awesome/css/font-awesome.css HTTP/1.1" 200 37414
0:0:0:0:0:0:0:1 - - [30/Mar/2021:19:08:24 +0200] "GET /css/shamcey.css HTTP/1.1" 200 881669
0:0:0:0:0:0:0:1 - - [30/Mar/2021:19:08:24 +0200] "GET /lib/perfect-scrollbar/js/perfect-scrollbar.jquery.js HTTP/1.1" 200 45611
0:0:0:0:0:0:0:1 - - [30/Mar/2021:19:08:24 +0200] "GET /lib/popper.js/popper.js HTTP/1.1" 200 81224
0:0:0:0:0:0:0:1 - - [30/Mar/2021:19:08:24 +0200] "GET /lib/datatables-responsive/dataTables.responsive.js HTTP/1.1" 200 37323
0:0:0:0:0:0:0:1 - - [30/Mar/2021:19:08:24 +0200] "GET /lib/bootstrap/bootstrap.js HTTP/1.1" 200 111390
0:0:0:0:0:0:0:1 - - [30/Mar/2021:19:08:24 +0200] "GET /lib/jquery/jquery.js HTTP/1.1" 200 247597
0:0:0:0:0:0:0:1 - - [30/Mar/2021:19:08:24 +0200] "GET /lib/datatables/jquery.dataTables.js HTTP/1.1" 200 445793
0:0:0:0:0:0:0:1 - - [30/Mar/2021:19:08:24 +0200] "GET /lib/select2/js/select2.min.js HTTP/1.1" 200 66606
0:0:0:0:0:0:0:1 - - [30/Mar/2021:19:08:24 +0200] "GET /img/img1.jpg HTTP/1.1" 200 33438
0:0:0:0:0:0:0:1 - - [30/Mar/2021:19:08:24 +0200] "GET /js/shamcey.js HTTP/1.1" 200 942
0:0:0:0:0:0:0:1 - - [30/Mar/2021:19:08:24 +0200] "GET /lib/font-awesome/fonts/fontawesome-webfont.woff2?v=4.7.0 HTTP/1.1" 200 77160
0:0:0:0:0:0:0:1 - - [30/Mar/2021:19:08:24 +0200] "GET /lib/Ionicons/fonts/ionicons.ttf?v=2.0.0 HTTP/1.1" 200 188508
0:0:0:0:0:0:0:1 - - [30/Mar/2021:19:08:24 +0200] "GET /lib/images/sort_both.png HTTP/1.1" 404 682
0:0:0:0:0:0:0:1 - - [30/Mar/2021:19:08:24 +0200] "GET /lib/images/sort_asc.png HTTP/1.1" 404 682
0:0:0:0:0:0:0:1 - - [30/Mar/2021:19:08:26 +0200] "GET /private/admin/maj-utilisateur/10000007 HTTP/1.1" 200 16199
0:0:0:0:0:0:0:1 - - [30/Mar/2021:19:08:26 +0200] "GET /lib/datatables/jquery.dataTables.css HTTP/1.1" 200 15800
0:0:0:0:0:0:0:1 - - [30/Mar/2021:19:08:26 +0200] "GET /lib/font-awesome/css/font-awesome.css HTTP/1.1" 200 37414
0:0:0:0:0:0:0:1 - - [30/Mar/2021:19:08:26 +0200] "GET /lib/select2/css/select2.min.css HTTP/1.1" 200 15196
0:0:0:0:0:0:0:1 - - [30/Mar/2021:19:08:26 +0200] "GET /lib/Ionicons/css/ionicons.css HTTP/1.1" 200 57193
0:0:0:0:0:0:0:1 - - [30/Mar/2021:19:08:26 +0200] "GET /lib/perfect-scrollbar/css/perfect-scrollbar.css HTTP/1.1" 200 5594
0:0:0:0:0:0:0:1 - - [30/Mar/2021:19:08:26 +0200] "GET /css/shamcey.css HTTP/1.1" 200 881669
0:0:0:0:0:0:0:1 - - [30/Mar/2021:19:08:26 +0200] "GET /lib/popper.js/popper.js HTTP/1.1" 200 81224
0:0:0:0:0:0:0:1 - - [30/Mar/2021:19:08:26 +0200] "GET /lib/jquery/jquery.js HTTP/1.1" 200 247597
0:0:0:0:0:0:0:1 - - [30/Mar/2021:19:08:26 +0200] "GET /lib/perfect-scrollbar/js/perfect-scrollbar.jquery.js HTTP/1.1" 200 45611
0:0:0:0:0:0:0:1 - - [30/Mar/2021:19:08:26 +0200] "GET /lib/bootstrap/bootstrap.js HTTP/1.1" 200 111390
0:0:0:0:0:0:0:1 - - [30/Mar/2021:19:08:26 +0200] "GET /lib/datatables/jquery.dataTables.js HTTP/1.1" 200 445793
0:0:0:0:0:0:0:1 - - [30/Mar/2021:19:08:26 +0200] "GET /lib/datatables-responsive/dataTables.responsive.js HTTP/1.1" 200 37323
0:0:0:0:0:0:0:1 - - [30/Mar/2021:19:08:26 +0200] "GET /js/shamcey.js HTTP/1.1" 200 942
0:0:0:0:0:0:0:1 - - [30/Mar/2021:19:08:26 +0200] "GET /lib/select2/js/select2.min.js HTTP/1.1" 200 66606
0:0:0:0:0:0:0:1 - - [30/Mar/2021:19:08:26 +0200] "GET /img/img1.jpg HTTP/1.1" 200 33438
0:0:0:0:0:0:0:1 - - [30/Mar/2021:19:08:26 +0200] "GET /private/admin/js/shamcey.js HTTP/1.1" 404 682
0:0:0:0:0:0:0:1 - - [30/Mar/2021:19:08:26 +0200] "GET /private/admin/js/shamcey.js HTTP/1.1" 404 682
0:0:0:0:0:0:0:1 - - [30/Mar/2021:19:08:26 +0200] "GET /lib/Ionicons/fonts/ionicons.ttf?v=2.0.0 HTTP/1.1" 200 188508
0:0:0:0:0:0:0:1 - - [30/Mar/2021:19:08:26 +0200] "GET /lib/font-awesome/fonts/fontawesome-webfont.woff2?v=4.7.0 HTTP/1.1" 200 77160
0:0:0:0:0:0:0:1 - - [30/Mar/2021:19:08:32 +0200] "GET /private/admin/utilisateurs HTTP/1.1" 200 15386
0:0:0:0:0:0:0:1 - - [30/Mar/2021:19:08:32 +0200] "GET /lib/datatables/jquery.dataTables.css HTTP/1.1" 200 15800
0:0:0:0:0:0:0:1 - - [30/Mar/2021:19:08:32 +0200] "GET /lib/select2/css/select2.min.css HTTP/1.1" 200 15196
0:0:0:0:0:0:0:1 - - [30/Mar/2021:19:08:32 +0200] "GET /lib/Ionicons/css/ionicons.css HTTP/1.1" 200 57193
0:0:0:0:0:0:0:1 - - [30/Mar/2021:19:08:32 +0200] "GET /lib/perfect-scrollbar/css/perfect-scrollbar.css HTTP/1.1" 200 5594
0:0:0:0:0:0:0:1 - - [30/Mar/2021:19:08:32 +0200] "GET /lib/font-awesome/css/font-awesome.css HTTP/1.1" 200 37414
0:0:0:0:0:0:0:1 - - [30/Mar/2021:19:08:32 +0200] "GET /css/shamcey.css HTTP/1.1" 200 881669
0:0:0:0:0:0:0:1 - - [30/Mar/2021:19:08:32 +0200] "GET /lib/perfect-scrollbar/js/perfect-scrollbar.jquery.js HTTP/1.1" 200 45611
0:0:0:0:0:0:0:1 - - [30/Mar/2021:19:08:32 +0200] "GET /lib/bootstrap/bootstrap.js HTTP/1.1" 200 111390
0:0:0:0:0:0:0:1 - - [30/Mar/2021:19:08:32 +0200] "GET /lib/datatables/jquery.dataTables.js HTTP/1.1" 200 445793
0:0:0:0:0:0:0:1 - - [30/Mar/2021:19:08:32 +0200] "GET /lib/popper.js/popper.js HTTP/1.1" 200 81224
0:0:0:0:0:0:0:1 - - [30/Mar/2021:19:08:32 +0200] "GET /lib/datatables-responsive/dataTables.responsive.js HTTP/1.1" 200 37323
0:0:0:0:0:0:0:1 - - [30/Mar/2021:19:08:32 +0200] "GET /lib/jquery/jquery.js HTTP/1.1" 200 247597
0:0:0:0:0:0:0:1 - - [30/Mar/2021:19:08:32 +0200] "GET /js/shamcey.js HTTP/1.1" 200 942
0:0:0:0:0:0:0:1 - - [30/Mar/2021:19:08:32 +0200] "GET /lib/select2/js/select2.min.js HTTP/1.1" 200 66606
0:0:0:0:0:0:0:1 - - [30/Mar/2021:19:08:32 +0200] "GET /img/img1.jpg HTTP/1.1" 200 33438
0:0:0:0:0:0:0:1 - - [30/Mar/2021:19:08:32 +0200] "GET /lib/font-awesome/fonts/fontawesome-webfont.woff2?v=4.7.0 HTTP/1.1" 200 77160
0:0:0:0:0:0:0:1 - - [30/Mar/2021:19:08:32 +0200] "GET /lib/Ionicons/fonts/ionicons.ttf?v=2.0.0 HTTP/1.1" 200 188508
0:0:0:0:0:0:0:1 - - [30/Mar/2021:19:08:32 +0200] "GET /lib/images/sort_both.png HTTP/1.1" 404 682
0:0:0:0:0:0:0:1 - - [30/Mar/2021:19:08:32 +0200] "GET /lib/images/sort_asc.png HTTP/1.1" 404 682
