0:0:0:0:0:0:0:1 - - [19/Mar/2021:06:31:18 +0100] "GET / HTTP/1.1" 200 16267
0:0:0:0:0:0:0:1 - - [19/Mar/2021:06:31:18 +0100] "GET /lib/font-awesome/css/font-awesome.css HTTP/1.1" 200 37414
0:0:0:0:0:0:0:1 - - [19/Mar/2021:06:31:18 +0100] "GET /lib/perfect-scrollbar/css/perfect-scrollbar.css HTTP/1.1" 200 5594
0:0:0:0:0:0:0:1 - - [19/Mar/2021:06:31:18 +0100] "GET /lib/Ionicons/css/ionicons.css HTTP/1.1" 200 57193
0:0:0:0:0:0:0:1 - - [19/Mar/2021:06:31:18 +0100] "GET /css/shamcey.css HTTP/1.1" 200 881669
0:0:0:0:0:0:0:1 - - [19/Mar/2021:06:31:18 +0100] "GET /lib/jquery/jquery.js HTTP/1.1" 200 247597
0:0:0:0:0:0:0:1 - - [19/Mar/2021:06:31:18 +0100] "GET /lib/popper.js/popper.js HTTP/1.1" 200 81224
0:0:0:0:0:0:0:1 - - [19/Mar/2021:06:31:18 +0100] "GET /lib/bootstrap/bootstrap.js HTTP/1.1" 200 111390
0:0:0:0:0:0:0:1 - - [19/Mar/2021:06:31:18 +0100] "GET /lib/jquery-ui/jquery-ui.js HTTP/1.1" 200 520714
0:0:0:0:0:0:0:1 - - [19/Mar/2021:06:31:18 +0100] "GET /lib/perfect-scrollbar/js/perfect-scrollbar.jquery.js HTTP/1.1" 200 45611
0:0:0:0:0:0:0:1 - - [19/Mar/2021:06:31:18 +0100] "GET /lib/moment/moment.js HTTP/1.1" 200 130279
0:0:0:0:0:0:0:1 - - [19/Mar/2021:06:31:18 +0100] "GET /lib/Flot/jquery.flot.resize.js HTTP/1.1" 200 3314
0:0:0:0:0:0:0:1 - - [19/Mar/2021:06:31:18 +0100] "GET /lib/Flot/jquery.flot.js HTTP/1.1" 200 122971
0:0:0:0:0:0:0:1 - - [19/Mar/2021:06:31:18 +0100] "GET /lib/flot-spline/jquery.flot.spline.js HTTP/1.1" 200 5829
0:0:0:0:0:0:0:1 - - [19/Mar/2021:06:31:18 +0100] "GET /js/shamcey.js HTTP/1.1" 200 942
0:0:0:0:0:0:0:1 - - [19/Mar/2021:06:31:18 +0100] "GET /js/dashboard.js HTTP/1.1" 200 2706
0:0:0:0:0:0:0:1 - - [19/Mar/2021:06:31:18 +0100] "GET /img/img2.jpg HTTP/1.1" 200 11945
0:0:0:0:0:0:0:1 - - [19/Mar/2021:06:31:18 +0100] "GET /img/img5.jpg HTTP/1.1" 200 22122
0:0:0:0:0:0:0:1 - - [19/Mar/2021:06:31:18 +0100] "GET /img/img6.jpg HTTP/1.1" 200 16765
0:0:0:0:0:0:0:1 - - [19/Mar/2021:06:31:18 +0100] "GET /img/img4.jpg HTTP/1.1" 200 32013
0:0:0:0:0:0:0:1 - - [19/Mar/2021:06:31:18 +0100] "GET /img/img7.jpg HTTP/1.1" 200 21638
0:0:0:0:0:0:0:1 - - [19/Mar/2021:06:31:18 +0100] "GET /img/img8.jpg HTTP/1.1" 200 34773
0:0:0:0:0:0:0:1 - - [19/Mar/2021:06:31:18 +0100] "GET /img/img10.jpg HTTP/1.1" 200 56526
0:0:0:0:0:0:0:1 - - [19/Mar/2021:06:31:18 +0100] "GET /img/img9.jpg HTTP/1.1" 200 18655
0:0:0:0:0:0:0:1 - - [19/Mar/2021:06:31:18 +0100] "GET /img/img1.jpg HTTP/1.1" 200 33438
0:0:0:0:0:0:0:1 - - [19/Mar/2021:06:31:18 +0100] "GET /lib/font-awesome/fonts/fontawesome-webfont.woff2?v=4.7.0 HTTP/1.1" 200 77160
0:0:0:0:0:0:0:1 - - [19/Mar/2021:06:31:18 +0100] "GET /lib/Ionicons/fonts/ionicons.ttf?v=2.0.0 HTTP/1.1" 200 188508
0:0:0:0:0:0:0:1 - - [19/Mar/2021:06:32:08 +0100] "GET / HTTP/1.1" 200 16251
0:0:0:0:0:0:0:1 - - [19/Mar/2021:06:32:08 +0100] "GET /lib/perfect-scrollbar/css/perfect-scrollbar.css HTTP/1.1" 200 5594
0:0:0:0:0:0:0:1 - - [19/Mar/2021:06:32:08 +0100] "GET /lib/font-awesome/css/font-awesome.css HTTP/1.1" 200 37414
0:0:0:0:0:0:0:1 - - [19/Mar/2021:06:32:08 +0100] "GET /lib/Ionicons/css/ionicons.css HTTP/1.1" 200 57193
0:0:0:0:0:0:0:1 - - [19/Mar/2021:06:32:08 +0100] "GET /css/shamcey.css HTTP/1.1" 200 881669
0:0:0:0:0:0:0:1 - - [19/Mar/2021:06:32:08 +0100] "GET /lib/popper.js/popper.js HTTP/1.1" 200 81224
0:0:0:0:0:0:0:1 - - [19/Mar/2021:06:32:08 +0100] "GET /lib/jquery/jquery.js HTTP/1.1" 200 247597
0:0:0:0:0:0:0:1 - - [19/Mar/2021:06:32:08 +0100] "GET /lib/bootstrap/bootstrap.js HTTP/1.1" 200 111390
0:0:0:0:0:0:0:1 - - [19/Mar/2021:06:32:08 +0100] "GET /lib/perfect-scrollbar/js/perfect-scrollbar.jquery.js HTTP/1.1" 200 45611
0:0:0:0:0:0:0:1 - - [19/Mar/2021:06:32:08 +0100] "GET /lib/jquery-ui/jquery-ui.js HTTP/1.1" 200 520714
0:0:0:0:0:0:0:1 - - [19/Mar/2021:06:32:08 +0100] "GET /lib/moment/moment.js HTTP/1.1" 200 130279
0:0:0:0:0:0:0:1 - - [19/Mar/2021:06:32:08 +0100] "GET /lib/Flot/jquery.flot.js HTTP/1.1" 200 122971
0:0:0:0:0:0:0:1 - - [19/Mar/2021:06:32:08 +0100] "GET /lib/Flot/jquery.flot.resize.js HTTP/1.1" 200 3314
0:0:0:0:0:0:0:1 - - [19/Mar/2021:06:32:08 +0100] "GET /js/dashboard.js HTTP/1.1" 200 2706
0:0:0:0:0:0:0:1 - - [19/Mar/2021:06:32:08 +0100] "GET /js/shamcey.js HTTP/1.1" 200 942
0:0:0:0:0:0:0:1 - - [19/Mar/2021:06:32:08 +0100] "GET /img/img4.jpg HTTP/1.1" 200 32013
0:0:0:0:0:0:0:1 - - [19/Mar/2021:06:32:08 +0100] "GET /lib/flot-spline/jquery.flot.spline.js HTTP/1.1" 200 5829
0:0:0:0:0:0:0:1 - - [19/Mar/2021:06:32:08 +0100] "GET /img/img2.jpg HTTP/1.1" 200 11945
0:0:0:0:0:0:0:1 - - [19/Mar/2021:06:32:08 +0100] "GET /img/img5.jpg HTTP/1.1" 200 22122
0:0:0:0:0:0:0:1 - - [19/Mar/2021:06:32:08 +0100] "GET /img/img9.jpg HTTP/1.1" 200 18655
0:0:0:0:0:0:0:1 - - [19/Mar/2021:06:32:08 +0100] "GET /img/img6.jpg HTTP/1.1" 200 16765
0:0:0:0:0:0:0:1 - - [19/Mar/2021:06:32:08 +0100] "GET /img/img8.jpg HTTP/1.1" 200 34773
0:0:0:0:0:0:0:1 - - [19/Mar/2021:06:32:08 +0100] "GET /img/img7.jpg HTTP/1.1" 200 21638
0:0:0:0:0:0:0:1 - - [19/Mar/2021:06:32:08 +0100] "GET /img/img10.jpg HTTP/1.1" 200 56526
0:0:0:0:0:0:0:1 - - [19/Mar/2021:06:32:08 +0100] "GET /img/img1.jpg HTTP/1.1" 200 33438
0:0:0:0:0:0:0:1 - - [19/Mar/2021:06:32:08 +0100] "GET /lib/font-awesome/fonts/fontawesome-webfont.woff2?v=4.7.0 HTTP/1.1" 200 77160
0:0:0:0:0:0:0:1 - - [19/Mar/2021:06:32:08 +0100] "GET /lib/Ionicons/fonts/ionicons.ttf?v=2.0.0 HTTP/1.1" 200 188508
0:0:0:0:0:0:0:1 - - [19/Mar/2021:06:32:59 +0100] "GET / HTTP/1.1" 200 16259
0:0:0:0:0:0:0:1 - - [19/Mar/2021:06:32:59 +0100] "GET /lib/perfect-scrollbar/css/perfect-scrollbar.css HTTP/1.1" 200 5594
0:0:0:0:0:0:0:1 - - [19/Mar/2021:06:32:59 +0100] "GET /lib/font-awesome/css/font-awesome.css HTTP/1.1" 200 37414
0:0:0:0:0:0:0:1 - - [19/Mar/2021:06:32:59 +0100] "GET /lib/Ionicons/css/ionicons.css HTTP/1.1" 200 57193
0:0:0:0:0:0:0:1 - - [19/Mar/2021:06:32:59 +0100] "GET /css/shamcey.css HTTP/1.1" 200 881669
0:0:0:0:0:0:0:1 - - [19/Mar/2021:06:32:59 +0100] "GET /lib/jquery/jquery.js HTTP/1.1" 200 247597
0:0:0:0:0:0:0:1 - - [19/Mar/2021:06:32:59 +0100] "GET /lib/perfect-scrollbar/js/perfect-scrollbar.jquery.js HTTP/1.1" 200 45611
0:0:0:0:0:0:0:1 - - [19/Mar/2021:06:32:59 +0100] "GET /lib/bootstrap/bootstrap.js HTTP/1.1" 200 111390
0:0:0:0:0:0:0:1 - - [19/Mar/2021:06:32:59 +0100] "GET /lib/popper.js/popper.js HTTP/1.1" 200 81224
0:0:0:0:0:0:0:1 - - [19/Mar/2021:06:32:59 +0100] "GET /lib/moment/moment.js HTTP/1.1" 200 130279
0:0:0:0:0:0:0:1 - - [19/Mar/2021:06:32:59 +0100] "GET /lib/jquery-ui/jquery-ui.js HTTP/1.1" 200 520714
0:0:0:0:0:0:0:1 - - [19/Mar/2021:06:32:59 +0100] "GET /lib/Flot/jquery.flot.js HTTP/1.1" 200 122971
0:0:0:0:0:0:0:1 - - [19/Mar/2021:06:32:59 +0100] "GET /lib/Flot/jquery.flot.resize.js HTTP/1.1" 200 3314
0:0:0:0:0:0:0:1 - - [19/Mar/2021:06:32:59 +0100] "GET /lib/flot-spline/jquery.flot.spline.js HTTP/1.1" 200 5829
0:0:0:0:0:0:0:1 - - [19/Mar/2021:06:32:59 +0100] "GET /js/shamcey.js HTTP/1.1" 200 942
0:0:0:0:0:0:0:1 - - [19/Mar/2021:06:32:59 +0100] "GET /js/dashboard.js HTTP/1.1" 200 2706
0:0:0:0:0:0:0:1 - - [19/Mar/2021:06:32:59 +0100] "GET /img/img2.jpg HTTP/1.1" 200 11945
0:0:0:0:0:0:0:1 - - [19/Mar/2021:06:32:59 +0100] "GET /img/img4.jpg HTTP/1.1" 200 32013
0:0:0:0:0:0:0:1 - - [19/Mar/2021:06:32:59 +0100] "GET /img/img5.jpg HTTP/1.1" 200 22122
0:0:0:0:0:0:0:1 - - [19/Mar/2021:06:32:59 +0100] "GET /img/img6.jpg HTTP/1.1" 200 16765
0:0:0:0:0:0:0:1 - - [19/Mar/2021:06:32:59 +0100] "GET /img/img7.jpg HTTP/1.1" 200 21638
0:0:0:0:0:0:0:1 - - [19/Mar/2021:06:32:59 +0100] "GET /img/img9.jpg HTTP/1.1" 200 18655
0:0:0:0:0:0:0:1 - - [19/Mar/2021:06:32:59 +0100] "GET /img/img8.jpg HTTP/1.1" 200 34773
0:0:0:0:0:0:0:1 - - [19/Mar/2021:06:32:59 +0100] "GET /img/img10.jpg HTTP/1.1" 200 56526
0:0:0:0:0:0:0:1 - - [19/Mar/2021:06:32:59 +0100] "GET /img/img1.jpg HTTP/1.1" 200 33438
0:0:0:0:0:0:0:1 - - [19/Mar/2021:06:32:59 +0100] "GET /lib/font-awesome/fonts/fontawesome-webfont.woff2?v=4.7.0 HTTP/1.1" 200 77160
0:0:0:0:0:0:0:1 - - [19/Mar/2021:06:32:59 +0100] "GET /lib/Ionicons/fonts/ionicons.ttf?v=2.0.0 HTTP/1.1" 200 188508
0:0:0:0:0:0:0:1 - - [19/Mar/2021:10:46:11 +0100] "GET / HTTP/1.1" 200 16261
0:0:0:0:0:0:0:1 - - [19/Mar/2021:10:46:11 +0100] "GET /lib/perfect-scrollbar/css/perfect-scrollbar.css HTTP/1.1" 200 5594
0:0:0:0:0:0:0:1 - - [19/Mar/2021:10:46:11 +0100] "GET /lib/Ionicons/css/ionicons.css HTTP/1.1" 200 57193
0:0:0:0:0:0:0:1 - - [19/Mar/2021:10:46:11 +0100] "GET /lib/font-awesome/css/font-awesome.css HTTP/1.1" 200 37414
0:0:0:0:0:0:0:1 - - [19/Mar/2021:10:46:11 +0100] "GET /css/shamcey.css HTTP/1.1" 200 881669
0:0:0:0:0:0:0:1 - - [19/Mar/2021:10:46:11 +0100] "GET /lib/popper.js/popper.js HTTP/1.1" 200 81224
0:0:0:0:0:0:0:1 - - [19/Mar/2021:10:46:11 +0100] "GET /lib/jquery/jquery.js HTTP/1.1" 200 247597
0:0:0:0:0:0:0:1 - - [19/Mar/2021:10:46:11 +0100] "GET /lib/bootstrap/bootstrap.js HTTP/1.1" 200 111390
0:0:0:0:0:0:0:1 - - [19/Mar/2021:10:46:11 +0100] "GET /lib/perfect-scrollbar/js/perfect-scrollbar.jquery.js HTTP/1.1" 200 45611
0:0:0:0:0:0:0:1 - - [19/Mar/2021:10:46:11 +0100] "GET /lib/moment/moment.js HTTP/1.1" 200 130279
0:0:0:0:0:0:0:1 - - [19/Mar/2021:10:46:11 +0100] "GET /lib/Flot/jquery.flot.resize.js HTTP/1.1" 200 3314
0:0:0:0:0:0:0:1 - - [19/Mar/2021:10:46:11 +0100] "GET /lib/Flot/jquery.flot.js HTTP/1.1" 200 122971
0:0:0:0:0:0:0:1 - - [19/Mar/2021:10:46:11 +0100] "GET /lib/jquery-ui/jquery-ui.js HTTP/1.1" 200 520714
0:0:0:0:0:0:0:1 - - [19/Mar/2021:10:46:11 +0100] "GET /lib/flot-spline/jquery.flot.spline.js HTTP/1.1" 200 5829
0:0:0:0:0:0:0:1 - - [19/Mar/2021:10:46:11 +0100] "GET /js/dashboard.js HTTP/1.1" 200 2706
0:0:0:0:0:0:0:1 - - [19/Mar/2021:10:46:11 +0100] "GET /img/img4.jpg HTTP/1.1" 200 32013
0:0:0:0:0:0:0:1 - - [19/Mar/2021:10:46:11 +0100] "GET /img/img5.jpg HTTP/1.1" 200 22122
0:0:0:0:0:0:0:1 - - [19/Mar/2021:10:46:11 +0100] "GET /img/img2.jpg HTTP/1.1" 200 11945
0:0:0:0:0:0:0:1 - - [19/Mar/2021:10:46:11 +0100] "GET /js/shamcey.js HTTP/1.1" 200 942
0:0:0:0:0:0:0:1 - - [19/Mar/2021:10:46:11 +0100] "GET /img/img7.jpg HTTP/1.1" 200 21638
0:0:0:0:0:0:0:1 - - [19/Mar/2021:10:46:11 +0100] "GET /img/img10.jpg HTTP/1.1" 200 56526
0:0:0:0:0:0:0:1 - - [19/Mar/2021:10:46:11 +0100] "GET /img/img6.jpg HTTP/1.1" 200 16765
0:0:0:0:0:0:0:1 - - [19/Mar/2021:10:46:11 +0100] "GET /img/img9.jpg HTTP/1.1" 200 18655
0:0:0:0:0:0:0:1 - - [19/Mar/2021:10:46:11 +0100] "GET /img/img1.jpg HTTP/1.1" 200 33438
0:0:0:0:0:0:0:1 - - [19/Mar/2021:10:46:11 +0100] "GET /img/img8.jpg HTTP/1.1" 200 34773
0:0:0:0:0:0:0:1 - - [19/Mar/2021:10:46:11 +0100] "GET /lib/font-awesome/fonts/fontawesome-webfont.woff2?v=4.7.0 HTTP/1.1" 200 77160
0:0:0:0:0:0:0:1 - - [19/Mar/2021:10:46:11 +0100] "GET /lib/Ionicons/fonts/ionicons.ttf?v=2.0.0 HTTP/1.1" 200 188508
0:0:0:0:0:0:0:1 - - [19/Mar/2021:10:48:14 +0100] "GET / HTTP/1.1" 200 16266
0:0:0:0:0:0:0:1 - - [19/Mar/2021:10:48:14 +0100] "GET /lib/perfect-scrollbar/css/perfect-scrollbar.css HTTP/1.1" 200 5594
0:0:0:0:0:0:0:1 - - [19/Mar/2021:10:48:14 +0100] "GET /lib/Ionicons/css/ionicons.css HTTP/1.1" 200 57193
0:0:0:0:0:0:0:1 - - [19/Mar/2021:10:48:14 +0100] "GET /lib/font-awesome/css/font-awesome.css HTTP/1.1" 200 37414
0:0:0:0:0:0:0:1 - - [19/Mar/2021:10:48:14 +0100] "GET /css/shamcey.css HTTP/1.1" 200 881669
0:0:0:0:0:0:0:1 - - [19/Mar/2021:10:48:14 +0100] "GET /lib/jquery/jquery.js HTTP/1.1" 200 247597
0:0:0:0:0:0:0:1 - - [19/Mar/2021:10:48:14 +0100] "GET /lib/popper.js/popper.js HTTP/1.1" 200 81224
0:0:0:0:0:0:0:1 - - [19/Mar/2021:10:48:14 +0100] "GET /lib/perfect-scrollbar/js/perfect-scrollbar.jquery.js HTTP/1.1" 200 45611
0:0:0:0:0:0:0:1 - - [19/Mar/2021:10:48:14 +0100] "GET /lib/bootstrap/bootstrap.js HTTP/1.1" 200 111390
0:0:0:0:0:0:0:1 - - [19/Mar/2021:10:48:14 +0100] "GET /lib/jquery-ui/jquery-ui.js HTTP/1.1" 200 520714
0:0:0:0:0:0:0:1 - - [19/Mar/2021:10:48:14 +0100] "GET /lib/moment/moment.js HTTP/1.1" 200 130279
0:0:0:0:0:0:0:1 - - [19/Mar/2021:10:48:14 +0100] "GET /lib/Flot/jquery.flot.resize.js HTTP/1.1" 200 3314
0:0:0:0:0:0:0:1 - - [19/Mar/2021:10:48:14 +0100] "GET /lib/Flot/jquery.flot.js HTTP/1.1" 200 122971
0:0:0:0:0:0:0:1 - - [19/Mar/2021:10:48:14 +0100] "GET /js/dashboard.js HTTP/1.1" 200 2706
0:0:0:0:0:0:0:1 - - [19/Mar/2021:10:48:14 +0100] "GET /img/img2.jpg HTTP/1.1" 200 11945
0:0:0:0:0:0:0:1 - - [19/Mar/2021:10:48:14 +0100] "GET /js/shamcey.js HTTP/1.1" 200 942
0:0:0:0:0:0:0:1 - - [19/Mar/2021:10:48:14 +0100] "GET /lib/flot-spline/jquery.flot.spline.js HTTP/1.1" 200 5829
0:0:0:0:0:0:0:1 - - [19/Mar/2021:10:48:14 +0100] "GET /img/img4.jpg HTTP/1.1" 200 32013
0:0:0:0:0:0:0:1 - - [19/Mar/2021:10:48:14 +0100] "GET /img/img5.jpg HTTP/1.1" 200 22122
0:0:0:0:0:0:0:1 - - [19/Mar/2021:10:48:14 +0100] "GET /img/img7.jpg HTTP/1.1" 200 21638
0:0:0:0:0:0:0:1 - - [19/Mar/2021:10:48:14 +0100] "GET /img/img6.jpg HTTP/1.1" 200 16765
0:0:0:0:0:0:0:1 - - [19/Mar/2021:10:48:14 +0100] "GET /img/img1.jpg HTTP/1.1" 200 33438
0:0:0:0:0:0:0:1 - - [19/Mar/2021:10:48:14 +0100] "GET /img/img8.jpg HTTP/1.1" 200 34773
0:0:0:0:0:0:0:1 - - [19/Mar/2021:10:48:14 +0100] "GET /img/img9.jpg HTTP/1.1" 200 18655
0:0:0:0:0:0:0:1 - - [19/Mar/2021:10:48:14 +0100] "GET /img/img10.jpg HTTP/1.1" 200 56526
0:0:0:0:0:0:0:1 - - [19/Mar/2021:10:48:14 +0100] "GET /lib/font-awesome/fonts/fontawesome-webfont.woff2?v=4.7.0 HTTP/1.1" 200 77160
0:0:0:0:0:0:0:1 - - [19/Mar/2021:10:48:14 +0100] "GET /lib/Ionicons/fonts/ionicons.ttf?v=2.0.0 HTTP/1.1" 200 188508
0:0:0:0:0:0:0:1 - - [19/Mar/2021:10:48:16 +0100] "GET / HTTP/1.1" 200 16266
0:0:0:0:0:0:0:1 - - [19/Mar/2021:10:48:16 +0100] "GET /lib/perfect-scrollbar/css/perfect-scrollbar.css HTTP/1.1" 200 5594
0:0:0:0:0:0:0:1 - - [19/Mar/2021:10:48:16 +0100] "GET /lib/font-awesome/css/font-awesome.css HTTP/1.1" 200 37414
0:0:0:0:0:0:0:1 - - [19/Mar/2021:10:48:16 +0100] "GET /lib/Ionicons/css/ionicons.css HTTP/1.1" 200 57193
0:0:0:0:0:0:0:1 - - [19/Mar/2021:10:48:16 +0100] "GET /css/shamcey.css HTTP/1.1" 200 881669
0:0:0:0:0:0:0:1 - - [19/Mar/2021:10:48:16 +0100] "GET /lib/jquery/jquery.js HTTP/1.1" 200 247597
0:0:0:0:0:0:0:1 - - [19/Mar/2021:10:48:16 +0100] "GET /lib/popper.js/popper.js HTTP/1.1" 200 81224
0:0:0:0:0:0:0:1 - - [19/Mar/2021:10:48:16 +0100] "GET /lib/perfect-scrollbar/js/perfect-scrollbar.jquery.js HTTP/1.1" 200 45611
0:0:0:0:0:0:0:1 - - [19/Mar/2021:10:48:16 +0100] "GET /lib/moment/moment.js HTTP/1.1" 200 130279
0:0:0:0:0:0:0:1 - - [19/Mar/2021:10:48:16 +0100] "GET /lib/bootstrap/bootstrap.js HTTP/1.1" 200 111390
0:0:0:0:0:0:0:1 - - [19/Mar/2021:10:48:16 +0100] "GET /lib/Flot/jquery.flot.js HTTP/1.1" 200 122971
0:0:0:0:0:0:0:1 - - [19/Mar/2021:10:48:16 +0100] "GET /lib/jquery-ui/jquery-ui.js HTTP/1.1" 200 520714
0:0:0:0:0:0:0:1 - - [19/Mar/2021:10:48:16 +0100] "GET /lib/Flot/jquery.flot.resize.js HTTP/1.1" 200 3314
0:0:0:0:0:0:0:1 - - [19/Mar/2021:10:48:16 +0100] "GET /lib/flot-spline/jquery.flot.spline.js HTTP/1.1" 200 5829
0:0:0:0:0:0:0:1 - - [19/Mar/2021:10:48:16 +0100] "GET /js/shamcey.js HTTP/1.1" 200 942
0:0:0:0:0:0:0:1 - - [19/Mar/2021:10:48:16 +0100] "GET /js/dashboard.js HTTP/1.1" 200 2706
0:0:0:0:0:0:0:1 - - [19/Mar/2021:10:48:16 +0100] "GET /img/img2.jpg HTTP/1.1" 200 11945
0:0:0:0:0:0:0:1 - - [19/Mar/2021:10:48:16 +0100] "GET /img/img4.jpg HTTP/1.1" 200 32013
0:0:0:0:0:0:0:1 - - [19/Mar/2021:10:48:16 +0100] "GET /img/img5.jpg HTTP/1.1" 200 22122
0:0:0:0:0:0:0:1 - - [19/Mar/2021:10:48:16 +0100] "GET /img/img6.jpg HTTP/1.1" 200 16765
0:0:0:0:0:0:0:1 - - [19/Mar/2021:10:48:16 +0100] "GET /img/img8.jpg HTTP/1.1" 200 34773
0:0:0:0:0:0:0:1 - - [19/Mar/2021:10:48:16 +0100] "GET /img/img7.jpg HTTP/1.1" 200 21638
0:0:0:0:0:0:0:1 - - [19/Mar/2021:10:48:16 +0100] "GET /img/img9.jpg HTTP/1.1" 200 18655
0:0:0:0:0:0:0:1 - - [19/Mar/2021:10:48:16 +0100] "GET /img/img10.jpg HTTP/1.1" 200 56526
0:0:0:0:0:0:0:1 - - [19/Mar/2021:10:48:16 +0100] "GET /img/img1.jpg HTTP/1.1" 200 33438
0:0:0:0:0:0:0:1 - - [19/Mar/2021:10:48:16 +0100] "GET /lib/font-awesome/fonts/fontawesome-webfont.woff2?v=4.7.0 HTTP/1.1" 200 77160
0:0:0:0:0:0:0:1 - - [19/Mar/2021:10:48:16 +0100] "GET /lib/Ionicons/fonts/ionicons.ttf?v=2.0.0 HTTP/1.1" 200 188508
0:0:0:0:0:0:0:1 - - [19/Mar/2021:10:48:18 +0100] "GET / HTTP/1.1" 200 16266
0:0:0:0:0:0:0:1 - - [19/Mar/2021:10:48:18 +0100] "GET /lib/perfect-scrollbar/css/perfect-scrollbar.css HTTP/1.1" 200 5594
0:0:0:0:0:0:0:1 - - [19/Mar/2021:10:48:18 +0100] "GET /lib/Ionicons/css/ionicons.css HTTP/1.1" 200 57193
0:0:0:0:0:0:0:1 - - [19/Mar/2021:10:48:18 +0100] "GET /lib/font-awesome/css/font-awesome.css HTTP/1.1" 200 37414
0:0:0:0:0:0:0:1 - - [19/Mar/2021:10:48:18 +0100] "GET /css/shamcey.css HTTP/1.1" 200 881669
0:0:0:0:0:0:0:1 - - [19/Mar/2021:10:48:18 +0100] "GET /lib/jquery/jquery.js HTTP/1.1" 200 247597
0:0:0:0:0:0:0:1 - - [19/Mar/2021:10:48:18 +0100] "GET /lib/popper.js/popper.js HTTP/1.1" 200 81224
0:0:0:0:0:0:0:1 - - [19/Mar/2021:10:48:18 +0100] "GET /lib/bootstrap/bootstrap.js HTTP/1.1" 200 111390
0:0:0:0:0:0:0:1 - - [19/Mar/2021:10:48:18 +0100] "GET /lib/perfect-scrollbar/js/perfect-scrollbar.jquery.js HTTP/1.1" 200 45611
0:0:0:0:0:0:0:1 - - [19/Mar/2021:10:48:18 +0100] "GET /lib/moment/moment.js HTTP/1.1" 200 130279
0:0:0:0:0:0:0:1 - - [19/Mar/2021:10:48:18 +0100] "GET /lib/jquery-ui/jquery-ui.js HTTP/1.1" 200 520714
0:0:0:0:0:0:0:1 - - [19/Mar/2021:10:48:18 +0100] "GET /lib/Flot/jquery.flot.resize.js HTTP/1.1" 200 3314
0:0:0:0:0:0:0:1 - - [19/Mar/2021:10:48:18 +0100] "GET /js/dashboard.js HTTP/1.1" 200 2706
0:0:0:0:0:0:0:1 - - [19/Mar/2021:10:48:18 +0100] "GET /lib/flot-spline/jquery.flot.spline.js HTTP/1.1" 200 5829
0:0:0:0:0:0:0:1 - - [19/Mar/2021:10:48:18 +0100] "GET /js/shamcey.js HTTP/1.1" 200 942
0:0:0:0:0:0:0:1 - - [19/Mar/2021:10:48:18 +0100] "GET /img/img2.jpg HTTP/1.1" 200 11945
0:0:0:0:0:0:0:1 - - [19/Mar/2021:10:48:18 +0100] "GET /lib/Flot/jquery.flot.js HTTP/1.1" 200 122971
0:0:0:0:0:0:0:1 - - [19/Mar/2021:10:48:18 +0100] "GET /img/img5.jpg HTTP/1.1" 200 22122
0:0:0:0:0:0:0:1 - - [19/Mar/2021:10:48:18 +0100] "GET /img/img7.jpg HTTP/1.1" 200 21638
0:0:0:0:0:0:0:1 - - [19/Mar/2021:10:48:18 +0100] "GET /img/img6.jpg HTTP/1.1" 200 16765
0:0:0:0:0:0:0:1 - - [19/Mar/2021:10:48:18 +0100] "GET /img/img4.jpg HTTP/1.1" 200 32013
0:0:0:0:0:0:0:1 - - [19/Mar/2021:10:48:18 +0100] "GET /img/img9.jpg HTTP/1.1" 200 18655
0:0:0:0:0:0:0:1 - - [19/Mar/2021:10:48:18 +0100] "GET /img/img8.jpg HTTP/1.1" 200 34773
0:0:0:0:0:0:0:1 - - [19/Mar/2021:10:48:18 +0100] "GET /img/img10.jpg HTTP/1.1" 200 56526
0:0:0:0:0:0:0:1 - - [19/Mar/2021:10:48:18 +0100] "GET /img/img1.jpg HTTP/1.1" 200 33438
0:0:0:0:0:0:0:1 - - [19/Mar/2021:10:48:18 +0100] "GET /lib/font-awesome/fonts/fontawesome-webfont.woff2?v=4.7.0 HTTP/1.1" 200 77160
0:0:0:0:0:0:0:1 - - [19/Mar/2021:10:48:18 +0100] "GET /lib/Ionicons/fonts/ionicons.ttf?v=2.0.0 HTTP/1.1" 200 188508
0:0:0:0:0:0:0:1 - - [19/Mar/2021:10:49:29 +0100] "GET / HTTP/1.1" 200 16266
0:0:0:0:0:0:0:1 - - [19/Mar/2021:10:49:29 +0100] "GET /lib/perfect-scrollbar/css/perfect-scrollbar.css HTTP/1.1" 200 5594
0:0:0:0:0:0:0:1 - - [19/Mar/2021:10:49:29 +0100] "GET /lib/font-awesome/css/font-awesome.css HTTP/1.1" 200 37414
0:0:0:0:0:0:0:1 - - [19/Mar/2021:10:49:29 +0100] "GET /lib/Ionicons/css/ionicons.css HTTP/1.1" 200 57193
0:0:0:0:0:0:0:1 - - [19/Mar/2021:10:49:29 +0100] "GET /css/shamcey.css HTTP/1.1" 200 881669
0:0:0:0:0:0:0:1 - - [19/Mar/2021:10:49:29 +0100] "GET /lib/jquery/jquery.js HTTP/1.1" 200 247597
0:0:0:0:0:0:0:1 - - [19/Mar/2021:10:49:29 +0100] "GET /lib/popper.js/popper.js HTTP/1.1" 200 81224
0:0:0:0:0:0:0:1 - - [19/Mar/2021:10:49:29 +0100] "GET /lib/bootstrap/bootstrap.js HTTP/1.1" 200 111390
0:0:0:0:0:0:0:1 - - [19/Mar/2021:10:49:29 +0100] "GET /lib/jquery-ui/jquery-ui.js HTTP/1.1" 200 520714
0:0:0:0:0:0:0:1 - - [19/Mar/2021:10:49:29 +0100] "GET /lib/perfect-scrollbar/js/perfect-scrollbar.jquery.js HTTP/1.1" 200 45611
0:0:0:0:0:0:0:1 - - [19/Mar/2021:10:49:29 +0100] "GET /lib/moment/moment.js HTTP/1.1" 200 130279
0:0:0:0:0:0:0:1 - - [19/Mar/2021:10:49:29 +0100] "GET /js/shamcey.js HTTP/1.1" 200 942
0:0:0:0:0:0:0:1 - - [19/Mar/2021:10:49:29 +0100] "GET /js/dashboard.js HTTP/1.1" 200 2706
0:0:0:0:0:0:0:1 - - [19/Mar/2021:10:49:29 +0100] "GET /img/img2.jpg HTTP/1.1" 200 11945
0:0:0:0:0:0:0:1 - - [19/Mar/2021:10:49:29 +0100] "GET /lib/flot-spline/jquery.flot.spline.js HTTP/1.1" 200 5829
0:0:0:0:0:0:0:1 - - [19/Mar/2021:10:49:29 +0100] "GET /lib/Flot/jquery.flot.js HTTP/1.1" 200 122971
0:0:0:0:0:0:0:1 - - [19/Mar/2021:10:49:29 +0100] "GET /lib/Flot/jquery.flot.resize.js HTTP/1.1" 200 3314
0:0:0:0:0:0:0:1 - - [19/Mar/2021:10:49:29 +0100] "GET /img/img5.jpg HTTP/1.1" 200 22122
0:0:0:0:0:0:0:1 - - [19/Mar/2021:10:49:29 +0100] "GET /img/img8.jpg HTTP/1.1" 200 34773
0:0:0:0:0:0:0:1 - - [19/Mar/2021:10:49:29 +0100] "GET /img/img9.jpg HTTP/1.1" 200 18655
0:0:0:0:0:0:0:1 - - [19/Mar/2021:10:49:30 +0100] "GET /img/img4.jpg HTTP/1.1" 200 32013
0:0:0:0:0:0:0:1 - - [19/Mar/2021:10:49:30 +0100] "GET /img/img6.jpg HTTP/1.1" 200 16765
0:0:0:0:0:0:0:1 - - [19/Mar/2021:10:49:30 +0100] "GET /img/img7.jpg HTTP/1.1" 200 21638
0:0:0:0:0:0:0:1 - - [19/Mar/2021:10:49:30 +0100] "GET /img/img10.jpg HTTP/1.1" 200 56526
0:0:0:0:0:0:0:1 - - [19/Mar/2021:10:49:30 +0100] "GET /img/img1.jpg HTTP/1.1" 200 33438
0:0:0:0:0:0:0:1 - - [19/Mar/2021:10:49:30 +0100] "GET /lib/font-awesome/fonts/fontawesome-webfont.woff2?v=4.7.0 HTTP/1.1" 200 77160
0:0:0:0:0:0:0:1 - - [19/Mar/2021:10:49:30 +0100] "GET /lib/Ionicons/fonts/ionicons.ttf?v=2.0.0 HTTP/1.1" 200 188508
