0:0:0:0:0:0:0:1 - - [30/Apr/2021:00:02:19 +0200] "GET /private/operations/details-pret/149 HTTP/1.1" 200 11060
0:0:0:0:0:0:0:1 - - [30/Apr/2021:00:02:19 +0200] "GET /lib/font-awesome/css/font-awesome.css HTTP/1.1" 200 37414
0:0:0:0:0:0:0:1 - - [30/Apr/2021:00:02:19 +0200] "GET /lib/Ionicons/css/ionicons.css HTTP/1.1" 200 57193
0:0:0:0:0:0:0:1 - - [30/Apr/2021:00:02:19 +0200] "GET /lib/perfect-scrollbar/css/perfect-scrollbar.css HTTP/1.1" 200 5594
0:0:0:0:0:0:0:1 - - [30/Apr/2021:00:02:19 +0200] "GET /lib/select2/css/select2.min.css HTTP/1.1" 200 15196
0:0:0:0:0:0:0:1 - - [30/Apr/2021:00:02:19 +0200] "GET /lib/datatables/jquery.dataTables.css HTTP/1.1" 200 15800
0:0:0:0:0:0:0:1 - - [30/Apr/2021:00:02:19 +0200] "GET /img/img1.jpg HTTP/1.1" 200 33438
0:0:0:0:0:0:0:1 - - [30/Apr/2021:00:02:19 +0200] "GET /css/shamcey.css HTTP/1.1" 200 881669
0:0:0:0:0:0:0:1 - - [30/Apr/2021:00:02:19 +0200] "GET /lib/font-awesome/fonts/fontawesome-webfont.woff2?v=4.7.0 HTTP/1.1" 200 77160
0:0:0:0:0:0:0:1 - - [30/Apr/2021:00:02:19 +0200] "GET /lib/Ionicons/fonts/ionicons.ttf?v=2.0.0 HTTP/1.1" 200 188508
0:0:0:0:0:0:0:1 - - [30/Apr/2021:00:02:50 +0200] "GET /private/operations/details-pret/149 HTTP/1.1" 200 11091
0:0:0:0:0:0:0:1 - - [30/Apr/2021:00:02:50 +0200] "GET /lib/Ionicons/css/ionicons.css HTTP/1.1" 200 57193
0:0:0:0:0:0:0:1 - - [30/Apr/2021:00:02:50 +0200] "GET /lib/perfect-scrollbar/css/perfect-scrollbar.css HTTP/1.1" 200 5594
0:0:0:0:0:0:0:1 - - [30/Apr/2021:00:02:50 +0200] "GET /lib/select2/css/select2.min.css HTTP/1.1" 200 15196
0:0:0:0:0:0:0:1 - - [30/Apr/2021:00:02:50 +0200] "GET /lib/font-awesome/css/font-awesome.css HTTP/1.1" 200 37414
0:0:0:0:0:0:0:1 - - [30/Apr/2021:00:02:50 +0200] "GET /lib/datatables/jquery.dataTables.css HTTP/1.1" 200 15800
0:0:0:0:0:0:0:1 - - [30/Apr/2021:00:02:50 +0200] "GET /img/img1.jpg HTTP/1.1" 200 33438
0:0:0:0:0:0:0:1 - - [30/Apr/2021:00:02:50 +0200] "GET /css/shamcey.css HTTP/1.1" 200 881669
0:0:0:0:0:0:0:1 - - [30/Apr/2021:00:02:50 +0200] "GET /lib/font-awesome/fonts/fontawesome-webfont.woff2?v=4.7.0 HTTP/1.1" 200 77160
0:0:0:0:0:0:0:1 - - [30/Apr/2021:00:02:50 +0200] "GET /lib/Ionicons/fonts/ionicons.ttf?v=2.0.0 HTTP/1.1" 200 188508
0:0:0:0:0:0:0:1 - - [30/Apr/2021:00:02:53 +0200] "GET /private/operations/details-pret/149 HTTP/1.1" 200 11091
0:0:0:0:0:0:0:1 - - [30/Apr/2021:00:02:53 +0200] "GET /lib/perfect-scrollbar/css/perfect-scrollbar.css HTTP/1.1" 200 5594
0:0:0:0:0:0:0:1 - - [30/Apr/2021:00:02:53 +0200] "GET /lib/select2/css/select2.min.css HTTP/1.1" 200 15196
0:0:0:0:0:0:0:1 - - [30/Apr/2021:00:02:53 +0200] "GET /lib/datatables/jquery.dataTables.css HTTP/1.1" 200 15800
0:0:0:0:0:0:0:1 - - [30/Apr/2021:00:02:53 +0200] "GET /lib/font-awesome/css/font-awesome.css HTTP/1.1" 200 37414
0:0:0:0:0:0:0:1 - - [30/Apr/2021:00:02:53 +0200] "GET /lib/Ionicons/css/ionicons.css HTTP/1.1" 200 57193
0:0:0:0:0:0:0:1 - - [30/Apr/2021:00:02:53 +0200] "GET /img/img1.jpg HTTP/1.1" 200 33438
0:0:0:0:0:0:0:1 - - [30/Apr/2021:00:02:53 +0200] "GET /css/shamcey.css HTTP/1.1" 200 881669
0:0:0:0:0:0:0:1 - - [30/Apr/2021:00:02:53 +0200] "GET /lib/Ionicons/fonts/ionicons.ttf?v=2.0.0 HTTP/1.1" 200 188508
0:0:0:0:0:0:0:1 - - [30/Apr/2021:00:02:53 +0200] "GET /lib/font-awesome/fonts/fontawesome-webfont.woff2?v=4.7.0 HTTP/1.1" 200 77160
0:0:0:0:0:0:0:1 - - [30/Apr/2021:00:03:04 +0200] "GET /private/operations/details-pret/149 HTTP/1.1" 200 11060
0:0:0:0:0:0:0:1 - - [30/Apr/2021:00:03:04 +0200] "GET /lib/font-awesome/css/font-awesome.css HTTP/1.1" 200 37414
0:0:0:0:0:0:0:1 - - [30/Apr/2021:00:03:04 +0200] "GET /lib/datatables/jquery.dataTables.css HTTP/1.1" 200 15800
0:0:0:0:0:0:0:1 - - [30/Apr/2021:00:03:04 +0200] "GET /lib/perfect-scrollbar/css/perfect-scrollbar.css HTTP/1.1" 200 5594
0:0:0:0:0:0:0:1 - - [30/Apr/2021:00:03:04 +0200] "GET /lib/Ionicons/css/ionicons.css HTTP/1.1" 200 57193
0:0:0:0:0:0:0:1 - - [30/Apr/2021:00:03:04 +0200] "GET /img/img1.jpg HTTP/1.1" 200 33438
0:0:0:0:0:0:0:1 - - [30/Apr/2021:00:03:04 +0200] "GET /lib/select2/css/select2.min.css HTTP/1.1" 200 15196
0:0:0:0:0:0:0:1 - - [30/Apr/2021:00:03:04 +0200] "GET /css/shamcey.css HTTP/1.1" 200 881669
0:0:0:0:0:0:0:1 - - [30/Apr/2021:00:03:04 +0200] "GET /lib/font-awesome/fonts/fontawesome-webfont.woff2?v=4.7.0 HTTP/1.1" 200 77160
0:0:0:0:0:0:0:1 - - [30/Apr/2021:00:03:04 +0200] "GET /lib/Ionicons/fonts/ionicons.ttf?v=2.0.0 HTTP/1.1" 200 188508
0:0:0:0:0:0:0:1 - - [30/Apr/2021:00:03:18 +0200] "GET /private/operations/details-pret/149 HTTP/1.1" 200 11060
0:0:0:0:0:0:0:1 - - [30/Apr/2021:00:03:18 +0200] "GET /lib/Ionicons/css/ionicons.css HTTP/1.1" 200 57193
0:0:0:0:0:0:0:1 - - [30/Apr/2021:00:03:18 +0200] "GET /lib/font-awesome/css/font-awesome.css HTTP/1.1" 200 37414
0:0:0:0:0:0:0:1 - - [30/Apr/2021:00:03:18 +0200] "GET /lib/perfect-scrollbar/css/perfect-scrollbar.css HTTP/1.1" 200 5594
0:0:0:0:0:0:0:1 - - [30/Apr/2021:00:03:18 +0200] "GET /lib/datatables/jquery.dataTables.css HTTP/1.1" 200 15800
0:0:0:0:0:0:0:1 - - [30/Apr/2021:00:03:18 +0200] "GET /lib/select2/css/select2.min.css HTTP/1.1" 200 15196
0:0:0:0:0:0:0:1 - - [30/Apr/2021:00:03:18 +0200] "GET /img/img1.jpg HTTP/1.1" 200 33438
0:0:0:0:0:0:0:1 - - [30/Apr/2021:00:03:18 +0200] "GET /css/shamcey.css HTTP/1.1" 200 881669
0:0:0:0:0:0:0:1 - - [30/Apr/2021:00:03:18 +0200] "GET /lib/font-awesome/fonts/fontawesome-webfont.woff2?v=4.7.0 HTTP/1.1" 200 77160
0:0:0:0:0:0:0:1 - - [30/Apr/2021:00:03:18 +0200] "GET /lib/Ionicons/fonts/ionicons.ttf?v=2.0.0 HTTP/1.1" 200 188508
