0:0:0:0:0:0:0:1 - - [17/Mar/2021:17:21:51 +0100] "GET / HTTP/1.1" 302 -
0:0:0:0:0:0:0:1 - - [17/Mar/2021:17:21:52 +0100] "GET /login HTTP/1.1" 500 8734
0:0:0:0:0:0:0:1 - - [17/Mar/2021:17:21:52 +0100] "GET /favicon.ico HTTP/1.1" 404 682
0:0:0:0:0:0:0:1 - - [17/Mar/2021:17:22:15 +0100] "GET / HTTP/1.1" 200 33125
0:0:0:0:0:0:0:1 - - [17/Mar/2021:17:22:15 +0100] "GET /lib/perfect-scrollbar/css/perfect-scrollbar.css HTTP/1.1" 200 5594
0:0:0:0:0:0:0:1 - - [17/Mar/2021:17:22:15 +0100] "GET /img/img9.jpg HTTP/1.1" 200 18655
0:0:0:0:0:0:0:1 - - [17/Mar/2021:17:22:15 +0100] "GET /img/img8.jpg HTTP/1.1" 200 34773
0:0:0:0:0:0:0:1 - - [17/Mar/2021:17:22:15 +0100] "GET /lib/font-awesome/css/font-awesome.css HTTP/1.1" 200 37414
0:0:0:0:0:0:0:1 - - [17/Mar/2021:17:22:15 +0100] "GET /lib/Ionicons/css/ionicons.css HTTP/1.1" 200 57193
0:0:0:0:0:0:0:1 - - [17/Mar/2021:17:22:15 +0100] "GET /css/shamcey.css HTTP/1.1" 200 881669
0:0:0:0:0:0:0:1 - - [17/Mar/2021:17:22:15 +0100] "GET /img/img2.jpg HTTP/1.1" 200 11945
0:0:0:0:0:0:0:1 - - [17/Mar/2021:17:22:15 +0100] "GET /img/img10.jpg HTTP/1.1" 200 56526
0:0:0:0:0:0:0:1 - - [17/Mar/2021:17:22:15 +0100] "GET /img/img7.jpg HTTP/1.1" 200 21638
0:0:0:0:0:0:0:1 - - [17/Mar/2021:17:22:15 +0100] "GET /img/img5.jpg HTTP/1.1" 200 22122
0:0:0:0:0:0:0:1 - - [17/Mar/2021:17:22:15 +0100] "GET /img/img1.jpg HTTP/1.1" 200 33438
0:0:0:0:0:0:0:1 - - [17/Mar/2021:17:22:15 +0100] "GET /img/img4.jpg HTTP/1.1" 200 32013
0:0:0:0:0:0:0:1 - - [17/Mar/2021:17:22:15 +0100] "GET /img/img6.jpg HTTP/1.1" 200 16765
0:0:0:0:0:0:0:1 - - [17/Mar/2021:17:22:15 +0100] "GET /lib/popper.js/popper.js HTTP/1.1" 200 81224
0:0:0:0:0:0:0:1 - - [17/Mar/2021:17:22:15 +0100] "GET /lib/jquery/jquery.js HTTP/1.1" 200 247597
0:0:0:0:0:0:0:1 - - [17/Mar/2021:17:22:15 +0100] "GET /lib/perfect-scrollbar/js/perfect-scrollbar.jquery.js HTTP/1.1" 200 45611
0:0:0:0:0:0:0:1 - - [17/Mar/2021:17:22:15 +0100] "GET /lib/bootstrap/bootstrap.js HTTP/1.1" 200 111390
0:0:0:0:0:0:0:1 - - [17/Mar/2021:17:22:15 +0100] "GET /lib/jquery-ui/jquery-ui.js HTTP/1.1" 200 520714
0:0:0:0:0:0:0:1 - - [17/Mar/2021:17:22:15 +0100] "GET /lib/moment/moment.js HTTP/1.1" 200 130279
0:0:0:0:0:0:0:1 - - [17/Mar/2021:17:22:15 +0100] "GET /lib/Flot/jquery.flot.js HTTP/1.1" 200 122971
0:0:0:0:0:0:0:1 - - [17/Mar/2021:17:22:15 +0100] "GET /lib/flot-spline/jquery.flot.spline.js HTTP/1.1" 200 5829
0:0:0:0:0:0:0:1 - - [17/Mar/2021:17:22:15 +0100] "GET /js/shamcey.js HTTP/1.1" 200 942
0:0:0:0:0:0:0:1 - - [17/Mar/2021:17:22:15 +0100] "GET /lib/Flot/jquery.flot.resize.js HTTP/1.1" 200 3314
0:0:0:0:0:0:0:1 - - [17/Mar/2021:17:22:15 +0100] "GET /js/dashboard.js HTTP/1.1" 200 2706
0:0:0:0:0:0:0:1 - - [17/Mar/2021:17:22:15 +0100] "GET / HTTP/1.1" 200 33125
0:0:0:0:0:0:0:1 - - [17/Mar/2021:17:22:15 +0100] "GET /lib/perfect-scrollbar/css/perfect-scrollbar.css HTTP/1.1" 200 5594
0:0:0:0:0:0:0:1 - - [17/Mar/2021:17:22:15 +0100] "GET /lib/Ionicons/css/ionicons.css HTTP/1.1" 200 57193
0:0:0:0:0:0:0:1 - - [17/Mar/2021:17:22:15 +0100] "GET /lib/font-awesome/css/font-awesome.css HTTP/1.1" 200 37414
0:0:0:0:0:0:0:1 - - [17/Mar/2021:17:22:15 +0100] "GET /css/shamcey.css HTTP/1.1" 200 881669
0:0:0:0:0:0:0:1 - - [17/Mar/2021:17:22:15 +0100] "GET /lib/bootstrap/bootstrap.js HTTP/1.1" 200 111390
0:0:0:0:0:0:0:1 - - [17/Mar/2021:17:22:15 +0100] "GET /lib/jquery/jquery.js HTTP/1.1" 200 247597
0:0:0:0:0:0:0:1 - - [17/Mar/2021:17:22:15 +0100] "GET /lib/perfect-scrollbar/js/perfect-scrollbar.jquery.js HTTP/1.1" 200 45611
0:0:0:0:0:0:0:1 - - [17/Mar/2021:17:22:15 +0100] "GET /lib/jquery-ui/jquery-ui.js HTTP/1.1" 200 520714
0:0:0:0:0:0:0:1 - - [17/Mar/2021:17:22:15 +0100] "GET /lib/popper.js/popper.js HTTP/1.1" 200 81224
0:0:0:0:0:0:0:1 - - [17/Mar/2021:17:22:15 +0100] "GET /lib/Flot/jquery.flot.js HTTP/1.1" 200 122971
0:0:0:0:0:0:0:1 - - [17/Mar/2021:17:22:15 +0100] "GET /lib/moment/moment.js HTTP/1.1" 200 130279
0:0:0:0:0:0:0:1 - - [17/Mar/2021:17:22:15 +0100] "GET /lib/flot-spline/jquery.flot.spline.js HTTP/1.1" 200 5829
0:0:0:0:0:0:0:1 - - [17/Mar/2021:17:22:15 +0100] "GET /lib/Flot/jquery.flot.resize.js HTTP/1.1" 200 3314
0:0:0:0:0:0:0:1 - - [17/Mar/2021:17:22:15 +0100] "GET /js/shamcey.js HTTP/1.1" 200 942
0:0:0:0:0:0:0:1 - - [17/Mar/2021:17:22:15 +0100] "GET /js/dashboard.js HTTP/1.1" 200 2706
0:0:0:0:0:0:0:1 - - [17/Mar/2021:17:22:15 +0100] "GET /img/img9.jpg HTTP/1.1" 200 18655
0:0:0:0:0:0:0:1 - - [17/Mar/2021:17:22:15 +0100] "GET /img/img10.jpg HTTP/1.1" 200 56526
0:0:0:0:0:0:0:1 - - [17/Mar/2021:17:22:15 +0100] "GET /img/img8.jpg HTTP/1.1" 200 34773
0:0:0:0:0:0:0:1 - - [17/Mar/2021:17:22:15 +0100] "GET /img/img7.jpg HTTP/1.1" 200 21638
0:0:0:0:0:0:0:1 - - [17/Mar/2021:17:22:15 +0100] "GET /img/img1.jpg HTTP/1.1" 200 33438
0:0:0:0:0:0:0:1 - - [17/Mar/2021:17:22:15 +0100] "GET /img/img5.jpg HTTP/1.1" 200 22122
0:0:0:0:0:0:0:1 - - [17/Mar/2021:17:22:16 +0100] "GET /img/img2.jpg HTTP/1.1" 200 11945
0:0:0:0:0:0:0:1 - - [17/Mar/2021:17:22:16 +0100] "GET /img/img4.jpg HTTP/1.1" 200 32013
0:0:0:0:0:0:0:1 - - [17/Mar/2021:17:22:16 +0100] "GET /img/img6.jpg HTTP/1.1" 200 16765
0:0:0:0:0:0:0:1 - - [17/Mar/2021:17:22:26 +0100] "GET /lib/font-awesome/fonts/fontawesome-webfont.woff2?v=4.7.0 HTTP/1.1" 200 77160
0:0:0:0:0:0:0:1 - - [17/Mar/2021:17:22:26 +0100] "GET /lib/Ionicons/fonts/ionicons.ttf?v=2.0.0 HTTP/1.1" 200 188508
0:0:0:0:0:0:0:1 - - [17/Mar/2021:17:27:49 +0100] "GET / HTTP/1.1" 500 8756
0:0:0:0:0:0:0:1 - - [17/Mar/2021:17:28:05 +0100] "GET / HTTP/1.1" 200 33125
0:0:0:0:0:0:0:1 - - [17/Mar/2021:17:28:05 +0100] "GET /lib/perfect-scrollbar/css/perfect-scrollbar.css HTTP/1.1" 200 5594
0:0:0:0:0:0:0:1 - - [17/Mar/2021:17:28:05 +0100] "GET /lib/Ionicons/css/ionicons.css HTTP/1.1" 200 57193
0:0:0:0:0:0:0:1 - - [17/Mar/2021:17:28:05 +0100] "GET /lib/font-awesome/css/font-awesome.css HTTP/1.1" 200 37414
0:0:0:0:0:0:0:1 - - [17/Mar/2021:17:28:05 +0100] "GET /css/shamcey.css HTTP/1.1" 200 881669
0:0:0:0:0:0:0:1 - - [17/Mar/2021:17:28:05 +0100] "GET /lib/popper.js/popper.js HTTP/1.1" 200 81224
0:0:0:0:0:0:0:1 - - [17/Mar/2021:17:28:05 +0100] "GET /lib/perfect-scrollbar/js/perfect-scrollbar.jquery.js HTTP/1.1" 200 45611
0:0:0:0:0:0:0:1 - - [17/Mar/2021:17:28:05 +0100] "GET /lib/jquery/jquery.js HTTP/1.1" 200 247597
0:0:0:0:0:0:0:1 - - [17/Mar/2021:17:28:05 +0100] "GET /lib/bootstrap/bootstrap.js HTTP/1.1" 200 111390
0:0:0:0:0:0:0:1 - - [17/Mar/2021:17:28:05 +0100] "GET /lib/jquery-ui/jquery-ui.js HTTP/1.1" 200 520714
0:0:0:0:0:0:0:1 - - [17/Mar/2021:17:28:05 +0100] "GET /lib/Flot/jquery.flot.resize.js HTTP/1.1" 200 3314
0:0:0:0:0:0:0:1 - - [17/Mar/2021:17:28:05 +0100] "GET /lib/flot-spline/jquery.flot.spline.js HTTP/1.1" 200 5829
0:0:0:0:0:0:0:1 - - [17/Mar/2021:17:28:05 +0100] "GET /lib/Flot/jquery.flot.js HTTP/1.1" 200 122971
0:0:0:0:0:0:0:1 - - [17/Mar/2021:17:28:05 +0100] "GET /js/shamcey.js HTTP/1.1" 200 942
0:0:0:0:0:0:0:1 - - [17/Mar/2021:17:28:05 +0100] "GET /lib/moment/moment.js HTTP/1.1" 200 130279
0:0:0:0:0:0:0:1 - - [17/Mar/2021:17:28:05 +0100] "GET /js/dashboard.js HTTP/1.1" 200 2706
0:0:0:0:0:0:0:1 - - [17/Mar/2021:17:28:05 +0100] "GET /img/img8.jpg HTTP/1.1" 200 34773
0:0:0:0:0:0:0:1 - - [17/Mar/2021:17:28:05 +0100] "GET /img/img9.jpg HTTP/1.1" 200 18655
0:0:0:0:0:0:0:1 - - [17/Mar/2021:17:28:05 +0100] "GET /img/img10.jpg HTTP/1.1" 200 56526
0:0:0:0:0:0:0:1 - - [17/Mar/2021:17:28:05 +0100] "GET /img/img5.jpg HTTP/1.1" 200 22122
0:0:0:0:0:0:0:1 - - [17/Mar/2021:17:28:05 +0100] "GET /img/img7.jpg HTTP/1.1" 200 21638
0:0:0:0:0:0:0:1 - - [17/Mar/2021:17:28:05 +0100] "GET /img/img1.jpg HTTP/1.1" 200 33438
0:0:0:0:0:0:0:1 - - [17/Mar/2021:17:28:05 +0100] "GET /img/img2.jpg HTTP/1.1" 200 11945
0:0:0:0:0:0:0:1 - - [17/Mar/2021:17:28:05 +0100] "GET /img/img4.jpg HTTP/1.1" 200 32013
0:0:0:0:0:0:0:1 - - [17/Mar/2021:17:28:05 +0100] "GET /img/img6.jpg HTTP/1.1" 200 16765
0:0:0:0:0:0:0:1 - - [17/Mar/2021:17:28:05 +0100] "GET /lib/Ionicons/fonts/ionicons.ttf?v=2.0.0 HTTP/1.1" 200 188508
0:0:0:0:0:0:0:1 - - [17/Mar/2021:17:28:05 +0100] "GET /lib/font-awesome/fonts/fontawesome-webfont.woff2?v=4.7.0 HTTP/1.1" 200 77160
0:0:0:0:0:0:0:1 - - [17/Mar/2021:17:33:42 +0100] "GET / HTTP/1.1" 500 11819
0:0:0:0:0:0:0:1 - - [17/Mar/2021:17:33:50 +0100] "GET / HTTP/1.1" 500 11819
0:0:0:0:0:0:0:1 - - [17/Mar/2021:17:34:45 +0100] "GET / HTTP/1.1" 500 11819
0:0:0:0:0:0:0:1 - - [17/Mar/2021:17:35:21 +0100] "GET / HTTP/1.1" 200 33059
0:0:0:0:0:0:0:1 - - [17/Mar/2021:17:35:21 +0100] "GET /lib/perfect-scrollbar/css/perfect-scrollbar.css HTTP/1.1" 200 5594
0:0:0:0:0:0:0:1 - - [17/Mar/2021:17:35:21 +0100] "GET /lib/font-awesome/css/font-awesome.css HTTP/1.1" 200 37414
0:0:0:0:0:0:0:1 - - [17/Mar/2021:17:35:21 +0100] "GET /lib/jquery/jquery.js HTTP/1.1" 200 247597
0:0:0:0:0:0:0:1 - - [17/Mar/2021:17:35:21 +0100] "GET /lib/popper.js/popper.js HTTP/1.1" 200 81224
0:0:0:0:0:0:0:1 - - [17/Mar/2021:17:35:21 +0100] "GET /lib/bootstrap/bootstrap.js HTTP/1.1" 200 111390
0:0:0:0:0:0:0:1 - - [17/Mar/2021:17:35:21 +0100] "GET /lib/perfect-scrollbar/js/perfect-scrollbar.jquery.js HTTP/1.1" 200 45611
0:0:0:0:0:0:0:1 - - [17/Mar/2021:17:35:21 +0100] "GET /css/shamcey.css HTTP/1.1" 200 881669
0:0:0:0:0:0:0:1 - - [17/Mar/2021:17:35:21 +0100] "GET /lib/jquery-ui/jquery-ui.js HTTP/1.1" 200 520714
0:0:0:0:0:0:0:1 - - [17/Mar/2021:17:35:21 +0100] "GET /lib/moment/moment.js HTTP/1.1" 200 130279
0:0:0:0:0:0:0:1 - - [17/Mar/2021:17:35:21 +0100] "GET /lib/Flot/jquery.flot.js HTTP/1.1" 200 122971
0:0:0:0:0:0:0:1 - - [17/Mar/2021:17:35:21 +0100] "GET /lib/Flot/jquery.flot.resize.js HTTP/1.1" 200 3314
0:0:0:0:0:0:0:1 - - [17/Mar/2021:17:35:21 +0100] "GET /lib/flot-spline/jquery.flot.spline.js HTTP/1.1" 200 5829
0:0:0:0:0:0:0:1 - - [17/Mar/2021:17:35:21 +0100] "GET /js/shamcey.js HTTP/1.1" 200 942
0:0:0:0:0:0:0:1 - - [17/Mar/2021:17:35:21 +0100] "GET /img/img8.jpg HTTP/1.1" 200 34773
0:0:0:0:0:0:0:1 - - [17/Mar/2021:17:35:21 +0100] "GET /img/img9.jpg HTTP/1.1" 200 18655
0:0:0:0:0:0:0:1 - - [17/Mar/2021:17:35:21 +0100] "GET /js/dashboard.js HTTP/1.1" 200 2706
0:0:0:0:0:0:0:1 - - [17/Mar/2021:17:35:21 +0100] "GET /img/img5.jpg HTTP/1.1" 200 22122
0:0:0:0:0:0:0:1 - - [17/Mar/2021:17:35:21 +0100] "GET /img/img4.jpg HTTP/1.1" 200 32013
0:0:0:0:0:0:0:1 - - [17/Mar/2021:17:35:21 +0100] "GET /img/img2.jpg HTTP/1.1" 200 11945
0:0:0:0:0:0:0:1 - - [17/Mar/2021:17:35:21 +0100] "GET /img/img10.jpg HTTP/1.1" 200 56526
0:0:0:0:0:0:0:1 - - [17/Mar/2021:17:35:21 +0100] "GET /img/img7.jpg HTTP/1.1" 200 21638
0:0:0:0:0:0:0:1 - - [17/Mar/2021:17:35:21 +0100] "GET /img/img1.jpg HTTP/1.1" 200 33438
0:0:0:0:0:0:0:1 - - [17/Mar/2021:17:35:21 +0100] "GET /img/img6.jpg HTTP/1.1" 200 16765
0:0:0:0:0:0:0:1 - - [17/Mar/2021:17:35:22 +0100] "GET /lib/font-awesome/fonts/fontawesome-webfont.woff2?v=4.7.0 HTTP/1.1" 200 77160
0:0:0:0:0:0:0:1 - - [17/Mar/2021:17:36:51 +0100] "GET / HTTP/1.1" 200 33045
0:0:0:0:0:0:0:1 - - [17/Mar/2021:17:36:51 +0100] "GET /lib/font-awesome/css/font-awesome.css HTTP/1.1" 200 37414
0:0:0:0:0:0:0:1 - - [17/Mar/2021:17:36:51 +0100] "GET /lib/perfect-scrollbar/css/perfect-scrollbar.css HTTP/1.1" 200 5594
0:0:0:0:0:0:0:1 - - [17/Mar/2021:17:36:51 +0100] "GET /lib/jquery/jquery.js HTTP/1.1" 200 247597
0:0:0:0:0:0:0:1 - - [17/Mar/2021:17:36:51 +0100] "GET /lib/bootstrap/bootstrap.js HTTP/1.1" 200 111390
0:0:0:0:0:0:0:1 - - [17/Mar/2021:17:36:51 +0100] "GET /lib/popper.js/popper.js HTTP/1.1" 200 81224
0:0:0:0:0:0:0:1 - - [17/Mar/2021:17:36:51 +0100] "GET /css/shamcey.css HTTP/1.1" 200 881669
0:0:0:0:0:0:0:1 - - [17/Mar/2021:17:36:51 +0100] "GET /lib/Flot/jquery.flot.resize.js HTTP/1.1" 200 3314
0:0:0:0:0:0:0:1 - - [17/Mar/2021:17:36:51 +0100] "GET /lib/perfect-scrollbar/js/perfect-scrollbar.jquery.js HTTP/1.1" 200 45611
0:0:0:0:0:0:0:1 - - [17/Mar/2021:17:36:51 +0100] "GET /lib/moment/moment.js HTTP/1.1" 200 130279
0:0:0:0:0:0:0:1 - - [17/Mar/2021:17:36:51 +0100] "GET /lib/jquery-ui/jquery-ui.js HTTP/1.1" 200 520714
0:0:0:0:0:0:0:1 - - [17/Mar/2021:17:36:51 +0100] "GET /lib/Flot/jquery.flot.js HTTP/1.1" 200 122971
0:0:0:0:0:0:0:1 - - [17/Mar/2021:17:36:51 +0100] "GET /lib/flot-spline/jquery.flot.spline.js HTTP/1.1" 200 5829
0:0:0:0:0:0:0:1 - - [17/Mar/2021:17:36:51 +0100] "GET /js/shamcey.js HTTP/1.1" 200 942
0:0:0:0:0:0:0:1 - - [17/Mar/2021:17:36:51 +0100] "GET /js/dashboard.js HTTP/1.1" 200 2706
0:0:0:0:0:0:0:1 - - [17/Mar/2021:17:36:51 +0100] "GET /img/img9.jpg HTTP/1.1" 200 18655
0:0:0:0:0:0:0:1 - - [17/Mar/2021:17:36:51 +0100] "GET /img/img8.jpg HTTP/1.1" 200 34773
0:0:0:0:0:0:0:1 - - [17/Mar/2021:17:36:51 +0100] "GET /img/img10.jpg HTTP/1.1" 200 56526
0:0:0:0:0:0:0:1 - - [17/Mar/2021:17:36:51 +0100] "GET /img/img5.jpg HTTP/1.1" 200 22122
0:0:0:0:0:0:0:1 - - [17/Mar/2021:17:36:51 +0100] "GET /img/img1.jpg HTTP/1.1" 200 33438
0:0:0:0:0:0:0:1 - - [17/Mar/2021:17:36:51 +0100] "GET /img/img2.jpg HTTP/1.1" 200 11945
0:0:0:0:0:0:0:1 - - [17/Mar/2021:17:36:51 +0100] "GET /img/img7.jpg HTTP/1.1" 200 21638
0:0:0:0:0:0:0:1 - - [17/Mar/2021:17:36:51 +0100] "GET /img/img4.jpg HTTP/1.1" 200 32013
0:0:0:0:0:0:0:1 - - [17/Mar/2021:17:36:51 +0100] "GET /img/img6.jpg HTTP/1.1" 200 16765
0:0:0:0:0:0:0:1 - - [17/Mar/2021:17:36:51 +0100] "GET /lib/font-awesome/fonts/fontawesome-webfont.woff2?v=4.7.0 HTTP/1.1" 200 77160
0:0:0:0:0:0:0:1 - - [17/Mar/2021:17:40:12 +0100] "GET / HTTP/1.1" 200 33058
0:0:0:0:0:0:0:1 - - [17/Mar/2021:17:40:12 +0100] "GET /lib/font-awesome/css/font-awesome.css HTTP/1.1" 200 37414
0:0:0:0:0:0:0:1 - - [17/Mar/2021:17:40:12 +0100] "GET /lib/perfect-scrollbar/css/perfect-scrollbar.css HTTP/1.1" 200 5594
0:0:0:0:0:0:0:1 - - [17/Mar/2021:17:40:12 +0100] "GET /css/shamcey.css HTTP/1.1" 200 881669
0:0:0:0:0:0:0:1 - - [17/Mar/2021:17:40:12 +0100] "GET /lib/popper.js/popper.js HTTP/1.1" 200 81224
0:0:0:0:0:0:0:1 - - [17/Mar/2021:17:40:12 +0100] "GET /lib/bootstrap/bootstrap.js HTTP/1.1" 200 111390
0:0:0:0:0:0:0:1 - - [17/Mar/2021:17:40:12 +0100] "GET /lib/jquery/jquery.js HTTP/1.1" 200 247597
0:0:0:0:0:0:0:1 - - [17/Mar/2021:17:40:12 +0100] "GET /lib/moment/moment.js HTTP/1.1" 200 130279
0:0:0:0:0:0:0:1 - - [17/Mar/2021:17:40:12 +0100] "GET /lib/perfect-scrollbar/js/perfect-scrollbar.jquery.js HTTP/1.1" 200 45611
0:0:0:0:0:0:0:1 - - [17/Mar/2021:17:40:12 +0100] "GET /lib/jquery-ui/jquery-ui.js HTTP/1.1" 200 520714
0:0:0:0:0:0:0:1 - - [17/Mar/2021:17:40:12 +0100] "GET /lib/Flot/jquery.flot.resize.js HTTP/1.1" 200 3314
0:0:0:0:0:0:0:1 - - [17/Mar/2021:17:40:12 +0100] "GET /lib/flot-spline/jquery.flot.spline.js HTTP/1.1" 200 5829
0:0:0:0:0:0:0:1 - - [17/Mar/2021:17:40:12 +0100] "GET /lib/Flot/jquery.flot.js HTTP/1.1" 200 122971
0:0:0:0:0:0:0:1 - - [17/Mar/2021:17:40:12 +0100] "GET /js/dashboard.js HTTP/1.1" 200 2706
0:0:0:0:0:0:0:1 - - [17/Mar/2021:17:40:12 +0100] "GET /js/shamcey.js HTTP/1.1" 200 942
0:0:0:0:0:0:0:1 - - [17/Mar/2021:17:40:12 +0100] "GET /img/img8.jpg HTTP/1.1" 200 34773
0:0:0:0:0:0:0:1 - - [17/Mar/2021:17:40:12 +0100] "GET /img/img10.jpg HTTP/1.1" 200 56526
0:0:0:0:0:0:0:1 - - [17/Mar/2021:17:40:12 +0100] "GET /img/img5.jpg HTTP/1.1" 200 22122
0:0:0:0:0:0:0:1 - - [17/Mar/2021:17:40:12 +0100] "GET /img/img9.jpg HTTP/1.1" 200 18655
0:0:0:0:0:0:0:1 - - [17/Mar/2021:17:40:12 +0100] "GET /img/img1.jpg HTTP/1.1" 200 33438
0:0:0:0:0:0:0:1 - - [17/Mar/2021:17:40:12 +0100] "GET /img/img7.jpg HTTP/1.1" 200 21638
0:0:0:0:0:0:0:1 - - [17/Mar/2021:17:40:12 +0100] "GET /img/img2.jpg HTTP/1.1" 200 11945
0:0:0:0:0:0:0:1 - - [17/Mar/2021:17:40:12 +0100] "GET /img/img6.jpg HTTP/1.1" 200 16765
0:0:0:0:0:0:0:1 - - [17/Mar/2021:17:40:12 +0100] "GET /img/img4.jpg HTTP/1.1" 200 32013
0:0:0:0:0:0:0:1 - - [17/Mar/2021:17:40:12 +0100] "GET /lib/font-awesome/fonts/fontawesome-webfont.woff2?v=4.7.0 HTTP/1.1" 200 77160
0:0:0:0:0:0:0:1 - - [17/Mar/2021:17:41:10 +0100] "GET / HTTP/1.1" 500 11835
0:0:0:0:0:0:0:1 - - [17/Mar/2021:17:41:12 +0100] "GET / HTTP/1.1" 500 11835
0:0:0:0:0:0:0:1 - - [17/Mar/2021:17:42:12 +0100] "GET / HTTP/1.1" 200 33083
0:0:0:0:0:0:0:1 - - [17/Mar/2021:17:42:12 +0100] "GET /lib/Ionicons/css/ionicons.css HTTP/1.1" 200 57193
0:0:0:0:0:0:0:1 - - [17/Mar/2021:17:42:12 +0100] "GET /lib/perfect-scrollbar/css/perfect-scrollbar.css HTTP/1.1" 200 5594
0:0:0:0:0:0:0:1 - - [17/Mar/2021:17:42:12 +0100] "GET /lib/font-awesome/css/font-awesome.css HTTP/1.1" 200 37414
0:0:0:0:0:0:0:1 - - [17/Mar/2021:17:42:12 +0100] "GET /css/shamcey.css HTTP/1.1" 200 881669
0:0:0:0:0:0:0:1 - - [17/Mar/2021:17:42:12 +0100] "GET /lib/bootstrap/bootstrap.js HTTP/1.1" 200 111390
0:0:0:0:0:0:0:1 - - [17/Mar/2021:17:42:12 +0100] "GET /lib/jquery/jquery.js HTTP/1.1" 200 247597
0:0:0:0:0:0:0:1 - - [17/Mar/2021:17:42:12 +0100] "GET /lib/perfect-scrollbar/js/perfect-scrollbar.jquery.js HTTP/1.1" 200 45611
0:0:0:0:0:0:0:1 - - [17/Mar/2021:17:42:12 +0100] "GET /lib/popper.js/popper.js HTTP/1.1" 200 81224
0:0:0:0:0:0:0:1 - - [17/Mar/2021:17:42:12 +0100] "GET /lib/jquery-ui/jquery-ui.js HTTP/1.1" 200 520714
0:0:0:0:0:0:0:1 - - [17/Mar/2021:17:42:12 +0100] "GET /lib/Flot/jquery.flot.resize.js HTTP/1.1" 200 3314
0:0:0:0:0:0:0:1 - - [17/Mar/2021:17:42:12 +0100] "GET /lib/moment/moment.js HTTP/1.1" 200 130279
0:0:0:0:0:0:0:1 - - [17/Mar/2021:17:42:12 +0100] "GET /js/shamcey.js HTTP/1.1" 200 942
0:0:0:0:0:0:0:1 - - [17/Mar/2021:17:42:12 +0100] "GET /lib/flot-spline/jquery.flot.spline.js HTTP/1.1" 200 5829
0:0:0:0:0:0:0:1 - - [17/Mar/2021:17:42:12 +0100] "GET /lib/Flot/jquery.flot.js HTTP/1.1" 200 122971
0:0:0:0:0:0:0:1 - - [17/Mar/2021:17:42:12 +0100] "GET /js/dashboard.js HTTP/1.1" 200 2706
0:0:0:0:0:0:0:1 - - [17/Mar/2021:17:42:12 +0100] "GET /img/img9.jpg HTTP/1.1" 200 18655
0:0:0:0:0:0:0:1 - - [17/Mar/2021:17:42:12 +0100] "GET /img/img5.jpg HTTP/1.1" 200 22122
0:0:0:0:0:0:0:1 - - [17/Mar/2021:17:42:12 +0100] "GET /img/img8.jpg HTTP/1.1" 200 34773
0:0:0:0:0:0:0:1 - - [17/Mar/2021:17:42:12 +0100] "GET /img/img10.jpg HTTP/1.1" 200 56526
0:0:0:0:0:0:0:1 - - [17/Mar/2021:17:42:12 +0100] "GET /img/img2.jpg HTTP/1.1" 200 11945
0:0:0:0:0:0:0:1 - - [17/Mar/2021:17:42:12 +0100] "GET /img/img1.jpg HTTP/1.1" 200 33438
0:0:0:0:0:0:0:1 - - [17/Mar/2021:17:42:12 +0100] "GET /img/img7.jpg HTTP/1.1" 200 21638
0:0:0:0:0:0:0:1 - - [17/Mar/2021:17:42:12 +0100] "GET /img/img4.jpg HTTP/1.1" 200 32013
0:0:0:0:0:0:0:1 - - [17/Mar/2021:17:42:12 +0100] "GET /img/img6.jpg HTTP/1.1" 200 16765
0:0:0:0:0:0:0:1 - - [17/Mar/2021:17:42:13 +0100] "GET /lib/font-awesome/fonts/fontawesome-webfont.woff2?v=4.7.0 HTTP/1.1" 200 77160
0:0:0:0:0:0:0:1 - - [17/Mar/2021:17:42:13 +0100] "GET /lib/Ionicons/fonts/ionicons.ttf?v=2.0.0 HTTP/1.1" 200 188508
0:0:0:0:0:0:0:1 - - [17/Mar/2021:17:42:59 +0100] "GET / HTTP/1.1" 200 33082
0:0:0:0:0:0:0:1 - - [17/Mar/2021:17:42:59 +0100] "GET /lib/perfect-scrollbar/css/perfect-scrollbar.css HTTP/1.1" 200 5594
0:0:0:0:0:0:0:1 - - [17/Mar/2021:17:42:59 +0100] "GET /lib/font-awesome/css/font-awesome.css HTTP/1.1" 200 37414
0:0:0:0:0:0:0:1 - - [17/Mar/2021:17:42:59 +0100] "GET /lib/Ionicons/css/ionicons.css HTTP/1.1" 200 57193
0:0:0:0:0:0:0:1 - - [17/Mar/2021:17:42:59 +0100] "GET /css/shamcey.css HTTP/1.1" 200 881669
0:0:0:0:0:0:0:1 - - [17/Mar/2021:17:42:59 +0100] "GET /lib/popper.js/popper.js HTTP/1.1" 200 81224
0:0:0:0:0:0:0:1 - - [17/Mar/2021:17:42:59 +0100] "GET /lib/bootstrap/bootstrap.js HTTP/1.1" 200 111390
0:0:0:0:0:0:0:1 - - [17/Mar/2021:17:42:59 +0100] "GET /lib/perfect-scrollbar/js/perfect-scrollbar.jquery.js HTTP/1.1" 200 45611
0:0:0:0:0:0:0:1 - - [17/Mar/2021:17:42:59 +0100] "GET /lib/jquery/jquery.js HTTP/1.1" 200 247597
0:0:0:0:0:0:0:1 - - [17/Mar/2021:17:42:59 +0100] "GET /lib/jquery-ui/jquery-ui.js HTTP/1.1" 200 520714
0:0:0:0:0:0:0:1 - - [17/Mar/2021:17:42:59 +0100] "GET /lib/flot-spline/jquery.flot.spline.js HTTP/1.1" 200 5829
0:0:0:0:0:0:0:1 - - [17/Mar/2021:17:42:59 +0100] "GET /lib/Flot/jquery.flot.resize.js HTTP/1.1" 200 3314
0:0:0:0:0:0:0:1 - - [17/Mar/2021:17:42:59 +0100] "GET /lib/Flot/jquery.flot.js HTTP/1.1" 200 122971
0:0:0:0:0:0:0:1 - - [17/Mar/2021:17:42:59 +0100] "GET /lib/moment/moment.js HTTP/1.1" 200 130279
0:0:0:0:0:0:0:1 - - [17/Mar/2021:17:42:59 +0100] "GET /js/shamcey.js HTTP/1.1" 200 942
0:0:0:0:0:0:0:1 - - [17/Mar/2021:17:42:59 +0100] "GET /js/dashboard.js HTTP/1.1" 200 2706
0:0:0:0:0:0:0:1 - - [17/Mar/2021:17:42:59 +0100] "GET /img/img8.jpg HTTP/1.1" 200 34773
0:0:0:0:0:0:0:1 - - [17/Mar/2021:17:42:59 +0100] "GET /img/img10.jpg HTTP/1.1" 200 56526
0:0:0:0:0:0:0:1 - - [17/Mar/2021:17:42:59 +0100] "GET /img/img9.jpg HTTP/1.1" 200 18655
0:0:0:0:0:0:0:1 - - [17/Mar/2021:17:42:59 +0100] "GET /img/img5.jpg HTTP/1.1" 200 22122
0:0:0:0:0:0:0:1 - - [17/Mar/2021:17:42:59 +0100] "GET /img/img7.jpg HTTP/1.1" 200 21638
0:0:0:0:0:0:0:1 - - [17/Mar/2021:17:42:59 +0100] "GET /img/img1.jpg HTTP/1.1" 200 33438
0:0:0:0:0:0:0:1 - - [17/Mar/2021:17:42:59 +0100] "GET /img/img2.jpg HTTP/1.1" 200 11945
0:0:0:0:0:0:0:1 - - [17/Mar/2021:17:42:59 +0100] "GET /img/img6.jpg HTTP/1.1" 200 16765
0:0:0:0:0:0:0:1 - - [17/Mar/2021:17:42:59 +0100] "GET /img/img4.jpg HTTP/1.1" 200 32013
0:0:0:0:0:0:0:1 - - [17/Mar/2021:17:42:59 +0100] "GET /lib/font-awesome/fonts/fontawesome-webfont.woff2?v=4.7.0 HTTP/1.1" 200 77160
0:0:0:0:0:0:0:1 - - [17/Mar/2021:17:42:59 +0100] "GET /lib/Ionicons/fonts/ionicons.ttf?v=2.0.0 HTTP/1.1" 200 188508
0:0:0:0:0:0:0:1 - - [17/Mar/2021:17:43:15 +0100] "GET / HTTP/1.1" 200 33082
0:0:0:0:0:0:0:1 - - [17/Mar/2021:17:43:15 +0100] "GET /lib/Ionicons/css/ionicons.css HTTP/1.1" 200 57193
0:0:0:0:0:0:0:1 - - [17/Mar/2021:17:43:15 +0100] "GET /lib/font-awesome/css/font-awesome.css HTTP/1.1" 200 37414
0:0:0:0:0:0:0:1 - - [17/Mar/2021:17:43:15 +0100] "GET /lib/perfect-scrollbar/css/perfect-scrollbar.css HTTP/1.1" 200 5594
0:0:0:0:0:0:0:1 - - [17/Mar/2021:17:43:15 +0100] "GET /css/shamcey.css HTTP/1.1" 200 881669
0:0:0:0:0:0:0:1 - - [17/Mar/2021:17:43:15 +0100] "GET /lib/bootstrap/bootstrap.js HTTP/1.1" 200 111390
0:0:0:0:0:0:0:1 - - [17/Mar/2021:17:43:15 +0100] "GET /lib/jquery/jquery.js HTTP/1.1" 200 247597
0:0:0:0:0:0:0:1 - - [17/Mar/2021:17:43:15 +0100] "GET /lib/popper.js/popper.js HTTP/1.1" 200 81224
0:0:0:0:0:0:0:1 - - [17/Mar/2021:17:43:15 +0100] "GET /lib/Flot/jquery.flot.js HTTP/1.1" 200 122971
0:0:0:0:0:0:0:1 - - [17/Mar/2021:17:43:15 +0100] "GET /lib/perfect-scrollbar/js/perfect-scrollbar.jquery.js HTTP/1.1" 200 45611
0:0:0:0:0:0:0:1 - - [17/Mar/2021:17:43:15 +0100] "GET /lib/Flot/jquery.flot.resize.js HTTP/1.1" 200 3314
0:0:0:0:0:0:0:1 - - [17/Mar/2021:17:43:15 +0100] "GET /lib/moment/moment.js HTTP/1.1" 200 130279
0:0:0:0:0:0:0:1 - - [17/Mar/2021:17:43:15 +0100] "GET /img/img8.jpg HTTP/1.1" 200 34773
0:0:0:0:0:0:0:1 - - [17/Mar/2021:17:43:15 +0100] "GET /lib/jquery-ui/jquery-ui.js HTTP/1.1" 200 520714
0:0:0:0:0:0:0:1 - - [17/Mar/2021:17:43:15 +0100] "GET /js/shamcey.js HTTP/1.1" 200 942
0:0:0:0:0:0:0:1 - - [17/Mar/2021:17:43:15 +0100] "GET /lib/flot-spline/jquery.flot.spline.js HTTP/1.1" 200 5829
0:0:0:0:0:0:0:1 - - [17/Mar/2021:17:43:15 +0100] "GET /js/dashboard.js HTTP/1.1" 200 2706
0:0:0:0:0:0:0:1 - - [17/Mar/2021:17:43:15 +0100] "GET /img/img5.jpg HTTP/1.1" 200 22122
0:0:0:0:0:0:0:1 - - [17/Mar/2021:17:43:15 +0100] "GET /img/img9.jpg HTTP/1.1" 200 18655
0:0:0:0:0:0:0:1 - - [17/Mar/2021:17:43:15 +0100] "GET /img/img10.jpg HTTP/1.1" 200 56526
0:0:0:0:0:0:0:1 - - [17/Mar/2021:17:43:15 +0100] "GET /img/img1.jpg HTTP/1.1" 200 33438
0:0:0:0:0:0:0:1 - - [17/Mar/2021:17:43:15 +0100] "GET /img/img7.jpg HTTP/1.1" 200 21638
0:0:0:0:0:0:0:1 - - [17/Mar/2021:17:43:15 +0100] "GET /img/img2.jpg HTTP/1.1" 200 11945
0:0:0:0:0:0:0:1 - - [17/Mar/2021:17:43:15 +0100] "GET /img/img4.jpg HTTP/1.1" 200 32013
0:0:0:0:0:0:0:1 - - [17/Mar/2021:17:43:15 +0100] "GET /img/img6.jpg HTTP/1.1" 200 16765
0:0:0:0:0:0:0:1 - - [17/Mar/2021:17:43:15 +0100] "GET /lib/Ionicons/fonts/ionicons.ttf?v=2.0.0 HTTP/1.1" 200 188508
0:0:0:0:0:0:0:1 - - [17/Mar/2021:17:43:15 +0100] "GET /lib/font-awesome/fonts/fontawesome-webfont.woff2?v=4.7.0 HTTP/1.1" 200 77160
0:0:0:0:0:0:0:1 - - [17/Mar/2021:17:43:49 +0100] "GET / HTTP/1.1" 200 33081
0:0:0:0:0:0:0:1 - - [17/Mar/2021:17:43:49 +0100] "GET /lib/font-awesome/css/font-awesome.css HTTP/1.1" 200 37414
0:0:0:0:0:0:0:1 - - [17/Mar/2021:17:43:49 +0100] "GET /lib/Ionicons/css/ionicons.css HTTP/1.1" 200 57193
0:0:0:0:0:0:0:1 - - [17/Mar/2021:17:43:49 +0100] "GET /lib/perfect-scrollbar/css/perfect-scrollbar.css HTTP/1.1" 200 5594
0:0:0:0:0:0:0:1 - - [17/Mar/2021:17:43:49 +0100] "GET /css/shamcey.css HTTP/1.1" 200 881669
0:0:0:0:0:0:0:1 - - [17/Mar/2021:17:43:49 +0100] "GET /lib/perfect-scrollbar/js/perfect-scrollbar.jquery.js HTTP/1.1" 200 45611
0:0:0:0:0:0:0:1 - - [17/Mar/2021:17:43:49 +0100] "GET /lib/popper.js/popper.js HTTP/1.1" 200 81224
0:0:0:0:0:0:0:1 - - [17/Mar/2021:17:43:49 +0100] "GET /lib/bootstrap/bootstrap.js HTTP/1.1" 200 111390
0:0:0:0:0:0:0:1 - - [17/Mar/2021:17:43:49 +0100] "GET /lib/jquery/jquery.js HTTP/1.1" 200 247597
0:0:0:0:0:0:0:1 - - [17/Mar/2021:17:43:49 +0100] "GET /lib/jquery-ui/jquery-ui.js HTTP/1.1" 200 520714
0:0:0:0:0:0:0:1 - - [17/Mar/2021:17:43:49 +0100] "GET /lib/moment/moment.js HTTP/1.1" 200 130279
0:0:0:0:0:0:0:1 - - [17/Mar/2021:17:43:49 +0100] "GET /lib/Flot/jquery.flot.resize.js HTTP/1.1" 200 3314
0:0:0:0:0:0:0:1 - - [17/Mar/2021:17:43:49 +0100] "GET /lib/Flot/jquery.flot.js HTTP/1.1" 200 122971
0:0:0:0:0:0:0:1 - - [17/Mar/2021:17:43:49 +0100] "GET /lib/flot-spline/jquery.flot.spline.js HTTP/1.1" 200 5829
0:0:0:0:0:0:0:1 - - [17/Mar/2021:17:43:49 +0100] "GET /js/shamcey.js HTTP/1.1" 200 942
0:0:0:0:0:0:0:1 - - [17/Mar/2021:17:43:49 +0100] "GET /img/img8.jpg HTTP/1.1" 200 34773
0:0:0:0:0:0:0:1 - - [17/Mar/2021:17:43:49 +0100] "GET /img/img9.jpg HTTP/1.1" 200 18655
0:0:0:0:0:0:0:1 - - [17/Mar/2021:17:43:49 +0100] "GET /js/dashboard.js HTTP/1.1" 200 2706
0:0:0:0:0:0:0:1 - - [17/Mar/2021:17:43:49 +0100] "GET /img/img10.jpg HTTP/1.1" 200 56526
0:0:0:0:0:0:0:1 - - [17/Mar/2021:17:43:49 +0100] "GET /img/img5.jpg HTTP/1.1" 200 22122
0:0:0:0:0:0:0:1 - - [17/Mar/2021:17:43:49 +0100] "GET /img/img2.jpg HTTP/1.1" 200 11945
0:0:0:0:0:0:0:1 - - [17/Mar/2021:17:43:49 +0100] "GET /img/img7.jpg HTTP/1.1" 200 21638
0:0:0:0:0:0:0:1 - - [17/Mar/2021:17:43:49 +0100] "GET /img/img4.jpg HTTP/1.1" 200 32013
0:0:0:0:0:0:0:1 - - [17/Mar/2021:17:43:49 +0100] "GET /img/img1.jpg HTTP/1.1" 200 33438
0:0:0:0:0:0:0:1 - - [17/Mar/2021:17:43:49 +0100] "GET /img/img6.jpg HTTP/1.1" 200 16765
0:0:0:0:0:0:0:1 - - [17/Mar/2021:17:43:49 +0100] "GET /lib/Ionicons/fonts/ionicons.ttf?v=2.0.0 HTTP/1.1" 200 188508
0:0:0:0:0:0:0:1 - - [17/Mar/2021:17:43:49 +0100] "GET /lib/font-awesome/fonts/fontawesome-webfont.woff2?v=4.7.0 HTTP/1.1" 200 77160
0:0:0:0:0:0:0:1 - - [17/Mar/2021:17:44:11 +0100] "GET / HTTP/1.1" 200 33081
0:0:0:0:0:0:0:1 - - [17/Mar/2021:17:44:11 +0100] "GET /lib/font-awesome/css/font-awesome.css HTTP/1.1" 200 37414
0:0:0:0:0:0:0:1 - - [17/Mar/2021:17:44:11 +0100] "GET /lib/perfect-scrollbar/css/perfect-scrollbar.css HTTP/1.1" 200 5594
0:0:0:0:0:0:0:1 - - [17/Mar/2021:17:44:11 +0100] "GET /lib/Ionicons/css/ionicons.css HTTP/1.1" 200 57193
0:0:0:0:0:0:0:1 - - [17/Mar/2021:17:44:11 +0100] "GET /css/shamcey.css HTTP/1.1" 200 881669
0:0:0:0:0:0:0:1 - - [17/Mar/2021:17:44:11 +0100] "GET /lib/perfect-scrollbar/js/perfect-scrollbar.jquery.js HTTP/1.1" 200 45611
0:0:0:0:0:0:0:1 - - [17/Mar/2021:17:44:11 +0100] "GET /lib/popper.js/popper.js HTTP/1.1" 200 81224
0:0:0:0:0:0:0:1 - - [17/Mar/2021:17:44:11 +0100] "GET /lib/bootstrap/bootstrap.js HTTP/1.1" 200 111390
0:0:0:0:0:0:0:1 - - [17/Mar/2021:17:44:11 +0100] "GET /lib/jquery/jquery.js HTTP/1.1" 200 247597
0:0:0:0:0:0:0:1 - - [17/Mar/2021:17:44:11 +0100] "GET /lib/jquery-ui/jquery-ui.js HTTP/1.1" 200 520714
0:0:0:0:0:0:0:1 - - [17/Mar/2021:17:44:11 +0100] "GET /lib/Flot/jquery.flot.resize.js HTTP/1.1" 200 3314
0:0:0:0:0:0:0:1 - - [17/Mar/2021:17:44:11 +0100] "GET /lib/flot-spline/jquery.flot.spline.js HTTP/1.1" 200 5829
0:0:0:0:0:0:0:1 - - [17/Mar/2021:17:44:11 +0100] "GET /lib/moment/moment.js HTTP/1.1" 200 130279
0:0:0:0:0:0:0:1 - - [17/Mar/2021:17:44:11 +0100] "GET /lib/Flot/jquery.flot.js HTTP/1.1" 200 122971
0:0:0:0:0:0:0:1 - - [17/Mar/2021:17:44:11 +0100] "GET /js/shamcey.js HTTP/1.1" 200 942
0:0:0:0:0:0:0:1 - - [17/Mar/2021:17:44:11 +0100] "GET /js/dashboard.js HTTP/1.1" 200 2706
0:0:0:0:0:0:0:1 - - [17/Mar/2021:17:44:11 +0100] "GET /img/img8.jpg HTTP/1.1" 200 34773
0:0:0:0:0:0:0:1 - - [17/Mar/2021:17:44:11 +0100] "GET /img/img5.jpg HTTP/1.1" 200 22122
0:0:0:0:0:0:0:1 - - [17/Mar/2021:17:44:11 +0100] "GET /img/img9.jpg HTTP/1.1" 200 18655
0:0:0:0:0:0:0:1 - - [17/Mar/2021:17:44:11 +0100] "GET /img/img10.jpg HTTP/1.1" 200 56526
0:0:0:0:0:0:0:1 - - [17/Mar/2021:17:44:11 +0100] "GET /img/img1.jpg HTTP/1.1" 200 33438
0:0:0:0:0:0:0:1 - - [17/Mar/2021:17:44:11 +0100] "GET /img/img2.jpg HTTP/1.1" 200 11945
0:0:0:0:0:0:0:1 - - [17/Mar/2021:17:44:11 +0100] "GET /img/img7.jpg HTTP/1.1" 200 21638
0:0:0:0:0:0:0:1 - - [17/Mar/2021:17:44:11 +0100] "GET /img/img6.jpg HTTP/1.1" 200 16765
0:0:0:0:0:0:0:1 - - [17/Mar/2021:17:44:11 +0100] "GET /img/img4.jpg HTTP/1.1" 200 32013
0:0:0:0:0:0:0:1 - - [17/Mar/2021:17:44:11 +0100] "GET /lib/font-awesome/fonts/fontawesome-webfont.woff2?v=4.7.0 HTTP/1.1" 200 77160
0:0:0:0:0:0:0:1 - - [17/Mar/2021:17:44:11 +0100] "GET /lib/Ionicons/fonts/ionicons.ttf?v=2.0.0 HTTP/1.1" 200 188508
0:0:0:0:0:0:0:1 - - [17/Mar/2021:17:44:50 +0100] "GET / HTTP/1.1" 200 33081
0:0:0:0:0:0:0:1 - - [17/Mar/2021:17:44:50 +0100] "GET /lib/perfect-scrollbar/css/perfect-scrollbar.css HTTP/1.1" 200 5594
0:0:0:0:0:0:0:1 - - [17/Mar/2021:17:44:50 +0100] "GET /lib/font-awesome/css/font-awesome.css HTTP/1.1" 200 37414
0:0:0:0:0:0:0:1 - - [17/Mar/2021:17:44:50 +0100] "GET /lib/Ionicons/css/ionicons.css HTTP/1.1" 200 57193
0:0:0:0:0:0:0:1 - - [17/Mar/2021:17:44:50 +0100] "GET /lib/jquery/jquery.js HTTP/1.1" 200 247597
0:0:0:0:0:0:0:1 - - [17/Mar/2021:17:44:50 +0100] "GET /css/shamcey.css HTTP/1.1" 200 881669
0:0:0:0:0:0:0:1 - - [17/Mar/2021:17:44:50 +0100] "GET /lib/popper.js/popper.js HTTP/1.1" 200 81224
0:0:0:0:0:0:0:1 - - [17/Mar/2021:17:44:50 +0100] "GET /lib/bootstrap/bootstrap.js HTTP/1.1" 200 111390
0:0:0:0:0:0:0:1 - - [17/Mar/2021:17:44:50 +0100] "GET /lib/perfect-scrollbar/js/perfect-scrollbar.jquery.js HTTP/1.1" 200 45611
0:0:0:0:0:0:0:1 - - [17/Mar/2021:17:44:50 +0100] "GET /lib/moment/moment.js HTTP/1.1" 200 130279
0:0:0:0:0:0:0:1 - - [17/Mar/2021:17:44:50 +0100] "GET /lib/jquery-ui/jquery-ui.js HTTP/1.1" 200 520714
0:0:0:0:0:0:0:1 - - [17/Mar/2021:17:44:51 +0100] "GET /lib/Flot/jquery.flot.js HTTP/1.1" 200 122971
0:0:0:0:0:0:0:1 - - [17/Mar/2021:17:44:51 +0100] "GET /lib/Flot/jquery.flot.resize.js HTTP/1.1" 200 3314
0:0:0:0:0:0:0:1 - - [17/Mar/2021:17:44:51 +0100] "GET /lib/flot-spline/jquery.flot.spline.js HTTP/1.1" 200 5829
0:0:0:0:0:0:0:1 - - [17/Mar/2021:17:44:51 +0100] "GET /js/dashboard.js HTTP/1.1" 200 2706
0:0:0:0:0:0:0:1 - - [17/Mar/2021:17:44:51 +0100] "GET /js/shamcey.js HTTP/1.1" 200 942
0:0:0:0:0:0:0:1 - - [17/Mar/2021:17:44:51 +0100] "GET /img/img8.jpg HTTP/1.1" 200 34773
0:0:0:0:0:0:0:1 - - [17/Mar/2021:17:44:51 +0100] "GET /img/img9.jpg HTTP/1.1" 200 18655
0:0:0:0:0:0:0:1 - - [17/Mar/2021:17:44:51 +0100] "GET /img/img10.jpg HTTP/1.1" 200 56526
0:0:0:0:0:0:0:1 - - [17/Mar/2021:17:44:51 +0100] "GET /img/img5.jpg HTTP/1.1" 200 22122
0:0:0:0:0:0:0:1 - - [17/Mar/2021:17:44:51 +0100] "GET /img/img1.jpg HTTP/1.1" 200 33438
0:0:0:0:0:0:0:1 - - [17/Mar/2021:17:44:51 +0100] "GET /img/img7.jpg HTTP/1.1" 200 21638
0:0:0:0:0:0:0:1 - - [17/Mar/2021:17:44:51 +0100] "GET /img/img2.jpg HTTP/1.1" 200 11945
0:0:0:0:0:0:0:1 - - [17/Mar/2021:17:44:51 +0100] "GET /img/img4.jpg HTTP/1.1" 200 32013
0:0:0:0:0:0:0:1 - - [17/Mar/2021:17:44:51 +0100] "GET /img/img6.jpg HTTP/1.1" 200 16765
0:0:0:0:0:0:0:1 - - [17/Mar/2021:17:44:51 +0100] "GET /lib/Ionicons/fonts/ionicons.ttf?v=2.0.0 HTTP/1.1" 200 188508
0:0:0:0:0:0:0:1 - - [17/Mar/2021:17:44:51 +0100] "GET /lib/font-awesome/fonts/fontawesome-webfont.woff2?v=4.7.0 HTTP/1.1" 200 77160
0:0:0:0:0:0:0:1 - - [17/Mar/2021:17:49:18 +0100] "GET / HTTP/1.1" 200 33085
0:0:0:0:0:0:0:1 - - [17/Mar/2021:17:49:18 +0100] "GET /lib/Ionicons/css/ionicons.css HTTP/1.1" 200 57193
0:0:0:0:0:0:0:1 - - [17/Mar/2021:17:49:18 +0100] "GET /lib/font-awesome/css/font-awesome.css HTTP/1.1" 200 37414
0:0:0:0:0:0:0:1 - - [17/Mar/2021:17:49:18 +0100] "GET /lib/perfect-scrollbar/css/perfect-scrollbar.css HTTP/1.1" 200 5594
0:0:0:0:0:0:0:1 - - [17/Mar/2021:17:49:18 +0100] "GET /css/shamcey.css HTTP/1.1" 200 881669
0:0:0:0:0:0:0:1 - - [17/Mar/2021:17:49:18 +0100] "GET /lib/popper.js/popper.js HTTP/1.1" 200 81224
0:0:0:0:0:0:0:1 - - [17/Mar/2021:17:49:18 +0100] "GET /lib/bootstrap/bootstrap.js HTTP/1.1" 200 111390
0:0:0:0:0:0:0:1 - - [17/Mar/2021:17:49:18 +0100] "GET /lib/jquery/jquery.js HTTP/1.1" 200 247597
0:0:0:0:0:0:0:1 - - [17/Mar/2021:17:49:18 +0100] "GET /lib/Flot/jquery.flot.resize.js HTTP/1.1" 200 3314
0:0:0:0:0:0:0:1 - - [17/Mar/2021:17:49:18 +0100] "GET /lib/moment/moment.js HTTP/1.1" 200 130279
0:0:0:0:0:0:0:1 - - [17/Mar/2021:17:49:18 +0100] "GET /lib/perfect-scrollbar/js/perfect-scrollbar.jquery.js HTTP/1.1" 200 45611
0:0:0:0:0:0:0:1 - - [17/Mar/2021:17:49:18 +0100] "GET /lib/Flot/jquery.flot.js HTTP/1.1" 200 122971
0:0:0:0:0:0:0:1 - - [17/Mar/2021:17:49:18 +0100] "GET /lib/jquery-ui/jquery-ui.js HTTP/1.1" 200 520714
0:0:0:0:0:0:0:1 - - [17/Mar/2021:17:49:18 +0100] "GET /lib/flot-spline/jquery.flot.spline.js HTTP/1.1" 200 5829
0:0:0:0:0:0:0:1 - - [17/Mar/2021:17:49:18 +0100] "GET /img/img8.jpg HTTP/1.1" 200 34773
0:0:0:0:0:0:0:1 - - [17/Mar/2021:17:49:18 +0100] "GET /img/img9.jpg HTTP/1.1" 200 18655
0:0:0:0:0:0:0:1 - - [17/Mar/2021:17:49:18 +0100] "GET /js/shamcey.js HTTP/1.1" 200 942
0:0:0:0:0:0:0:1 - - [17/Mar/2021:17:49:18 +0100] "GET /js/dashboard.js HTTP/1.1" 200 2706
0:0:0:0:0:0:0:1 - - [17/Mar/2021:17:49:18 +0100] "GET /img/img10.jpg HTTP/1.1" 200 56526
0:0:0:0:0:0:0:1 - - [17/Mar/2021:17:49:18 +0100] "GET /img/img5.jpg HTTP/1.1" 200 22122
0:0:0:0:0:0:0:1 - - [17/Mar/2021:17:49:18 +0100] "GET /img/img7.jpg HTTP/1.1" 200 21638
0:0:0:0:0:0:0:1 - - [17/Mar/2021:17:49:18 +0100] "GET /img/img1.jpg HTTP/1.1" 200 33438
0:0:0:0:0:0:0:1 - - [17/Mar/2021:17:49:18 +0100] "GET /img/img2.jpg HTTP/1.1" 200 11945
0:0:0:0:0:0:0:1 - - [17/Mar/2021:17:49:18 +0100] "GET /img/img4.jpg HTTP/1.1" 200 32013
0:0:0:0:0:0:0:1 - - [17/Mar/2021:17:49:18 +0100] "GET /img/img6.jpg HTTP/1.1" 200 16765
0:0:0:0:0:0:0:1 - - [17/Mar/2021:17:49:18 +0100] "GET /lib/font-awesome/fonts/fontawesome-webfont.woff2?v=4.7.0 HTTP/1.1" 200 77160
0:0:0:0:0:0:0:1 - - [17/Mar/2021:17:49:18 +0100] "GET /lib/Ionicons/fonts/ionicons.ttf?v=2.0.0 HTTP/1.1" 200 188508
0:0:0:0:0:0:0:1 - - [17/Mar/2021:17:51:39 +0100] "GET /index.html HTTP/1.1" 200 363
0:0:0:0:0:0:0:1 - - [17/Mar/2021:17:51:39 +0100] "GET /app/index.html HTTP/1.1" 404 306
0:0:0:0:0:0:0:1 - - [17/Mar/2021:17:51:41 +0100] "GET / HTTP/1.1" 200 33085
0:0:0:0:0:0:0:1 - - [17/Mar/2021:17:51:41 +0100] "GET /lib/Ionicons/css/ionicons.css HTTP/1.1" 200 57193
0:0:0:0:0:0:0:1 - - [17/Mar/2021:17:51:41 +0100] "GET /lib/font-awesome/css/font-awesome.css HTTP/1.1" 200 37414
0:0:0:0:0:0:0:1 - - [17/Mar/2021:17:51:41 +0100] "GET /lib/perfect-scrollbar/css/perfect-scrollbar.css HTTP/1.1" 200 5594
0:0:0:0:0:0:0:1 - - [17/Mar/2021:17:51:41 +0100] "GET /css/shamcey.css HTTP/1.1" 200 881669
0:0:0:0:0:0:0:1 - - [17/Mar/2021:17:51:41 +0100] "GET /lib/popper.js/popper.js HTTP/1.1" 200 81224
0:0:0:0:0:0:0:1 - - [17/Mar/2021:17:51:41 +0100] "GET /lib/bootstrap/bootstrap.js HTTP/1.1" 200 111390
0:0:0:0:0:0:0:1 - - [17/Mar/2021:17:51:41 +0100] "GET /lib/jquery-ui/jquery-ui.js HTTP/1.1" 200 520714
0:0:0:0:0:0:0:1 - - [17/Mar/2021:17:51:41 +0100] "GET /lib/jquery/jquery.js HTTP/1.1" 200 247597
0:0:0:0:0:0:0:1 - - [17/Mar/2021:17:51:41 +0100] "GET /lib/moment/moment.js HTTP/1.1" 200 130279
0:0:0:0:0:0:0:1 - - [17/Mar/2021:17:51:41 +0100] "GET /lib/perfect-scrollbar/js/perfect-scrollbar.jquery.js HTTP/1.1" 200 45611
0:0:0:0:0:0:0:1 - - [17/Mar/2021:17:51:41 +0100] "GET /lib/Flot/jquery.flot.js HTTP/1.1" 200 122971
0:0:0:0:0:0:0:1 - - [17/Mar/2021:17:51:41 +0100] "GET /js/dashboard.js HTTP/1.1" 200 2706
0:0:0:0:0:0:0:1 - - [17/Mar/2021:17:51:41 +0100] "GET /js/shamcey.js HTTP/1.1" 200 942
0:0:0:0:0:0:0:1 - - [17/Mar/2021:17:51:41 +0100] "GET /lib/flot-spline/jquery.flot.spline.js HTTP/1.1" 200 5829
0:0:0:0:0:0:0:1 - - [17/Mar/2021:17:51:41 +0100] "GET /lib/Flot/jquery.flot.resize.js HTTP/1.1" 200 3314
0:0:0:0:0:0:0:1 - - [17/Mar/2021:17:52:05 +0100] "GET / HTTP/1.1" 200 33084
0:0:0:0:0:0:0:1 - - [17/Mar/2021:17:52:05 +0100] "GET /lib/perfect-scrollbar/css/perfect-scrollbar.css HTTP/1.1" 200 5594
0:0:0:0:0:0:0:1 - - [17/Mar/2021:17:52:05 +0100] "GET /lib/Ionicons/css/ionicons.css HTTP/1.1" 200 57193
0:0:0:0:0:0:0:1 - - [17/Mar/2021:17:52:05 +0100] "GET /lib/font-awesome/css/font-awesome.css HTTP/1.1" 200 37414
0:0:0:0:0:0:0:1 - - [17/Mar/2021:17:52:05 +0100] "GET /css/shamcey.css HTTP/1.1" 200 881669
0:0:0:0:0:0:0:1 - - [17/Mar/2021:17:52:05 +0100] "GET /lib/popper.js/popper.js HTTP/1.1" 200 81224
0:0:0:0:0:0:0:1 - - [17/Mar/2021:17:52:05 +0100] "GET /lib/perfect-scrollbar/js/perfect-scrollbar.jquery.js HTTP/1.1" 200 45611
0:0:0:0:0:0:0:1 - - [17/Mar/2021:17:52:05 +0100] "GET /lib/bootstrap/bootstrap.js HTTP/1.1" 200 111390
0:0:0:0:0:0:0:1 - - [17/Mar/2021:17:52:05 +0100] "GET /lib/jquery/jquery.js HTTP/1.1" 200 247597
0:0:0:0:0:0:0:1 - - [17/Mar/2021:17:52:05 +0100] "GET /lib/jquery-ui/jquery-ui.js HTTP/1.1" 200 520714
0:0:0:0:0:0:0:1 - - [17/Mar/2021:17:52:05 +0100] "GET /lib/flot-spline/jquery.flot.spline.js HTTP/1.1" 200 5829
0:0:0:0:0:0:0:1 - - [17/Mar/2021:17:52:05 +0100] "GET /lib/moment/moment.js HTTP/1.1" 200 130279
0:0:0:0:0:0:0:1 - - [17/Mar/2021:17:52:05 +0100] "GET /js/shamcey.js HTTP/1.1" 200 942
0:0:0:0:0:0:0:1 - - [17/Mar/2021:17:52:05 +0100] "GET /lib/Flot/jquery.flot.js HTTP/1.1" 200 122971
0:0:0:0:0:0:0:1 - - [17/Mar/2021:17:52:05 +0100] "GET /lib/Flot/jquery.flot.resize.js HTTP/1.1" 200 3314
0:0:0:0:0:0:0:1 - - [17/Mar/2021:17:52:05 +0100] "GET /img/img8.jpg HTTP/1.1" 200 34773
0:0:0:0:0:0:0:1 - - [17/Mar/2021:17:52:05 +0100] "GET /img/img10.jpg HTTP/1.1" 200 56526
0:0:0:0:0:0:0:1 - - [17/Mar/2021:17:52:05 +0100] "GET /img/img9.jpg HTTP/1.1" 200 18655
0:0:0:0:0:0:0:1 - - [17/Mar/2021:17:52:05 +0100] "GET /js/dashboard.js HTTP/1.1" 200 2706
0:0:0:0:0:0:0:1 - - [17/Mar/2021:17:52:05 +0100] "GET /img/img5.jpg HTTP/1.1" 200 22122
0:0:0:0:0:0:0:1 - - [17/Mar/2021:17:52:05 +0100] "GET /img/img1.jpg HTTP/1.1" 200 33438
0:0:0:0:0:0:0:1 - - [17/Mar/2021:17:52:05 +0100] "GET /img/img7.jpg HTTP/1.1" 200 21638
0:0:0:0:0:0:0:1 - - [17/Mar/2021:17:52:05 +0100] "GET /img/img2.jpg HTTP/1.1" 200 11945
0:0:0:0:0:0:0:1 - - [17/Mar/2021:17:52:05 +0100] "GET /img/img6.jpg HTTP/1.1" 200 16765
0:0:0:0:0:0:0:1 - - [17/Mar/2021:17:52:05 +0100] "GET /img/img4.jpg HTTP/1.1" 200 32013
0:0:0:0:0:0:0:1 - - [17/Mar/2021:17:52:05 +0100] "GET /lib/font-awesome/fonts/fontawesome-webfont.woff2?v=4.7.0 HTTP/1.1" 200 77160
0:0:0:0:0:0:0:1 - - [17/Mar/2021:17:52:05 +0100] "GET /lib/Ionicons/fonts/ionicons.ttf?v=2.0.0 HTTP/1.1" 200 188508
0:0:0:0:0:0:0:1 - - [17/Mar/2021:17:53:48 +0100] "GET / HTTP/1.1" 200 27470
0:0:0:0:0:0:0:1 - - [17/Mar/2021:17:53:48 +0100] "GET /lib/perfect-scrollbar/css/perfect-scrollbar.css HTTP/1.1" 200 5594
0:0:0:0:0:0:0:1 - - [17/Mar/2021:17:53:48 +0100] "GET /lib/Ionicons/css/ionicons.css HTTP/1.1" 200 57193
0:0:0:0:0:0:0:1 - - [17/Mar/2021:17:53:48 +0100] "GET /lib/font-awesome/css/font-awesome.css HTTP/1.1" 200 37414
0:0:0:0:0:0:0:1 - - [17/Mar/2021:17:53:48 +0100] "GET /css/shamcey.css HTTP/1.1" 200 881669
0:0:0:0:0:0:0:1 - - [17/Mar/2021:17:53:48 +0100] "GET /lib/popper.js/popper.js HTTP/1.1" 200 81224
0:0:0:0:0:0:0:1 - - [17/Mar/2021:17:53:48 +0100] "GET /lib/bootstrap/bootstrap.js HTTP/1.1" 200 111390
0:0:0:0:0:0:0:1 - - [17/Mar/2021:17:53:48 +0100] "GET /lib/jquery/jquery.js HTTP/1.1" 200 247597
0:0:0:0:0:0:0:1 - - [17/Mar/2021:17:53:48 +0100] "GET /lib/perfect-scrollbar/js/perfect-scrollbar.jquery.js HTTP/1.1" 200 45611
0:0:0:0:0:0:0:1 - - [17/Mar/2021:17:53:48 +0100] "GET /lib/Flot/jquery.flot.resize.js HTTP/1.1" 200 3314
0:0:0:0:0:0:0:1 - - [17/Mar/2021:17:53:48 +0100] "GET /lib/moment/moment.js HTTP/1.1" 200 130279
0:0:0:0:0:0:0:1 - - [17/Mar/2021:17:53:48 +0100] "GET /lib/Flot/jquery.flot.js HTTP/1.1" 200 122971
0:0:0:0:0:0:0:1 - - [17/Mar/2021:17:53:48 +0100] "GET /lib/jquery-ui/jquery-ui.js HTTP/1.1" 200 520714
0:0:0:0:0:0:0:1 - - [17/Mar/2021:17:53:48 +0100] "GET /lib/flot-spline/jquery.flot.spline.js HTTP/1.1" 200 5829
0:0:0:0:0:0:0:1 - - [17/Mar/2021:17:53:48 +0100] "GET /img/img8.jpg HTTP/1.1" 200 34773
0:0:0:0:0:0:0:1 - - [17/Mar/2021:17:53:48 +0100] "GET /js/shamcey.js HTTP/1.1" 200 942
0:0:0:0:0:0:0:1 - - [17/Mar/2021:17:53:48 +0100] "GET /img/img9.jpg HTTP/1.1" 200 18655
0:0:0:0:0:0:0:1 - - [17/Mar/2021:17:53:48 +0100] "GET /js/dashboard.js HTTP/1.1" 200 2706
0:0:0:0:0:0:0:1 - - [17/Mar/2021:17:53:48 +0100] "GET /img/img10.jpg HTTP/1.1" 200 56526
0:0:0:0:0:0:0:1 - - [17/Mar/2021:17:53:48 +0100] "GET /img/img5.jpg HTTP/1.1" 200 22122
0:0:0:0:0:0:0:1 - - [17/Mar/2021:17:53:48 +0100] "GET /img/img1.jpg HTTP/1.1" 200 33438
0:0:0:0:0:0:0:1 - - [17/Mar/2021:17:53:48 +0100] "GET /img/img2.jpg HTTP/1.1" 200 11945
0:0:0:0:0:0:0:1 - - [17/Mar/2021:17:53:48 +0100] "GET /img/img7.jpg HTTP/1.1" 200 21638
0:0:0:0:0:0:0:1 - - [17/Mar/2021:17:53:48 +0100] "GET /img/img4.jpg HTTP/1.1" 200 32013
0:0:0:0:0:0:0:1 - - [17/Mar/2021:17:53:48 +0100] "GET /img/img6.jpg HTTP/1.1" 200 16765
0:0:0:0:0:0:0:1 - - [17/Mar/2021:17:53:48 +0100] "GET /lib/font-awesome/fonts/fontawesome-webfont.woff2?v=4.7.0 HTTP/1.1" 200 77160
0:0:0:0:0:0:0:1 - - [17/Mar/2021:17:53:48 +0100] "GET /lib/Ionicons/fonts/ionicons.ttf?v=2.0.0 HTTP/1.1" 200 188508
0:0:0:0:0:0:0:1 - - [17/Mar/2021:19:35:55 +0100] "GET / HTTP/1.1" 302 -
0:0:0:0:0:0:0:1 - - [17/Mar/2021:19:35:55 +0100] "GET /login HTTP/1.1" 500 8734
0:0:0:0:0:0:0:1 - - [17/Mar/2021:19:35:58 +0100] "GET / HTTP/1.1" 200 27654
0:0:0:0:0:0:0:1 - - [17/Mar/2021:19:35:58 +0100] "GET /lib/font-awesome/css/font-awesome.css HTTP/1.1" 200 37414
0:0:0:0:0:0:0:1 - - [17/Mar/2021:19:35:58 +0100] "GET /lib/Ionicons/css/ionicons.css HTTP/1.1" 200 57193
0:0:0:0:0:0:0:1 - - [17/Mar/2021:19:35:58 +0100] "GET /img/img9.jpg HTTP/1.1" 200 18655
0:0:0:0:0:0:0:1 - - [17/Mar/2021:19:35:58 +0100] "GET /lib/perfect-scrollbar/css/perfect-scrollbar.css HTTP/1.1" 200 5594
0:0:0:0:0:0:0:1 - - [17/Mar/2021:19:35:58 +0100] "GET /img/img8.jpg HTTP/1.1" 200 34773
0:0:0:0:0:0:0:1 - - [17/Mar/2021:19:35:58 +0100] "GET /css/shamcey.css HTTP/1.1" 200 881669
0:0:0:0:0:0:0:1 - - [17/Mar/2021:19:35:58 +0100] "GET /img/img10.jpg HTTP/1.1" 200 56526
0:0:0:0:0:0:0:1 - - [17/Mar/2021:19:35:58 +0100] "GET /img/img1.jpg HTTP/1.1" 200 33438
0:0:0:0:0:0:0:1 - - [17/Mar/2021:19:35:58 +0100] "GET /img/img5.jpg HTTP/1.1" 200 22122
0:0:0:0:0:0:0:1 - - [17/Mar/2021:19:35:58 +0100] "GET /img/img7.jpg HTTP/1.1" 200 21638
0:0:0:0:0:0:0:1 - - [17/Mar/2021:19:35:58 +0100] "GET /img/img2.jpg HTTP/1.1" 200 11945
0:0:0:0:0:0:0:1 - - [17/Mar/2021:19:35:58 +0100] "GET /img/img4.jpg HTTP/1.1" 200 32013
0:0:0:0:0:0:0:1 - - [17/Mar/2021:19:35:58 +0100] "GET /img/img6.jpg HTTP/1.1" 200 16765
0:0:0:0:0:0:0:1 - - [17/Mar/2021:19:35:58 +0100] "GET /lib/bootstrap/bootstrap.js HTTP/1.1" 200 111390
0:0:0:0:0:0:0:1 - - [17/Mar/2021:19:35:58 +0100] "GET /lib/popper.js/popper.js HTTP/1.1" 200 81224
0:0:0:0:0:0:0:1 - - [17/Mar/2021:19:35:58 +0100] "GET /lib/jquery/jquery.js HTTP/1.1" 200 247597
0:0:0:0:0:0:0:1 - - [17/Mar/2021:19:35:58 +0100] "GET /lib/jquery-ui/jquery-ui.js HTTP/1.1" 200 520714
0:0:0:0:0:0:0:1 - - [17/Mar/2021:19:35:58 +0100] "GET /lib/perfect-scrollbar/js/perfect-scrollbar.jquery.js HTTP/1.1" 200 45611
0:0:0:0:0:0:0:1 - - [17/Mar/2021:19:35:58 +0100] "GET /lib/moment/moment.js HTTP/1.1" 200 130279
0:0:0:0:0:0:0:1 - - [17/Mar/2021:19:35:58 +0100] "GET /lib/Flot/jquery.flot.js HTTP/1.1" 200 122971
0:0:0:0:0:0:0:1 - - [17/Mar/2021:19:35:58 +0100] "GET /lib/Flot/jquery.flot.resize.js HTTP/1.1" 200 3314
0:0:0:0:0:0:0:1 - - [17/Mar/2021:19:35:58 +0100] "GET /lib/flot-spline/jquery.flot.spline.js HTTP/1.1" 200 5829
0:0:0:0:0:0:0:1 - - [17/Mar/2021:19:35:58 +0100] "GET /js/shamcey.js HTTP/1.1" 200 942
0:0:0:0:0:0:0:1 - - [17/Mar/2021:19:35:58 +0100] "GET /js/dashboard.js HTTP/1.1" 200 2706
0:0:0:0:0:0:0:1 - - [17/Mar/2021:19:35:59 +0100] "GET / HTTP/1.1" 200 27654
0:0:0:0:0:0:0:1 - - [17/Mar/2021:19:35:59 +0100] "GET /lib/font-awesome/css/font-awesome.css HTTP/1.1" 200 37414
0:0:0:0:0:0:0:1 - - [17/Mar/2021:19:35:59 +0100] "GET /lib/perfect-scrollbar/css/perfect-scrollbar.css HTTP/1.1" 200 5594
0:0:0:0:0:0:0:1 - - [17/Mar/2021:19:35:59 +0100] "GET /lib/Ionicons/css/ionicons.css HTTP/1.1" 200 57193
0:0:0:0:0:0:0:1 - - [17/Mar/2021:19:35:59 +0100] "GET /css/shamcey.css HTTP/1.1" 200 881669
0:0:0:0:0:0:0:1 - - [17/Mar/2021:19:35:59 +0100] "GET /lib/perfect-scrollbar/js/perfect-scrollbar.jquery.js HTTP/1.1" 200 45611
0:0:0:0:0:0:0:1 - - [17/Mar/2021:19:35:59 +0100] "GET /lib/bootstrap/bootstrap.js HTTP/1.1" 200 111390
0:0:0:0:0:0:0:1 - - [17/Mar/2021:19:35:59 +0100] "GET /lib/popper.js/popper.js HTTP/1.1" 200 81224
0:0:0:0:0:0:0:1 - - [17/Mar/2021:19:35:59 +0100] "GET /lib/jquery/jquery.js HTTP/1.1" 200 247597
0:0:0:0:0:0:0:1 - - [17/Mar/2021:19:35:59 +0100] "GET /lib/jquery-ui/jquery-ui.js HTTP/1.1" 200 520714
0:0:0:0:0:0:0:1 - - [17/Mar/2021:19:35:59 +0100] "GET /lib/moment/moment.js HTTP/1.1" 200 130279
0:0:0:0:0:0:0:1 - - [17/Mar/2021:19:35:59 +0100] "GET /js/shamcey.js HTTP/1.1" 200 942
0:0:0:0:0:0:0:1 - - [17/Mar/2021:19:35:59 +0100] "GET /lib/Flot/jquery.flot.js HTTP/1.1" 200 122971
0:0:0:0:0:0:0:1 - - [17/Mar/2021:19:35:59 +0100] "GET /lib/flot-spline/jquery.flot.spline.js HTTP/1.1" 200 5829
0:0:0:0:0:0:0:1 - - [17/Mar/2021:19:35:59 +0100] "GET /lib/Flot/jquery.flot.resize.js HTTP/1.1" 200 3314
0:0:0:0:0:0:0:1 - - [17/Mar/2021:19:35:59 +0100] "GET /js/dashboard.js HTTP/1.1" 200 2706
0:0:0:0:0:0:0:1 - - [17/Mar/2021:19:35:59 +0100] "GET /img/img7.jpg HTTP/1.1" 200 21638
0:0:0:0:0:0:0:1 - - [17/Mar/2021:19:35:59 +0100] "GET /img/img9.jpg HTTP/1.1" 200 18655
0:0:0:0:0:0:0:1 - - [17/Mar/2021:19:35:59 +0100] "GET /img/img1.jpg HTTP/1.1" 200 33438
0:0:0:0:0:0:0:1 - - [17/Mar/2021:19:35:59 +0100] "GET /img/img8.jpg HTTP/1.1" 200 34773
0:0:0:0:0:0:0:1 - - [17/Mar/2021:19:35:59 +0100] "GET /img/img5.jpg HTTP/1.1" 200 22122
0:0:0:0:0:0:0:1 - - [17/Mar/2021:19:35:59 +0100] "GET /img/img10.jpg HTTP/1.1" 200 56526
0:0:0:0:0:0:0:1 - - [17/Mar/2021:19:35:59 +0100] "GET /img/img4.jpg HTTP/1.1" 200 32013
0:0:0:0:0:0:0:1 - - [17/Mar/2021:19:35:59 +0100] "GET /img/img6.jpg HTTP/1.1" 200 16765
0:0:0:0:0:0:0:1 - - [17/Mar/2021:19:35:59 +0100] "GET /img/img2.jpg HTTP/1.1" 200 11945
0:0:0:0:0:0:0:1 - - [17/Mar/2021:19:35:59 +0100] "GET /lib/font-awesome/fonts/fontawesome-webfont.woff2?v=4.7.0 HTTP/1.1" 200 77160
0:0:0:0:0:0:0:1 - - [17/Mar/2021:19:35:59 +0100] "GET /lib/Ionicons/fonts/ionicons.ttf?v=2.0.0 HTTP/1.1" 200 188508
0:0:0:0:0:0:0:1 - - [17/Mar/2021:19:36:21 +0100] "GET / HTTP/1.1" 200 27654
0:0:0:0:0:0:0:1 - - [17/Mar/2021:19:36:21 +0100] "GET /lib/font-awesome/css/font-awesome.css HTTP/1.1" 200 37414
0:0:0:0:0:0:0:1 - - [17/Mar/2021:19:36:21 +0100] "GET /lib/Ionicons/css/ionicons.css HTTP/1.1" 200 57193
0:0:0:0:0:0:0:1 - - [17/Mar/2021:19:36:21 +0100] "GET /lib/perfect-scrollbar/css/perfect-scrollbar.css HTTP/1.1" 200 5594
0:0:0:0:0:0:0:1 - - [17/Mar/2021:19:36:21 +0100] "GET /css/shamcey.css HTTP/1.1" 200 881669
0:0:0:0:0:0:0:1 - - [17/Mar/2021:19:36:21 +0100] "GET /lib/popper.js/popper.js HTTP/1.1" 200 81224
0:0:0:0:0:0:0:1 - - [17/Mar/2021:19:36:21 +0100] "GET /lib/bootstrap/bootstrap.js HTTP/1.1" 200 111390
0:0:0:0:0:0:0:1 - - [17/Mar/2021:19:36:21 +0100] "GET /lib/perfect-scrollbar/js/perfect-scrollbar.jquery.js HTTP/1.1" 200 45611
0:0:0:0:0:0:0:1 - - [17/Mar/2021:19:36:21 +0100] "GET /lib/jquery/jquery.js HTTP/1.1" 200 247597
0:0:0:0:0:0:0:1 - - [17/Mar/2021:19:36:21 +0100] "GET /lib/jquery-ui/jquery-ui.js HTTP/1.1" 200 520714
0:0:0:0:0:0:0:1 - - [17/Mar/2021:19:36:21 +0100] "GET /lib/flot-spline/jquery.flot.spline.js HTTP/1.1" 200 5829
0:0:0:0:0:0:0:1 - - [17/Mar/2021:19:36:21 +0100] "GET /lib/Flot/jquery.flot.resize.js HTTP/1.1" 200 3314
0:0:0:0:0:0:0:1 - - [17/Mar/2021:19:36:21 +0100] "GET /lib/moment/moment.js HTTP/1.1" 200 130279
0:0:0:0:0:0:0:1 - - [17/Mar/2021:19:36:21 +0100] "GET /js/dashboard.js HTTP/1.1" 200 2706
0:0:0:0:0:0:0:1 - - [17/Mar/2021:19:36:21 +0100] "GET /js/shamcey.js HTTP/1.1" 200 942
0:0:0:0:0:0:0:1 - - [17/Mar/2021:19:36:21 +0100] "GET /lib/Flot/jquery.flot.js HTTP/1.1" 200 122971
0:0:0:0:0:0:0:1 - - [17/Mar/2021:19:36:21 +0100] "GET /img/img8.jpg HTTP/1.1" 200 34773
0:0:0:0:0:0:0:1 - - [17/Mar/2021:19:36:21 +0100] "GET /img/img10.jpg HTTP/1.1" 200 56526
0:0:0:0:0:0:0:1 - - [17/Mar/2021:19:36:21 +0100] "GET /img/img5.jpg HTTP/1.1" 200 22122
0:0:0:0:0:0:0:1 - - [17/Mar/2021:19:36:21 +0100] "GET /img/img7.jpg HTTP/1.1" 200 21638
0:0:0:0:0:0:0:1 - - [17/Mar/2021:19:36:21 +0100] "GET /img/img9.jpg HTTP/1.1" 200 18655
0:0:0:0:0:0:0:1 - - [17/Mar/2021:19:36:21 +0100] "GET /img/img1.jpg HTTP/1.1" 200 33438
0:0:0:0:0:0:0:1 - - [17/Mar/2021:19:36:21 +0100] "GET /img/img2.jpg HTTP/1.1" 200 11945
0:0:0:0:0:0:0:1 - - [17/Mar/2021:19:36:21 +0100] "GET /img/img6.jpg HTTP/1.1" 200 16765
0:0:0:0:0:0:0:1 - - [17/Mar/2021:19:36:21 +0100] "GET /img/img4.jpg HTTP/1.1" 200 32013
0:0:0:0:0:0:0:1 - - [17/Mar/2021:19:36:21 +0100] "GET /lib/font-awesome/fonts/fontawesome-webfont.woff2?v=4.7.0 HTTP/1.1" 200 77160
0:0:0:0:0:0:0:1 - - [17/Mar/2021:19:36:21 +0100] "GET /lib/Ionicons/fonts/ionicons.ttf?v=2.0.0 HTTP/1.1" 200 188508
0:0:0:0:0:0:0:1 - - [17/Mar/2021:19:37:05 +0100] "GET / HTTP/1.1" 200 27654
0:0:0:0:0:0:0:1 - - [17/Mar/2021:19:37:05 +0100] "GET /lib/perfect-scrollbar/css/perfect-scrollbar.css HTTP/1.1" 200 5594
0:0:0:0:0:0:0:1 - - [17/Mar/2021:19:37:05 +0100] "GET /lib/font-awesome/css/font-awesome.css HTTP/1.1" 200 37414
0:0:0:0:0:0:0:1 - - [17/Mar/2021:19:37:05 +0100] "GET /lib/Ionicons/css/ionicons.css HTTP/1.1" 200 57193
0:0:0:0:0:0:0:1 - - [17/Mar/2021:19:37:05 +0100] "GET /css/shamcey.css HTTP/1.1" 200 881669
0:0:0:0:0:0:0:1 - - [17/Mar/2021:19:37:05 +0100] "GET /lib/popper.js/popper.js HTTP/1.1" 200 81224
0:0:0:0:0:0:0:1 - - [17/Mar/2021:19:37:05 +0100] "GET /lib/bootstrap/bootstrap.js HTTP/1.1" 200 111390
0:0:0:0:0:0:0:1 - - [17/Mar/2021:19:37:05 +0100] "GET /lib/jquery/jquery.js HTTP/1.1" 200 247597
0:0:0:0:0:0:0:1 - - [17/Mar/2021:19:37:05 +0100] "GET /lib/perfect-scrollbar/js/perfect-scrollbar.jquery.js HTTP/1.1" 200 45611
0:0:0:0:0:0:0:1 - - [17/Mar/2021:19:37:05 +0100] "GET /lib/Flot/jquery.flot.js HTTP/1.1" 200 122971
0:0:0:0:0:0:0:1 - - [17/Mar/2021:19:37:05 +0100] "GET /lib/jquery-ui/jquery-ui.js HTTP/1.1" 200 520714
0:0:0:0:0:0:0:1 - - [17/Mar/2021:19:37:05 +0100] "GET /lib/Flot/jquery.flot.resize.js HTTP/1.1" 200 3314
0:0:0:0:0:0:0:1 - - [17/Mar/2021:19:37:05 +0100] "GET /lib/moment/moment.js HTTP/1.1" 200 130279
0:0:0:0:0:0:0:1 - - [17/Mar/2021:19:37:05 +0100] "GET /js/shamcey.js HTTP/1.1" 200 942
0:0:0:0:0:0:0:1 - - [17/Mar/2021:19:37:05 +0100] "GET /js/dashboard.js HTTP/1.1" 200 2706
0:0:0:0:0:0:0:1 - - [17/Mar/2021:19:37:05 +0100] "GET /img/img8.jpg HTTP/1.1" 200 34773
0:0:0:0:0:0:0:1 - - [17/Mar/2021:19:37:05 +0100] "GET /lib/flot-spline/jquery.flot.spline.js HTTP/1.1" 200 5829
0:0:0:0:0:0:0:1 - - [17/Mar/2021:19:37:05 +0100] "GET /img/img9.jpg HTTP/1.1" 200 18655
0:0:0:0:0:0:0:1 - - [17/Mar/2021:19:37:05 +0100] "GET /img/img10.jpg HTTP/1.1" 200 56526
0:0:0:0:0:0:0:1 - - [17/Mar/2021:19:37:05 +0100] "GET /img/img4.jpg HTTP/1.1" 200 32013
0:0:0:0:0:0:0:1 - - [17/Mar/2021:19:37:05 +0100] "GET /img/img2.jpg HTTP/1.1" 200 11945
0:0:0:0:0:0:0:1 - - [17/Mar/2021:19:37:05 +0100] "GET /img/img5.jpg HTTP/1.1" 200 22122
0:0:0:0:0:0:0:1 - - [17/Mar/2021:19:37:05 +0100] "GET /img/img6.jpg HTTP/1.1" 200 16765
0:0:0:0:0:0:0:1 - - [17/Mar/2021:19:37:05 +0100] "GET /img/img7.jpg HTTP/1.1" 200 21638
0:0:0:0:0:0:0:1 - - [17/Mar/2021:19:37:05 +0100] "GET /img/img1.jpg HTTP/1.1" 200 33438
0:0:0:0:0:0:0:1 - - [17/Mar/2021:19:37:05 +0100] "GET /lib/font-awesome/fonts/fontawesome-webfont.woff2?v=4.7.0 HTTP/1.1" 200 77160
0:0:0:0:0:0:0:1 - - [17/Mar/2021:19:37:05 +0100] "GET /lib/Ionicons/fonts/ionicons.ttf?v=2.0.0 HTTP/1.1" 200 188508
0:0:0:0:0:0:0:1 - - [17/Mar/2021:19:37:44 +0100] "GET / HTTP/1.1" 200 27970
0:0:0:0:0:0:0:1 - - [17/Mar/2021:19:37:44 +0100] "GET /lib/font-awesome/css/font-awesome.css HTTP/1.1" 200 37414
0:0:0:0:0:0:0:1 - - [17/Mar/2021:19:37:44 +0100] "GET /lib/Ionicons/css/ionicons.css HTTP/1.1" 200 57193
0:0:0:0:0:0:0:1 - - [17/Mar/2021:19:37:44 +0100] "GET /lib/perfect-scrollbar/css/perfect-scrollbar.css HTTP/1.1" 200 5594
0:0:0:0:0:0:0:1 - - [17/Mar/2021:19:37:44 +0100] "GET /css/shamcey.css HTTP/1.1" 200 881669
0:0:0:0:0:0:0:1 - - [17/Mar/2021:19:37:44 +0100] "GET /lib/bootstrap/bootstrap.js HTTP/1.1" 200 111390
0:0:0:0:0:0:0:1 - - [17/Mar/2021:19:37:44 +0100] "GET /lib/jquery/jquery.js HTTP/1.1" 200 247597
0:0:0:0:0:0:0:1 - - [17/Mar/2021:19:37:44 +0100] "GET /lib/popper.js/popper.js HTTP/1.1" 200 81224
0:0:0:0:0:0:0:1 - - [17/Mar/2021:19:37:44 +0100] "GET /lib/Flot/jquery.flot.resize.js HTTP/1.1" 200 3314
0:0:0:0:0:0:0:1 - - [17/Mar/2021:19:37:44 +0100] "GET /lib/Flot/jquery.flot.js HTTP/1.1" 200 122971
0:0:0:0:0:0:0:1 - - [17/Mar/2021:19:37:44 +0100] "GET /lib/moment/moment.js HTTP/1.1" 200 130279
0:0:0:0:0:0:0:1 - - [17/Mar/2021:19:37:44 +0100] "GET /lib/perfect-scrollbar/js/perfect-scrollbar.jquery.js HTTP/1.1" 200 45611
0:0:0:0:0:0:0:1 - - [17/Mar/2021:19:37:44 +0100] "GET /lib/jquery-ui/jquery-ui.js HTTP/1.1" 200 520714
0:0:0:0:0:0:0:1 - - [17/Mar/2021:19:37:44 +0100] "GET /lib/flot-spline/jquery.flot.spline.js HTTP/1.1" 200 5829
0:0:0:0:0:0:0:1 - - [17/Mar/2021:19:37:44 +0100] "GET /js/dashboard.js HTTP/1.1" 200 2706
0:0:0:0:0:0:0:1 - - [17/Mar/2021:19:37:44 +0100] "GET /js/shamcey.js HTTP/1.1" 200 942
0:0:0:0:0:0:0:1 - - [17/Mar/2021:19:37:44 +0100] "GET /img/img8.jpg HTTP/1.1" 200 34773
0:0:0:0:0:0:0:1 - - [17/Mar/2021:19:37:44 +0100] "GET /img/img9.jpg HTTP/1.1" 200 18655
0:0:0:0:0:0:0:1 - - [17/Mar/2021:19:37:44 +0100] "GET /img/img5.jpg HTTP/1.1" 200 22122
0:0:0:0:0:0:0:1 - - [17/Mar/2021:19:37:44 +0100] "GET /img/img7.jpg HTTP/1.1" 200 21638
0:0:0:0:0:0:0:1 - - [17/Mar/2021:19:37:44 +0100] "GET /img/img1.jpg HTTP/1.1" 200 33438
0:0:0:0:0:0:0:1 - - [17/Mar/2021:19:37:44 +0100] "GET /img/img10.jpg HTTP/1.1" 200 56526
0:0:0:0:0:0:0:1 - - [17/Mar/2021:19:37:44 +0100] "GET /img/img4.jpg HTTP/1.1" 200 32013
0:0:0:0:0:0:0:1 - - [17/Mar/2021:19:37:44 +0100] "GET /img/img2.jpg HTTP/1.1" 200 11945
0:0:0:0:0:0:0:1 - - [17/Mar/2021:19:37:44 +0100] "GET /img/img6.jpg HTTP/1.1" 200 16765
0:0:0:0:0:0:0:1 - - [17/Mar/2021:19:37:45 +0100] "GET /lib/font-awesome/fonts/fontawesome-webfont.woff2?v=4.7.0 HTTP/1.1" 200 77160
0:0:0:0:0:0:0:1 - - [17/Mar/2021:19:37:45 +0100] "GET /lib/Ionicons/fonts/ionicons.ttf?v=2.0.0 HTTP/1.1" 200 188508
