0:0:0:0:0:0:0:1 - - [15/Apr/2021:00:20:34 +0200] "GET / HTTP/1.1" 302 -
0:0:0:0:0:0:0:1 - - [15/Apr/2021:00:20:34 +0200] "GET /page-login HTTP/1.1" 200 3318
0:0:0:0:0:0:0:1 - - [15/Apr/2021:00:20:34 +0200] "GET /lib/font-awesome/css/font-awesome.css HTTP/1.1" 200 37414
0:0:0:0:0:0:0:1 - - [15/Apr/2021:00:20:34 +0200] "GET /lib/popper.js/popper.js HTTP/1.1" 200 81224
0:0:0:0:0:0:0:1 - - [15/Apr/2021:00:20:34 +0200] "GET /lib/Ionicons/css/ionicons.css HTTP/1.1" 200 57193
0:0:0:0:0:0:0:1 - - [15/Apr/2021:00:20:34 +0200] "GET /lib/bootstrap/bootstrap.js HTTP/1.1" 200 111390
0:0:0:0:0:0:0:1 - - [15/Apr/2021:00:20:34 +0200] "GET /lib/jquery/jquery.js HTTP/1.1" 200 247597
0:0:0:0:0:0:0:1 - - [15/Apr/2021:00:20:34 +0200] "GET /css/shamcey.css HTTP/1.1" 200 881669
0:0:0:0:0:0:0:1 - - [15/Apr/2021:00:20:34 +0200] "GET /js/shamcey.js HTTP/1.1" 200 942
0:0:0:0:0:0:0:1 - - [15/Apr/2021:00:20:39 +0200] "GET / HTTP/1.1" 200 7833
0:0:0:0:0:0:0:1 - - [15/Apr/2021:00:20:39 +0200] "GET /lib/font-awesome/css/font-awesome.css HTTP/1.1" 200 37414
0:0:0:0:0:0:0:1 - - [15/Apr/2021:00:20:39 +0200] "GET /lib/Ionicons/css/ionicons.css HTTP/1.1" 200 57193
0:0:0:0:0:0:0:1 - - [15/Apr/2021:00:20:39 +0200] "GET /lib/perfect-scrollbar/css/perfect-scrollbar.css HTTP/1.1" 200 5594
0:0:0:0:0:0:0:1 - - [15/Apr/2021:00:20:39 +0200] "GET /lib/popper.js/popper.js HTTP/1.1" 200 81224
0:0:0:0:0:0:0:1 - - [15/Apr/2021:00:20:39 +0200] "GET /lib/bootstrap/bootstrap.js HTTP/1.1" 200 111390
0:0:0:0:0:0:0:1 - - [15/Apr/2021:00:20:39 +0200] "GET /lib/jquery/jquery.js HTTP/1.1" 200 247597
0:0:0:0:0:0:0:1 - - [15/Apr/2021:00:20:39 +0200] "GET /css/shamcey.css HTTP/1.1" 200 881669
0:0:0:0:0:0:0:1 - - [15/Apr/2021:00:20:39 +0200] "GET /lib/jquery-ui/jquery-ui.js HTTP/1.1" 200 520714
0:0:0:0:0:0:0:1 - - [15/Apr/2021:00:20:39 +0200] "GET /lib/perfect-scrollbar/js/perfect-scrollbar.jquery.js HTTP/1.1" 200 45611
0:0:0:0:0:0:0:1 - - [15/Apr/2021:00:20:39 +0200] "GET /lib/Flot/jquery.flot.resize.js HTTP/1.1" 200 3314
0:0:0:0:0:0:0:1 - - [15/Apr/2021:00:20:39 +0200] "GET /lib/Flot/jquery.flot.js HTTP/1.1" 200 122971
0:0:0:0:0:0:0:1 - - [15/Apr/2021:00:20:39 +0200] "GET /lib/moment/moment.js HTTP/1.1" 200 130279
0:0:0:0:0:0:0:1 - - [15/Apr/2021:00:20:39 +0200] "GET /lib/flot-spline/jquery.flot.spline.js HTTP/1.1" 200 5829
0:0:0:0:0:0:0:1 - - [15/Apr/2021:00:20:39 +0200] "GET /js/shamcey.js HTTP/1.1" 200 942
0:0:0:0:0:0:0:1 - - [15/Apr/2021:00:20:39 +0200] "GET /js/dashboard.js HTTP/1.1" 200 2706
0:0:0:0:0:0:0:1 - - [15/Apr/2021:00:20:39 +0200] "GET /lib/font-awesome/fonts/fontawesome-webfont.woff2?v=4.7.0 HTTP/1.1" 200 77160
0:0:0:0:0:0:0:1 - - [15/Apr/2021:00:20:39 +0200] "GET /lib/Ionicons/fonts/ionicons.ttf?v=2.0.0 HTTP/1.1" 200 188508
0:0:0:0:0:0:0:1 - - [15/Apr/2021:00:20:42 +0200] "GET /public/ajout-abonne-1 HTTP/1.1" 200 16480
0:0:0:0:0:0:0:1 - - [15/Apr/2021:00:20:42 +0200] "GET /lib/Ionicons/css/ionicons.css HTTP/1.1" 200 57193
0:0:0:0:0:0:0:1 - - [15/Apr/2021:00:20:42 +0200] "GET /lib/perfect-scrollbar/css/perfect-scrollbar.css HTTP/1.1" 200 5594
0:0:0:0:0:0:0:1 - - [15/Apr/2021:00:20:42 +0200] "GET /lib/font-awesome/css/font-awesome.css HTTP/1.1" 200 37414
0:0:0:0:0:0:0:1 - - [15/Apr/2021:00:20:42 +0200] "GET /lib/select2/css/select2.min.css HTTP/1.1" 200 15196
0:0:0:0:0:0:0:1 - - [15/Apr/2021:00:20:42 +0200] "GET /lib/spectrum/spectrum.css HTTP/1.1" 200 14921
0:0:0:0:0:0:0:1 - - [15/Apr/2021:00:20:42 +0200] "GET /css/shamcey.css HTTP/1.1" 200 881669
0:0:0:0:0:0:0:1 - - [15/Apr/2021:00:20:42 +0200] "GET /lib/popper.js/popper.js HTTP/1.1" 200 81224
0:0:0:0:0:0:0:1 - - [15/Apr/2021:00:20:42 +0200] "GET /lib/bootstrap/bootstrap.js HTTP/1.1" 200 111390
0:0:0:0:0:0:0:1 - - [15/Apr/2021:00:20:42 +0200] "GET /lib/jquery/jquery.js HTTP/1.1" 200 247597
0:0:0:0:0:0:0:1 - - [15/Apr/2021:00:20:42 +0200] "GET /lib/perfect-scrollbar/js/perfect-scrollbar.jquery.js HTTP/1.1" 200 45611
0:0:0:0:0:0:0:1 - - [15/Apr/2021:00:20:42 +0200] "GET /lib/jquery-ui/jquery-ui.js HTTP/1.1" 200 520714
0:0:0:0:0:0:0:1 - - [15/Apr/2021:00:20:42 +0200] "GET /js/shamcey.js HTTP/1.1" 200 942
0:0:0:0:0:0:0:1 - - [15/Apr/2021:00:20:42 +0200] "GET /lib/moment/moment.js HTTP/1.1" 200 130279
0:0:0:0:0:0:0:1 - - [15/Apr/2021:00:20:42 +0200] "GET /lib/select2/js/select2.min.js HTTP/1.1" 200 66606
0:0:0:0:0:0:0:1 - - [15/Apr/2021:00:20:42 +0200] "GET /lib/spectrum/spectrum.js HTTP/1.1" 200 79270
0:0:0:0:0:0:0:1 - - [15/Apr/2021:00:20:42 +0200] "GET /lib/Ionicons/fonts/ionicons.ttf?v=2.0.0 HTTP/1.1" 200 188508
0:0:0:0:0:0:0:1 - - [15/Apr/2021:00:20:42 +0200] "GET /lib/font-awesome/fonts/fontawesome-webfont.woff2?v=4.7.0 HTTP/1.1" 200 77160
0:0:0:0:0:0:0:1 - - [15/Apr/2021:19:48:09 +0200] "GET / HTTP/1.1" 302 -
0:0:0:0:0:0:0:1 - - [15/Apr/2021:19:48:09 +0200] "GET /page-login HTTP/1.1" 200 3318
0:0:0:0:0:0:0:1 - - [15/Apr/2021:19:48:12 +0200] "GET / HTTP/1.1" 200 7833
0:0:0:0:0:0:0:1 - - [15/Apr/2021:19:48:12 +0200] "GET /lib/flot-spline/jquery.flot.spline.js HTTP/1.1" 304 -
0:0:0:0:0:0:0:1 - - [15/Apr/2021:19:48:12 +0200] "GET /js/dashboard.js HTTP/1.1" 304 -
0:0:0:0:0:0:0:1 - - [15/Apr/2021:19:48:12 +0200] "GET /lib/Flot/jquery.flot.js HTTP/1.1" 304 -
0:0:0:0:0:0:0:1 - - [15/Apr/2021:19:48:12 +0200] "GET /lib/Flot/jquery.flot.resize.js HTTP/1.1" 304 -
0:0:0:0:0:0:0:1 - - [15/Apr/2021:19:48:12 +0200] "GET /lib/jquery-ui/jquery-ui.js HTTP/1.1" 304 -
0:0:0:0:0:0:0:1 - - [15/Apr/2021:19:48:12 +0200] "GET /lib/moment/moment.js HTTP/1.1" 304 -
0:0:0:0:0:0:0:1 - - [15/Apr/2021:19:48:17 +0200] "GET /page-login HTTP/1.1" 200 3318
0:0:0:0:0:0:0:1 - - [15/Apr/2021:19:48:25 +0200] "GET / HTTP/1.1" 200 7833
0:0:0:0:0:0:0:1 - - [15/Apr/2021:19:48:26 +0200] "GET /public/ajout-abonne-1 HTTP/1.1" 200 16480
0:0:0:0:0:0:0:1 - - [15/Apr/2021:19:48:26 +0200] "GET /lib/spectrum/spectrum.css HTTP/1.1" 200 14921
0:0:0:0:0:0:0:1 - - [15/Apr/2021:19:48:26 +0200] "GET /lib/spectrum/spectrum.js HTTP/1.1" 200 79270
0:0:0:0:0:0:0:1 - - [15/Apr/2021:19:51:47 +0200] "GET /public/ajout-abonne-1 HTTP/1.1" 200 16483
0:0:0:0:0:0:0:1 - - [15/Apr/2021:19:51:47 +0200] "GET /lib/spectrum/spectrum.css HTTP/1.1" 200 14921
0:0:0:0:0:0:0:1 - - [15/Apr/2021:19:51:47 +0200] "GET /lib/spectrum/spectrum.js HTTP/1.1" 200 79270
0:0:0:0:0:0:0:1 - - [15/Apr/2021:19:52:16 +0200] "POST /public/abonne/ajout1 HTTP/1.1" 200 9621
0:0:0:0:0:0:0:1 - - [15/Apr/2021:19:52:16 +0200] "GET /lib/spectrum/spectrum.css HTTP/1.1" 200 14921
0:0:0:0:0:0:0:1 - - [15/Apr/2021:19:52:16 +0200] "GET /public/lib/jquery-ui/jquery-ui.js HTTP/1.1" 404 682
0:0:0:0:0:0:0:1 - - [15/Apr/2021:19:52:16 +0200] "GET /public/lib/jquery/jquery.js HTTP/1.1" 404 682
0:0:0:0:0:0:0:1 - - [15/Apr/2021:19:52:16 +0200] "GET /public/lib/moment/moment.js HTTP/1.1" 404 682
0:0:0:0:0:0:0:1 - - [15/Apr/2021:19:52:16 +0200] "GET /public/lib/popper.js/popper.js HTTP/1.1" 404 682
0:0:0:0:0:0:0:1 - - [15/Apr/2021:19:52:16 +0200] "GET /public/lib/bootstrap/bootstrap.js HTTP/1.1" 404 682
0:0:0:0:0:0:0:1 - - [15/Apr/2021:19:52:16 +0200] "GET /public/lib/perfect-scrollbar/js/perfect-scrollbar.jquery.js HTTP/1.1" 404 682
0:0:0:0:0:0:0:1 - - [15/Apr/2021:19:52:16 +0200] "GET /public/lib/spectrum/spectrum.js HTTP/1.1" 404 682
0:0:0:0:0:0:0:1 - - [15/Apr/2021:19:52:16 +0200] "GET /public/lib/select2/js/select2.min.js HTTP/1.1" 404 682
0:0:0:0:0:0:0:1 - - [15/Apr/2021:19:52:16 +0200] "GET /public/js/shamcey.js HTTP/1.1" 404 682
0:0:0:0:0:0:0:1 - - [15/Apr/2021:19:52:16 +0200] "GET /public/lib/jquery-ui/jquery-ui.js HTTP/1.1" 404 682
0:0:0:0:0:0:0:1 - - [15/Apr/2021:19:52:16 +0200] "GET /public/lib/perfect-scrollbar/js/perfect-scrollbar.jquery.js HTTP/1.1" 404 682
0:0:0:0:0:0:0:1 - - [15/Apr/2021:19:52:16 +0200] "GET /public/lib/moment/moment.js HTTP/1.1" 404 682
0:0:0:0:0:0:0:1 - - [15/Apr/2021:19:52:16 +0200] "GET /public/lib/select2/js/select2.min.js HTTP/1.1" 404 682
0:0:0:0:0:0:0:1 - - [15/Apr/2021:19:52:16 +0200] "GET /public/lib/spectrum/spectrum.js HTTP/1.1" 404 682
0:0:0:0:0:0:0:1 - - [15/Apr/2021:19:52:16 +0200] "GET /public/js/shamcey.js HTTP/1.1" 404 682
0:0:0:0:0:0:0:1 - - [15/Apr/2021:19:52:38 +0200] "GET /public/confirmation-email-abonne/12 HTTP/1.1" 200 10941
0:0:0:0:0:0:0:1 - - [15/Apr/2021:19:52:38 +0200] "GET /lib/spectrum/spectrum.css HTTP/1.1" 200 14921
0:0:0:0:0:0:0:1 - - [15/Apr/2021:19:52:38 +0200] "GET /public/lib/jquery/jquery.js HTTP/1.1" 404 682
0:0:0:0:0:0:0:1 - - [15/Apr/2021:19:52:38 +0200] "GET /public/lib/jquery-ui/jquery-ui.js HTTP/1.1" 404 682
0:0:0:0:0:0:0:1 - - [15/Apr/2021:19:52:38 +0200] "GET /public/lib/popper.js/popper.js HTTP/1.1" 404 682
0:0:0:0:0:0:0:1 - - [15/Apr/2021:19:52:38 +0200] "GET /public/lib/bootstrap/bootstrap.js HTTP/1.1" 404 682
0:0:0:0:0:0:0:1 - - [15/Apr/2021:19:52:38 +0200] "GET /public/lib/perfect-scrollbar/js/perfect-scrollbar.jquery.js HTTP/1.1" 404 682
0:0:0:0:0:0:0:1 - - [15/Apr/2021:19:52:38 +0200] "GET /public/lib/moment/moment.js HTTP/1.1" 404 682
0:0:0:0:0:0:0:1 - - [15/Apr/2021:19:52:38 +0200] "GET /public/lib/select2/js/select2.min.js HTTP/1.1" 404 682
0:0:0:0:0:0:0:1 - - [15/Apr/2021:19:52:38 +0200] "GET /public/lib/spectrum/spectrum.js HTTP/1.1" 404 682
0:0:0:0:0:0:0:1 - - [15/Apr/2021:19:52:38 +0200] "GET /public/js/shamcey.js HTTP/1.1" 404 682
0:0:0:0:0:0:0:1 - - [15/Apr/2021:19:52:38 +0200] "GET /public/lib/popper.js/popper.js HTTP/1.1" 404 682
0:0:0:0:0:0:0:1 - - [15/Apr/2021:19:52:38 +0200] "GET /public/lib/bootstrap/bootstrap.js HTTP/1.1" 404 682
0:0:0:0:0:0:0:1 - - [15/Apr/2021:19:52:38 +0200] "GET /public/lib/jquery-ui/jquery-ui.js HTTP/1.1" 404 682
0:0:0:0:0:0:0:1 - - [15/Apr/2021:19:52:38 +0200] "GET /public/lib/perfect-scrollbar/js/perfect-scrollbar.jquery.js HTTP/1.1" 404 682
0:0:0:0:0:0:0:1 - - [15/Apr/2021:19:52:38 +0200] "GET /public/lib/moment/moment.js HTTP/1.1" 404 682
0:0:0:0:0:0:0:1 - - [15/Apr/2021:19:52:38 +0200] "GET /public/lib/select2/js/select2.min.js HTTP/1.1" 404 682
0:0:0:0:0:0:0:1 - - [15/Apr/2021:19:52:38 +0200] "GET /public/lib/spectrum/spectrum.js HTTP/1.1" 404 682
0:0:0:0:0:0:0:1 - - [15/Apr/2021:19:52:38 +0200] "GET /public/js/shamcey.js HTTP/1.1" 404 682
0:0:0:0:0:0:0:1 - - [15/Apr/2021:19:52:48 +0200] "GET /public/ajout-abonne-1 HTTP/1.1" 200 16483
0:0:0:0:0:0:0:1 - - [15/Apr/2021:19:52:48 +0200] "GET /lib/spectrum/spectrum.css HTTP/1.1" 200 14921
0:0:0:0:0:0:0:1 - - [15/Apr/2021:19:52:48 +0200] "GET /lib/spectrum/spectrum.js HTTP/1.1" 200 79270
0:0:0:0:0:0:0:1 - - [15/Apr/2021:19:52:57 +0200] "GET /public/ajout-abonne-1 HTTP/1.1" 200 16483
0:0:0:0:0:0:0:1 - - [15/Apr/2021:19:52:57 +0200] "GET /lib/spectrum/spectrum.css HTTP/1.1" 200 14921
0:0:0:0:0:0:0:1 - - [15/Apr/2021:19:52:57 +0200] "GET /lib/spectrum/spectrum.js HTTP/1.1" 200 79270
0:0:0:0:0:0:0:1 - - [15/Apr/2021:19:53:12 +0200] "POST /public/abonne/ajout1 HTTP/1.1" 200 9621
0:0:0:0:0:0:0:1 - - [15/Apr/2021:19:53:12 +0200] "GET /lib/spectrum/spectrum.css HTTP/1.1" 200 14921
0:0:0:0:0:0:0:1 - - [15/Apr/2021:19:53:12 +0200] "GET /public/lib/jquery/jquery.js HTTP/1.1" 404 682
0:0:0:0:0:0:0:1 - - [15/Apr/2021:19:53:12 +0200] "GET /public/lib/popper.js/popper.js HTTP/1.1" 404 682
0:0:0:0:0:0:0:1 - - [15/Apr/2021:19:53:12 +0200] "GET /public/lib/bootstrap/bootstrap.js HTTP/1.1" 404 682
0:0:0:0:0:0:0:1 - - [15/Apr/2021:19:53:12 +0200] "GET /public/lib/perfect-scrollbar/js/perfect-scrollbar.jquery.js HTTP/1.1" 404 682
0:0:0:0:0:0:0:1 - - [15/Apr/2021:19:53:12 +0200] "GET /public/lib/jquery-ui/jquery-ui.js HTTP/1.1" 404 682
0:0:0:0:0:0:0:1 - - [15/Apr/2021:19:53:12 +0200] "GET /public/lib/moment/moment.js HTTP/1.1" 404 682
0:0:0:0:0:0:0:1 - - [15/Apr/2021:19:53:12 +0200] "GET /public/lib/spectrum/spectrum.js HTTP/1.1" 404 682
0:0:0:0:0:0:0:1 - - [15/Apr/2021:19:53:12 +0200] "GET /public/lib/select2/js/select2.min.js HTTP/1.1" 404 682
0:0:0:0:0:0:0:1 - - [15/Apr/2021:19:53:12 +0200] "GET /public/js/shamcey.js HTTP/1.1" 404 682
0:0:0:0:0:0:0:1 - - [15/Apr/2021:19:53:12 +0200] "GET /public/lib/popper.js/popper.js HTTP/1.1" 404 682
0:0:0:0:0:0:0:1 - - [15/Apr/2021:19:53:12 +0200] "GET /public/lib/bootstrap/bootstrap.js HTTP/1.1" 404 682
0:0:0:0:0:0:0:1 - - [15/Apr/2021:19:53:12 +0200] "GET /public/lib/jquery-ui/jquery-ui.js HTTP/1.1" 404 682
0:0:0:0:0:0:0:1 - - [15/Apr/2021:19:53:12 +0200] "GET /public/lib/perfect-scrollbar/js/perfect-scrollbar.jquery.js HTTP/1.1" 404 682
0:0:0:0:0:0:0:1 - - [15/Apr/2021:19:53:12 +0200] "GET /public/lib/moment/moment.js HTTP/1.1" 404 682
0:0:0:0:0:0:0:1 - - [15/Apr/2021:19:53:12 +0200] "GET /public/lib/select2/js/select2.min.js HTTP/1.1" 404 682
0:0:0:0:0:0:0:1 - - [15/Apr/2021:19:53:12 +0200] "GET /public/lib/spectrum/spectrum.js HTTP/1.1" 404 682
0:0:0:0:0:0:0:1 - - [15/Apr/2021:19:53:12 +0200] "GET /public/js/shamcey.js HTTP/1.1" 404 682
0:0:0:0:0:0:0:1 - - [15/Apr/2021:19:54:06 +0200] "GET /private/admin/auteurs HTTP/1.1" 302 -
0:0:0:0:0:0:0:1 - - [15/Apr/2021:19:54:06 +0200] "GET /page-login HTTP/1.1" 200 3318
0:0:0:0:0:0:0:1 - - [15/Apr/2021:19:54:16 +0200] "GET /public/confirmation-email-abonne/12 HTTP/1.1" 200 10941
0:0:0:0:0:0:0:1 - - [15/Apr/2021:19:54:16 +0200] "GET /lib/spectrum/spectrum.css HTTP/1.1" 200 14921
0:0:0:0:0:0:0:1 - - [15/Apr/2021:19:54:16 +0200] "GET /public/lib/bootstrap/bootstrap.js HTTP/1.1" 404 682
0:0:0:0:0:0:0:1 - - [15/Apr/2021:19:54:16 +0200] "GET /public/lib/popper.js/popper.js HTTP/1.1" 404 682
0:0:0:0:0:0:0:1 - - [15/Apr/2021:19:54:16 +0200] "GET /public/lib/jquery/jquery.js HTTP/1.1" 404 682
0:0:0:0:0:0:0:1 - - [15/Apr/2021:19:54:16 +0200] "GET /public/lib/jquery-ui/jquery-ui.js HTTP/1.1" 404 682
0:0:0:0:0:0:0:1 - - [15/Apr/2021:19:54:16 +0200] "GET /public/lib/perfect-scrollbar/js/perfect-scrollbar.jquery.js HTTP/1.1" 404 682
0:0:0:0:0:0:0:1 - - [15/Apr/2021:19:54:16 +0200] "GET /public/lib/moment/moment.js HTTP/1.1" 404 682
0:0:0:0:0:0:0:1 - - [15/Apr/2021:19:54:16 +0200] "GET /public/lib/select2/js/select2.min.js HTTP/1.1" 404 682
0:0:0:0:0:0:0:1 - - [15/Apr/2021:19:54:16 +0200] "GET /public/js/shamcey.js HTTP/1.1" 404 682
0:0:0:0:0:0:0:1 - - [15/Apr/2021:19:54:16 +0200] "GET /public/lib/spectrum/spectrum.js HTTP/1.1" 404 682
0:0:0:0:0:0:0:1 - - [15/Apr/2021:19:54:16 +0200] "GET /public/lib/popper.js/popper.js HTTP/1.1" 404 682
0:0:0:0:0:0:0:1 - - [15/Apr/2021:19:54:16 +0200] "GET /public/lib/bootstrap/bootstrap.js HTTP/1.1" 404 682
0:0:0:0:0:0:0:1 - - [15/Apr/2021:19:54:16 +0200] "GET /public/lib/jquery-ui/jquery-ui.js HTTP/1.1" 404 682
0:0:0:0:0:0:0:1 - - [15/Apr/2021:19:54:16 +0200] "GET /public/lib/perfect-scrollbar/js/perfect-scrollbar.jquery.js HTTP/1.1" 404 682
0:0:0:0:0:0:0:1 - - [15/Apr/2021:19:54:16 +0200] "GET /public/lib/moment/moment.js HTTP/1.1" 404 682
0:0:0:0:0:0:0:1 - - [15/Apr/2021:19:54:16 +0200] "GET /public/lib/select2/js/select2.min.js HTTP/1.1" 404 682
0:0:0:0:0:0:0:1 - - [15/Apr/2021:19:54:16 +0200] "GET /public/lib/spectrum/spectrum.js HTTP/1.1" 404 682
0:0:0:0:0:0:0:1 - - [15/Apr/2021:19:54:16 +0200] "GET /public/js/shamcey.js HTTP/1.1" 404 682
0:0:0:0:0:0:0:1 - - [15/Apr/2021:19:54:24 +0200] "POST /public/abonne/parametres-connexion HTTP/1.1" 302 -
0:0:0:0:0:0:0:1 - - [15/Apr/2021:19:54:24 +0200] "GET / HTTP/1.1" 200 9802
0:0:0:0:0:0:0:1 - - [15/Apr/2021:19:54:24 +0200] "GET /img/img8.jpg HTTP/1.1" 304 -
0:0:0:0:0:0:0:1 - - [15/Apr/2021:19:54:36 +0200] "POST /perform_login HTTP/1.1" 302 -
0:0:0:0:0:0:0:1 - - [15/Apr/2021:19:54:36 +0200] "GET /page-login HTTP/1.1" 200 3318
0:0:0:0:0:0:0:1 - - [15/Apr/2021:19:54:43 +0200] "POST /perform_login HTTP/1.1" 302 -
0:0:0:0:0:0:0:1 - - [15/Apr/2021:19:54:43 +0200] "GET /page-login HTTP/1.1" 200 3318
0:0:0:0:0:0:0:1 - - [15/Apr/2021:19:54:53 +0200] "POST /perform_login HTTP/1.1" 302 -
0:0:0:0:0:0:0:1 - - [15/Apr/2021:19:54:53 +0200] "GET /page-login HTTP/1.1" 200 3318
0:0:0:0:0:0:0:1 - - [15/Apr/2021:19:55:07 +0200] "POST /perform_login HTTP/1.1" 302 -
0:0:0:0:0:0:0:1 - - [15/Apr/2021:19:55:07 +0200] "GET /page-login HTTP/1.1" 200 3318
0:0:0:0:0:0:0:1 - - [15/Apr/2021:19:55:16 +0200] "GET /public/confirmation-email-abonne/13 HTTP/1.1" 200 10941
0:0:0:0:0:0:0:1 - - [15/Apr/2021:19:55:16 +0200] "GET /lib/spectrum/spectrum.css HTTP/1.1" 200 14921
0:0:0:0:0:0:0:1 - - [15/Apr/2021:19:55:16 +0200] "GET /public/lib/jquery/jquery.js HTTP/1.1" 404 682
0:0:0:0:0:0:0:1 - - [15/Apr/2021:19:55:16 +0200] "GET /public/lib/popper.js/popper.js HTTP/1.1" 404 682
0:0:0:0:0:0:0:1 - - [15/Apr/2021:19:55:16 +0200] "GET /public/lib/jquery-ui/jquery-ui.js HTTP/1.1" 404 682
0:0:0:0:0:0:0:1 - - [15/Apr/2021:19:55:16 +0200] "GET /public/lib/bootstrap/bootstrap.js HTTP/1.1" 404 682
0:0:0:0:0:0:0:1 - - [15/Apr/2021:19:55:16 +0200] "GET /public/lib/moment/moment.js HTTP/1.1" 404 682
0:0:0:0:0:0:0:1 - - [15/Apr/2021:19:55:16 +0200] "GET /public/lib/perfect-scrollbar/js/perfect-scrollbar.jquery.js HTTP/1.1" 404 682
0:0:0:0:0:0:0:1 - - [15/Apr/2021:19:55:16 +0200] "GET /public/lib/select2/js/select2.min.js HTTP/1.1" 404 682
0:0:0:0:0:0:0:1 - - [15/Apr/2021:19:55:16 +0200] "GET /public/js/shamcey.js HTTP/1.1" 404 682
0:0:0:0:0:0:0:1 - - [15/Apr/2021:19:55:16 +0200] "GET /public/lib/spectrum/spectrum.js HTTP/1.1" 404 682
0:0:0:0:0:0:0:1 - - [15/Apr/2021:19:55:16 +0200] "GET /public/lib/popper.js/popper.js HTTP/1.1" 404 682
0:0:0:0:0:0:0:1 - - [15/Apr/2021:19:55:16 +0200] "GET /public/lib/bootstrap/bootstrap.js HTTP/1.1" 404 682
0:0:0:0:0:0:0:1 - - [15/Apr/2021:19:55:16 +0200] "GET /public/lib/jquery-ui/jquery-ui.js HTTP/1.1" 404 682
0:0:0:0:0:0:0:1 - - [15/Apr/2021:19:55:16 +0200] "GET /public/lib/perfect-scrollbar/js/perfect-scrollbar.jquery.js HTTP/1.1" 404 682
0:0:0:0:0:0:0:1 - - [15/Apr/2021:19:55:16 +0200] "GET /public/lib/moment/moment.js HTTP/1.1" 404 682
0:0:0:0:0:0:0:1 - - [15/Apr/2021:19:55:16 +0200] "GET /public/lib/select2/js/select2.min.js HTTP/1.1" 404 682
0:0:0:0:0:0:0:1 - - [15/Apr/2021:19:55:16 +0200] "GET /public/lib/spectrum/spectrum.js HTTP/1.1" 404 682
0:0:0:0:0:0:0:1 - - [15/Apr/2021:19:55:16 +0200] "GET /public/js/shamcey.js HTTP/1.1" 404 682
0:0:0:0:0:0:0:1 - - [15/Apr/2021:19:55:22 +0200] "GET / HTTP/1.1" 200 9802
0:0:0:0:0:0:0:1 - - [15/Apr/2021:19:59:22 +0200] "GET / HTTP/1.1" 200 9802
0:0:0:0:0:0:0:1 - - [15/Apr/2021:23:13:36 +0200] "GET / HTTP/1.1" 302 -
0:0:0:0:0:0:0:1 - - [15/Apr/2021:23:13:37 +0200] "GET /page-login HTTP/1.1" 200 3318
0:0:0:0:0:0:0:1 - - [15/Apr/2021:23:13:37 +0200] "GET /lib/popper.js/popper.js HTTP/1.1" 304 -
0:0:0:0:0:0:0:1 - - [15/Apr/2021:23:13:37 +0200] "GET /lib/bootstrap/bootstrap.js HTTP/1.1" 304 -
0:0:0:0:0:0:0:1 - - [15/Apr/2021:23:13:37 +0200] "GET /lib/jquery/jquery.js HTTP/1.1" 304 -
0:0:0:0:0:0:0:1 - - [15/Apr/2021:23:13:37 +0200] "GET /lib/font-awesome/css/font-awesome.css HTTP/1.1" 304 -
0:0:0:0:0:0:0:1 - - [15/Apr/2021:23:13:37 +0200] "GET /lib/Ionicons/css/ionicons.css HTTP/1.1" 304 -
0:0:0:0:0:0:0:1 - - [15/Apr/2021:23:13:37 +0200] "GET /css/shamcey.css HTTP/1.1" 304 -
0:0:0:0:0:0:0:1 - - [15/Apr/2021:23:13:37 +0200] "GET /js/shamcey.js HTTP/1.1" 304 -
0:0:0:0:0:0:0:1 - - [15/Apr/2021:23:13:39 +0200] "GET / HTTP/1.1" 200 7833
0:0:0:0:0:0:0:1 - - [15/Apr/2021:23:13:39 +0200] "GET /lib/perfect-scrollbar/css/perfect-scrollbar.css HTTP/1.1" 304 -
0:0:0:0:0:0:0:1 - - [15/Apr/2021:23:13:39 +0200] "GET /lib/jquery-ui/jquery-ui.js HTTP/1.1" 304 -
0:0:0:0:0:0:0:1 - - [15/Apr/2021:23:13:39 +0200] "GET /lib/perfect-scrollbar/js/perfect-scrollbar.jquery.js HTTP/1.1" 304 -
0:0:0:0:0:0:0:1 - - [15/Apr/2021:23:13:39 +0200] "GET /lib/moment/moment.js HTTP/1.1" 304 -
0:0:0:0:0:0:0:1 - - [15/Apr/2021:23:13:39 +0200] "GET /lib/Flot/jquery.flot.resize.js HTTP/1.1" 304 -
0:0:0:0:0:0:0:1 - - [15/Apr/2021:23:13:39 +0200] "GET /lib/Flot/jquery.flot.js HTTP/1.1" 304 -
0:0:0:0:0:0:0:1 - - [15/Apr/2021:23:13:39 +0200] "GET /lib/flot-spline/jquery.flot.spline.js HTTP/1.1" 304 -
0:0:0:0:0:0:0:1 - - [15/Apr/2021:23:13:39 +0200] "GET /js/dashboard.js HTTP/1.1" 304 -
0:0:0:0:0:0:0:1 - - [15/Apr/2021:23:13:39 +0200] "GET /lib/Ionicons/fonts/ionicons.ttf?v=2.0.0 HTTP/1.1" 304 -
0:0:0:0:0:0:0:1 - - [15/Apr/2021:23:13:39 +0200] "GET /lib/font-awesome/fonts/fontawesome-webfont.woff2?v=4.7.0 HTTP/1.1" 304 -
0:0:0:0:0:0:0:1 - - [15/Apr/2021:23:13:41 +0200] "GET /public/ajout-abonne-1 HTTP/1.1" 200 16483
0:0:0:0:0:0:0:1 - - [15/Apr/2021:23:13:41 +0200] "GET /public/ajout-abonne-1 HTTP/1.1" 200 8206
0:0:0:0:0:0:0:1 - - [15/Apr/2021:23:13:42 +0200] "GET /lib/select2/css/select2.min.css HTTP/1.1" 304 -
0:0:0:0:0:0:0:1 - - [15/Apr/2021:23:13:42 +0200] "GET /lib/select2/js/select2.min.js HTTP/1.1" 304 -
0:0:0:0:0:0:0:1 - - [15/Apr/2021:23:13:42 +0200] "GET /lib/spectrum/spectrum.css HTTP/1.1" 200 14921
0:0:0:0:0:0:0:1 - - [15/Apr/2021:23:13:42 +0200] "GET /lib/spectrum/spectrum.js HTTP/1.1" 200 79270
0:0:0:0:0:0:0:1 - - [15/Apr/2021:23:14:15 +0200] "POST /public/abonne/ajout1 HTTP/1.1" 200 9621
0:0:0:0:0:0:0:1 - - [15/Apr/2021:23:14:15 +0200] "GET /lib/spectrum/spectrum.css HTTP/1.1" 200 14921
0:0:0:0:0:0:0:1 - - [15/Apr/2021:23:14:15 +0200] "GET /public/lib/perfect-scrollbar/js/perfect-scrollbar.jquery.js HTTP/1.1" 404 682
0:0:0:0:0:0:0:1 - - [15/Apr/2021:23:14:15 +0200] "GET /public/lib/moment/moment.js HTTP/1.1" 404 682
0:0:0:0:0:0:0:1 - - [15/Apr/2021:23:14:15 +0200] "GET /public/lib/popper.js/popper.js HTTP/1.1" 404 682
0:0:0:0:0:0:0:1 - - [15/Apr/2021:23:14:15 +0200] "GET /public/lib/bootstrap/bootstrap.js HTTP/1.1" 404 682
0:0:0:0:0:0:0:1 - - [15/Apr/2021:23:14:15 +0200] "GET /public/lib/jquery-ui/jquery-ui.js HTTP/1.1" 404 682
0:0:0:0:0:0:0:1 - - [15/Apr/2021:23:14:15 +0200] "GET /public/lib/jquery/jquery.js HTTP/1.1" 404 682
0:0:0:0:0:0:0:1 - - [15/Apr/2021:23:14:15 +0200] "GET /public/lib/spectrum/spectrum.js HTTP/1.1" 404 682
0:0:0:0:0:0:0:1 - - [15/Apr/2021:23:14:15 +0200] "GET /public/js/shamcey.js HTTP/1.1" 404 682
0:0:0:0:0:0:0:1 - - [15/Apr/2021:23:14:15 +0200] "GET /public/lib/select2/js/select2.min.js HTTP/1.1" 404 682
0:0:0:0:0:0:0:1 - - [15/Apr/2021:23:14:15 +0200] "GET /public/lib/jquery-ui/jquery-ui.js HTTP/1.1" 404 682
0:0:0:0:0:0:0:1 - - [15/Apr/2021:23:14:15 +0200] "GET /public/lib/perfect-scrollbar/js/perfect-scrollbar.jquery.js HTTP/1.1" 404 682
0:0:0:0:0:0:0:1 - - [15/Apr/2021:23:14:15 +0200] "GET /public/lib/moment/moment.js HTTP/1.1" 404 682
0:0:0:0:0:0:0:1 - - [15/Apr/2021:23:14:15 +0200] "GET /public/lib/select2/js/select2.min.js HTTP/1.1" 404 682
0:0:0:0:0:0:0:1 - - [15/Apr/2021:23:14:15 +0200] "GET /public/lib/spectrum/spectrum.js HTTP/1.1" 404 682
0:0:0:0:0:0:0:1 - - [15/Apr/2021:23:14:15 +0200] "GET /public/js/shamcey.js HTTP/1.1" 404 682
0:0:0:0:0:0:0:1 - - [15/Apr/2021:23:14:37 +0200] "GET /public/confirmation-email-abonne/14 HTTP/1.1" 200 10941
0:0:0:0:0:0:0:1 - - [15/Apr/2021:23:14:37 +0200] "GET /lib/spectrum/spectrum.css HTTP/1.1" 200 14921
0:0:0:0:0:0:0:1 - - [15/Apr/2021:23:14:37 +0200] "GET /public/lib/popper.js/popper.js HTTP/1.1" 404 682
0:0:0:0:0:0:0:1 - - [15/Apr/2021:23:14:37 +0200] "GET /public/lib/bootstrap/bootstrap.js HTTP/1.1" 404 682
0:0:0:0:0:0:0:1 - - [15/Apr/2021:23:14:37 +0200] "GET /public/lib/jquery-ui/jquery-ui.js HTTP/1.1" 404 682
0:0:0:0:0:0:0:1 - - [15/Apr/2021:23:14:37 +0200] "GET /public/lib/perfect-scrollbar/js/perfect-scrollbar.jquery.js HTTP/1.1" 404 682
0:0:0:0:0:0:0:1 - - [15/Apr/2021:23:14:37 +0200] "GET /public/lib/jquery/jquery.js HTTP/1.1" 404 682
0:0:0:0:0:0:0:1 - - [15/Apr/2021:23:14:37 +0200] "GET /public/lib/moment/moment.js HTTP/1.1" 404 682
0:0:0:0:0:0:0:1 - - [15/Apr/2021:23:14:37 +0200] "GET /public/lib/select2/js/select2.min.js HTTP/1.1" 404 682
0:0:0:0:0:0:0:1 - - [15/Apr/2021:23:14:37 +0200] "GET /public/js/shamcey.js HTTP/1.1" 404 682
0:0:0:0:0:0:0:1 - - [15/Apr/2021:23:14:38 +0200] "GET /public/lib/spectrum/spectrum.js HTTP/1.1" 404 682
0:0:0:0:0:0:0:1 - - [15/Apr/2021:23:14:38 +0200] "GET /public/lib/popper.js/popper.js HTTP/1.1" 404 682
0:0:0:0:0:0:0:1 - - [15/Apr/2021:23:14:38 +0200] "GET /public/lib/bootstrap/bootstrap.js HTTP/1.1" 404 682
0:0:0:0:0:0:0:1 - - [15/Apr/2021:23:14:38 +0200] "GET /public/lib/jquery-ui/jquery-ui.js HTTP/1.1" 404 682
0:0:0:0:0:0:0:1 - - [15/Apr/2021:23:14:38 +0200] "GET /public/lib/perfect-scrollbar/js/perfect-scrollbar.jquery.js HTTP/1.1" 404 682
0:0:0:0:0:0:0:1 - - [15/Apr/2021:23:14:38 +0200] "GET /public/lib/moment/moment.js HTTP/1.1" 404 682
0:0:0:0:0:0:0:1 - - [15/Apr/2021:23:14:38 +0200] "GET /public/lib/select2/js/select2.min.js HTTP/1.1" 404 682
0:0:0:0:0:0:0:1 - - [15/Apr/2021:23:14:38 +0200] "GET /public/lib/spectrum/spectrum.js HTTP/1.1" 404 682
0:0:0:0:0:0:0:1 - - [15/Apr/2021:23:14:38 +0200] "GET /public/js/shamcey.js HTTP/1.1" 404 682
0:0:0:0:0:0:0:1 - - [15/Apr/2021:23:14:44 +0200] "GET /public/confirmation-email-abonne/14 HTTP/1.1" 200 10941
0:0:0:0:0:0:0:1 - - [15/Apr/2021:23:14:44 +0200] "GET /lib/spectrum/spectrum.css HTTP/1.1" 200 14921
0:0:0:0:0:0:0:1 - - [15/Apr/2021:23:14:44 +0200] "GET /public/lib/popper.js/popper.js HTTP/1.1" 404 682
0:0:0:0:0:0:0:1 - - [15/Apr/2021:23:14:44 +0200] "GET /public/lib/jquery-ui/jquery-ui.js HTTP/1.1" 404 682
0:0:0:0:0:0:0:1 - - [15/Apr/2021:23:14:44 +0200] "GET /public/lib/jquery/jquery.js HTTP/1.1" 404 682
0:0:0:0:0:0:0:1 - - [15/Apr/2021:23:14:44 +0200] "GET /public/lib/perfect-scrollbar/js/perfect-scrollbar.jquery.js HTTP/1.1" 404 682
0:0:0:0:0:0:0:1 - - [15/Apr/2021:23:14:44 +0200] "GET /public/lib/bootstrap/bootstrap.js HTTP/1.1" 404 682
0:0:0:0:0:0:0:1 - - [15/Apr/2021:23:14:44 +0200] "GET /public/lib/moment/moment.js HTTP/1.1" 404 682
0:0:0:0:0:0:0:1 - - [15/Apr/2021:23:14:44 +0200] "GET /public/js/shamcey.js HTTP/1.1" 404 682
0:0:0:0:0:0:0:1 - - [15/Apr/2021:23:14:44 +0200] "GET /public/lib/select2/js/select2.min.js HTTP/1.1" 404 682
0:0:0:0:0:0:0:1 - - [15/Apr/2021:23:14:44 +0200] "GET /public/lib/spectrum/spectrum.js HTTP/1.1" 404 682
0:0:0:0:0:0:0:1 - - [15/Apr/2021:23:14:44 +0200] "GET /public/lib/popper.js/popper.js HTTP/1.1" 404 682
0:0:0:0:0:0:0:1 - - [15/Apr/2021:23:14:44 +0200] "GET /public/lib/bootstrap/bootstrap.js HTTP/1.1" 404 682
0:0:0:0:0:0:0:1 - - [15/Apr/2021:23:14:44 +0200] "GET /public/lib/jquery-ui/jquery-ui.js HTTP/1.1" 404 682
0:0:0:0:0:0:0:1 - - [15/Apr/2021:23:14:44 +0200] "GET /public/lib/perfect-scrollbar/js/perfect-scrollbar.jquery.js HTTP/1.1" 404 682
0:0:0:0:0:0:0:1 - - [15/Apr/2021:23:14:44 +0200] "GET /public/lib/moment/moment.js HTTP/1.1" 404 682
0:0:0:0:0:0:0:1 - - [15/Apr/2021:23:14:44 +0200] "GET /public/lib/select2/js/select2.min.js HTTP/1.1" 404 682
0:0:0:0:0:0:0:1 - - [15/Apr/2021:23:14:44 +0200] "GET /public/lib/spectrum/spectrum.js HTTP/1.1" 404 682
0:0:0:0:0:0:0:1 - - [15/Apr/2021:23:14:44 +0200] "GET /public/js/shamcey.js HTTP/1.1" 404 682
0:0:0:0:0:0:0:1 - - [15/Apr/2021:23:14:59 +0200] "POST /public/abonne/parametres-connexion HTTP/1.1" 500 12842
