0:0:0:0:0:0:0:1 - - [16/Apr/2021:00:37:42 +0200] "GET / HTTP/1.1" 302 -
0:0:0:0:0:0:0:1 - - [16/Apr/2021:00:37:42 +0200] "GET /page-login HTTP/1.1" 200 3318
0:0:0:0:0:0:0:1 - - [16/Apr/2021:00:37:44 +0200] "GET / HTTP/1.1" 200 7833
0:0:0:0:0:0:0:1 - - [16/Apr/2021:00:37:47 +0200] "GET / HTTP/1.1" 200 7833
0:0:0:0:0:0:0:1 - - [16/Apr/2021:00:37:47 +0200] "GET / HTTP/1.1" 200 7833
0:0:0:0:0:0:0:1 - - [16/Apr/2021:00:38:06 +0200] "GET / HTTP/1.1" 200 7833
0:0:0:0:0:0:0:1 - - [16/Apr/2021:00:38:08 +0200] "GET / HTTP/1.1" 200 7833
0:0:0:0:0:0:0:1 - - [16/Apr/2021:00:38:10 +0200] "GET /page-login HTTP/1.1" 200 3318
0:0:0:0:0:0:0:1 - - [16/Apr/2021:00:38:21 +0200] "POST /perform_login HTTP/1.1" 302 -
0:0:0:0:0:0:0:1 - - [16/Apr/2021:00:38:21 +0200] "GET /page-login HTTP/1.1" 200 3318
0:0:0:0:0:0:0:1 - - [16/Apr/2021:00:38:28 +0200] "POST /perform_login HTTP/1.1" 302 -
0:0:0:0:0:0:0:1 - - [16/Apr/2021:00:38:28 +0200] "POST /perform_login HTTP/1.1" 302 -
0:0:0:0:0:0:0:1 - - [16/Apr/2021:00:38:28 +0200] "GET /page-login HTTP/1.1" 200 3318
0:0:0:0:0:0:0:1 - - [16/Apr/2021:00:38:41 +0200] "POST /perform_login HTTP/1.1" 302 -
0:0:0:0:0:0:0:1 - - [16/Apr/2021:00:38:41 +0200] "GET /page-login HTTP/1.1" 200 3318
0:0:0:0:0:0:0:1 - - [16/Apr/2021:00:38:51 +0200] "POST /perform_login HTTP/1.1" 302 -
0:0:0:0:0:0:0:1 - - [16/Apr/2021:00:38:51 +0200] "GET /page-login HTTP/1.1" 200 3318
0:0:0:0:0:0:0:1 - - [16/Apr/2021:00:39:16 +0200] "GET / HTTP/1.1" 200 7833
0:0:0:0:0:0:0:1 - - [16/Apr/2021:00:44:09 +0200] "GET / HTTP/1.1" 200 7833
0:0:0:0:0:0:0:1 - - [16/Apr/2021:00:49:44 +0200] "GET /public/ajout-abonne-1 HTTP/1.1" 200 16483
0:0:0:0:0:0:0:1 - - [16/Apr/2021:00:49:44 +0200] "GET /lib/spectrum/spectrum.css HTTP/1.1" 200 14921
0:0:0:0:0:0:0:1 - - [16/Apr/2021:00:49:44 +0200] "GET /lib/spectrum/spectrum.js HTTP/1.1" 200 79270
0:0:0:0:0:0:0:1 - - [16/Apr/2021:00:50:01 +0200] "POST /public/abonne/ajout1 HTTP/1.1" 200 9621
0:0:0:0:0:0:0:1 - - [16/Apr/2021:00:50:01 +0200] "GET /lib/spectrum/spectrum.css HTTP/1.1" 200 14921
0:0:0:0:0:0:0:1 - - [16/Apr/2021:00:50:01 +0200] "GET /public/lib/jquery/jquery.js HTTP/1.1" 404 682
0:0:0:0:0:0:0:1 - - [16/Apr/2021:00:50:01 +0200] "GET /public/lib/popper.js/popper.js HTTP/1.1" 404 682
0:0:0:0:0:0:0:1 - - [16/Apr/2021:00:50:01 +0200] "GET /public/lib/bootstrap/bootstrap.js HTTP/1.1" 404 682
0:0:0:0:0:0:0:1 - - [16/Apr/2021:00:50:01 +0200] "GET /public/lib/perfect-scrollbar/js/perfect-scrollbar.jquery.js HTTP/1.1" 404 682
0:0:0:0:0:0:0:1 - - [16/Apr/2021:00:50:01 +0200] "GET /public/lib/jquery-ui/jquery-ui.js HTTP/1.1" 404 682
0:0:0:0:0:0:0:1 - - [16/Apr/2021:00:50:01 +0200] "GET /public/lib/moment/moment.js HTTP/1.1" 404 682
0:0:0:0:0:0:0:1 - - [16/Apr/2021:00:50:01 +0200] "GET /public/lib/select2/js/select2.min.js HTTP/1.1" 404 682
0:0:0:0:0:0:0:1 - - [16/Apr/2021:00:50:01 +0200] "GET /public/lib/spectrum/spectrum.js HTTP/1.1" 404 682
0:0:0:0:0:0:0:1 - - [16/Apr/2021:00:50:01 +0200] "GET /public/js/shamcey.js HTTP/1.1" 404 682
0:0:0:0:0:0:0:1 - - [16/Apr/2021:00:50:01 +0200] "GET /public/lib/popper.js/popper.js HTTP/1.1" 404 682
0:0:0:0:0:0:0:1 - - [16/Apr/2021:00:50:01 +0200] "GET /public/lib/bootstrap/bootstrap.js HTTP/1.1" 404 682
0:0:0:0:0:0:0:1 - - [16/Apr/2021:00:50:01 +0200] "GET /public/lib/jquery-ui/jquery-ui.js HTTP/1.1" 404 682
0:0:0:0:0:0:0:1 - - [16/Apr/2021:00:50:01 +0200] "GET /public/lib/perfect-scrollbar/js/perfect-scrollbar.jquery.js HTTP/1.1" 404 682
0:0:0:0:0:0:0:1 - - [16/Apr/2021:00:50:01 +0200] "GET /public/lib/moment/moment.js HTTP/1.1" 404 682
0:0:0:0:0:0:0:1 - - [16/Apr/2021:00:50:01 +0200] "GET /public/lib/select2/js/select2.min.js HTTP/1.1" 404 682
0:0:0:0:0:0:0:1 - - [16/Apr/2021:00:50:01 +0200] "GET /public/lib/spectrum/spectrum.js HTTP/1.1" 404 682
0:0:0:0:0:0:0:1 - - [16/Apr/2021:00:50:01 +0200] "GET /public/js/shamcey.js HTTP/1.1" 404 682
0:0:0:0:0:0:0:1 - - [16/Apr/2021:00:50:52 +0200] "GET /public/confirmation-email-abonne/15 HTTP/1.1" 200 10941
0:0:0:0:0:0:0:1 - - [16/Apr/2021:00:50:52 +0200] "GET /lib/spectrum/spectrum.css HTTP/1.1" 200 14921
0:0:0:0:0:0:0:1 - - [16/Apr/2021:00:50:52 +0200] "GET /public/lib/jquery/jquery.js HTTP/1.1" 404 682
0:0:0:0:0:0:0:1 - - [16/Apr/2021:00:50:52 +0200] "GET /public/lib/popper.js/popper.js HTTP/1.1" 404 682
0:0:0:0:0:0:0:1 - - [16/Apr/2021:00:50:52 +0200] "GET /public/lib/bootstrap/bootstrap.js HTTP/1.1" 404 682
0:0:0:0:0:0:0:1 - - [16/Apr/2021:00:50:52 +0200] "GET /public/lib/jquery-ui/jquery-ui.js HTTP/1.1" 404 682
0:0:0:0:0:0:0:1 - - [16/Apr/2021:00:50:52 +0200] "GET /public/lib/perfect-scrollbar/js/perfect-scrollbar.jquery.js HTTP/1.1" 404 682
0:0:0:0:0:0:0:1 - - [16/Apr/2021:00:50:52 +0200] "GET /public/lib/moment/moment.js HTTP/1.1" 404 682
0:0:0:0:0:0:0:1 - - [16/Apr/2021:00:50:52 +0200] "GET /public/lib/spectrum/spectrum.js HTTP/1.1" 404 682
0:0:0:0:0:0:0:1 - - [16/Apr/2021:00:50:52 +0200] "GET /public/js/shamcey.js HTTP/1.1" 404 682
0:0:0:0:0:0:0:1 - - [16/Apr/2021:00:50:52 +0200] "GET /public/lib/select2/js/select2.min.js HTTP/1.1" 404 682
0:0:0:0:0:0:0:1 - - [16/Apr/2021:00:50:52 +0200] "GET /public/lib/popper.js/popper.js HTTP/1.1" 404 682
0:0:0:0:0:0:0:1 - - [16/Apr/2021:00:50:52 +0200] "GET /public/lib/bootstrap/bootstrap.js HTTP/1.1" 404 682
0:0:0:0:0:0:0:1 - - [16/Apr/2021:00:50:52 +0200] "GET /public/lib/jquery-ui/jquery-ui.js HTTP/1.1" 404 682
0:0:0:0:0:0:0:1 - - [16/Apr/2021:00:50:52 +0200] "GET /public/lib/perfect-scrollbar/js/perfect-scrollbar.jquery.js HTTP/1.1" 404 682
0:0:0:0:0:0:0:1 - - [16/Apr/2021:00:50:52 +0200] "GET /public/lib/moment/moment.js HTTP/1.1" 404 682
0:0:0:0:0:0:0:1 - - [16/Apr/2021:00:50:52 +0200] "GET /public/lib/select2/js/select2.min.js HTTP/1.1" 404 682
0:0:0:0:0:0:0:1 - - [16/Apr/2021:00:50:52 +0200] "GET /public/lib/spectrum/spectrum.js HTTP/1.1" 404 682
0:0:0:0:0:0:0:1 - - [16/Apr/2021:00:50:52 +0200] "GET /public/js/shamcey.js HTTP/1.1" 404 682
0:0:0:0:0:0:0:1 - - [16/Apr/2021:00:51:00 +0200] "POST /public/abonne/parametres-connexion HTTP/1.1" 500 12842
0:0:0:0:0:0:0:1 - - [16/Apr/2021:00:58:26 +0200] "GET /public/ajout-abonne-1 HTTP/1.1" 200 16483
0:0:0:0:0:0:0:1 - - [16/Apr/2021:00:58:26 +0200] "GET /lib/spectrum/spectrum.css HTTP/1.1" 200 14921
0:0:0:0:0:0:0:1 - - [16/Apr/2021:00:58:26 +0200] "GET /lib/spectrum/spectrum.js HTTP/1.1" 200 79270
0:0:0:0:0:0:0:1 - - [16/Apr/2021:01:06:27 +0200] "GET /public/ajout-abonne-1 HTTP/1.1" 200 16483
0:0:0:0:0:0:0:1 - - [16/Apr/2021:01:06:27 +0200] "GET /lib/spectrum/spectrum.css HTTP/1.1" 200 14921
0:0:0:0:0:0:0:1 - - [16/Apr/2021:01:06:27 +0200] "GET /lib/spectrum/spectrum.js HTTP/1.1" 200 79270
0:0:0:0:0:0:0:1 - - [16/Apr/2021:01:06:29 +0200] "GET /public/ajout-abonne-1 HTTP/1.1" 200 16483
0:0:0:0:0:0:0:1 - - [16/Apr/2021:01:06:29 +0200] "GET /lib/spectrum/spectrum.css HTTP/1.1" 200 14921
0:0:0:0:0:0:0:1 - - [16/Apr/2021:01:06:29 +0200] "GET /lib/spectrum/spectrum.js HTTP/1.1" 200 79270
0:0:0:0:0:0:0:1 - - [16/Apr/2021:01:16:51 +0200] "GET /public/ajout-abonne-1 HTTP/1.1" 200 16483
0:0:0:0:0:0:0:1 - - [16/Apr/2021:01:16:51 +0200] "GET /public/ajout-abonne-1 HTTP/1.1" 200 16483
0:0:0:0:0:0:0:1 - - [16/Apr/2021:01:16:51 +0200] "GET /lib/spectrum/spectrum.css HTTP/1.1" 200 14921
0:0:0:0:0:0:0:1 - - [16/Apr/2021:01:16:51 +0200] "GET /lib/spectrum/spectrum.js HTTP/1.1" 200 79270
0:0:0:0:0:0:0:1 - - [16/Apr/2021:01:16:54 +0200] "GET / HTTP/1.1" 200 7833
0:0:0:0:0:0:0:1 - - [16/Apr/2021:01:16:54 +0200] "GET / HTTP/1.1" 200 7833
0:0:0:0:0:0:0:1 - - [16/Apr/2021:01:16:56 +0200] "GET /public/ajout-abonne-1 HTTP/1.1" 200 16483
0:0:0:0:0:0:0:1 - - [16/Apr/2021:01:16:56 +0200] "GET /lib/spectrum/spectrum.css HTTP/1.1" 200 14921
0:0:0:0:0:0:0:1 - - [16/Apr/2021:01:16:56 +0200] "GET /lib/spectrum/spectrum.js HTTP/1.1" 200 79270
0:0:0:0:0:0:0:1 - - [16/Apr/2021:01:19:00 +0200] "GET /public/ajout-abonne-1 HTTP/1.1" 200 8206
0:0:0:0:0:0:0:1 - - [16/Apr/2021:01:19:00 +0200] "GET /public/ajout-abonne-1 HTTP/1.1" 200 16483
0:0:0:0:0:0:0:1 - - [16/Apr/2021:01:19:00 +0200] "GET /lib/spectrum/spectrum.css HTTP/1.1" 200 14921
0:0:0:0:0:0:0:1 - - [16/Apr/2021:01:19:00 +0200] "GET /lib/spectrum/spectrum.js HTTP/1.1" 200 79270
0:0:0:0:0:0:0:1 - - [16/Apr/2021:01:19:02 +0200] "GET /page-login HTTP/1.1" 200 3318
0:0:0:0:0:0:0:1 - - [16/Apr/2021:01:19:03 +0200] "GET / HTTP/1.1" 200 7833
0:0:0:0:0:0:0:1 - - [16/Apr/2021:01:19:05 +0200] "GET /public/ajout-abonne-1 HTTP/1.1" 200 16483
0:0:0:0:0:0:0:1 - - [16/Apr/2021:01:19:05 +0200] "GET /public/ajout-abonne-1 HTTP/1.1" 200 16483
0:0:0:0:0:0:0:1 - - [16/Apr/2021:01:19:05 +0200] "GET /lib/spectrum/spectrum.css HTTP/1.1" 200 14921
0:0:0:0:0:0:0:1 - - [16/Apr/2021:01:19:05 +0200] "GET /lib/spectrum/spectrum.js HTTP/1.1" 200 79270
0:0:0:0:0:0:0:1 - - [16/Apr/2021:01:19:06 +0200] "GET /page-login HTTP/1.1" 200 3318
0:0:0:0:0:0:0:1 - - [16/Apr/2021:01:19:07 +0200] "GET / HTTP/1.1" 200 7833
0:0:0:0:0:0:0:1 - - [16/Apr/2021:01:41:17 +0200] "GET /public/ajout-abonne-1 HTTP/1.1" 302 -
0:0:0:0:0:0:0:1 - - [16/Apr/2021:01:41:17 +0200] "GET /page-login HTTP/1.1" 200 3318
0:0:0:0:0:0:0:1 - - [16/Apr/2021:01:41:20 +0200] "GET / HTTP/1.1" 200 7833
0:0:0:0:0:0:0:1 - - [16/Apr/2021:01:41:22 +0200] "GET /public/ajout-abonne-1 HTTP/1.1" 200 16483
0:0:0:0:0:0:0:1 - - [16/Apr/2021:01:41:22 +0200] "GET /lib/spectrum/spectrum.css HTTP/1.1" 200 14921
0:0:0:0:0:0:0:1 - - [16/Apr/2021:01:41:22 +0200] "GET /lib/spectrum/spectrum.js HTTP/1.1" 200 79270
0:0:0:0:0:0:0:1 - - [16/Apr/2021:01:41:45 +0200] "POST /public/abonne/ajout1 HTTP/1.1" 200 9621
0:0:0:0:0:0:0:1 - - [16/Apr/2021:01:41:45 +0200] "GET /lib/spectrum/spectrum.css HTTP/1.1" 200 14921
0:0:0:0:0:0:0:1 - - [16/Apr/2021:01:41:45 +0200] "GET /public/lib/jquery/jquery.js HTTP/1.1" 404 682
0:0:0:0:0:0:0:1 - - [16/Apr/2021:01:41:45 +0200] "GET /public/lib/popper.js/popper.js HTTP/1.1" 404 682
0:0:0:0:0:0:0:1 - - [16/Apr/2021:01:41:45 +0200] "GET /public/lib/perfect-scrollbar/js/perfect-scrollbar.jquery.js HTTP/1.1" 404 682
0:0:0:0:0:0:0:1 - - [16/Apr/2021:01:41:45 +0200] "GET /public/lib/moment/moment.js HTTP/1.1" 404 682
0:0:0:0:0:0:0:1 - - [16/Apr/2021:01:41:45 +0200] "GET /public/lib/jquery-ui/jquery-ui.js HTTP/1.1" 404 682
0:0:0:0:0:0:0:1 - - [16/Apr/2021:01:41:45 +0200] "GET /public/lib/bootstrap/bootstrap.js HTTP/1.1" 404 682
0:0:0:0:0:0:0:1 - - [16/Apr/2021:01:41:45 +0200] "GET /public/lib/select2/js/select2.min.js HTTP/1.1" 404 682
0:0:0:0:0:0:0:1 - - [16/Apr/2021:01:41:45 +0200] "GET /public/lib/spectrum/spectrum.js HTTP/1.1" 404 682
0:0:0:0:0:0:0:1 - - [16/Apr/2021:01:41:45 +0200] "GET /public/js/shamcey.js HTTP/1.1" 404 682
0:0:0:0:0:0:0:1 - - [16/Apr/2021:01:41:46 +0200] "GET /public/lib/popper.js/popper.js HTTP/1.1" 404 682
0:0:0:0:0:0:0:1 - - [16/Apr/2021:01:41:46 +0200] "GET /public/lib/bootstrap/bootstrap.js HTTP/1.1" 404 682
0:0:0:0:0:0:0:1 - - [16/Apr/2021:01:41:46 +0200] "GET /public/lib/jquery-ui/jquery-ui.js HTTP/1.1" 404 682
0:0:0:0:0:0:0:1 - - [16/Apr/2021:01:41:46 +0200] "GET /public/lib/perfect-scrollbar/js/perfect-scrollbar.jquery.js HTTP/1.1" 404 682
0:0:0:0:0:0:0:1 - - [16/Apr/2021:01:41:46 +0200] "GET /public/lib/moment/moment.js HTTP/1.1" 404 682
0:0:0:0:0:0:0:1 - - [16/Apr/2021:01:41:46 +0200] "GET /public/lib/select2/js/select2.min.js HTTP/1.1" 404 682
0:0:0:0:0:0:0:1 - - [16/Apr/2021:01:41:46 +0200] "GET /public/lib/spectrum/spectrum.js HTTP/1.1" 404 682
0:0:0:0:0:0:0:1 - - [16/Apr/2021:01:41:46 +0200] "GET /public/js/shamcey.js HTTP/1.1" 404 682
0:0:0:0:0:0:0:1 - - [16/Apr/2021:01:42:00 +0200] "GET /public/confirmation-email-abonne/16 HTTP/1.1" 200 10941
0:0:0:0:0:0:0:1 - - [16/Apr/2021:01:42:00 +0200] "GET /lib/spectrum/spectrum.css HTTP/1.1" 200 14921
0:0:0:0:0:0:0:1 - - [16/Apr/2021:01:42:00 +0200] "GET /public/lib/bootstrap/bootstrap.js HTTP/1.1" 404 682
0:0:0:0:0:0:0:1 - - [16/Apr/2021:01:42:00 +0200] "GET /public/lib/jquery/jquery.js HTTP/1.1" 404 682
0:0:0:0:0:0:0:1 - - [16/Apr/2021:01:42:00 +0200] "GET /public/lib/popper.js/popper.js HTTP/1.1" 404 682
0:0:0:0:0:0:0:1 - - [16/Apr/2021:01:42:00 +0200] "GET /public/lib/perfect-scrollbar/js/perfect-scrollbar.jquery.js HTTP/1.1" 404 682
0:0:0:0:0:0:0:1 - - [16/Apr/2021:01:42:00 +0200] "GET /public/lib/jquery-ui/jquery-ui.js HTTP/1.1" 404 682
0:0:0:0:0:0:0:1 - - [16/Apr/2021:01:42:00 +0200] "GET /public/lib/moment/moment.js HTTP/1.1" 404 682
0:0:0:0:0:0:0:1 - - [16/Apr/2021:01:42:00 +0200] "GET /public/lib/spectrum/spectrum.js HTTP/1.1" 404 682
0:0:0:0:0:0:0:1 - - [16/Apr/2021:01:42:00 +0200] "GET /public/lib/select2/js/select2.min.js HTTP/1.1" 404 682
0:0:0:0:0:0:0:1 - - [16/Apr/2021:01:42:00 +0200] "GET /public/js/shamcey.js HTTP/1.1" 404 682
0:0:0:0:0:0:0:1 - - [16/Apr/2021:01:42:00 +0200] "GET /public/lib/popper.js/popper.js HTTP/1.1" 404 682
0:0:0:0:0:0:0:1 - - [16/Apr/2021:01:42:00 +0200] "GET /public/lib/bootstrap/bootstrap.js HTTP/1.1" 404 682
0:0:0:0:0:0:0:1 - - [16/Apr/2021:01:42:00 +0200] "GET /public/lib/jquery-ui/jquery-ui.js HTTP/1.1" 404 682
0:0:0:0:0:0:0:1 - - [16/Apr/2021:01:42:00 +0200] "GET /public/lib/perfect-scrollbar/js/perfect-scrollbar.jquery.js HTTP/1.1" 404 682
0:0:0:0:0:0:0:1 - - [16/Apr/2021:01:42:00 +0200] "GET /public/lib/moment/moment.js HTTP/1.1" 404 682
0:0:0:0:0:0:0:1 - - [16/Apr/2021:01:42:00 +0200] "GET /public/lib/select2/js/select2.min.js HTTP/1.1" 404 682
0:0:0:0:0:0:0:1 - - [16/Apr/2021:01:42:00 +0200] "GET /public/lib/spectrum/spectrum.js HTTP/1.1" 404 682
0:0:0:0:0:0:0:1 - - [16/Apr/2021:01:42:00 +0200] "GET /public/js/shamcey.js HTTP/1.1" 404 682
0:0:0:0:0:0:0:1 - - [16/Apr/2021:01:42:10 +0200] "POST /public/abonne/parametres-connexion HTTP/1.1" 200 10917
0:0:0:0:0:0:0:1 - - [16/Apr/2021:01:42:10 +0200] "GET /lib/spectrum/spectrum.css HTTP/1.1" 200 14921
0:0:0:0:0:0:0:1 - - [16/Apr/2021:01:42:10 +0200] "GET /public/lib/jquery/jquery.js HTTP/1.1" 404 682
0:0:0:0:0:0:0:1 - - [16/Apr/2021:01:42:10 +0200] "GET /public/lib/perfect-scrollbar/js/perfect-scrollbar.jquery.js HTTP/1.1" 404 682
0:0:0:0:0:0:0:1 - - [16/Apr/2021:01:42:10 +0200] "GET /public/lib/bootstrap/bootstrap.js HTTP/1.1" 404 682
0:0:0:0:0:0:0:1 - - [16/Apr/2021:01:42:10 +0200] "GET /public/lib/jquery-ui/jquery-ui.js HTTP/1.1" 404 682
0:0:0:0:0:0:0:1 - - [16/Apr/2021:01:42:10 +0200] "GET /public/lib/popper.js/popper.js HTTP/1.1" 404 682
0:0:0:0:0:0:0:1 - - [16/Apr/2021:01:42:10 +0200] "GET /public/js/shamcey.js HTTP/1.1" 404 682
0:0:0:0:0:0:0:1 - - [16/Apr/2021:01:42:10 +0200] "GET /public/lib/select2/js/select2.min.js HTTP/1.1" 404 682
0:0:0:0:0:0:0:1 - - [16/Apr/2021:01:42:10 +0200] "GET /public/lib/moment/moment.js HTTP/1.1" 404 682
0:0:0:0:0:0:0:1 - - [16/Apr/2021:01:42:11 +0200] "GET /public/lib/spectrum/spectrum.js HTTP/1.1" 404 682
0:0:0:0:0:0:0:1 - - [16/Apr/2021:01:42:11 +0200] "GET /public/lib/popper.js/popper.js HTTP/1.1" 404 682
0:0:0:0:0:0:0:1 - - [16/Apr/2021:01:42:11 +0200] "GET /public/lib/bootstrap/bootstrap.js HTTP/1.1" 404 682
0:0:0:0:0:0:0:1 - - [16/Apr/2021:01:42:11 +0200] "GET /public/lib/jquery-ui/jquery-ui.js HTTP/1.1" 404 682
0:0:0:0:0:0:0:1 - - [16/Apr/2021:01:42:11 +0200] "GET /public/lib/perfect-scrollbar/js/perfect-scrollbar.jquery.js HTTP/1.1" 404 682
0:0:0:0:0:0:0:1 - - [16/Apr/2021:01:42:11 +0200] "GET /public/lib/moment/moment.js HTTP/1.1" 404 682
0:0:0:0:0:0:0:1 - - [16/Apr/2021:01:42:11 +0200] "GET /public/lib/select2/js/select2.min.js HTTP/1.1" 404 682
0:0:0:0:0:0:0:1 - - [16/Apr/2021:01:42:11 +0200] "GET /public/lib/spectrum/spectrum.js HTTP/1.1" 404 682
0:0:0:0:0:0:0:1 - - [16/Apr/2021:01:42:11 +0200] "GET /public/js/shamcey.js HTTP/1.1" 404 682
0:0:0:0:0:0:0:1 - - [16/Apr/2021:02:18:08 +0200] "GET /public/ajout-abonne-1 HTTP/1.1" 302 -
0:0:0:0:0:0:0:1 - - [16/Apr/2021:02:18:08 +0200] "GET /public/ajout-abonne-1 HTTP/1.1" 400 9361
0:0:0:0:0:0:0:1 - - [16/Apr/2021:02:18:13 +0200] "GET /public/ajout-abonne-1 HTTP/1.1" 400 9361
0:0:0:0:0:0:0:1 - - [16/Apr/2021:02:18:13 +0200] "GET /page-login HTTP/1.1" 200 3318
0:0:0:0:0:0:0:1 - - [16/Apr/2021:02:18:14 +0200] "GET / HTTP/1.1" 200 7833
0:0:0:0:0:0:0:1 - - [16/Apr/2021:02:18:14 +0200] "GET / HTTP/1.1" 200 7833
0:0:0:0:0:0:0:1 - - [16/Apr/2021:02:18:15 +0200] "GET /lib/font-awesome/css/font-awesome.css HTTP/1.1" 304 -
0:0:0:0:0:0:0:1 - - [16/Apr/2021:02:18:15 +0200] "GET /lib/Ionicons/css/ionicons.css HTTP/1.1" 304 -
0:0:0:0:0:0:0:1 - - [16/Apr/2021:02:18:15 +0200] "GET /lib/perfect-scrollbar/css/perfect-scrollbar.css HTTP/1.1" 304 -
0:0:0:0:0:0:0:1 - - [16/Apr/2021:02:18:15 +0200] "GET /lib/bootstrap/bootstrap.js HTTP/1.1" 304 -
0:0:0:0:0:0:0:1 - - [16/Apr/2021:02:18:15 +0200] "GET /lib/jquery/jquery.js HTTP/1.1" 304 -
0:0:0:0:0:0:0:1 - - [16/Apr/2021:02:18:15 +0200] "GET /css/shamcey.css HTTP/1.1" 304 -
0:0:0:0:0:0:0:1 - - [16/Apr/2021:02:18:15 +0200] "GET /lib/popper.js/popper.js HTTP/1.1" 304 -
0:0:0:0:0:0:0:1 - - [16/Apr/2021:02:18:15 +0200] "GET /lib/jquery-ui/jquery-ui.js HTTP/1.1" 304 -
0:0:0:0:0:0:0:1 - - [16/Apr/2021:02:18:15 +0200] "GET /lib/perfect-scrollbar/js/perfect-scrollbar.jquery.js HTTP/1.1" 304 -
0:0:0:0:0:0:0:1 - - [16/Apr/2021:02:18:15 +0200] "GET /lib/Flot/jquery.flot.js HTTP/1.1" 304 -
0:0:0:0:0:0:0:1 - - [16/Apr/2021:02:18:15 +0200] "GET /lib/moment/moment.js HTTP/1.1" 304 -
0:0:0:0:0:0:0:1 - - [16/Apr/2021:02:18:15 +0200] "GET /lib/Flot/jquery.flot.resize.js HTTP/1.1" 304 -
0:0:0:0:0:0:0:1 - - [16/Apr/2021:02:18:15 +0200] "GET /lib/flot-spline/jquery.flot.spline.js HTTP/1.1" 304 -
0:0:0:0:0:0:0:1 - - [16/Apr/2021:02:18:15 +0200] "GET /js/dashboard.js HTTP/1.1" 304 -
0:0:0:0:0:0:0:1 - - [16/Apr/2021:02:18:15 +0200] "GET /js/shamcey.js HTTP/1.1" 304 -
0:0:0:0:0:0:0:1 - - [16/Apr/2021:02:18:16 +0200] "GET /public/ajout-abonne-1 HTTP/1.1" 200 16483
0:0:0:0:0:0:0:1 - - [16/Apr/2021:02:18:16 +0200] "GET /public/ajout-abonne-1 HTTP/1.1" 200 16483
0:0:0:0:0:0:0:1 - - [16/Apr/2021:02:18:16 +0200] "GET /lib/select2/css/select2.min.css HTTP/1.1" 304 -
0:0:0:0:0:0:0:1 - - [16/Apr/2021:02:18:16 +0200] "GET /lib/select2/js/select2.min.js HTTP/1.1" 304 -
0:0:0:0:0:0:0:1 - - [16/Apr/2021:02:18:16 +0200] "GET /lib/spectrum/spectrum.css HTTP/1.1" 200 14921
0:0:0:0:0:0:0:1 - - [16/Apr/2021:02:18:16 +0200] "GET /lib/spectrum/spectrum.js HTTP/1.1" 200 79270
0:0:0:0:0:0:0:1 - - [16/Apr/2021:02:18:30 +0200] "POST /public/abonne/ajout1 HTTP/1.1" 200 9621
0:0:0:0:0:0:0:1 - - [16/Apr/2021:02:18:30 +0200] "GET /lib/spectrum/spectrum.css HTTP/1.1" 200 14921
0:0:0:0:0:0:0:1 - - [16/Apr/2021:02:18:30 +0200] "GET /public/lib/jquery/jquery.js HTTP/1.1" 404 682
0:0:0:0:0:0:0:1 - - [16/Apr/2021:02:18:30 +0200] "GET /public/lib/bootstrap/bootstrap.js HTTP/1.1" 404 682
0:0:0:0:0:0:0:1 - - [16/Apr/2021:02:18:30 +0200] "GET /public/lib/popper.js/popper.js HTTP/1.1" 404 682
0:0:0:0:0:0:0:1 - - [16/Apr/2021:02:18:30 +0200] "GET /public/lib/perfect-scrollbar/js/perfect-scrollbar.jquery.js HTTP/1.1" 404 682
0:0:0:0:0:0:0:1 - - [16/Apr/2021:02:18:30 +0200] "GET /public/lib/moment/moment.js HTTP/1.1" 404 682
0:0:0:0:0:0:0:1 - - [16/Apr/2021:02:18:30 +0200] "GET /public/lib/jquery-ui/jquery-ui.js HTTP/1.1" 404 682
0:0:0:0:0:0:0:1 - - [16/Apr/2021:02:18:30 +0200] "GET /public/lib/select2/js/select2.min.js HTTP/1.1" 404 682
0:0:0:0:0:0:0:1 - - [16/Apr/2021:02:18:30 +0200] "GET /public/lib/spectrum/spectrum.js HTTP/1.1" 404 682
0:0:0:0:0:0:0:1 - - [16/Apr/2021:02:18:30 +0200] "GET /public/js/shamcey.js HTTP/1.1" 404 682
0:0:0:0:0:0:0:1 - - [16/Apr/2021:02:18:30 +0200] "GET /public/lib/perfect-scrollbar/js/perfect-scrollbar.jquery.js HTTP/1.1" 404 682
0:0:0:0:0:0:0:1 - - [16/Apr/2021:02:18:30 +0200] "GET /public/lib/moment/moment.js HTTP/1.1" 404 682
0:0:0:0:0:0:0:1 - - [16/Apr/2021:02:18:30 +0200] "GET /public/lib/select2/js/select2.min.js HTTP/1.1" 404 682
0:0:0:0:0:0:0:1 - - [16/Apr/2021:02:18:30 +0200] "GET /public/lib/spectrum/spectrum.js HTTP/1.1" 404 682
0:0:0:0:0:0:0:1 - - [16/Apr/2021:02:18:30 +0200] "GET /public/js/shamcey.js HTTP/1.1" 404 682
0:0:0:0:0:0:0:1 - - [16/Apr/2021:02:18:41 +0200] "GET /public/confirmation-email-abonne/17 HTTP/1.1" 200 10941
0:0:0:0:0:0:0:1 - - [16/Apr/2021:02:18:41 +0200] "GET /lib/spectrum/spectrum.css HTTP/1.1" 200 14921
0:0:0:0:0:0:0:1 - - [16/Apr/2021:02:18:41 +0200] "GET /public/lib/jquery/jquery.js HTTP/1.1" 404 682
0:0:0:0:0:0:0:1 - - [16/Apr/2021:02:18:41 +0200] "GET /public/lib/perfect-scrollbar/js/perfect-scrollbar.jquery.js HTTP/1.1" 404 682
0:0:0:0:0:0:0:1 - - [16/Apr/2021:02:18:41 +0200] "GET /public/lib/popper.js/popper.js HTTP/1.1" 404 682
0:0:0:0:0:0:0:1 - - [16/Apr/2021:02:18:41 +0200] "GET /public/lib/jquery-ui/jquery-ui.js HTTP/1.1" 404 682
0:0:0:0:0:0:0:1 - - [16/Apr/2021:02:18:41 +0200] "GET /public/lib/bootstrap/bootstrap.js HTTP/1.1" 404 682
0:0:0:0:0:0:0:1 - - [16/Apr/2021:02:18:41 +0200] "GET /public/lib/moment/moment.js HTTP/1.1" 404 682
0:0:0:0:0:0:0:1 - - [16/Apr/2021:02:18:41 +0200] "GET /public/lib/spectrum/spectrum.js HTTP/1.1" 404 682
0:0:0:0:0:0:0:1 - - [16/Apr/2021:02:18:41 +0200] "GET /public/lib/select2/js/select2.min.js HTTP/1.1" 404 682
0:0:0:0:0:0:0:1 - - [16/Apr/2021:02:18:41 +0200] "GET /public/js/shamcey.js HTTP/1.1" 404 682
0:0:0:0:0:0:0:1 - - [16/Apr/2021:02:18:41 +0200] "GET /public/lib/popper.js/popper.js HTTP/1.1" 404 682
0:0:0:0:0:0:0:1 - - [16/Apr/2021:02:18:41 +0200] "GET /lib/Ionicons/fonts/ionicons.ttf?v=2.0.0 HTTP/1.1" 304 -
0:0:0:0:0:0:0:1 - - [16/Apr/2021:02:18:41 +0200] "GET /lib/font-awesome/fonts/fontawesome-webfont.woff2?v=4.7.0 HTTP/1.1" 304 -
0:0:0:0:0:0:0:1 - - [16/Apr/2021:02:18:41 +0200] "GET /public/lib/bootstrap/bootstrap.js HTTP/1.1" 404 682
0:0:0:0:0:0:0:1 - - [16/Apr/2021:02:18:41 +0200] "GET /public/lib/jquery-ui/jquery-ui.js HTTP/1.1" 404 682
0:0:0:0:0:0:0:1 - - [16/Apr/2021:02:18:41 +0200] "GET /public/lib/perfect-scrollbar/js/perfect-scrollbar.jquery.js HTTP/1.1" 404 682
0:0:0:0:0:0:0:1 - - [16/Apr/2021:02:18:41 +0200] "GET /public/lib/moment/moment.js HTTP/1.1" 404 682
0:0:0:0:0:0:0:1 - - [16/Apr/2021:02:18:41 +0200] "GET /public/lib/select2/js/select2.min.js HTTP/1.1" 404 682
0:0:0:0:0:0:0:1 - - [16/Apr/2021:02:18:41 +0200] "GET /public/lib/spectrum/spectrum.js HTTP/1.1" 404 682
0:0:0:0:0:0:0:1 - - [16/Apr/2021:02:18:41 +0200] "GET /public/js/shamcey.js HTTP/1.1" 404 682
0:0:0:0:0:0:0:1 - - [16/Apr/2021:02:18:49 +0200] "POST /public/abonne/parametres-connexion HTTP/1.1" 200 10917
0:0:0:0:0:0:0:1 - - [16/Apr/2021:02:18:49 +0200] "GET /lib/spectrum/spectrum.css HTTP/1.1" 200 14921
0:0:0:0:0:0:0:1 - - [16/Apr/2021:02:18:49 +0200] "GET /public/lib/jquery/jquery.js HTTP/1.1" 404 682
0:0:0:0:0:0:0:1 - - [16/Apr/2021:02:18:49 +0200] "GET /public/lib/perfect-scrollbar/js/perfect-scrollbar.jquery.js HTTP/1.1" 404 682
0:0:0:0:0:0:0:1 - - [16/Apr/2021:02:18:49 +0200] "GET /public/lib/popper.js/popper.js HTTP/1.1" 404 682
0:0:0:0:0:0:0:1 - - [16/Apr/2021:02:18:49 +0200] "GET /public/lib/bootstrap/bootstrap.js HTTP/1.1" 404 682
0:0:0:0:0:0:0:1 - - [16/Apr/2021:02:18:49 +0200] "GET /public/lib/jquery-ui/jquery-ui.js HTTP/1.1" 404 682
0:0:0:0:0:0:0:1 - - [16/Apr/2021:02:18:49 +0200] "GET /public/lib/spectrum/spectrum.js HTTP/1.1" 404 682
0:0:0:0:0:0:0:1 - - [16/Apr/2021:02:18:49 +0200] "GET /public/lib/moment/moment.js HTTP/1.1" 404 682
0:0:0:0:0:0:0:1 - - [16/Apr/2021:02:18:49 +0200] "GET /public/lib/select2/js/select2.min.js HTTP/1.1" 404 682
0:0:0:0:0:0:0:1 - - [16/Apr/2021:02:18:49 +0200] "GET /public/js/shamcey.js HTTP/1.1" 404 682
0:0:0:0:0:0:0:1 - - [16/Apr/2021:02:18:49 +0200] "GET /public/lib/popper.js/popper.js HTTP/1.1" 404 682
0:0:0:0:0:0:0:1 - - [16/Apr/2021:02:18:49 +0200] "GET /public/lib/bootstrap/bootstrap.js HTTP/1.1" 404 682
0:0:0:0:0:0:0:1 - - [16/Apr/2021:02:18:49 +0200] "GET /public/lib/jquery-ui/jquery-ui.js HTTP/1.1" 404 682
0:0:0:0:0:0:0:1 - - [16/Apr/2021:02:18:49 +0200] "GET /public/lib/perfect-scrollbar/js/perfect-scrollbar.jquery.js HTTP/1.1" 404 682
0:0:0:0:0:0:0:1 - - [16/Apr/2021:02:18:49 +0200] "GET /public/lib/moment/moment.js HTTP/1.1" 404 682
0:0:0:0:0:0:0:1 - - [16/Apr/2021:02:18:49 +0200] "GET /public/lib/select2/js/select2.min.js HTTP/1.1" 404 682
0:0:0:0:0:0:0:1 - - [16/Apr/2021:02:18:49 +0200] "GET /public/lib/spectrum/spectrum.js HTTP/1.1" 404 682
0:0:0:0:0:0:0:1 - - [16/Apr/2021:02:18:49 +0200] "GET /public/js/shamcey.js HTTP/1.1" 404 682
0:0:0:0:0:0:0:1 - - [16/Apr/2021:02:19:31 +0200] "GET / HTTP/1.1" 200 7833
0:0:0:0:0:0:0:1 - - [16/Apr/2021:02:19:31 +0200] "GET / HTTP/1.1" 200 7833
0:0:0:0:0:0:0:1 - - [16/Apr/2021:02:19:31 +0200] "GET / HTTP/1.1" 200 7833
0:0:0:0:0:0:0:1 - - [16/Apr/2021:02:19:35 +0200] "GET /public/confirmation-email-abonne/17 HTTP/1.1" 200 10941
0:0:0:0:0:0:0:1 - - [16/Apr/2021:02:19:35 +0200] "GET /lib/spectrum/spectrum.css HTTP/1.1" 200 14921
0:0:0:0:0:0:0:1 - - [16/Apr/2021:02:19:35 +0200] "GET /public/lib/jquery/jquery.js HTTP/1.1" 404 682
0:0:0:0:0:0:0:1 - - [16/Apr/2021:02:19:35 +0200] "GET /public/lib/popper.js/popper.js HTTP/1.1" 404 682
0:0:0:0:0:0:0:1 - - [16/Apr/2021:02:19:35 +0200] "GET /public/lib/jquery-ui/jquery-ui.js HTTP/1.1" 404 682
0:0:0:0:0:0:0:1 - - [16/Apr/2021:02:19:35 +0200] "GET /public/lib/perfect-scrollbar/js/perfect-scrollbar.jquery.js HTTP/1.1" 404 682
0:0:0:0:0:0:0:1 - - [16/Apr/2021:02:19:35 +0200] "GET /public/lib/bootstrap/bootstrap.js HTTP/1.1" 404 682
0:0:0:0:0:0:0:1 - - [16/Apr/2021:02:19:35 +0200] "GET /public/lib/moment/moment.js HTTP/1.1" 404 682
0:0:0:0:0:0:0:1 - - [16/Apr/2021:02:19:35 +0200] "GET /public/lib/select2/js/select2.min.js HTTP/1.1" 404 682
0:0:0:0:0:0:0:1 - - [16/Apr/2021:02:19:35 +0200] "GET /public/lib/spectrum/spectrum.js HTTP/1.1" 404 682
0:0:0:0:0:0:0:1 - - [16/Apr/2021:02:19:35 +0200] "GET /public/js/shamcey.js HTTP/1.1" 404 682
0:0:0:0:0:0:0:1 - - [16/Apr/2021:02:19:35 +0200] "GET /public/lib/popper.js/popper.js HTTP/1.1" 404 682
0:0:0:0:0:0:0:1 - - [16/Apr/2021:02:19:35 +0200] "GET /public/lib/bootstrap/bootstrap.js HTTP/1.1" 404 682
0:0:0:0:0:0:0:1 - - [16/Apr/2021:02:19:35 +0200] "GET /public/lib/jquery-ui/jquery-ui.js HTTP/1.1" 404 682
0:0:0:0:0:0:0:1 - - [16/Apr/2021:02:19:35 +0200] "GET /public/lib/perfect-scrollbar/js/perfect-scrollbar.jquery.js HTTP/1.1" 404 682
0:0:0:0:0:0:0:1 - - [16/Apr/2021:02:19:35 +0200] "GET /public/lib/moment/moment.js HTTP/1.1" 404 682
0:0:0:0:0:0:0:1 - - [16/Apr/2021:02:19:35 +0200] "GET /public/lib/select2/js/select2.min.js HTTP/1.1" 404 682
0:0:0:0:0:0:0:1 - - [16/Apr/2021:02:19:35 +0200] "GET /public/lib/spectrum/spectrum.js HTTP/1.1" 404 682
0:0:0:0:0:0:0:1 - - [16/Apr/2021:02:19:35 +0200] "GET /public/js/shamcey.js HTTP/1.1" 404 682
0:0:0:0:0:0:0:1 - - [16/Apr/2021:02:19:39 +0200] "POST /public/abonne/parametres-connexion HTTP/1.1" 200 10917
0:0:0:0:0:0:0:1 - - [16/Apr/2021:02:19:39 +0200] "GET /lib/spectrum/spectrum.css HTTP/1.1" 200 14921
0:0:0:0:0:0:0:1 - - [16/Apr/2021:02:19:39 +0200] "GET /public/lib/bootstrap/bootstrap.js HTTP/1.1" 404 682
0:0:0:0:0:0:0:1 - - [16/Apr/2021:02:19:39 +0200] "GET /public/lib/popper.js/popper.js HTTP/1.1" 404 682
0:0:0:0:0:0:0:1 - - [16/Apr/2021:02:19:39 +0200] "GET /public/lib/jquery/jquery.js HTTP/1.1" 404 682
0:0:0:0:0:0:0:1 - - [16/Apr/2021:02:19:39 +0200] "GET /public/lib/jquery-ui/jquery-ui.js HTTP/1.1" 404 682
0:0:0:0:0:0:0:1 - - [16/Apr/2021:02:19:39 +0200] "GET /public/lib/perfect-scrollbar/js/perfect-scrollbar.jquery.js HTTP/1.1" 404 682
0:0:0:0:0:0:0:1 - - [16/Apr/2021:02:19:39 +0200] "GET /public/lib/spectrum/spectrum.js HTTP/1.1" 404 682
0:0:0:0:0:0:0:1 - - [16/Apr/2021:02:19:39 +0200] "GET /public/lib/moment/moment.js HTTP/1.1" 404 682
0:0:0:0:0:0:0:1 - - [16/Apr/2021:02:19:39 +0200] "GET /public/lib/select2/js/select2.min.js HTTP/1.1" 404 682
0:0:0:0:0:0:0:1 - - [16/Apr/2021:02:19:39 +0200] "GET /public/js/shamcey.js HTTP/1.1" 404 682
0:0:0:0:0:0:0:1 - - [16/Apr/2021:02:19:39 +0200] "GET /public/lib/spectrum/spectrum.js HTTP/1.1" 404 682
0:0:0:0:0:0:0:1 - - [16/Apr/2021:02:19:39 +0200] "GET /public/js/shamcey.js HTTP/1.1" 404 682
0:0:0:0:0:0:0:1 - - [16/Apr/2021:02:23:40 +0200] "GET /public/ajout-abonne-1 HTTP/1.1" 200 16483
0:0:0:0:0:0:0:1 - - [16/Apr/2021:02:23:40 +0200] "GET /lib/spectrum/spectrum.css HTTP/1.1" 200 14921
0:0:0:0:0:0:0:1 - - [16/Apr/2021:02:23:40 +0200] "GET /lib/spectrum/spectrum.js HTTP/1.1" 200 79270
0:0:0:0:0:0:0:1 - - [16/Apr/2021:02:23:40 +0200] "GET /lib/Ionicons/fonts/ionicons.ttf?v=2.0.0 HTTP/1.1" 304 -
0:0:0:0:0:0:0:1 - - [16/Apr/2021:02:23:40 +0200] "GET /lib/font-awesome/fonts/fontawesome-webfont.woff2?v=4.7.0 HTTP/1.1" 304 -
0:0:0:0:0:0:0:1 - - [16/Apr/2021:02:24:03 +0200] "POST /public/abonne/ajout1 HTTP/1.1" 200 9616
0:0:0:0:0:0:0:1 - - [16/Apr/2021:02:24:03 +0200] "POST /public/abonne/ajout1 HTTP/1.1" 200 9621
0:0:0:0:0:0:0:1 - - [16/Apr/2021:02:24:03 +0200] "GET /lib/spectrum/spectrum.css HTTP/1.1" 200 14921
0:0:0:0:0:0:0:1 - - [16/Apr/2021:02:24:03 +0200] "GET /public/lib/jquery/jquery.js HTTP/1.1" 404 682
0:0:0:0:0:0:0:1 - - [16/Apr/2021:02:24:03 +0200] "GET /public/lib/popper.js/popper.js HTTP/1.1" 404 682
0:0:0:0:0:0:0:1 - - [16/Apr/2021:02:24:03 +0200] "GET /public/lib/jquery-ui/jquery-ui.js HTTP/1.1" 404 682
0:0:0:0:0:0:0:1 - - [16/Apr/2021:02:24:03 +0200] "GET /public/lib/bootstrap/bootstrap.js HTTP/1.1" 404 682
0:0:0:0:0:0:0:1 - - [16/Apr/2021:02:24:03 +0200] "GET /public/lib/perfect-scrollbar/js/perfect-scrollbar.jquery.js HTTP/1.1" 404 682
0:0:0:0:0:0:0:1 - - [16/Apr/2021:02:24:03 +0200] "GET /public/lib/spectrum/spectrum.js HTTP/1.1" 404 682
0:0:0:0:0:0:0:1 - - [16/Apr/2021:02:24:03 +0200] "GET /public/lib/moment/moment.js HTTP/1.1" 404 682
0:0:0:0:0:0:0:1 - - [16/Apr/2021:02:24:03 +0200] "GET /public/lib/popper.js/popper.js HTTP/1.1" 404 682
0:0:0:0:0:0:0:1 - - [16/Apr/2021:02:24:03 +0200] "GET /public/js/shamcey.js HTTP/1.1" 404 682
0:0:0:0:0:0:0:1 - - [16/Apr/2021:02:24:03 +0200] "GET /public/lib/select2/js/select2.min.js HTTP/1.1" 404 682
0:0:0:0:0:0:0:1 - - [16/Apr/2021:02:24:03 +0200] "GET /public/lib/bootstrap/bootstrap.js HTTP/1.1" 404 682
0:0:0:0:0:0:0:1 - - [16/Apr/2021:02:24:03 +0200] "GET /public/lib/jquery-ui/jquery-ui.js HTTP/1.1" 404 682
0:0:0:0:0:0:0:1 - - [16/Apr/2021:02:24:03 +0200] "GET /public/lib/perfect-scrollbar/js/perfect-scrollbar.jquery.js HTTP/1.1" 404 682
0:0:0:0:0:0:0:1 - - [16/Apr/2021:02:24:03 +0200] "GET /public/lib/moment/moment.js HTTP/1.1" 404 682
0:0:0:0:0:0:0:1 - - [16/Apr/2021:02:24:03 +0200] "GET /public/lib/select2/js/select2.min.js HTTP/1.1" 404 682
0:0:0:0:0:0:0:1 - - [16/Apr/2021:02:24:03 +0200] "GET /public/lib/spectrum/spectrum.js HTTP/1.1" 404 682
0:0:0:0:0:0:0:1 - - [16/Apr/2021:02:24:03 +0200] "GET /public/js/shamcey.js HTTP/1.1" 404 682
0:0:0:0:0:0:0:1 - - [16/Apr/2021:02:24:14 +0200] "GET /public/confirmation-email-abonne/18 HTTP/1.1" 200 10941
0:0:0:0:0:0:0:1 - - [16/Apr/2021:02:24:14 +0200] "GET /lib/spectrum/spectrum.css HTTP/1.1" 200 14921
0:0:0:0:0:0:0:1 - - [16/Apr/2021:02:24:14 +0200] "GET /public/lib/popper.js/popper.js HTTP/1.1" 404 682
0:0:0:0:0:0:0:1 - - [16/Apr/2021:02:24:14 +0200] "GET /public/lib/bootstrap/bootstrap.js HTTP/1.1" 404 682
0:0:0:0:0:0:0:1 - - [16/Apr/2021:02:24:14 +0200] "GET /public/lib/jquery/jquery.js HTTP/1.1" 404 682
0:0:0:0:0:0:0:1 - - [16/Apr/2021:02:24:14 +0200] "GET /public/lib/perfect-scrollbar/js/perfect-scrollbar.jquery.js HTTP/1.1" 404 682
0:0:0:0:0:0:0:1 - - [16/Apr/2021:02:24:14 +0200] "GET /public/lib/jquery-ui/jquery-ui.js HTTP/1.1" 404 682
0:0:0:0:0:0:0:1 - - [16/Apr/2021:02:24:14 +0200] "GET /public/lib/moment/moment.js HTTP/1.1" 404 682
0:0:0:0:0:0:0:1 - - [16/Apr/2021:02:24:14 +0200] "GET /public/js/shamcey.js HTTP/1.1" 404 682
0:0:0:0:0:0:0:1 - - [16/Apr/2021:02:24:14 +0200] "GET /public/lib/spectrum/spectrum.js HTTP/1.1" 404 682
0:0:0:0:0:0:0:1 - - [16/Apr/2021:02:24:14 +0200] "GET /public/lib/select2/js/select2.min.js HTTP/1.1" 404 682
0:0:0:0:0:0:0:1 - - [16/Apr/2021:02:24:14 +0200] "GET /public/lib/popper.js/popper.js HTTP/1.1" 404 682
0:0:0:0:0:0:0:1 - - [16/Apr/2021:02:24:14 +0200] "GET /public/lib/bootstrap/bootstrap.js HTTP/1.1" 404 682
0:0:0:0:0:0:0:1 - - [16/Apr/2021:02:24:14 +0200] "GET /public/lib/jquery-ui/jquery-ui.js HTTP/1.1" 404 682
0:0:0:0:0:0:0:1 - - [16/Apr/2021:02:24:14 +0200] "GET /public/lib/perfect-scrollbar/js/perfect-scrollbar.jquery.js HTTP/1.1" 404 682
0:0:0:0:0:0:0:1 - - [16/Apr/2021:02:24:14 +0200] "GET /public/lib/moment/moment.js HTTP/1.1" 404 682
0:0:0:0:0:0:0:1 - - [16/Apr/2021:02:24:15 +0200] "GET /public/lib/select2/js/select2.min.js HTTP/1.1" 404 682
0:0:0:0:0:0:0:1 - - [16/Apr/2021:02:24:15 +0200] "GET /public/lib/spectrum/spectrum.js HTTP/1.1" 404 682
0:0:0:0:0:0:0:1 - - [16/Apr/2021:02:24:15 +0200] "GET /public/js/shamcey.js HTTP/1.1" 404 682
0:0:0:0:0:0:0:1 - - [16/Apr/2021:02:24:24 +0200] "POST /public/abonne/parametres-connexion HTTP/1.1" 200 10917
0:0:0:0:0:0:0:1 - - [16/Apr/2021:02:24:24 +0200] "GET /lib/spectrum/spectrum.css HTTP/1.1" 200 14921
0:0:0:0:0:0:0:1 - - [16/Apr/2021:02:24:24 +0200] "GET /public/lib/bootstrap/bootstrap.js HTTP/1.1" 404 682
0:0:0:0:0:0:0:1 - - [16/Apr/2021:02:24:24 +0200] "GET /public/lib/jquery/jquery.js HTTP/1.1" 404 682
0:0:0:0:0:0:0:1 - - [16/Apr/2021:02:24:24 +0200] "GET /public/lib/jquery-ui/jquery-ui.js HTTP/1.1" 404 682
0:0:0:0:0:0:0:1 - - [16/Apr/2021:02:24:24 +0200] "GET /public/lib/popper.js/popper.js HTTP/1.1" 404 682
0:0:0:0:0:0:0:1 - - [16/Apr/2021:02:24:24 +0200] "GET /public/lib/perfect-scrollbar/js/perfect-scrollbar.jquery.js HTTP/1.1" 404 682
0:0:0:0:0:0:0:1 - - [16/Apr/2021:02:24:24 +0200] "GET /public/lib/select2/js/select2.min.js HTTP/1.1" 404 682
0:0:0:0:0:0:0:1 - - [16/Apr/2021:02:24:24 +0200] "GET /public/lib/spectrum/spectrum.js HTTP/1.1" 404 682
0:0:0:0:0:0:0:1 - - [16/Apr/2021:02:24:24 +0200] "GET /public/js/shamcey.js HTTP/1.1" 404 682
0:0:0:0:0:0:0:1 - - [16/Apr/2021:02:24:24 +0200] "GET /public/lib/moment/moment.js HTTP/1.1" 404 682
0:0:0:0:0:0:0:1 - - [16/Apr/2021:02:24:24 +0200] "GET /public/lib/popper.js/popper.js HTTP/1.1" 404 682
0:0:0:0:0:0:0:1 - - [16/Apr/2021:02:24:24 +0200] "GET /public/lib/bootstrap/bootstrap.js HTTP/1.1" 404 682
0:0:0:0:0:0:0:1 - - [16/Apr/2021:02:24:24 +0200] "GET /public/lib/jquery-ui/jquery-ui.js HTTP/1.1" 404 682
0:0:0:0:0:0:0:1 - - [16/Apr/2021:02:24:24 +0200] "GET /public/lib/perfect-scrollbar/js/perfect-scrollbar.jquery.js HTTP/1.1" 404 682
0:0:0:0:0:0:0:1 - - [16/Apr/2021:02:24:24 +0200] "GET /public/lib/moment/moment.js HTTP/1.1" 404 682
0:0:0:0:0:0:0:1 - - [16/Apr/2021:02:24:24 +0200] "GET /public/lib/select2/js/select2.min.js HTTP/1.1" 404 682
0:0:0:0:0:0:0:1 - - [16/Apr/2021:02:24:24 +0200] "GET /public/lib/spectrum/spectrum.js HTTP/1.1" 404 682
0:0:0:0:0:0:0:1 - - [16/Apr/2021:02:24:24 +0200] "GET /public/js/shamcey.js HTTP/1.1" 404 682
0:0:0:0:0:0:0:1 - - [16/Apr/2021:02:29:12 +0200] "GET /public/confirmation-email-abonne/18 HTTP/1.1" 200 10941
0:0:0:0:0:0:0:1 - - [16/Apr/2021:02:29:12 +0200] "GET /lib/spectrum/spectrum.css HTTP/1.1" 200 14921
0:0:0:0:0:0:0:1 - - [16/Apr/2021:02:29:13 +0200] "GET /public/lib/popper.js/popper.js HTTP/1.1" 404 682
0:0:0:0:0:0:0:1 - - [16/Apr/2021:02:29:13 +0200] "GET /public/lib/perfect-scrollbar/js/perfect-scrollbar.jquery.js HTTP/1.1" 404 682
0:0:0:0:0:0:0:1 - - [16/Apr/2021:02:29:13 +0200] "GET /public/lib/jquery-ui/jquery-ui.js HTTP/1.1" 404 682
0:0:0:0:0:0:0:1 - - [16/Apr/2021:02:29:13 +0200] "GET /public/lib/bootstrap/bootstrap.js HTTP/1.1" 404 682
0:0:0:0:0:0:0:1 - - [16/Apr/2021:02:29:13 +0200] "GET /public/lib/jquery/jquery.js HTTP/1.1" 404 682
0:0:0:0:0:0:0:1 - - [16/Apr/2021:02:29:13 +0200] "GET /public/lib/moment/moment.js HTTP/1.1" 404 682
0:0:0:0:0:0:0:1 - - [16/Apr/2021:02:29:13 +0200] "GET /public/lib/spectrum/spectrum.js HTTP/1.1" 404 682
0:0:0:0:0:0:0:1 - - [16/Apr/2021:02:29:13 +0200] "GET /public/js/shamcey.js HTTP/1.1" 404 682
0:0:0:0:0:0:0:1 - - [16/Apr/2021:02:29:13 +0200] "GET /public/lib/select2/js/select2.min.js HTTP/1.1" 404 682
0:0:0:0:0:0:0:1 - - [16/Apr/2021:02:29:13 +0200] "GET /public/lib/popper.js/popper.js HTTP/1.1" 404 682
0:0:0:0:0:0:0:1 - - [16/Apr/2021:02:29:13 +0200] "GET /public/lib/bootstrap/bootstrap.js HTTP/1.1" 404 682
0:0:0:0:0:0:0:1 - - [16/Apr/2021:02:29:13 +0200] "GET /public/lib/jquery-ui/jquery-ui.js HTTP/1.1" 404 682
0:0:0:0:0:0:0:1 - - [16/Apr/2021:02:29:13 +0200] "GET /public/lib/perfect-scrollbar/js/perfect-scrollbar.jquery.js HTTP/1.1" 404 682
0:0:0:0:0:0:0:1 - - [16/Apr/2021:02:29:13 +0200] "GET /public/lib/moment/moment.js HTTP/1.1" 404 682
0:0:0:0:0:0:0:1 - - [16/Apr/2021:02:29:13 +0200] "GET /public/lib/select2/js/select2.min.js HTTP/1.1" 404 682
0:0:0:0:0:0:0:1 - - [16/Apr/2021:02:29:13 +0200] "GET /public/lib/spectrum/spectrum.js HTTP/1.1" 404 682
0:0:0:0:0:0:0:1 - - [16/Apr/2021:02:29:13 +0200] "GET /public/js/shamcey.js HTTP/1.1" 404 682
0:0:0:0:0:0:0:1 - - [16/Apr/2021:02:29:20 +0200] "POST /public/abonne/parametres-connexion HTTP/1.1" 200 10941
0:0:0:0:0:0:0:1 - - [16/Apr/2021:02:29:20 +0200] "GET /lib/spectrum/spectrum.css HTTP/1.1" 200 14921
0:0:0:0:0:0:0:1 - - [16/Apr/2021:02:29:20 +0200] "GET /public/lib/jquery/jquery.js HTTP/1.1" 404 682
0:0:0:0:0:0:0:1 - - [16/Apr/2021:02:29:20 +0200] "GET /public/lib/popper.js/popper.js HTTP/1.1" 404 682
0:0:0:0:0:0:0:1 - - [16/Apr/2021:02:29:20 +0200] "GET /public/lib/bootstrap/bootstrap.js HTTP/1.1" 404 682
0:0:0:0:0:0:0:1 - - [16/Apr/2021:02:29:20 +0200] "GET /public/lib/jquery-ui/jquery-ui.js HTTP/1.1" 404 682
0:0:0:0:0:0:0:1 - - [16/Apr/2021:02:29:20 +0200] "GET /public/lib/perfect-scrollbar/js/perfect-scrollbar.jquery.js HTTP/1.1" 404 682
0:0:0:0:0:0:0:1 - - [16/Apr/2021:02:29:20 +0200] "GET /public/lib/spectrum/spectrum.js HTTP/1.1" 404 682
0:0:0:0:0:0:0:1 - - [16/Apr/2021:02:29:20 +0200] "GET /public/lib/moment/moment.js HTTP/1.1" 404 682
0:0:0:0:0:0:0:1 - - [16/Apr/2021:02:29:20 +0200] "GET /public/lib/select2/js/select2.min.js HTTP/1.1" 404 682
0:0:0:0:0:0:0:1 - - [16/Apr/2021:02:29:20 +0200] "GET /public/js/shamcey.js HTTP/1.1" 404 682
0:0:0:0:0:0:0:1 - - [16/Apr/2021:02:29:20 +0200] "GET /public/lib/spectrum/spectrum.js HTTP/1.1" 404 682
0:0:0:0:0:0:0:1 - - [16/Apr/2021:02:29:20 +0200] "GET /public/js/shamcey.js HTTP/1.1" 404 682
0:0:0:0:0:0:0:1 - - [16/Apr/2021:02:29:37 +0200] "POST /public/abonne/parametres-connexion HTTP/1.1" 200 10941
0:0:0:0:0:0:0:1 - - [16/Apr/2021:02:29:37 +0200] "GET /lib/spectrum/spectrum.css HTTP/1.1" 200 14921
0:0:0:0:0:0:0:1 - - [16/Apr/2021:02:29:37 +0200] "GET /public/lib/bootstrap/bootstrap.js HTTP/1.1" 404 682
0:0:0:0:0:0:0:1 - - [16/Apr/2021:02:29:37 +0200] "GET /public/lib/perfect-scrollbar/js/perfect-scrollbar.jquery.js HTTP/1.1" 404 682
0:0:0:0:0:0:0:1 - - [16/Apr/2021:02:29:37 +0200] "GET /public/lib/jquery/jquery.js HTTP/1.1" 404 682
0:0:0:0:0:0:0:1 - - [16/Apr/2021:02:29:37 +0200] "GET /public/lib/jquery-ui/jquery-ui.js HTTP/1.1" 404 682
0:0:0:0:0:0:0:1 - - [16/Apr/2021:02:29:37 +0200] "GET /public/lib/popper.js/popper.js HTTP/1.1" 404 682
0:0:0:0:0:0:0:1 - - [16/Apr/2021:02:29:37 +0200] "GET /public/lib/moment/moment.js HTTP/1.1" 404 682
0:0:0:0:0:0:0:1 - - [16/Apr/2021:02:29:37 +0200] "GET /public/lib/spectrum/spectrum.js HTTP/1.1" 404 682
0:0:0:0:0:0:0:1 - - [16/Apr/2021:02:29:37 +0200] "GET /public/lib/select2/js/select2.min.js HTTP/1.1" 404 682
0:0:0:0:0:0:0:1 - - [16/Apr/2021:02:29:37 +0200] "GET /public/js/shamcey.js HTTP/1.1" 404 682
0:0:0:0:0:0:0:1 - - [16/Apr/2021:02:29:37 +0200] "GET /public/lib/bootstrap/bootstrap.js HTTP/1.1" 404 682
0:0:0:0:0:0:0:1 - - [16/Apr/2021:02:29:37 +0200] "GET /public/lib/jquery-ui/jquery-ui.js HTTP/1.1" 404 682
0:0:0:0:0:0:0:1 - - [16/Apr/2021:02:29:37 +0200] "GET /public/lib/perfect-scrollbar/js/perfect-scrollbar.jquery.js HTTP/1.1" 404 682
0:0:0:0:0:0:0:1 - - [16/Apr/2021:02:29:37 +0200] "GET /public/lib/moment/moment.js HTTP/1.1" 404 682
0:0:0:0:0:0:0:1 - - [16/Apr/2021:02:29:37 +0200] "GET /public/lib/select2/js/select2.min.js HTTP/1.1" 404 682
0:0:0:0:0:0:0:1 - - [16/Apr/2021:02:29:37 +0200] "GET /public/lib/spectrum/spectrum.js HTTP/1.1" 404 682
0:0:0:0:0:0:0:1 - - [16/Apr/2021:02:29:37 +0200] "GET /public/js/shamcey.js HTTP/1.1" 404 682
0:0:0:0:0:0:0:1 - - [16/Apr/2021:02:31:55 +0200] "GET /public/ajout-abonne-1 HTTP/1.1" 200 16483
0:0:0:0:0:0:0:1 - - [16/Apr/2021:02:31:55 +0200] "GET /lib/spectrum/spectrum.css HTTP/1.1" 200 14921
0:0:0:0:0:0:0:1 - - [16/Apr/2021:02:31:55 +0200] "GET /lib/spectrum/spectrum.js HTTP/1.1" 200 79270
0:0:0:0:0:0:0:1 - - [16/Apr/2021:02:32:12 +0200] "POST /public/abonne/ajout1 HTTP/1.1" 200 9621
0:0:0:0:0:0:0:1 - - [16/Apr/2021:02:32:12 +0200] "GET /lib/spectrum/spectrum.css HTTP/1.1" 200 14921
0:0:0:0:0:0:0:1 - - [16/Apr/2021:02:32:12 +0200] "GET /public/lib/jquery/jquery.js HTTP/1.1" 404 682
0:0:0:0:0:0:0:1 - - [16/Apr/2021:02:32:12 +0200] "GET /public/lib/bootstrap/bootstrap.js HTTP/1.1" 404 682
0:0:0:0:0:0:0:1 - - [16/Apr/2021:02:32:12 +0200] "GET /public/lib/perfect-scrollbar/js/perfect-scrollbar.jquery.js HTTP/1.1" 404 682
0:0:0:0:0:0:0:1 - - [16/Apr/2021:02:32:12 +0200] "GET /public/lib/popper.js/popper.js HTTP/1.1" 404 682
0:0:0:0:0:0:0:1 - - [16/Apr/2021:02:32:12 +0200] "GET /public/lib/jquery-ui/jquery-ui.js HTTP/1.1" 404 682
0:0:0:0:0:0:0:1 - - [16/Apr/2021:02:32:12 +0200] "GET /public/lib/select2/js/select2.min.js HTTP/1.1" 404 682
0:0:0:0:0:0:0:1 - - [16/Apr/2021:02:32:12 +0200] "GET /public/lib/moment/moment.js HTTP/1.1" 404 682
0:0:0:0:0:0:0:1 - - [16/Apr/2021:02:32:12 +0200] "GET /public/lib/spectrum/spectrum.js HTTP/1.1" 404 682
0:0:0:0:0:0:0:1 - - [16/Apr/2021:02:32:12 +0200] "GET /public/js/shamcey.js HTTP/1.1" 404 682
0:0:0:0:0:0:0:1 - - [16/Apr/2021:02:32:12 +0200] "GET /public/lib/popper.js/popper.js HTTP/1.1" 404 682
0:0:0:0:0:0:0:1 - - [16/Apr/2021:02:32:12 +0200] "GET /public/lib/bootstrap/bootstrap.js HTTP/1.1" 404 682
0:0:0:0:0:0:0:1 - - [16/Apr/2021:02:32:12 +0200] "GET /public/lib/jquery-ui/jquery-ui.js HTTP/1.1" 404 682
0:0:0:0:0:0:0:1 - - [16/Apr/2021:02:32:13 +0200] "GET /public/lib/perfect-scrollbar/js/perfect-scrollbar.jquery.js HTTP/1.1" 404 682
0:0:0:0:0:0:0:1 - - [16/Apr/2021:02:32:13 +0200] "GET /public/lib/moment/moment.js HTTP/1.1" 404 682
0:0:0:0:0:0:0:1 - - [16/Apr/2021:02:32:13 +0200] "GET /public/lib/select2/js/select2.min.js HTTP/1.1" 404 682
0:0:0:0:0:0:0:1 - - [16/Apr/2021:02:32:13 +0200] "GET /public/lib/spectrum/spectrum.js HTTP/1.1" 404 682
0:0:0:0:0:0:0:1 - - [16/Apr/2021:02:32:13 +0200] "GET /public/js/shamcey.js HTTP/1.1" 404 682
0:0:0:0:0:0:0:1 - - [16/Apr/2021:10:01:08 +0200] "POST /public/abonne/ajout1 HTTP/1.1" 302 -
0:0:0:0:0:0:0:1 - - [16/Apr/2021:10:01:08 +0200] "GET /page-login HTTP/1.1" 200 3318
0:0:0:0:0:0:0:1 - - [16/Apr/2021:10:01:08 +0200] "GET /lib/font-awesome/css/font-awesome.css HTTP/1.1" 304 -
0:0:0:0:0:0:0:1 - - [16/Apr/2021:10:01:08 +0200] "GET /js/shamcey.js HTTP/1.1" 304 -
0:0:0:0:0:0:0:1 - - [16/Apr/2021:10:01:08 +0200] "GET /lib/jquery/jquery.js HTTP/1.1" 304 -
0:0:0:0:0:0:0:1 - - [16/Apr/2021:10:01:08 +0200] "GET /css/shamcey.css HTTP/1.1" 304 -
0:0:0:0:0:0:0:1 - - [16/Apr/2021:10:01:08 +0200] "GET /lib/popper.js/popper.js HTTP/1.1" 304 -
0:0:0:0:0:0:0:1 - - [16/Apr/2021:10:01:08 +0200] "GET /lib/Ionicons/css/ionicons.css HTTP/1.1" 304 -
0:0:0:0:0:0:0:1 - - [16/Apr/2021:10:01:08 +0200] "GET /lib/bootstrap/bootstrap.js HTTP/1.1" 304 -
0:0:0:0:0:0:0:1 - - [16/Apr/2021:10:15:29 +0200] "GET / HTTP/1.1" 200 7833
0:0:0:0:0:0:0:1 - - [16/Apr/2021:10:15:29 +0200] "GET /lib/perfect-scrollbar/css/perfect-scrollbar.css HTTP/1.1" 304 -
0:0:0:0:0:0:0:1 - - [16/Apr/2021:10:15:29 +0200] "GET /lib/jquery-ui/jquery-ui.js HTTP/1.1" 304 -
0:0:0:0:0:0:0:1 - - [16/Apr/2021:10:15:29 +0200] "GET /lib/perfect-scrollbar/js/perfect-scrollbar.jquery.js HTTP/1.1" 304 -
0:0:0:0:0:0:0:1 - - [16/Apr/2021:10:15:29 +0200] "GET /lib/Flot/jquery.flot.resize.js HTTP/1.1" 304 -
0:0:0:0:0:0:0:1 - - [16/Apr/2021:10:15:29 +0200] "GET /lib/Flot/jquery.flot.js HTTP/1.1" 304 -
0:0:0:0:0:0:0:1 - - [16/Apr/2021:10:15:29 +0200] "GET /lib/moment/moment.js HTTP/1.1" 304 -
0:0:0:0:0:0:0:1 - - [16/Apr/2021:10:15:29 +0200] "GET /lib/flot-spline/jquery.flot.spline.js HTTP/1.1" 304 -
0:0:0:0:0:0:0:1 - - [16/Apr/2021:10:15:29 +0200] "GET /js/dashboard.js HTTP/1.1" 304 -
0:0:0:0:0:0:0:1 - - [16/Apr/2021:10:15:29 +0200] "GET /lib/Ionicons/fonts/ionicons.ttf?v=2.0.0 HTTP/1.1" 304 -
0:0:0:0:0:0:0:1 - - [16/Apr/2021:10:15:29 +0200] "GET /lib/font-awesome/fonts/fontawesome-webfont.woff2?v=4.7.0 HTTP/1.1" 304 -
0:0:0:0:0:0:0:1 - - [16/Apr/2021:10:18:18 +0200] "GET /public/ajout-abonne-1 HTTP/1.1" 200 16483
0:0:0:0:0:0:0:1 - - [16/Apr/2021:10:18:18 +0200] "GET /lib/select2/css/select2.min.css HTTP/1.1" 304 -
0:0:0:0:0:0:0:1 - - [16/Apr/2021:10:18:18 +0200] "GET /lib/spectrum/spectrum.css HTTP/1.1" 200 14921
0:0:0:0:0:0:0:1 - - [16/Apr/2021:10:18:18 +0200] "GET /lib/select2/js/select2.min.js HTTP/1.1" 304 -
0:0:0:0:0:0:0:1 - - [16/Apr/2021:10:18:18 +0200] "GET /lib/spectrum/spectrum.js HTTP/1.1" 200 79270
0:0:0:0:0:0:0:1 - - [16/Apr/2021:10:18:18 +0200] "GET /lib/Ionicons/fonts/ionicons.ttf?v=2.0.0 HTTP/1.1" 304 -
0:0:0:0:0:0:0:1 - - [16/Apr/2021:10:18:18 +0200] "GET /lib/font-awesome/fonts/fontawesome-webfont.woff2?v=4.7.0 HTTP/1.1" 304 -
0:0:0:0:0:0:0:1 - - [16/Apr/2021:10:18:56 +0200] "POST /public/abonne/ajout1 HTTP/1.1" 200 9625
0:0:0:0:0:0:0:1 - - [16/Apr/2021:10:18:56 +0200] "GET /lib/spectrum/spectrum.css HTTP/1.1" 200 14921
0:0:0:0:0:0:0:1 - - [16/Apr/2021:10:18:56 +0200] "GET /public/lib/bootstrap/bootstrap.js HTTP/1.1" 404 682
0:0:0:0:0:0:0:1 - - [16/Apr/2021:10:18:56 +0200] "GET /public/lib/jquery-ui/jquery-ui.js HTTP/1.1" 404 682
0:0:0:0:0:0:0:1 - - [16/Apr/2021:10:18:56 +0200] "GET /public/lib/popper.js/popper.js HTTP/1.1" 404 682
0:0:0:0:0:0:0:1 - - [16/Apr/2021:10:18:56 +0200] "GET /public/lib/jquery/jquery.js HTTP/1.1" 404 682
0:0:0:0:0:0:0:1 - - [16/Apr/2021:10:18:56 +0200] "GET /public/lib/perfect-scrollbar/js/perfect-scrollbar.jquery.js HTTP/1.1" 404 682
0:0:0:0:0:0:0:1 - - [16/Apr/2021:10:18:56 +0200] "GET /public/lib/moment/moment.js HTTP/1.1" 404 682
0:0:0:0:0:0:0:1 - - [16/Apr/2021:10:18:56 +0200] "GET /public/js/shamcey.js HTTP/1.1" 404 682
0:0:0:0:0:0:0:1 - - [16/Apr/2021:10:18:56 +0200] "GET /public/lib/spectrum/spectrum.js HTTP/1.1" 404 682
0:0:0:0:0:0:0:1 - - [16/Apr/2021:10:18:56 +0200] "GET /public/lib/select2/js/select2.min.js HTTP/1.1" 404 682
0:0:0:0:0:0:0:1 - - [16/Apr/2021:10:18:56 +0200] "GET /public/lib/popper.js/popper.js HTTP/1.1" 404 682
0:0:0:0:0:0:0:1 - - [16/Apr/2021:10:18:56 +0200] "GET /public/lib/bootstrap/bootstrap.js HTTP/1.1" 404 682
0:0:0:0:0:0:0:1 - - [16/Apr/2021:10:18:56 +0200] "GET /public/lib/jquery-ui/jquery-ui.js HTTP/1.1" 404 682
0:0:0:0:0:0:0:1 - - [16/Apr/2021:10:18:56 +0200] "GET /public/lib/perfect-scrollbar/js/perfect-scrollbar.jquery.js HTTP/1.1" 404 682
0:0:0:0:0:0:0:1 - - [16/Apr/2021:10:18:56 +0200] "GET /public/lib/moment/moment.js HTTP/1.1" 404 682
0:0:0:0:0:0:0:1 - - [16/Apr/2021:10:18:56 +0200] "GET /public/lib/select2/js/select2.min.js HTTP/1.1" 404 682
0:0:0:0:0:0:0:1 - - [16/Apr/2021:10:18:56 +0200] "GET /public/lib/spectrum/spectrum.js HTTP/1.1" 404 682
0:0:0:0:0:0:0:1 - - [16/Apr/2021:10:18:56 +0200] "GET /public/js/shamcey.js HTTP/1.1" 404 682
0:0:0:0:0:0:0:1 - - [16/Apr/2021:10:34:58 +0200] "GET /public/ajout-abonne-1 HTTP/1.1" 302 -
0:0:0:0:0:0:0:1 - - [16/Apr/2021:10:34:58 +0200] "GET /page-login HTTP/1.1" 200 3318
0:0:0:0:0:0:0:1 - - [16/Apr/2021:10:35:02 +0200] "GET / HTTP/1.1" 200 7833
0:0:0:0:0:0:0:1 - - [16/Apr/2021:10:35:04 +0200] "GET /public/ajout-abonne-1 HTTP/1.1" 200 16483
0:0:0:0:0:0:0:1 - - [16/Apr/2021:10:35:04 +0200] "GET /lib/spectrum/spectrum.css HTTP/1.1" 200 14921
0:0:0:0:0:0:0:1 - - [16/Apr/2021:10:35:04 +0200] "GET /lib/spectrum/spectrum.js HTTP/1.1" 200 79270
0:0:0:0:0:0:0:1 - - [16/Apr/2021:10:35:27 +0200] "POST /public/abonne/ajout1 HTTP/1.1" 200 9625
0:0:0:0:0:0:0:1 - - [16/Apr/2021:10:35:27 +0200] "POST /public/abonne/ajout1 HTTP/1.1" 200 9620
0:0:0:0:0:0:0:1 - - [16/Apr/2021:10:35:27 +0200] "GET /lib/spectrum/spectrum.css HTTP/1.1" 200 14921
0:0:0:0:0:0:0:1 - - [16/Apr/2021:10:35:27 +0200] "GET /public/lib/jquery-ui/jquery-ui.js HTTP/1.1" 404 682
0:0:0:0:0:0:0:1 - - [16/Apr/2021:10:35:27 +0200] "GET /public/lib/moment/moment.js HTTP/1.1" 404 682
0:0:0:0:0:0:0:1 - - [16/Apr/2021:10:35:27 +0200] "GET /public/lib/perfect-scrollbar/js/perfect-scrollbar.jquery.js HTTP/1.1" 404 682
0:0:0:0:0:0:0:1 - - [16/Apr/2021:10:35:27 +0200] "GET /public/lib/bootstrap/bootstrap.js HTTP/1.1" 404 682
0:0:0:0:0:0:0:1 - - [16/Apr/2021:10:35:27 +0200] "GET /public/lib/popper.js/popper.js HTTP/1.1" 404 682
0:0:0:0:0:0:0:1 - - [16/Apr/2021:10:35:27 +0200] "GET /public/lib/jquery/jquery.js HTTP/1.1" 404 682
0:0:0:0:0:0:0:1 - - [16/Apr/2021:10:35:27 +0200] "GET /public/js/shamcey.js HTTP/1.1" 404 682
0:0:0:0:0:0:0:1 - - [16/Apr/2021:10:35:27 +0200] "GET /public/lib/spectrum/spectrum.js HTTP/1.1" 404 682
0:0:0:0:0:0:0:1 - - [16/Apr/2021:10:35:27 +0200] "GET /public/lib/select2/js/select2.min.js HTTP/1.1" 404 682
0:0:0:0:0:0:0:1 - - [16/Apr/2021:10:35:27 +0200] "GET /public/lib/bootstrap/bootstrap.js HTTP/1.1" 404 682
0:0:0:0:0:0:0:1 - - [16/Apr/2021:10:35:27 +0200] "GET /public/lib/jquery-ui/jquery-ui.js HTTP/1.1" 404 682
0:0:0:0:0:0:0:1 - - [16/Apr/2021:10:35:27 +0200] "GET /public/lib/perfect-scrollbar/js/perfect-scrollbar.jquery.js HTTP/1.1" 404 682
0:0:0:0:0:0:0:1 - - [16/Apr/2021:10:35:27 +0200] "GET /public/lib/moment/moment.js HTTP/1.1" 404 682
0:0:0:0:0:0:0:1 - - [16/Apr/2021:10:35:27 +0200] "GET /public/lib/select2/js/select2.min.js HTTP/1.1" 404 682
0:0:0:0:0:0:0:1 - - [16/Apr/2021:10:35:27 +0200] "GET /public/lib/spectrum/spectrum.js HTTP/1.1" 404 682
0:0:0:0:0:0:0:1 - - [16/Apr/2021:10:35:27 +0200] "GET /public/js/shamcey.js HTTP/1.1" 404 682
0:0:0:0:0:0:0:1 - - [16/Apr/2021:10:35:47 +0200] "GET /public/confirmation-email-abonne/21 HTTP/1.1" 200 10945
0:0:0:0:0:0:0:1 - - [16/Apr/2021:10:35:47 +0200] "GET /lib/spectrum/spectrum.css HTTP/1.1" 200 14921
0:0:0:0:0:0:0:1 - - [16/Apr/2021:10:35:47 +0200] "GET /public/lib/popper.js/popper.js HTTP/1.1" 404 682
0:0:0:0:0:0:0:1 - - [16/Apr/2021:10:35:47 +0200] "GET /public/lib/bootstrap/bootstrap.js HTTP/1.1" 404 682
0:0:0:0:0:0:0:1 - - [16/Apr/2021:10:35:47 +0200] "GET /public/lib/jquery/jquery.js HTTP/1.1" 404 682
0:0:0:0:0:0:0:1 - - [16/Apr/2021:10:35:47 +0200] "GET /public/lib/jquery-ui/jquery-ui.js HTTP/1.1" 404 682
0:0:0:0:0:0:0:1 - - [16/Apr/2021:10:35:47 +0200] "GET /public/lib/perfect-scrollbar/js/perfect-scrollbar.jquery.js HTTP/1.1" 404 682
0:0:0:0:0:0:0:1 - - [16/Apr/2021:10:35:47 +0200] "GET /public/lib/moment/moment.js HTTP/1.1" 404 682
0:0:0:0:0:0:0:1 - - [16/Apr/2021:10:35:47 +0200] "GET /public/lib/select2/js/select2.min.js HTTP/1.1" 404 682
0:0:0:0:0:0:0:1 - - [16/Apr/2021:10:35:47 +0200] "GET /public/js/shamcey.js HTTP/1.1" 404 682
0:0:0:0:0:0:0:1 - - [16/Apr/2021:10:35:47 +0200] "GET /public/lib/spectrum/spectrum.js HTTP/1.1" 404 682
0:0:0:0:0:0:0:1 - - [16/Apr/2021:10:35:47 +0200] "GET /public/lib/popper.js/popper.js HTTP/1.1" 404 682
0:0:0:0:0:0:0:1 - - [16/Apr/2021:10:35:47 +0200] "GET /public/lib/bootstrap/bootstrap.js HTTP/1.1" 404 682
0:0:0:0:0:0:0:1 - - [16/Apr/2021:10:35:47 +0200] "GET /public/lib/jquery-ui/jquery-ui.js HTTP/1.1" 404 682
0:0:0:0:0:0:0:1 - - [16/Apr/2021:10:35:47 +0200] "GET /public/lib/perfect-scrollbar/js/perfect-scrollbar.jquery.js HTTP/1.1" 404 682
0:0:0:0:0:0:0:1 - - [16/Apr/2021:10:35:47 +0200] "GET /public/lib/moment/moment.js HTTP/1.1" 404 682
0:0:0:0:0:0:0:1 - - [16/Apr/2021:10:35:47 +0200] "GET /public/lib/select2/js/select2.min.js HTTP/1.1" 404 682
0:0:0:0:0:0:0:1 - - [16/Apr/2021:10:35:47 +0200] "GET /public/lib/spectrum/spectrum.js HTTP/1.1" 404 682
0:0:0:0:0:0:0:1 - - [16/Apr/2021:10:35:47 +0200] "GET /public/js/shamcey.js HTTP/1.1" 404 682
0:0:0:0:0:0:0:1 - - [16/Apr/2021:10:35:58 +0200] "POST /public/abonne/parametres-connexion HTTP/1.1" 200 10945
0:0:0:0:0:0:0:1 - - [16/Apr/2021:10:35:58 +0200] "GET /lib/spectrum/spectrum.css HTTP/1.1" 200 14921
0:0:0:0:0:0:0:1 - - [16/Apr/2021:10:35:58 +0200] "GET /public/lib/popper.js/popper.js HTTP/1.1" 404 682
0:0:0:0:0:0:0:1 - - [16/Apr/2021:10:35:58 +0200] "GET /public/lib/jquery-ui/jquery-ui.js HTTP/1.1" 404 682
0:0:0:0:0:0:0:1 - - [16/Apr/2021:10:35:58 +0200] "GET /public/lib/perfect-scrollbar/js/perfect-scrollbar.jquery.js HTTP/1.1" 404 682
0:0:0:0:0:0:0:1 - - [16/Apr/2021:10:35:58 +0200] "GET /public/lib/jquery/jquery.js HTTP/1.1" 404 682
0:0:0:0:0:0:0:1 - - [16/Apr/2021:10:35:58 +0200] "GET /public/lib/bootstrap/bootstrap.js HTTP/1.1" 404 682
0:0:0:0:0:0:0:1 - - [16/Apr/2021:10:35:58 +0200] "GET /public/lib/moment/moment.js HTTP/1.1" 404 682
0:0:0:0:0:0:0:1 - - [16/Apr/2021:10:35:58 +0200] "GET /public/lib/spectrum/spectrum.js HTTP/1.1" 404 682
0:0:0:0:0:0:0:1 - - [16/Apr/2021:10:35:58 +0200] "GET /public/lib/select2/js/select2.min.js HTTP/1.1" 404 682
0:0:0:0:0:0:0:1 - - [16/Apr/2021:10:35:58 +0200] "GET /public/js/shamcey.js HTTP/1.1" 404 682
0:0:0:0:0:0:0:1 - - [16/Apr/2021:10:35:58 +0200] "GET /public/lib/popper.js/popper.js HTTP/1.1" 404 682
0:0:0:0:0:0:0:1 - - [16/Apr/2021:10:35:58 +0200] "GET /public/lib/bootstrap/bootstrap.js HTTP/1.1" 404 682
0:0:0:0:0:0:0:1 - - [16/Apr/2021:10:35:58 +0200] "GET /public/lib/jquery-ui/jquery-ui.js HTTP/1.1" 404 682
0:0:0:0:0:0:0:1 - - [16/Apr/2021:10:35:58 +0200] "GET /public/lib/perfect-scrollbar/js/perfect-scrollbar.jquery.js HTTP/1.1" 404 682
0:0:0:0:0:0:0:1 - - [16/Apr/2021:10:35:58 +0200] "GET /public/lib/moment/moment.js HTTP/1.1" 404 682
0:0:0:0:0:0:0:1 - - [16/Apr/2021:10:35:58 +0200] "GET /public/lib/select2/js/select2.min.js HTTP/1.1" 404 682
0:0:0:0:0:0:0:1 - - [16/Apr/2021:10:35:58 +0200] "GET /public/lib/spectrum/spectrum.js HTTP/1.1" 404 682
0:0:0:0:0:0:0:1 - - [16/Apr/2021:10:35:58 +0200] "GET /public/js/shamcey.js HTTP/1.1" 404 682
0:0:0:0:0:0:0:1 - - [16/Apr/2021:11:15:50 +0200] "GET / HTTP/1.1" 302 -
0:0:0:0:0:0:0:1 - - [16/Apr/2021:11:15:50 +0200] "GET /page-login HTTP/1.1" 200 3318
0:0:0:0:0:0:0:1 - - [16/Apr/2021:11:15:51 +0200] "GET / HTTP/1.1" 200 7833
0:0:0:0:0:0:0:1 - - [16/Apr/2021:11:15:53 +0200] "GET /public/ajout-abonne-1 HTTP/1.1" 200 16483
0:0:0:0:0:0:0:1 - - [16/Apr/2021:11:15:53 +0200] "GET /lib/spectrum/spectrum.css HTTP/1.1" 200 14921
0:0:0:0:0:0:0:1 - - [16/Apr/2021:11:15:53 +0200] "GET /lib/spectrum/spectrum.js HTTP/1.1" 200 79270
0:0:0:0:0:0:0:1 - - [16/Apr/2021:15:20:18 +0200] "GET / HTTP/1.1" 302 -
0:0:0:0:0:0:0:1 - - [16/Apr/2021:15:20:18 +0200] "GET /page-login HTTP/1.1" 200 3318
0:0:0:0:0:0:0:1 - - [16/Apr/2021:15:20:18 +0200] "GET /lib/bootstrap/bootstrap.js HTTP/1.1" 304 -
0:0:0:0:0:0:0:1 - - [16/Apr/2021:15:20:18 +0200] "GET /lib/font-awesome/css/font-awesome.css HTTP/1.1" 304 -
0:0:0:0:0:0:0:1 - - [16/Apr/2021:15:20:18 +0200] "GET /lib/popper.js/popper.js HTTP/1.1" 304 -
0:0:0:0:0:0:0:1 - - [16/Apr/2021:15:20:18 +0200] "GET /css/shamcey.css HTTP/1.1" 304 -
0:0:0:0:0:0:0:1 - - [16/Apr/2021:15:20:18 +0200] "GET /lib/Ionicons/css/ionicons.css HTTP/1.1" 304 -
0:0:0:0:0:0:0:1 - - [16/Apr/2021:15:20:18 +0200] "GET /lib/jquery/jquery.js HTTP/1.1" 304 -
0:0:0:0:0:0:0:1 - - [16/Apr/2021:15:20:18 +0200] "GET /js/shamcey.js HTTP/1.1" 304 -
0:0:0:0:0:0:0:1 - - [16/Apr/2021:15:20:19 +0200] "GET / HTTP/1.1" 200 7833
0:0:0:0:0:0:0:1 - - [16/Apr/2021:15:20:19 +0200] "GET /lib/jquery-ui/jquery-ui.js HTTP/1.1" 304 -
0:0:0:0:0:0:0:1 - - [16/Apr/2021:15:20:19 +0200] "GET /lib/perfect-scrollbar/js/perfect-scrollbar.jquery.js HTTP/1.1" 304 -
0:0:0:0:0:0:0:1 - - [16/Apr/2021:15:20:19 +0200] "GET /lib/perfect-scrollbar/css/perfect-scrollbar.css HTTP/1.1" 304 -
0:0:0:0:0:0:0:1 - - [16/Apr/2021:15:20:19 +0200] "GET /lib/Flot/jquery.flot.js HTTP/1.1" 304 -
0:0:0:0:0:0:0:1 - - [16/Apr/2021:15:20:19 +0200] "GET /lib/moment/moment.js HTTP/1.1" 304 -
0:0:0:0:0:0:0:1 - - [16/Apr/2021:15:20:19 +0200] "GET /lib/Flot/jquery.flot.resize.js HTTP/1.1" 304 -
0:0:0:0:0:0:0:1 - - [16/Apr/2021:15:20:19 +0200] "GET /js/dashboard.js HTTP/1.1" 304 -
0:0:0:0:0:0:0:1 - - [16/Apr/2021:15:20:19 +0200] "GET /lib/flot-spline/jquery.flot.spline.js HTTP/1.1" 304 -
0:0:0:0:0:0:0:1 - - [16/Apr/2021:15:20:19 +0200] "GET /lib/Ionicons/fonts/ionicons.ttf?v=2.0.0 HTTP/1.1" 304 -
0:0:0:0:0:0:0:1 - - [16/Apr/2021:15:20:19 +0200] "GET /lib/font-awesome/fonts/fontawesome-webfont.woff2?v=4.7.0 HTTP/1.1" 304 -
0:0:0:0:0:0:0:1 - - [16/Apr/2021:15:20:21 +0200] "GET /public/ajout-abonne-1 HTTP/1.1" 200 16483
0:0:0:0:0:0:0:1 - - [16/Apr/2021:15:20:21 +0200] "GET /lib/select2/css/select2.min.css HTTP/1.1" 304 -
0:0:0:0:0:0:0:1 - - [16/Apr/2021:15:20:21 +0200] "GET /lib/select2/js/select2.min.js HTTP/1.1" 304 -
0:0:0:0:0:0:0:1 - - [16/Apr/2021:15:20:21 +0200] "GET /lib/spectrum/spectrum.css HTTP/1.1" 200 14921
0:0:0:0:0:0:0:1 - - [16/Apr/2021:15:20:21 +0200] "GET /lib/spectrum/spectrum.js HTTP/1.1" 200 79270
0:0:0:0:0:0:0:1 - - [16/Apr/2021:16:28:34 +0200] "GET /public/ajout-abonne-1 HTTP/1.1" 302 -
0:0:0:0:0:0:0:1 - - [16/Apr/2021:16:28:34 +0200] "GET /page-login HTTP/1.1" 200 3318
0:0:0:0:0:0:0:1 - - [16/Apr/2021:16:28:35 +0200] "GET / HTTP/1.1" 200 7833
0:0:0:0:0:0:0:1 - - [16/Apr/2021:16:29:50 +0200] "GET /public/ajout-abonne-1 HTTP/1.1" 200 16483
0:0:0:0:0:0:0:1 - - [16/Apr/2021:16:29:50 +0200] "GET /lib/spectrum/spectrum.css HTTP/1.1" 200 14921
0:0:0:0:0:0:0:1 - - [16/Apr/2021:16:29:50 +0200] "GET /lib/spectrum/spectrum.js HTTP/1.1" 200 79270
0:0:0:0:0:0:0:1 - - [16/Apr/2021:16:39:20 +0200] "GET / HTTP/1.1" 200 7833
0:0:0:0:0:0:0:1 - - [16/Apr/2021:16:39:22 +0200] "GET /public/ajout-abonne-1 HTTP/1.1" 200 16483
0:0:0:0:0:0:0:1 - - [16/Apr/2021:16:39:22 +0200] "GET /lib/spectrum/spectrum.css HTTP/1.1" 200 14921
0:0:0:0:0:0:0:1 - - [16/Apr/2021:16:39:22 +0200] "GET /lib/spectrum/spectrum.js HTTP/1.1" 200 79270
0:0:0:0:0:0:0:1 - - [16/Apr/2021:16:39:54 +0200] "POST /public/abonne/ajout1 HTTP/1.1" 200 9621
0:0:0:0:0:0:0:1 - - [16/Apr/2021:16:39:54 +0200] "GET /lib/spectrum/spectrum.css HTTP/1.1" 200 14921
0:0:0:0:0:0:0:1 - - [16/Apr/2021:16:39:54 +0200] "GET /public/lib/bootstrap/bootstrap.js HTTP/1.1" 404 682
0:0:0:0:0:0:0:1 - - [16/Apr/2021:16:39:54 +0200] "GET /public/lib/jquery-ui/jquery-ui.js HTTP/1.1" 404 682
0:0:0:0:0:0:0:1 - - [16/Apr/2021:16:39:54 +0200] "GET /public/lib/jquery/jquery.js HTTP/1.1" 404 682
0:0:0:0:0:0:0:1 - - [16/Apr/2021:16:39:54 +0200] "GET /public/lib/perfect-scrollbar/js/perfect-scrollbar.jquery.js HTTP/1.1" 404 682
0:0:0:0:0:0:0:1 - - [16/Apr/2021:16:39:54 +0200] "GET /public/lib/popper.js/popper.js HTTP/1.1" 404 682
0:0:0:0:0:0:0:1 - - [16/Apr/2021:16:39:54 +0200] "GET /public/lib/moment/moment.js HTTP/1.1" 404 682
0:0:0:0:0:0:0:1 - - [16/Apr/2021:16:39:54 +0200] "GET /public/js/shamcey.js HTTP/1.1" 404 682
0:0:0:0:0:0:0:1 - - [16/Apr/2021:16:39:54 +0200] "GET /public/lib/select2/js/select2.min.js HTTP/1.1" 404 682
0:0:0:0:0:0:0:1 - - [16/Apr/2021:16:39:54 +0200] "GET /public/lib/spectrum/spectrum.js HTTP/1.1" 404 682
0:0:0:0:0:0:0:1 - - [16/Apr/2021:16:39:54 +0200] "GET /public/lib/bootstrap/bootstrap.js HTTP/1.1" 404 682
0:0:0:0:0:0:0:1 - - [16/Apr/2021:16:39:54 +0200] "GET /public/lib/jquery-ui/jquery-ui.js HTTP/1.1" 404 682
0:0:0:0:0:0:0:1 - - [16/Apr/2021:16:39:54 +0200] "GET /public/lib/perfect-scrollbar/js/perfect-scrollbar.jquery.js HTTP/1.1" 404 682
0:0:0:0:0:0:0:1 - - [16/Apr/2021:16:39:54 +0200] "GET /public/lib/moment/moment.js HTTP/1.1" 404 682
0:0:0:0:0:0:0:1 - - [16/Apr/2021:16:39:54 +0200] "GET /public/lib/select2/js/select2.min.js HTTP/1.1" 404 682
0:0:0:0:0:0:0:1 - - [16/Apr/2021:16:39:54 +0200] "GET /public/lib/spectrum/spectrum.js HTTP/1.1" 404 682
0:0:0:0:0:0:0:1 - - [16/Apr/2021:16:39:54 +0200] "GET /public/js/shamcey.js HTTP/1.1" 404 682
0:0:0:0:0:0:0:1 - - [16/Apr/2021:16:40:09 +0200] "GET /public/confirmation-email-abonne/24 HTTP/1.1" 200 10941
0:0:0:0:0:0:0:1 - - [16/Apr/2021:16:40:09 +0200] "GET /lib/spectrum/spectrum.css HTTP/1.1" 200 14921
0:0:0:0:0:0:0:1 - - [16/Apr/2021:16:40:09 +0200] "GET /public/lib/bootstrap/bootstrap.js HTTP/1.1" 404 682
0:0:0:0:0:0:0:1 - - [16/Apr/2021:16:40:09 +0200] "GET /public/lib/popper.js/popper.js HTTP/1.1" 404 682
0:0:0:0:0:0:0:1 - - [16/Apr/2021:16:40:09 +0200] "GET /public/lib/jquery/jquery.js HTTP/1.1" 404 682
0:0:0:0:0:0:0:1 - - [16/Apr/2021:16:40:09 +0200] "GET /public/lib/perfect-scrollbar/js/perfect-scrollbar.jquery.js HTTP/1.1" 404 682
0:0:0:0:0:0:0:1 - - [16/Apr/2021:16:40:09 +0200] "GET /public/lib/jquery-ui/jquery-ui.js HTTP/1.1" 404 682
0:0:0:0:0:0:0:1 - - [16/Apr/2021:16:40:09 +0200] "GET /public/lib/moment/moment.js HTTP/1.1" 404 682
0:0:0:0:0:0:0:1 - - [16/Apr/2021:16:40:09 +0200] "GET /public/lib/select2/js/select2.min.js HTTP/1.1" 404 682
0:0:0:0:0:0:0:1 - - [16/Apr/2021:16:40:09 +0200] "GET /public/js/shamcey.js HTTP/1.1" 404 682
0:0:0:0:0:0:0:1 - - [16/Apr/2021:16:40:09 +0200] "GET /public/lib/spectrum/spectrum.js HTTP/1.1" 404 682
0:0:0:0:0:0:0:1 - - [16/Apr/2021:16:40:09 +0200] "GET /public/lib/popper.js/popper.js HTTP/1.1" 404 682
0:0:0:0:0:0:0:1 - - [16/Apr/2021:16:40:09 +0200] "GET /public/lib/bootstrap/bootstrap.js HTTP/1.1" 404 682
0:0:0:0:0:0:0:1 - - [16/Apr/2021:16:40:09 +0200] "GET /public/lib/jquery-ui/jquery-ui.js HTTP/1.1" 404 682
0:0:0:0:0:0:0:1 - - [16/Apr/2021:16:40:09 +0200] "GET /public/lib/perfect-scrollbar/js/perfect-scrollbar.jquery.js HTTP/1.1" 404 682
0:0:0:0:0:0:0:1 - - [16/Apr/2021:16:40:09 +0200] "GET /public/lib/moment/moment.js HTTP/1.1" 404 682
0:0:0:0:0:0:0:1 - - [16/Apr/2021:16:40:09 +0200] "GET /public/lib/select2/js/select2.min.js HTTP/1.1" 404 682
0:0:0:0:0:0:0:1 - - [16/Apr/2021:16:40:09 +0200] "GET /public/lib/spectrum/spectrum.js HTTP/1.1" 404 682
0:0:0:0:0:0:0:1 - - [16/Apr/2021:16:40:09 +0200] "GET /public/js/shamcey.js HTTP/1.1" 404 682
0:0:0:0:0:0:0:1 - - [16/Apr/2021:16:40:25 +0200] "POST /public/abonne/parametres-connexion HTTP/1.1" 200 10936
0:0:0:0:0:0:0:1 - - [16/Apr/2021:16:40:25 +0200] "POST /public/abonne/parametres-connexion HTTP/1.1" 200 10941
0:0:0:0:0:0:0:1 - - [16/Apr/2021:16:40:25 +0200] "GET /lib/spectrum/spectrum.css HTTP/1.1" 200 14921
0:0:0:0:0:0:0:1 - - [16/Apr/2021:16:40:25 +0200] "GET /public/lib/bootstrap/bootstrap.js HTTP/1.1" 404 682
0:0:0:0:0:0:0:1 - - [16/Apr/2021:16:40:25 +0200] "GET /public/lib/jquery/jquery.js HTTP/1.1" 404 682
0:0:0:0:0:0:0:1 - - [16/Apr/2021:16:40:25 +0200] "GET /public/lib/popper.js/popper.js HTTP/1.1" 404 682
0:0:0:0:0:0:0:1 - - [16/Apr/2021:16:40:25 +0200] "GET /public/lib/jquery-ui/jquery-ui.js HTTP/1.1" 404 682
0:0:0:0:0:0:0:1 - - [16/Apr/2021:16:40:25 +0200] "GET /public/lib/perfect-scrollbar/js/perfect-scrollbar.jquery.js HTTP/1.1" 404 682
0:0:0:0:0:0:0:1 - - [16/Apr/2021:16:40:25 +0200] "GET /public/lib/moment/moment.js HTTP/1.1" 404 682
0:0:0:0:0:0:0:1 - - [16/Apr/2021:16:40:25 +0200] "GET /public/lib/spectrum/spectrum.js HTTP/1.1" 404 682
0:0:0:0:0:0:0:1 - - [16/Apr/2021:16:40:25 +0200] "GET /public/lib/select2/js/select2.min.js HTTP/1.1" 404 682
0:0:0:0:0:0:0:1 - - [16/Apr/2021:16:40:25 +0200] "GET /public/js/shamcey.js HTTP/1.1" 404 682
0:0:0:0:0:0:0:1 - - [16/Apr/2021:16:40:25 +0200] "GET /public/lib/popper.js/popper.js HTTP/1.1" 404 682
0:0:0:0:0:0:0:1 - - [16/Apr/2021:16:40:25 +0200] "GET /public/lib/bootstrap/bootstrap.js HTTP/1.1" 404 682
0:0:0:0:0:0:0:1 - - [16/Apr/2021:16:40:25 +0200] "GET /public/lib/jquery-ui/jquery-ui.js HTTP/1.1" 404 682
0:0:0:0:0:0:0:1 - - [16/Apr/2021:16:40:25 +0200] "GET /public/lib/perfect-scrollbar/js/perfect-scrollbar.jquery.js HTTP/1.1" 404 682
0:0:0:0:0:0:0:1 - - [16/Apr/2021:16:40:25 +0200] "GET /public/lib/moment/moment.js HTTP/1.1" 404 682
0:0:0:0:0:0:0:1 - - [16/Apr/2021:16:40:25 +0200] "GET /public/lib/select2/js/select2.min.js HTTP/1.1" 404 682
0:0:0:0:0:0:0:1 - - [16/Apr/2021:16:40:25 +0200] "GET /public/lib/spectrum/spectrum.js HTTP/1.1" 404 682
0:0:0:0:0:0:0:1 - - [16/Apr/2021:16:40:25 +0200] "GET /public/js/shamcey.js HTTP/1.1" 404 682
0:0:0:0:0:0:0:1 - - [16/Apr/2021:16:42:17 +0200] "GET /public/ajout-abonne-1 HTTP/1.1" 200 16483
0:0:0:0:0:0:0:1 - - [16/Apr/2021:16:42:17 +0200] "GET /lib/spectrum/spectrum.css HTTP/1.1" 200 14921
0:0:0:0:0:0:0:1 - - [16/Apr/2021:16:42:17 +0200] "GET /lib/spectrum/spectrum.js HTTP/1.1" 200 79270
0:0:0:0:0:0:0:1 - - [16/Apr/2021:16:42:26 +0200] "POST /public/abonne/ajout1 HTTP/1.1" 200 9616
0:0:0:0:0:0:0:1 - - [16/Apr/2021:16:42:26 +0200] "POST /public/abonne/ajout1 HTTP/1.1" 200 9621
0:0:0:0:0:0:0:1 - - [16/Apr/2021:16:42:26 +0200] "GET /lib/spectrum/spectrum.css HTTP/1.1" 200 14921
0:0:0:0:0:0:0:1 - - [16/Apr/2021:16:42:26 +0200] "GET /public/lib/jquery/jquery.js HTTP/1.1" 404 682
0:0:0:0:0:0:0:1 - - [16/Apr/2021:16:42:26 +0200] "GET /public/lib/bootstrap/bootstrap.js HTTP/1.1" 404 682
0:0:0:0:0:0:0:1 - - [16/Apr/2021:16:42:26 +0200] "GET /public/lib/perfect-scrollbar/js/perfect-scrollbar.jquery.js HTTP/1.1" 404 682
0:0:0:0:0:0:0:1 - - [16/Apr/2021:16:42:26 +0200] "GET /public/lib/moment/moment.js HTTP/1.1" 404 682
0:0:0:0:0:0:0:1 - - [16/Apr/2021:16:42:26 +0200] "GET /public/lib/popper.js/popper.js HTTP/1.1" 404 682
0:0:0:0:0:0:0:1 - - [16/Apr/2021:16:42:26 +0200] "GET /public/lib/jquery-ui/jquery-ui.js HTTP/1.1" 404 682
0:0:0:0:0:0:0:1 - - [16/Apr/2021:16:42:26 +0200] "GET /public/lib/select2/js/select2.min.js HTTP/1.1" 404 682
0:0:0:0:0:0:0:1 - - [16/Apr/2021:16:42:26 +0200] "GET /public/lib/spectrum/spectrum.js HTTP/1.1" 404 682
0:0:0:0:0:0:0:1 - - [16/Apr/2021:16:42:26 +0200] "GET /public/js/shamcey.js HTTP/1.1" 404 682
0:0:0:0:0:0:0:1 - - [16/Apr/2021:16:42:26 +0200] "GET /public/lib/bootstrap/bootstrap.js HTTP/1.1" 404 682
0:0:0:0:0:0:0:1 - - [16/Apr/2021:16:42:26 +0200] "GET /public/lib/jquery-ui/jquery-ui.js HTTP/1.1" 404 682
0:0:0:0:0:0:0:1 - - [16/Apr/2021:16:42:26 +0200] "GET /public/lib/perfect-scrollbar/js/perfect-scrollbar.jquery.js HTTP/1.1" 404 682
0:0:0:0:0:0:0:1 - - [16/Apr/2021:16:42:26 +0200] "GET /public/lib/moment/moment.js HTTP/1.1" 404 682
0:0:0:0:0:0:0:1 - - [16/Apr/2021:16:42:26 +0200] "GET /public/lib/select2/js/select2.min.js HTTP/1.1" 404 682
0:0:0:0:0:0:0:1 - - [16/Apr/2021:16:42:26 +0200] "GET /public/lib/spectrum/spectrum.js HTTP/1.1" 404 682
0:0:0:0:0:0:0:1 - - [16/Apr/2021:16:42:27 +0200] "GET /public/js/shamcey.js HTTP/1.1" 404 682
0:0:0:0:0:0:0:1 - - [16/Apr/2021:16:42:36 +0200] "GET /public/confirmation-email-abonne/25 HTTP/1.1" 200 10941
0:0:0:0:0:0:0:1 - - [16/Apr/2021:16:42:36 +0200] "GET /lib/spectrum/spectrum.css HTTP/1.1" 200 14921
0:0:0:0:0:0:0:1 - - [16/Apr/2021:16:42:36 +0200] "GET /public/lib/popper.js/popper.js HTTP/1.1" 404 682
0:0:0:0:0:0:0:1 - - [16/Apr/2021:16:42:36 +0200] "GET /public/lib/jquery/jquery.js HTTP/1.1" 404 682
0:0:0:0:0:0:0:1 - - [16/Apr/2021:16:42:36 +0200] "GET /public/lib/perfect-scrollbar/js/perfect-scrollbar.jquery.js HTTP/1.1" 404 682
0:0:0:0:0:0:0:1 - - [16/Apr/2021:16:42:36 +0200] "GET /public/lib/bootstrap/bootstrap.js HTTP/1.1" 404 682
0:0:0:0:0:0:0:1 - - [16/Apr/2021:16:42:36 +0200] "GET /public/lib/jquery-ui/jquery-ui.js HTTP/1.1" 404 682
0:0:0:0:0:0:0:1 - - [16/Apr/2021:16:42:36 +0200] "GET /public/lib/moment/moment.js HTTP/1.1" 404 682
0:0:0:0:0:0:0:1 - - [16/Apr/2021:16:42:36 +0200] "GET /public/js/shamcey.js HTTP/1.1" 404 682
0:0:0:0:0:0:0:1 - - [16/Apr/2021:16:42:36 +0200] "GET /public/lib/spectrum/spectrum.js HTTP/1.1" 404 682
0:0:0:0:0:0:0:1 - - [16/Apr/2021:16:42:36 +0200] "GET /public/lib/select2/js/select2.min.js HTTP/1.1" 404 682
0:0:0:0:0:0:0:1 - - [16/Apr/2021:16:42:36 +0200] "GET /public/lib/popper.js/popper.js HTTP/1.1" 404 682
0:0:0:0:0:0:0:1 - - [16/Apr/2021:16:42:36 +0200] "GET /public/lib/bootstrap/bootstrap.js HTTP/1.1" 404 682
0:0:0:0:0:0:0:1 - - [16/Apr/2021:16:42:36 +0200] "GET /public/lib/jquery-ui/jquery-ui.js HTTP/1.1" 404 682
0:0:0:0:0:0:0:1 - - [16/Apr/2021:16:42:36 +0200] "GET /public/lib/perfect-scrollbar/js/perfect-scrollbar.jquery.js HTTP/1.1" 404 682
0:0:0:0:0:0:0:1 - - [16/Apr/2021:16:42:36 +0200] "GET /public/lib/moment/moment.js HTTP/1.1" 404 682
0:0:0:0:0:0:0:1 - - [16/Apr/2021:16:42:36 +0200] "GET /public/lib/select2/js/select2.min.js HTTP/1.1" 404 682
0:0:0:0:0:0:0:1 - - [16/Apr/2021:16:42:36 +0200] "GET /public/lib/spectrum/spectrum.js HTTP/1.1" 404 682
0:0:0:0:0:0:0:1 - - [16/Apr/2021:16:42:36 +0200] "GET /public/js/shamcey.js HTTP/1.1" 404 682
0:0:0:0:0:0:0:1 - - [16/Apr/2021:16:42:43 +0200] "POST /public/abonne/parametres-connexion HTTP/1.1" 200 10936
0:0:0:0:0:0:0:1 - - [16/Apr/2021:16:42:43 +0200] "POST /public/abonne/parametres-connexion HTTP/1.1" 200 10941
0:0:0:0:0:0:0:1 - - [16/Apr/2021:16:42:43 +0200] "POST /public/abonne/parametres-connexion HTTP/1.1" 200 10936
0:0:0:0:0:0:0:1 - - [16/Apr/2021:16:42:43 +0200] "GET /lib/spectrum/spectrum.css HTTP/1.1" 200 14921
0:0:0:0:0:0:0:1 - - [16/Apr/2021:16:42:43 +0200] "GET /public/lib/bootstrap/bootstrap.js HTTP/1.1" 404 682
0:0:0:0:0:0:0:1 - - [16/Apr/2021:16:42:43 +0200] "GET /public/lib/popper.js/popper.js HTTP/1.1" 404 682
0:0:0:0:0:0:0:1 - - [16/Apr/2021:16:42:43 +0200] "GET /public/lib/jquery/jquery.js HTTP/1.1" 404 682
0:0:0:0:0:0:0:1 - - [16/Apr/2021:16:42:43 +0200] "GET /public/lib/jquery-ui/jquery-ui.js HTTP/1.1" 404 682
0:0:0:0:0:0:0:1 - - [16/Apr/2021:16:42:43 +0200] "GET /public/lib/perfect-scrollbar/js/perfect-scrollbar.jquery.js HTTP/1.1" 404 682
0:0:0:0:0:0:0:1 - - [16/Apr/2021:16:42:43 +0200] "GET /public/lib/moment/moment.js HTTP/1.1" 404 682
0:0:0:0:0:0:0:1 - - [16/Apr/2021:16:42:43 +0200] "GET /public/lib/spectrum/spectrum.js HTTP/1.1" 404 682
0:0:0:0:0:0:0:1 - - [16/Apr/2021:16:42:43 +0200] "GET /public/js/shamcey.js HTTP/1.1" 404 682
0:0:0:0:0:0:0:1 - - [16/Apr/2021:16:42:43 +0200] "GET /public/lib/select2/js/select2.min.js HTTP/1.1" 404 682
0:0:0:0:0:0:0:1 - - [16/Apr/2021:16:42:43 +0200] "GET /public/lib/spectrum/spectrum.js HTTP/1.1" 404 682
0:0:0:0:0:0:0:1 - - [16/Apr/2021:16:42:43 +0200] "GET /public/js/shamcey.js HTTP/1.1" 404 682
0:0:0:0:0:0:0:1 - - [16/Apr/2021:18:15:10 +0200] "GET /public/ajout-abonne-1 HTTP/1.1" 302 -
0:0:0:0:0:0:0:1 - - [16/Apr/2021:18:15:10 +0200] "GET /page-login HTTP/1.1" 200 3318
0:0:0:0:0:0:0:1 - - [16/Apr/2021:18:15:12 +0200] "GET / HTTP/1.1" 200 7833
0:0:0:0:0:0:0:1 - - [16/Apr/2021:18:37:56 +0200] "GET /public/confirmation-email-abonne/26 HTTP/1.1" 302 -
0:0:0:0:0:0:0:1 - - [16/Apr/2021:18:37:56 +0200] "GET /page-login HTTP/1.1" 200 3318
0:0:0:0:0:0:0:1 - - [16/Apr/2021:18:38:00 +0200] "GET / HTTP/1.1" 200 7833
0:0:0:0:0:0:0:1 - - [16/Apr/2021:18:38:29 +0200] "GET /public/ajout-abonne-1 HTTP/1.1" 200 16483
0:0:0:0:0:0:0:1 - - [16/Apr/2021:18:38:29 +0200] "GET /lib/spectrum/spectrum.css HTTP/1.1" 200 14921
0:0:0:0:0:0:0:1 - - [16/Apr/2021:18:38:29 +0200] "GET /lib/spectrum/spectrum.js HTTP/1.1" 200 79270
0:0:0:0:0:0:0:1 - - [16/Apr/2021:18:41:33 +0200] "POST /public/abonne/ajout1 HTTP/1.1" 200 9616
0:0:0:0:0:0:0:1 - - [16/Apr/2021:18:41:33 +0200] "POST /public/abonne/ajout1 HTTP/1.1" 200 9621
0:0:0:0:0:0:0:1 - - [16/Apr/2021:18:41:33 +0200] "GET /lib/spectrum/spectrum.css HTTP/1.1" 200 14921
0:0:0:0:0:0:0:1 - - [16/Apr/2021:18:41:33 +0200] "GET /public/lib/jquery/jquery.js HTTP/1.1" 404 682
0:0:0:0:0:0:0:1 - - [16/Apr/2021:18:41:33 +0200] "GET /public/lib/bootstrap/bootstrap.js HTTP/1.1" 404 682
0:0:0:0:0:0:0:1 - - [16/Apr/2021:18:41:33 +0200] "GET /public/lib/popper.js/popper.js HTTP/1.1" 404 682
0:0:0:0:0:0:0:1 - - [16/Apr/2021:18:41:33 +0200] "GET /public/lib/jquery-ui/jquery-ui.js HTTP/1.1" 404 682
0:0:0:0:0:0:0:1 - - [16/Apr/2021:18:41:33 +0200] "GET /public/lib/perfect-scrollbar/js/perfect-scrollbar.jquery.js HTTP/1.1" 404 682
0:0:0:0:0:0:0:1 - - [16/Apr/2021:18:41:33 +0200] "GET /public/lib/select2/js/select2.min.js HTTP/1.1" 404 682
0:0:0:0:0:0:0:1 - - [16/Apr/2021:18:41:33 +0200] "GET /public/lib/spectrum/spectrum.js HTTP/1.1" 404 682
0:0:0:0:0:0:0:1 - - [16/Apr/2021:18:41:33 +0200] "GET /public/lib/moment/moment.js HTTP/1.1" 404 682
0:0:0:0:0:0:0:1 - - [16/Apr/2021:18:41:33 +0200] "GET /public/js/shamcey.js HTTP/1.1" 404 682
0:0:0:0:0:0:0:1 - - [16/Apr/2021:18:41:33 +0200] "GET /public/lib/popper.js/popper.js HTTP/1.1" 404 682
0:0:0:0:0:0:0:1 - - [16/Apr/2021:18:41:33 +0200] "GET /public/lib/bootstrap/bootstrap.js HTTP/1.1" 404 682
0:0:0:0:0:0:0:1 - - [16/Apr/2021:18:41:33 +0200] "GET /public/lib/jquery-ui/jquery-ui.js HTTP/1.1" 404 682
0:0:0:0:0:0:0:1 - - [16/Apr/2021:18:41:33 +0200] "GET /public/lib/perfect-scrollbar/js/perfect-scrollbar.jquery.js HTTP/1.1" 404 682
0:0:0:0:0:0:0:1 - - [16/Apr/2021:18:41:33 +0200] "GET /public/lib/moment/moment.js HTTP/1.1" 404 682
0:0:0:0:0:0:0:1 - - [16/Apr/2021:18:41:33 +0200] "GET /public/lib/select2/js/select2.min.js HTTP/1.1" 404 682
0:0:0:0:0:0:0:1 - - [16/Apr/2021:18:41:33 +0200] "GET /public/lib/spectrum/spectrum.js HTTP/1.1" 404 682
0:0:0:0:0:0:0:1 - - [16/Apr/2021:18:41:33 +0200] "GET /public/js/shamcey.js HTTP/1.1" 404 682
0:0:0:0:0:0:0:1 - - [16/Apr/2021:18:41:47 +0200] "GET /public/confirmation-email-abonne/28 HTTP/1.1" 200 10941
0:0:0:0:0:0:0:1 - - [16/Apr/2021:18:41:47 +0200] "GET /lib/spectrum/spectrum.css HTTP/1.1" 200 14921
0:0:0:0:0:0:0:1 - - [16/Apr/2021:18:41:47 +0200] "GET /public/lib/popper.js/popper.js HTTP/1.1" 404 682
0:0:0:0:0:0:0:1 - - [16/Apr/2021:18:41:47 +0200] "GET /public/lib/bootstrap/bootstrap.js HTTP/1.1" 404 682
0:0:0:0:0:0:0:1 - - [16/Apr/2021:18:41:47 +0200] "GET /public/lib/jquery/jquery.js HTTP/1.1" 404 682
0:0:0:0:0:0:0:1 - - [16/Apr/2021:18:41:47 +0200] "GET /public/lib/jquery-ui/jquery-ui.js HTTP/1.1" 404 682
0:0:0:0:0:0:0:1 - - [16/Apr/2021:18:41:47 +0200] "GET /public/lib/perfect-scrollbar/js/perfect-scrollbar.jquery.js HTTP/1.1" 404 682
0:0:0:0:0:0:0:1 - - [16/Apr/2021:18:41:47 +0200] "GET /public/lib/moment/moment.js HTTP/1.1" 404 682
0:0:0:0:0:0:0:1 - - [16/Apr/2021:18:41:47 +0200] "GET /public/lib/select2/js/select2.min.js HTTP/1.1" 404 682
0:0:0:0:0:0:0:1 - - [16/Apr/2021:18:41:47 +0200] "GET /public/lib/spectrum/spectrum.js HTTP/1.1" 404 682
0:0:0:0:0:0:0:1 - - [16/Apr/2021:18:41:47 +0200] "GET /public/js/shamcey.js HTTP/1.1" 404 682
0:0:0:0:0:0:0:1 - - [16/Apr/2021:18:41:47 +0200] "GET /public/lib/popper.js/popper.js HTTP/1.1" 404 682
0:0:0:0:0:0:0:1 - - [16/Apr/2021:18:41:47 +0200] "GET /public/lib/bootstrap/bootstrap.js HTTP/1.1" 404 682
0:0:0:0:0:0:0:1 - - [16/Apr/2021:18:41:47 +0200] "GET /public/lib/jquery-ui/jquery-ui.js HTTP/1.1" 404 682
0:0:0:0:0:0:0:1 - - [16/Apr/2021:18:41:47 +0200] "GET /public/lib/perfect-scrollbar/js/perfect-scrollbar.jquery.js HTTP/1.1" 404 682
0:0:0:0:0:0:0:1 - - [16/Apr/2021:18:41:47 +0200] "GET /public/lib/moment/moment.js HTTP/1.1" 404 682
0:0:0:0:0:0:0:1 - - [16/Apr/2021:18:41:47 +0200] "GET /public/lib/select2/js/select2.min.js HTTP/1.1" 404 682
0:0:0:0:0:0:0:1 - - [16/Apr/2021:18:41:47 +0200] "GET /public/lib/spectrum/spectrum.js HTTP/1.1" 404 682
0:0:0:0:0:0:0:1 - - [16/Apr/2021:18:41:48 +0200] "GET /public/js/shamcey.js HTTP/1.1" 404 682
0:0:0:0:0:0:0:1 - - [16/Apr/2021:18:41:54 +0200] "POST /public/abonne/parametres-connexion HTTP/1.1" 200 10941
0:0:0:0:0:0:0:1 - - [16/Apr/2021:18:41:54 +0200] "POST /public/abonne/parametres-connexion HTTP/1.1" 200 10936
0:0:0:0:0:0:0:1 - - [16/Apr/2021:18:41:54 +0200] "GET /lib/spectrum/spectrum.css HTTP/1.1" 200 14921
0:0:0:0:0:0:0:1 - - [16/Apr/2021:18:41:54 +0200] "GET /public/lib/jquery-ui/jquery-ui.js HTTP/1.1" 404 682
0:0:0:0:0:0:0:1 - - [16/Apr/2021:18:41:54 +0200] "GET /public/lib/popper.js/popper.js HTTP/1.1" 404 682
0:0:0:0:0:0:0:1 - - [16/Apr/2021:18:41:54 +0200] "GET /public/lib/bootstrap/bootstrap.js HTTP/1.1" 404 682
0:0:0:0:0:0:0:1 - - [16/Apr/2021:18:41:54 +0200] "GET /public/lib/jquery/jquery.js HTTP/1.1" 404 682
0:0:0:0:0:0:0:1 - - [16/Apr/2021:18:41:54 +0200] "GET /public/lib/perfect-scrollbar/js/perfect-scrollbar.jquery.js HTTP/1.1" 404 682
0:0:0:0:0:0:0:1 - - [16/Apr/2021:18:41:54 +0200] "GET /public/js/shamcey.js HTTP/1.1" 404 682
0:0:0:0:0:0:0:1 - - [16/Apr/2021:18:41:54 +0200] "GET /public/lib/select2/js/select2.min.js HTTP/1.1" 404 682
0:0:0:0:0:0:0:1 - - [16/Apr/2021:18:41:54 +0200] "GET /public/lib/moment/moment.js HTTP/1.1" 404 682
0:0:0:0:0:0:0:1 - - [16/Apr/2021:18:41:54 +0200] "GET /public/lib/spectrum/spectrum.js HTTP/1.1" 404 682
0:0:0:0:0:0:0:1 - - [16/Apr/2021:18:41:54 +0200] "GET /public/lib/select2/js/select2.min.js HTTP/1.1" 404 682
0:0:0:0:0:0:0:1 - - [16/Apr/2021:18:41:54 +0200] "GET /public/lib/spectrum/spectrum.js HTTP/1.1" 404 682
0:0:0:0:0:0:0:1 - - [16/Apr/2021:18:41:54 +0200] "GET /public/js/shamcey.js HTTP/1.1" 404 682
0:0:0:0:0:0:0:1 - - [16/Apr/2021:18:46:40 +0200] "GET /public/ajout-abonne-1 HTTP/1.1" 200 16483
0:0:0:0:0:0:0:1 - - [16/Apr/2021:18:46:40 +0200] "GET /lib/spectrum/spectrum.css HTTP/1.1" 200 14921
0:0:0:0:0:0:0:1 - - [16/Apr/2021:18:46:40 +0200] "GET /lib/spectrum/spectrum.js HTTP/1.1" 200 79270
0:0:0:0:0:0:0:1 - - [16/Apr/2021:18:47:02 +0200] "POST /public/abonne/ajout1 HTTP/1.1" 200 9625
0:0:0:0:0:0:0:1 - - [16/Apr/2021:18:47:02 +0200] "GET /lib/spectrum/spectrum.css HTTP/1.1" 200 14921
0:0:0:0:0:0:0:1 - - [16/Apr/2021:18:47:02 +0200] "GET /public/lib/jquery/jquery.js HTTP/1.1" 404 682
0:0:0:0:0:0:0:1 - - [16/Apr/2021:18:47:02 +0200] "GET /public/lib/popper.js/popper.js HTTP/1.1" 404 682
0:0:0:0:0:0:0:1 - - [16/Apr/2021:18:47:02 +0200] "GET /public/lib/jquery-ui/jquery-ui.js HTTP/1.1" 404 682
0:0:0:0:0:0:0:1 - - [16/Apr/2021:18:47:02 +0200] "GET /public/lib/bootstrap/bootstrap.js HTTP/1.1" 404 682
0:0:0:0:0:0:0:1 - - [16/Apr/2021:18:47:02 +0200] "GET /public/lib/perfect-scrollbar/js/perfect-scrollbar.jquery.js HTTP/1.1" 404 682
0:0:0:0:0:0:0:1 - - [16/Apr/2021:18:47:02 +0200] "GET /public/lib/moment/moment.js HTTP/1.1" 404 682
0:0:0:0:0:0:0:1 - - [16/Apr/2021:18:47:02 +0200] "GET /public/lib/spectrum/spectrum.js HTTP/1.1" 404 682
0:0:0:0:0:0:0:1 - - [16/Apr/2021:18:47:02 +0200] "GET /public/lib/select2/js/select2.min.js HTTP/1.1" 404 682
0:0:0:0:0:0:0:1 - - [16/Apr/2021:18:47:02 +0200] "GET /public/js/shamcey.js HTTP/1.1" 404 682
0:0:0:0:0:0:0:1 - - [16/Apr/2021:18:47:02 +0200] "GET /public/lib/popper.js/popper.js HTTP/1.1" 404 682
0:0:0:0:0:0:0:1 - - [16/Apr/2021:18:47:02 +0200] "GET /public/lib/bootstrap/bootstrap.js HTTP/1.1" 404 682
0:0:0:0:0:0:0:1 - - [16/Apr/2021:18:47:02 +0200] "GET /public/lib/jquery-ui/jquery-ui.js HTTP/1.1" 404 682
0:0:0:0:0:0:0:1 - - [16/Apr/2021:18:47:02 +0200] "GET /public/lib/perfect-scrollbar/js/perfect-scrollbar.jquery.js HTTP/1.1" 404 682
0:0:0:0:0:0:0:1 - - [16/Apr/2021:18:47:02 +0200] "GET /public/lib/moment/moment.js HTTP/1.1" 404 682
0:0:0:0:0:0:0:1 - - [16/Apr/2021:18:47:02 +0200] "GET /public/lib/select2/js/select2.min.js HTTP/1.1" 404 682
0:0:0:0:0:0:0:1 - - [16/Apr/2021:18:47:02 +0200] "GET /public/lib/spectrum/spectrum.js HTTP/1.1" 404 682
0:0:0:0:0:0:0:1 - - [16/Apr/2021:18:47:02 +0200] "GET /public/js/shamcey.js HTTP/1.1" 404 682
0:0:0:0:0:0:0:1 - - [16/Apr/2021:18:47:46 +0200] "GET /public/confirmation-email-abonne/29 HTTP/1.1" 200 10945
0:0:0:0:0:0:0:1 - - [16/Apr/2021:18:47:46 +0200] "GET /lib/spectrum/spectrum.css HTTP/1.1" 200 14921
0:0:0:0:0:0:0:1 - - [16/Apr/2021:18:47:46 +0200] "GET /public/lib/jquery/jquery.js HTTP/1.1" 404 682
0:0:0:0:0:0:0:1 - - [16/Apr/2021:18:47:46 +0200] "GET /public/lib/jquery-ui/jquery-ui.js HTTP/1.1" 404 682
0:0:0:0:0:0:0:1 - - [16/Apr/2021:18:47:46 +0200] "GET /public/lib/perfect-scrollbar/js/perfect-scrollbar.jquery.js HTTP/1.1" 404 682
0:0:0:0:0:0:0:1 - - [16/Apr/2021:18:47:46 +0200] "GET /public/lib/bootstrap/bootstrap.js HTTP/1.1" 404 682
0:0:0:0:0:0:0:1 - - [16/Apr/2021:18:47:46 +0200] "GET /public/lib/popper.js/popper.js HTTP/1.1" 404 682
0:0:0:0:0:0:0:1 - - [16/Apr/2021:18:47:46 +0200] "GET /public/lib/moment/moment.js HTTP/1.1" 404 682
0:0:0:0:0:0:0:1 - - [16/Apr/2021:18:47:46 +0200] "GET /public/js/shamcey.js HTTP/1.1" 404 682
0:0:0:0:0:0:0:1 - - [16/Apr/2021:18:47:46 +0200] "GET /public/lib/spectrum/spectrum.js HTTP/1.1" 404 682
0:0:0:0:0:0:0:1 - - [16/Apr/2021:18:47:46 +0200] "GET /public/lib/select2/js/select2.min.js HTTP/1.1" 404 682
0:0:0:0:0:0:0:1 - - [16/Apr/2021:18:47:46 +0200] "GET /public/lib/popper.js/popper.js HTTP/1.1" 404 682
0:0:0:0:0:0:0:1 - - [16/Apr/2021:18:47:46 +0200] "GET /public/lib/bootstrap/bootstrap.js HTTP/1.1" 404 682
0:0:0:0:0:0:0:1 - - [16/Apr/2021:18:47:46 +0200] "GET /public/lib/jquery-ui/jquery-ui.js HTTP/1.1" 404 682
0:0:0:0:0:0:0:1 - - [16/Apr/2021:18:47:46 +0200] "GET /public/lib/perfect-scrollbar/js/perfect-scrollbar.jquery.js HTTP/1.1" 404 682
0:0:0:0:0:0:0:1 - - [16/Apr/2021:18:47:46 +0200] "GET /public/lib/moment/moment.js HTTP/1.1" 404 682
0:0:0:0:0:0:0:1 - - [16/Apr/2021:18:47:46 +0200] "GET /public/lib/select2/js/select2.min.js HTTP/1.1" 404 682
0:0:0:0:0:0:0:1 - - [16/Apr/2021:18:47:46 +0200] "GET /public/lib/spectrum/spectrum.js HTTP/1.1" 404 682
0:0:0:0:0:0:0:1 - - [16/Apr/2021:18:47:46 +0200] "GET /public/js/shamcey.js HTTP/1.1" 404 682
0:0:0:0:0:0:0:1 - - [16/Apr/2021:18:47:52 +0200] "POST /public/abonne/parametres-connexion HTTP/1.1" 200 10940
0:0:0:0:0:0:0:1 - - [16/Apr/2021:18:47:52 +0200] "POST /public/abonne/parametres-connexion HTTP/1.1" 200 10945
0:0:0:0:0:0:0:1 - - [16/Apr/2021:18:47:52 +0200] "GET /lib/spectrum/spectrum.css HTTP/1.1" 200 14921
0:0:0:0:0:0:0:1 - - [16/Apr/2021:18:47:52 +0200] "GET /public/lib/jquery/jquery.js HTTP/1.1" 404 682
0:0:0:0:0:0:0:1 - - [16/Apr/2021:18:47:52 +0200] "GET /public/lib/bootstrap/bootstrap.js HTTP/1.1" 404 682
0:0:0:0:0:0:0:1 - - [16/Apr/2021:18:47:52 +0200] "GET /public/lib/popper.js/popper.js HTTP/1.1" 404 682
0:0:0:0:0:0:0:1 - - [16/Apr/2021:18:47:52 +0200] "GET /public/lib/jquery-ui/jquery-ui.js HTTP/1.1" 404 682
0:0:0:0:0:0:0:1 - - [16/Apr/2021:18:47:52 +0200] "GET /public/lib/perfect-scrollbar/js/perfect-scrollbar.jquery.js HTTP/1.1" 404 682
0:0:0:0:0:0:0:1 - - [16/Apr/2021:18:47:52 +0200] "GET /public/lib/moment/moment.js HTTP/1.1" 404 682
0:0:0:0:0:0:0:1 - - [16/Apr/2021:18:47:52 +0200] "GET /public/js/shamcey.js HTTP/1.1" 404 682
0:0:0:0:0:0:0:1 - - [16/Apr/2021:18:47:52 +0200] "GET /public/lib/select2/js/select2.min.js HTTP/1.1" 404 682
0:0:0:0:0:0:0:1 - - [16/Apr/2021:18:47:52 +0200] "GET /public/lib/spectrum/spectrum.js HTTP/1.1" 404 682
0:0:0:0:0:0:0:1 - - [16/Apr/2021:18:47:52 +0200] "GET /public/js/shamcey.js HTTP/1.1" 404 682
0:0:0:0:0:0:0:1 - - [16/Apr/2021:19:52:49 +0200] "GET /public/ajout-abonne-1 HTTP/1.1" 302 -
0:0:0:0:0:0:0:1 - - [16/Apr/2021:19:52:49 +0200] "GET /page-login HTTP/1.1" 200 3318
0:0:0:0:0:0:0:1 - - [16/Apr/2021:19:52:49 +0200] "GET /lib/font-awesome/css/font-awesome.css HTTP/1.1" 304 -
0:0:0:0:0:0:0:1 - - [16/Apr/2021:19:52:49 +0200] "GET /lib/Ionicons/css/ionicons.css HTTP/1.1" 304 -
0:0:0:0:0:0:0:1 - - [16/Apr/2021:19:52:49 +0200] "GET /lib/jquery/jquery.js HTTP/1.1" 304 -
0:0:0:0:0:0:0:1 - - [16/Apr/2021:19:52:49 +0200] "GET /lib/bootstrap/bootstrap.js HTTP/1.1" 304 -
0:0:0:0:0:0:0:1 - - [16/Apr/2021:19:52:49 +0200] "GET /css/shamcey.css HTTP/1.1" 304 -
0:0:0:0:0:0:0:1 - - [16/Apr/2021:19:52:49 +0200] "GET /lib/popper.js/popper.js HTTP/1.1" 304 -
0:0:0:0:0:0:0:1 - - [16/Apr/2021:19:52:49 +0200] "GET /js/shamcey.js HTTP/1.1" 304 -
0:0:0:0:0:0:0:1 - - [16/Apr/2021:19:52:54 +0200] "GET /page-login HTTP/1.1" 200 3318
0:0:0:0:0:0:0:1 - - [16/Apr/2021:19:52:55 +0200] "GET /page-login HTTP/1.1" 200 3318
0:0:0:0:0:0:0:1 - - [16/Apr/2021:19:52:56 +0200] "GET /page-login HTTP/1.1" 200 3318
0:0:0:0:0:0:0:1 - - [16/Apr/2021:19:52:58 +0200] "GET / HTTP/1.1" 200 7833
0:0:0:0:0:0:0:1 - - [16/Apr/2021:19:52:58 +0200] "GET /lib/perfect-scrollbar/js/perfect-scrollbar.jquery.js HTTP/1.1" 304 -
0:0:0:0:0:0:0:1 - - [16/Apr/2021:19:52:58 +0200] "GET /lib/perfect-scrollbar/css/perfect-scrollbar.css HTTP/1.1" 304 -
0:0:0:0:0:0:0:1 - - [16/Apr/2021:19:52:58 +0200] "GET /lib/jquery-ui/jquery-ui.js HTTP/1.1" 304 -
0:0:0:0:0:0:0:1 - - [16/Apr/2021:19:52:58 +0200] "GET /lib/moment/moment.js HTTP/1.1" 304 -
0:0:0:0:0:0:0:1 - - [16/Apr/2021:19:52:58 +0200] "GET /lib/Flot/jquery.flot.resize.js HTTP/1.1" 304 -
0:0:0:0:0:0:0:1 - - [16/Apr/2021:19:52:58 +0200] "GET /lib/Flot/jquery.flot.js HTTP/1.1" 304 -
0:0:0:0:0:0:0:1 - - [16/Apr/2021:19:52:58 +0200] "GET /js/dashboard.js HTTP/1.1" 304 -
0:0:0:0:0:0:0:1 - - [16/Apr/2021:19:52:58 +0200] "GET /lib/flot-spline/jquery.flot.spline.js HTTP/1.1" 304 -
0:0:0:0:0:0:0:1 - - [16/Apr/2021:19:52:58 +0200] "GET /lib/Ionicons/fonts/ionicons.ttf?v=2.0.0 HTTP/1.1" 304 -
0:0:0:0:0:0:0:1 - - [16/Apr/2021:19:52:58 +0200] "GET /lib/font-awesome/fonts/fontawesome-webfont.woff2?v=4.7.0 HTTP/1.1" 304 -
0:0:0:0:0:0:0:1 - - [16/Apr/2021:23:47:56 +0200] "GET /public/ajout-abonne-1 HTTP/1.1" 200 16483
0:0:0:0:0:0:0:1 - - [16/Apr/2021:23:47:57 +0200] "GET /lib/select2/css/select2.min.css HTTP/1.1" 304 -
0:0:0:0:0:0:0:1 - - [16/Apr/2021:23:47:57 +0200] "GET /lib/select2/js/select2.min.js HTTP/1.1" 304 -
0:0:0:0:0:0:0:1 - - [16/Apr/2021:23:47:57 +0200] "GET /lib/spectrum/spectrum.css HTTP/1.1" 200 14921
0:0:0:0:0:0:0:1 - - [16/Apr/2021:23:47:57 +0200] "GET /lib/spectrum/spectrum.js HTTP/1.1" 200 79270
0:0:0:0:0:0:0:1 - - [16/Apr/2021:23:47:57 +0200] "GET /lib/Ionicons/fonts/ionicons.ttf?v=2.0.0 HTTP/1.1" 304 -
0:0:0:0:0:0:0:1 - - [16/Apr/2021:23:47:57 +0200] "GET /lib/font-awesome/fonts/fontawesome-webfont.woff2?v=4.7.0 HTTP/1.1" 304 -
0:0:0:0:0:0:0:1 - - [16/Apr/2021:23:48:25 +0200] "POST /public/abonne/ajout1 HTTP/1.1" 200 9621
0:0:0:0:0:0:0:1 - - [16/Apr/2021:23:48:25 +0200] "GET /lib/spectrum/spectrum.css HTTP/1.1" 200 14921
0:0:0:0:0:0:0:1 - - [16/Apr/2021:23:48:25 +0200] "GET /public/lib/popper.js/popper.js HTTP/1.1" 404 682
0:0:0:0:0:0:0:1 - - [16/Apr/2021:23:48:25 +0200] "GET /public/lib/bootstrap/bootstrap.js HTTP/1.1" 404 682
0:0:0:0:0:0:0:1 - - [16/Apr/2021:23:48:25 +0200] "GET /public/lib/jquery-ui/jquery-ui.js HTTP/1.1" 404 682
0:0:0:0:0:0:0:1 - - [16/Apr/2021:23:48:25 +0200] "GET /public/lib/jquery/jquery.js HTTP/1.1" 404 682
0:0:0:0:0:0:0:1 - - [16/Apr/2021:23:48:25 +0200] "GET /public/lib/perfect-scrollbar/js/perfect-scrollbar.jquery.js HTTP/1.1" 404 682
0:0:0:0:0:0:0:1 - - [16/Apr/2021:23:48:25 +0200] "GET /public/lib/moment/moment.js HTTP/1.1" 404 682
0:0:0:0:0:0:0:1 - - [16/Apr/2021:23:48:25 +0200] "GET /public/lib/select2/js/select2.min.js HTTP/1.1" 404 682
0:0:0:0:0:0:0:1 - - [16/Apr/2021:23:48:25 +0200] "GET /public/js/shamcey.js HTTP/1.1" 404 682
0:0:0:0:0:0:0:1 - - [16/Apr/2021:23:48:25 +0200] "GET /public/lib/spectrum/spectrum.js HTTP/1.1" 404 682
0:0:0:0:0:0:0:1 - - [16/Apr/2021:23:48:25 +0200] "GET /public/lib/popper.js/popper.js HTTP/1.1" 404 682
0:0:0:0:0:0:0:1 - - [16/Apr/2021:23:48:25 +0200] "GET /public/lib/bootstrap/bootstrap.js HTTP/1.1" 404 682
0:0:0:0:0:0:0:1 - - [16/Apr/2021:23:48:25 +0200] "GET /public/lib/jquery-ui/jquery-ui.js HTTP/1.1" 404 682
0:0:0:0:0:0:0:1 - - [16/Apr/2021:23:48:25 +0200] "GET /public/lib/perfect-scrollbar/js/perfect-scrollbar.jquery.js HTTP/1.1" 404 682
0:0:0:0:0:0:0:1 - - [16/Apr/2021:23:48:25 +0200] "GET /public/lib/moment/moment.js HTTP/1.1" 404 682
0:0:0:0:0:0:0:1 - - [16/Apr/2021:23:48:25 +0200] "GET /public/lib/select2/js/select2.min.js HTTP/1.1" 404 682
0:0:0:0:0:0:0:1 - - [16/Apr/2021:23:48:25 +0200] "GET /public/lib/spectrum/spectrum.js HTTP/1.1" 404 682
0:0:0:0:0:0:0:1 - - [16/Apr/2021:23:48:25 +0200] "GET /public/js/shamcey.js HTTP/1.1" 404 682
0:0:0:0:0:0:0:1 - - [16/Apr/2021:23:48:54 +0200] "GET /public/confirmation-email-abonne/30 HTTP/1.1" 200 10941
0:0:0:0:0:0:0:1 - - [16/Apr/2021:23:48:54 +0200] "GET /lib/spectrum/spectrum.css HTTP/1.1" 200 14921
0:0:0:0:0:0:0:1 - - [16/Apr/2021:23:48:54 +0200] "GET /public/lib/jquery/jquery.js HTTP/1.1" 404 682
0:0:0:0:0:0:0:1 - - [16/Apr/2021:23:48:54 +0200] "GET /public/lib/bootstrap/bootstrap.js HTTP/1.1" 404 682
0:0:0:0:0:0:0:1 - - [16/Apr/2021:23:48:54 +0200] "GET /public/lib/popper.js/popper.js HTTP/1.1" 404 682
0:0:0:0:0:0:0:1 - - [16/Apr/2021:23:48:54 +0200] "GET /public/lib/perfect-scrollbar/js/perfect-scrollbar.jquery.js HTTP/1.1" 404 682
0:0:0:0:0:0:0:1 - - [16/Apr/2021:23:48:54 +0200] "GET /public/lib/jquery-ui/jquery-ui.js HTTP/1.1" 404 682
0:0:0:0:0:0:0:1 - - [16/Apr/2021:23:48:54 +0200] "GET /public/lib/moment/moment.js HTTP/1.1" 404 682
0:0:0:0:0:0:0:1 - - [16/Apr/2021:23:48:54 +0200] "GET /public/lib/select2/js/select2.min.js HTTP/1.1" 404 682
0:0:0:0:0:0:0:1 - - [16/Apr/2021:23:48:54 +0200] "GET /public/lib/spectrum/spectrum.js HTTP/1.1" 404 682
0:0:0:0:0:0:0:1 - - [16/Apr/2021:23:48:54 +0200] "GET /public/js/shamcey.js HTTP/1.1" 404 682
0:0:0:0:0:0:0:1 - - [16/Apr/2021:23:48:54 +0200] "GET /public/lib/popper.js/popper.js HTTP/1.1" 404 682
0:0:0:0:0:0:0:1 - - [16/Apr/2021:23:48:54 +0200] "GET /public/lib/bootstrap/bootstrap.js HTTP/1.1" 404 682
0:0:0:0:0:0:0:1 - - [16/Apr/2021:23:48:54 +0200] "GET /public/lib/jquery-ui/jquery-ui.js HTTP/1.1" 404 682
0:0:0:0:0:0:0:1 - - [16/Apr/2021:23:48:54 +0200] "GET /public/lib/perfect-scrollbar/js/perfect-scrollbar.jquery.js HTTP/1.1" 404 682
0:0:0:0:0:0:0:1 - - [16/Apr/2021:23:48:54 +0200] "GET /public/lib/moment/moment.js HTTP/1.1" 404 682
0:0:0:0:0:0:0:1 - - [16/Apr/2021:23:48:54 +0200] "GET /public/lib/select2/js/select2.min.js HTTP/1.1" 404 682
0:0:0:0:0:0:0:1 - - [16/Apr/2021:23:48:54 +0200] "GET /public/lib/spectrum/spectrum.js HTTP/1.1" 404 682
0:0:0:0:0:0:0:1 - - [16/Apr/2021:23:48:54 +0200] "GET /public/js/shamcey.js HTTP/1.1" 404 682
0:0:0:0:0:0:0:1 - - [16/Apr/2021:23:49:02 +0200] "POST /public/abonne/parametres-connexion HTTP/1.1" 200 10941
0:0:0:0:0:0:0:1 - - [16/Apr/2021:23:49:02 +0200] "GET /lib/spectrum/spectrum.css HTTP/1.1" 200 14921
0:0:0:0:0:0:0:1 - - [16/Apr/2021:23:49:02 +0200] "GET /public/lib/jquery-ui/jquery-ui.js HTTP/1.1" 404 682
0:0:0:0:0:0:0:1 - - [16/Apr/2021:23:49:02 +0200] "GET /public/lib/popper.js/popper.js HTTP/1.1" 404 682
0:0:0:0:0:0:0:1 - - [16/Apr/2021:23:49:02 +0200] "GET /public/lib/perfect-scrollbar/js/perfect-scrollbar.jquery.js HTTP/1.1" 404 682
0:0:0:0:0:0:0:1 - - [16/Apr/2021:23:49:02 +0200] "GET /public/lib/bootstrap/bootstrap.js HTTP/1.1" 404 682
0:0:0:0:0:0:0:1 - - [16/Apr/2021:23:49:02 +0200] "GET /public/lib/jquery/jquery.js HTTP/1.1" 404 682
0:0:0:0:0:0:0:1 - - [16/Apr/2021:23:49:02 +0200] "GET /public/lib/spectrum/spectrum.js HTTP/1.1" 404 682
0:0:0:0:0:0:0:1 - - [16/Apr/2021:23:49:02 +0200] "GET /public/lib/moment/moment.js HTTP/1.1" 404 682
0:0:0:0:0:0:0:1 - - [16/Apr/2021:23:49:02 +0200] "GET /public/lib/select2/js/select2.min.js HTTP/1.1" 404 682
0:0:0:0:0:0:0:1 - - [16/Apr/2021:23:49:02 +0200] "GET /public/js/shamcey.js HTTP/1.1" 404 682
0:0:0:0:0:0:0:1 - - [16/Apr/2021:23:49:02 +0200] "GET /public/lib/popper.js/popper.js HTTP/1.1" 404 682
0:0:0:0:0:0:0:1 - - [16/Apr/2021:23:49:02 +0200] "GET /public/lib/bootstrap/bootstrap.js HTTP/1.1" 404 682
0:0:0:0:0:0:0:1 - - [16/Apr/2021:23:49:02 +0200] "GET /public/lib/jquery-ui/jquery-ui.js HTTP/1.1" 404 682
0:0:0:0:0:0:0:1 - - [16/Apr/2021:23:49:02 +0200] "GET /public/lib/perfect-scrollbar/js/perfect-scrollbar.jquery.js HTTP/1.1" 404 682
0:0:0:0:0:0:0:1 - - [16/Apr/2021:23:49:02 +0200] "GET /public/lib/moment/moment.js HTTP/1.1" 404 682
0:0:0:0:0:0:0:1 - - [16/Apr/2021:23:49:02 +0200] "GET /public/lib/select2/js/select2.min.js HTTP/1.1" 404 682
0:0:0:0:0:0:0:1 - - [16/Apr/2021:23:49:02 +0200] "GET /public/lib/spectrum/spectrum.js HTTP/1.1" 404 682
0:0:0:0:0:0:0:1 - - [16/Apr/2021:23:49:02 +0200] "GET /public/js/shamcey.js HTTP/1.1" 404 682
